Analysis & Synthesis report for MultiPlexed7Seg
Wed Oct 16 13:06:25 2013
Quartus II Version 9.0 Build 235 06/17/2009 Service Pack 2 SJ Web Edition


---------------------
; Table of Contents ;
---------------------
  1. Legal Notice
  2. Analysis & Synthesis Summary
  3. Analysis & Synthesis Settings
  4. Analysis & Synthesis Source Files Read
  5. Analysis & Synthesis Resource Usage Summary
  6. Analysis & Synthesis Resource Utilization by Entity
  7. General Register Statistics
  8. Source assignments for lpm_counter0:inst2|lpm_counter:lpm_counter_component
  9. Source assignments for lpm_add_sub0:inst17|lpm_add_sub:lpm_add_sub_component|addcore:adder
 10. Source assignments for lpm_counter1:inst16|lpm_counter:lpm_counter_component
 11. Parameter Settings for User Entity Instance: lpm_mux0:inst30|LPM_MUX:lpm_mux_component
 12. Parameter Settings for User Entity Instance: lpm_mux2:inst9|LPM_MUX:lpm_mux_component
 13. Parameter Settings for User Entity Instance: lpm_mux2:inst8|LPM_MUX:lpm_mux_component
 14. Parameter Settings for User Entity Instance: lpm_mux2:inst7|LPM_MUX:lpm_mux_component
 15. Parameter Settings for User Entity Instance: lpm_mux2:inst6|LPM_MUX:lpm_mux_component
 16. Parameter Settings for User Entity Instance: lpm_counter0:inst2|lpm_counter:lpm_counter_component
 17. Parameter Settings for User Entity Instance: lpm_add_sub0:inst17|lpm_add_sub:lpm_add_sub_component
 18. Parameter Settings for User Entity Instance: lpm_counter1:inst16|lpm_counter:lpm_counter_component
 19. Analysis & Synthesis Messages



----------------
; Legal Notice ;
----------------
Copyright (C) 1991-2009 Altera Corporation
Your use of Altera Corporation's design tools, logic functions 
and other software and tools, and its AMPP partner logic 
functions, and any output files from any of the foregoing 
(including device programming or simulation files), and any 
associated documentation or information are expressly subject 
to the terms and conditions of the Altera Program License 
Subscription Agreement, Altera MegaCore Function License 
Agreement, or other applicable license agreement, including, 
without limitation, that your use is for the sole purpose of 
programming logic devices manufactured by Altera and sold by 
Altera or its authorized distributors.  Please refer to the 
applicable agreement for further details.



+----------------------------------------------------------------------------+
; Analysis & Synthesis Summary                                               ;
+-----------------------------+----------------------------------------------+
; Analysis & Synthesis Status ; Successful - Wed Oct 16 13:06:25 2013        ;
; Quartus II Version          ; 9.0 Build 235 06/17/2009 SP 2 SJ Web Edition ;
; Revision Name               ; MultiPlexed7Seg                              ;
; Top-level Entity Name       ; MultiPlexed7Seg                              ;
; Family                      ; Cyclone                                      ;
; Total logic elements        ; 106                                          ;
; Total pins                  ; 33                                           ;
; Total virtual pins          ; 0                                            ;
; Total memory bits           ; 0                                            ;
; Total PLLs                  ; 0                                            ;
+-----------------------------+----------------------------------------------+


+--------------------------------------------------------------------------------------------------------+
; Analysis & Synthesis Settings                                                                          ;
+--------------------------------------------------------------+--------------------+--------------------+
; Option                                                       ; Setting            ; Default Value      ;
+--------------------------------------------------------------+--------------------+--------------------+
; Device                                                       ; EP1C6Q240C8        ;                    ;
; Top-level entity name                                        ; MultiPlexed7Seg    ; MultiPlexed7Seg    ;
; Family name                                                  ; Cyclone            ; Stratix II         ;
; Optimization Technique                                       ; Area               ; Balanced           ;
; Use Generated Physical Constraints File                      ; Off                ;                    ;
; Use smart compilation                                        ; Off                ; Off                ;
; Restructure Multiplexers                                     ; Auto               ; Auto               ;
; Create Debugging Nodes for IP Cores                          ; Off                ; Off                ;
; Preserve fewer node names                                    ; On                 ; On                 ;
; Disable OpenCore Plus hardware evaluation                    ; Off                ; Off                ;
; Verilog Version                                              ; Verilog_2001       ; Verilog_2001       ;
; VHDL Version                                                 ; VHDL93             ; VHDL93             ;
; State Machine Processing                                     ; Auto               ; Auto               ;
; Safe State Machine                                           ; Off                ; Off                ;
; Extract Verilog State Machines                               ; On                 ; On                 ;
; Extract VHDL State Machines                                  ; On                 ; On                 ;
; Ignore Verilog initial constructs                            ; Off                ; Off                ;
; Iteration limit for constant Verilog loops                   ; 5000               ; 5000               ;
; Iteration limit for non-constant Verilog loops               ; 250                ; 250                ;
; Add Pass-Through Logic to Inferred RAMs                      ; On                 ; On                 ;
; Parallel Synthesis                                           ; Off                ; Off                ;
; NOT Gate Push-Back                                           ; On                 ; On                 ;
; Power-Up Don't Care                                          ; On                 ; On                 ;
; Remove Redundant Logic Cells                                 ; Off                ; Off                ;
; Remove Duplicate Registers                                   ; On                 ; On                 ;
; Ignore CARRY Buffers                                         ; Off                ; Off                ;
; Ignore CASCADE Buffers                                       ; Off                ; Off                ;
; Ignore GLOBAL Buffers                                        ; Off                ; Off                ;
; Ignore ROW GLOBAL Buffers                                    ; Off                ; Off                ;
; Ignore LCELL Buffers                                         ; Off                ; Off                ;
; Ignore SOFT Buffers                                          ; On                 ; On                 ;
; Limit AHDL Integers to 32 Bits                               ; Off                ; Off                ;
; Carry Chain Length                                           ; 70                 ; 70                 ;
; Auto Carry Chains                                            ; On                 ; On                 ;
; Auto Open-Drain Pins                                         ; On                 ; On                 ;
; Perform WYSIWYG Primitive Resynthesis                        ; Off                ; Off                ;
; Auto ROM Replacement                                         ; On                 ; On                 ;
; Auto RAM Replacement                                         ; On                 ; On                 ;
; Auto Shift Register Replacement                              ; Auto               ; Auto               ;
; Auto Clock Enable Replacement                                ; On                 ; On                 ;
; Strict RAM Replacement                                       ; Off                ; Off                ;
; Allow Synchronous Control Signals                            ; On                 ; On                 ;
; Force Use of Synchronous Clear Signals                       ; Off                ; Off                ;
; Auto RAM Block Balancing                                     ; On                 ; On                 ;
; Auto RAM to Logic Cell Conversion                            ; Off                ; Off                ;
; Auto Resource Sharing                                        ; Off                ; Off                ;
; Allow Any RAM Size For Recognition                           ; Off                ; Off                ;
; Allow Any ROM Size For Recognition                           ; Off                ; Off                ;
; Allow Any Shift Register Size For Recognition                ; Off                ; Off                ;
; Use LogicLock Constraints during Resource Balancing          ; On                 ; On                 ;
; Ignore translate_off and synthesis_off directives            ; Off                ; Off                ;
; Show Parameter Settings Tables in Synthesis Report           ; On                 ; On                 ;
; Ignore Maximum Fan-Out Assignments                           ; Off                ; Off                ;
; Synchronization Register Chain Length                        ; 2                  ; 2                  ;
; PowerPlay Power Optimization                                 ; Normal compilation ; Normal compilation ;
; HDL message level                                            ; Level2             ; Level2             ;
; Suppress Register Optimization Related Messages              ; Off                ; Off                ;
; Number of Removed Registers Reported in Synthesis Report     ; 100                ; 100                ;
; Number of Inverted Registers Reported in Synthesis Report    ; 100                ; 100                ;
; Clock MUX Protection                                         ; On                 ; On                 ;
; Block Design Naming                                          ; Auto               ; Auto               ;
; Synthesis Effort                                             ; Auto               ; Auto               ;
; Shift Register Replacement - Allow Asynchronous Clear Signal ; On                 ; On                 ;
; Analysis & Synthesis Message Level                           ; Medium             ; Medium             ;
+--------------------------------------------------------------+--------------------+--------------------+


+--------------------------------------------------------------------------------------------------------------------------------------------------------------------------+
; Analysis & Synthesis Source Files Read                                                                                                                                   ;
+----------------------------------+-----------------+------------------------------------+--------------------------------------------------------------------------------+
; File Name with User-Entered Path ; Used in Netlist ; File Type                          ; File Name with Absolute Path                                                   ;
+----------------------------------+-----------------+------------------------------------+--------------------------------------------------------------------------------+
; MultiPlexed7Seg.bdf              ; yes             ; User Block Diagram/Schematic File  ; C:/Github/Quartus_Projects/TRex-Multiplex-7Seg_Impl/MultiPlexed7Seg.bdf        ;
; lpm_mux0.vhd                     ; yes             ; User Wizard-Generated File         ; C:/Github/Quartus_Projects/TRex-Multiplex-7Seg_Impl/lpm_mux0.vhd               ;
; lpm_counter0.vhd                 ; yes             ; User Wizard-Generated File         ; C:/Github/Quartus_Projects/TRex-Multiplex-7Seg_Impl/lpm_counter0.vhd           ;
; lpm_counter1.vhd                 ; yes             ; User Wizard-Generated File         ; C:/Github/Quartus_Projects/TRex-Multiplex-7Seg_Impl/lpm_counter1.vhd           ;
; lpm_add_sub0.vhd                 ; yes             ; User Wizard-Generated File         ; C:/Github/Quartus_Projects/TRex-Multiplex-7Seg_Impl/lpm_add_sub0.vhd           ;
; 7_Segment_Decoder_TREX.bdf       ; yes             ; User Block Diagram/Schematic File  ; C:/Github/Quartus_Projects/TRex-Multiplex-7Seg_Impl/7_Segment_Decoder_TREX.bdf ;
; lpm_mux2.vhd                     ; yes             ; User Wizard-Generated File         ; C:/Github/Quartus_Projects/TRex-Multiplex-7Seg_Impl/lpm_mux2.vhd               ;
; LPM_MUX.tdf                      ; yes             ; Megafunction                       ; c:/altera/90sp2/quartus/libraries/megafunctions/LPM_MUX.tdf                    ;
; aglobal90.inc                    ; yes             ; Megafunction                       ; c:/altera/90sp2/quartus/libraries/megafunctions/aglobal90.inc                  ;
; muxlut.inc                       ; yes             ; Megafunction                       ; c:/altera/90sp2/quartus/libraries/megafunctions/muxlut.inc                     ;
; bypassff.inc                     ; yes             ; Megafunction                       ; c:/altera/90sp2/quartus/libraries/megafunctions/bypassff.inc                   ;
; altshift.inc                     ; yes             ; Megafunction                       ; c:/altera/90sp2/quartus/libraries/megafunctions/altshift.inc                   ;
; db/mux_ord.tdf                   ; yes             ; Auto-Generated Megafunction        ; C:/Github/Quartus_Projects/TRex-Multiplex-7Seg_Impl/db/mux_ord.tdf             ;
; db/mux_lrd.tdf                   ; yes             ; Auto-Generated Megafunction        ; C:/Github/Quartus_Projects/TRex-Multiplex-7Seg_Impl/db/mux_lrd.tdf             ;
; lpm_counter.tdf                  ; yes             ; Megafunction                       ; c:/altera/90sp2/quartus/libraries/megafunctions/lpm_counter.tdf                ;
; lpm_constant.inc                 ; yes             ; Megafunction                       ; c:/altera/90sp2/quartus/libraries/megafunctions/lpm_constant.inc               ;
; lpm_decode.inc                   ; yes             ; Megafunction                       ; c:/altera/90sp2/quartus/libraries/megafunctions/lpm_decode.inc                 ;
; lpm_add_sub.inc                  ; yes             ; Megafunction                       ; c:/altera/90sp2/quartus/libraries/megafunctions/lpm_add_sub.inc                ;
; cmpconst.inc                     ; yes             ; Megafunction                       ; c:/altera/90sp2/quartus/libraries/megafunctions/cmpconst.inc                   ;
; lpm_compare.inc                  ; yes             ; Megafunction                       ; c:/altera/90sp2/quartus/libraries/megafunctions/lpm_compare.inc                ;
; lpm_counter.inc                  ; yes             ; Megafunction                       ; c:/altera/90sp2/quartus/libraries/megafunctions/lpm_counter.inc                ;
; dffeea.inc                       ; yes             ; Megafunction                       ; c:/altera/90sp2/quartus/libraries/megafunctions/dffeea.inc                     ;
; alt_synch_counter.inc            ; yes             ; Megafunction                       ; c:/altera/90sp2/quartus/libraries/megafunctions/alt_synch_counter.inc          ;
; alt_synch_counter_f.inc          ; yes             ; Megafunction                       ; c:/altera/90sp2/quartus/libraries/megafunctions/alt_synch_counter_f.inc        ;
; alt_counter_f10ke.inc            ; yes             ; Megafunction                       ; c:/altera/90sp2/quartus/libraries/megafunctions/alt_counter_f10ke.inc          ;
; alt_counter_stratix.inc          ; yes             ; Megafunction                       ; c:/altera/90sp2/quartus/libraries/megafunctions/alt_counter_stratix.inc        ;
; db/cntr_4dh.tdf                  ; yes             ; Auto-Generated Megafunction        ; C:/Github/Quartus_Projects/TRex-Multiplex-7Seg_Impl/db/cntr_4dh.tdf            ;
; lpm_add_sub.tdf                  ; yes             ; Megafunction                       ; c:/altera/90sp2/quartus/libraries/megafunctions/lpm_add_sub.tdf                ;
; addcore.inc                      ; yes             ; Megafunction                       ; c:/altera/90sp2/quartus/libraries/megafunctions/addcore.inc                    ;
; look_add.inc                     ; yes             ; Megafunction                       ; c:/altera/90sp2/quartus/libraries/megafunctions/look_add.inc                   ;
; alt_stratix_add_sub.inc          ; yes             ; Megafunction                       ; c:/altera/90sp2/quartus/libraries/megafunctions/alt_stratix_add_sub.inc        ;
; alt_mercury_add_sub.inc          ; yes             ; Megafunction                       ; c:/altera/90sp2/quartus/libraries/megafunctions/alt_mercury_add_sub.inc        ;
; addcore.tdf                      ; yes             ; Megafunction                       ; c:/altera/90sp2/quartus/libraries/megafunctions/addcore.tdf                    ;
; a_csnbuffer.inc                  ; yes             ; Megafunction                       ; c:/altera/90sp2/quartus/libraries/megafunctions/a_csnbuffer.inc                ;
; a_csnbuffer.tdf                  ; yes             ; Megafunction                       ; c:/altera/90sp2/quartus/libraries/megafunctions/a_csnbuffer.tdf                ;
; altshift.tdf                     ; yes             ; Megafunction                       ; c:/altera/90sp2/quartus/libraries/megafunctions/altshift.tdf                   ;
; db/cntr_90j.tdf                  ; yes             ; Auto-Generated Megafunction        ; C:/Github/Quartus_Projects/TRex-Multiplex-7Seg_Impl/db/cntr_90j.tdf            ;
; db/cmpr_a6c.tdf                  ; yes             ; Auto-Generated Megafunction        ; C:/Github/Quartus_Projects/TRex-Multiplex-7Seg_Impl/db/cmpr_a6c.tdf            ;
; 16dmux.bdf                       ; yes             ; Megafunction                       ; c:/altera/90sp2/quartus/libraries/others/maxplus2/16dmux.bdf                   ;
+----------------------------------+-----------------+------------------------------------+--------------------------------------------------------------------------------+


+--------------------------------------------------------------------------------------------------------------------------------------+
; Analysis & Synthesis Resource Usage Summary                                                                                          ;
+---------------------------------------------+----------------------------------------------------------------------------------------+
; Resource                                    ; Usage                                                                                  ;
+---------------------------------------------+----------------------------------------------------------------------------------------+
; Total logic elements                        ; 106                                                                                    ;
;     -- Combinational with no register       ; 86                                                                                     ;
;     -- Register only                        ; 0                                                                                      ;
;     -- Combinational with a register        ; 20                                                                                     ;
;                                             ;                                                                                        ;
; Logic element usage by number of LUT inputs ;                                                                                        ;
;     -- 4 input functions                    ; 56                                                                                     ;
;     -- 3 input functions                    ; 4                                                                                      ;
;     -- 2 input functions                    ; 41                                                                                     ;
;     -- 1 input functions                    ; 4                                                                                      ;
;     -- 0 input functions                    ; 1                                                                                      ;
;                                             ;                                                                                        ;
; Logic elements by mode                      ;                                                                                        ;
;     -- normal mode                          ; 75                                                                                     ;
;     -- arithmetic mode                      ; 31                                                                                     ;
;     -- qfbk mode                            ; 0                                                                                      ;
;     -- register cascade mode                ; 0                                                                                      ;
;     -- synchronous clear/load mode          ; 17                                                                                     ;
;     -- asynchronous clear/load mode         ; 0                                                                                      ;
;                                             ;                                                                                        ;
; Total registers                             ; 20                                                                                     ;
; Total logic cells in carry chains           ; 34                                                                                     ;
; I/O pins                                    ; 33                                                                                     ;
; Maximum fan-out node                        ; lpm_counter0:inst2|lpm_counter:lpm_counter_component|cntr_4dh:auto_generated|safe_q[1] ;
; Maximum fan-out                             ; 21                                                                                     ;
; Total fan-out                               ; 387                                                                                    ;
; Average fan-out                             ; 2.78                                                                                   ;
+---------------------------------------------+----------------------------------------------------------------------------------------+


+--------------------------------------------------------------------------------------------------------------------------------------------------------------------------------------------------------------------------------------------------------------------------------------------------------------------------------+
; Analysis & Synthesis Resource Utilization by Entity                                                                                                                                                                                                                                                                            ;
+-------------------------------------------+-------------+--------------+-------------+------+--------------+--------------+-------------------+------------------+-----------------+------------+---------------------------------------------------------------------------------------------------------------+--------------+
; Compilation Hierarchy Node                ; Logic Cells ; LC Registers ; Memory Bits ; Pins ; Virtual Pins ; LUT-Only LCs ; Register-Only LCs ; LUT/Register LCs ; Carry Chain LCs ; Packed LCs ; Full Hierarchy Name                                                                                           ; Library Name ;
+-------------------------------------------+-------------+--------------+-------------+------+--------------+--------------+-------------------+------------------+-----------------+------------+---------------------------------------------------------------------------------------------------------------+--------------+
; |MultiPlexed7Seg                          ; 106 (15)    ; 20           ; 0           ; 33   ; 0            ; 86 (14)      ; 0 (0)             ; 20 (1)           ; 34 (14)         ; 0 (0)      ; |MultiPlexed7Seg                                                                                              ; work         ;
;    |16dmux:inst15|                        ; 4 (4)       ; 0            ; 0           ; 0    ; 0            ; 4 (4)        ; 0 (0)             ; 0 (0)            ; 0 (0)           ; 0 (0)      ; |MultiPlexed7Seg|16dmux:inst15                                                                                ; work         ;
;    |lpm_counter0:inst2|                   ; 2 (0)       ; 2            ; 0           ; 0    ; 0            ; 0 (0)        ; 0 (0)             ; 2 (0)            ; 2 (0)           ; 0 (0)      ; |MultiPlexed7Seg|lpm_counter0:inst2                                                                           ; work         ;
;       |lpm_counter:lpm_counter_component| ; 2 (0)       ; 2            ; 0           ; 0    ; 0            ; 0 (0)        ; 0 (0)             ; 2 (0)            ; 2 (0)           ; 0 (0)      ; |MultiPlexed7Seg|lpm_counter0:inst2|lpm_counter:lpm_counter_component                                         ; work         ;
;          |cntr_4dh:auto_generated|        ; 2 (2)       ; 2            ; 0           ; 0    ; 0            ; 0 (0)        ; 0 (0)             ; 2 (2)            ; 2 (2)           ; 0 (0)      ; |MultiPlexed7Seg|lpm_counter0:inst2|lpm_counter:lpm_counter_component|cntr_4dh:auto_generated                 ; work         ;
;    |lpm_counter1:inst16|                  ; 24 (0)      ; 17           ; 0           ; 0    ; 0            ; 7 (0)        ; 0 (0)             ; 17 (0)           ; 18 (0)          ; 0 (0)      ; |MultiPlexed7Seg|lpm_counter1:inst16                                                                          ; work         ;
;       |lpm_counter:lpm_counter_component| ; 24 (0)      ; 17           ; 0           ; 0    ; 0            ; 7 (0)        ; 0 (0)             ; 17 (0)           ; 18 (0)          ; 0 (0)      ; |MultiPlexed7Seg|lpm_counter1:inst16|lpm_counter:lpm_counter_component                                        ; work         ;
;          |cntr_90j:auto_generated|        ; 24 (18)     ; 17           ; 0           ; 0    ; 0            ; 7 (1)        ; 0 (0)             ; 17 (17)          ; 18 (18)         ; 0 (0)      ; |MultiPlexed7Seg|lpm_counter1:inst16|lpm_counter:lpm_counter_component|cntr_90j:auto_generated                ; work         ;
;             |cmpr_a6c:cmpr1|              ; 6 (6)       ; 0            ; 0           ; 0    ; 0            ; 6 (6)        ; 0 (0)             ; 0 (0)            ; 0 (0)           ; 0 (0)      ; |MultiPlexed7Seg|lpm_counter1:inst16|lpm_counter:lpm_counter_component|cntr_90j:auto_generated|cmpr_a6c:cmpr1 ; work         ;
;    |lpm_mux0:inst30|                      ; 61 (0)      ; 0            ; 0           ; 0    ; 0            ; 61 (0)       ; 0 (0)             ; 0 (0)            ; 0 (0)           ; 0 (0)      ; |MultiPlexed7Seg|lpm_mux0:inst30                                                                              ; work         ;
;       |lpm_mux:lpm_mux_component|         ; 61 (0)      ; 0            ; 0           ; 0    ; 0            ; 61 (0)       ; 0 (0)             ; 0 (0)            ; 0 (0)           ; 0 (0)      ; |MultiPlexed7Seg|lpm_mux0:inst30|lpm_mux:lpm_mux_component                                                    ; work         ;
;          |mux_ord:auto_generated|         ; 61 (61)     ; 0            ; 0           ; 0    ; 0            ; 61 (61)      ; 0 (0)             ; 0 (0)            ; 0 (0)           ; 0 (0)      ; |MultiPlexed7Seg|lpm_mux0:inst30|lpm_mux:lpm_mux_component|mux_ord:auto_generated                             ; work         ;
+-------------------------------------------+-------------+--------------+-------------+------+--------------+--------------+-------------------+------------------+-----------------+------------+---------------------------------------------------------------------------------------------------------------+--------------+
Note: For table entries with two numbers listed, the numbers in parentheses indicate the number of resources of the given type used by the specific entity alone. The numbers listed outside of parentheses indicate the total resources of the given type used by the specific entity and all of its sub-entities in the hierarchy.


+------------------------------------------------------+
; General Register Statistics                          ;
+----------------------------------------------+-------+
; Statistic                                    ; Value ;
+----------------------------------------------+-------+
; Total registers                              ; 20    ;
; Number of registers using Synchronous Clear  ; 0     ;
; Number of registers using Synchronous Load   ; 17    ;
; Number of registers using Asynchronous Clear ; 0     ;
; Number of registers using Asynchronous Load  ; 0     ;
; Number of registers using Clock Enable       ; 0     ;
; Number of registers using Preset             ; 0     ;
+----------------------------------------------+-------+


+-----------------------------------------------------------------------------+
; Source assignments for lpm_counter0:inst2|lpm_counter:lpm_counter_component ;
+---------------------------+-------+------+----------------------------------+
; Assignment                ; Value ; From ; To                               ;
+---------------------------+-------+------+----------------------------------+
; SUPPRESS_DA_RULE_INTERNAL ; a101  ; -    ; -                                ;
; SUPPRESS_DA_RULE_INTERNAL ; s102  ; -    ; -                                ;
; SUPPRESS_DA_RULE_INTERNAL ; s103  ; -    ; -                                ;
+---------------------------+-------+------+----------------------------------+


+--------------------------------------------------------------------------------------------+
; Source assignments for lpm_add_sub0:inst17|lpm_add_sub:lpm_add_sub_component|addcore:adder ;
+---------------------------+-------+------+-------------------------------------------------+
; Assignment                ; Value ; From ; To                                              ;
+---------------------------+-------+------+-------------------------------------------------+
; SUPPRESS_DA_RULE_INTERNAL ; A103  ; -    ; -                                               ;
+---------------------------+-------+------+-------------------------------------------------+


+------------------------------------------------------------------------------+
; Source assignments for lpm_counter1:inst16|lpm_counter:lpm_counter_component ;
+---------------------------+-------+------+-----------------------------------+
; Assignment                ; Value ; From ; To                                ;
+---------------------------+-------+------+-----------------------------------+
; SUPPRESS_DA_RULE_INTERNAL ; a101  ; -    ; -                                 ;
; SUPPRESS_DA_RULE_INTERNAL ; s102  ; -    ; -                                 ;
; SUPPRESS_DA_RULE_INTERNAL ; s103  ; -    ; -                                 ;
+---------------------------+-------+------+-----------------------------------+


+----------------------------------------------------------------------------------------+
; Parameter Settings for User Entity Instance: lpm_mux0:inst30|LPM_MUX:lpm_mux_component ;
+------------------------+---------+-----------------------------------------------------+
; Parameter Name         ; Value   ; Type                                                ;
+------------------------+---------+-----------------------------------------------------+
; AUTO_CARRY_CHAINS      ; ON      ; AUTO_CARRY                                          ;
; IGNORE_CARRY_BUFFERS   ; OFF     ; IGNORE_CARRY                                        ;
; AUTO_CASCADE_CHAINS    ; ON      ; AUTO_CASCADE                                        ;
; IGNORE_CASCADE_BUFFERS ; OFF     ; IGNORE_CASCADE                                      ;
; LPM_WIDTH              ; 8       ; Signed Integer                                      ;
; LPM_SIZE               ; 4       ; Signed Integer                                      ;
; LPM_WIDTHS             ; 2       ; Signed Integer                                      ;
; LPM_PIPELINE           ; 0       ; Signed Integer                                      ;
; CBXI_PARAMETER         ; mux_ord ; Untyped                                             ;
; DEVICE_FAMILY          ; Cyclone ; Untyped                                             ;
+------------------------+---------+-----------------------------------------------------+
Note: In order to hide this table in the UI and the text report file, please set the "Show Parameter Settings Tables in Synthesis Report" option in "Analysis and Synthesis Settings -> More Settings" to "Off".


+---------------------------------------------------------------------------------------+
; Parameter Settings for User Entity Instance: lpm_mux2:inst9|LPM_MUX:lpm_mux_component ;
+------------------------+---------+----------------------------------------------------+
; Parameter Name         ; Value   ; Type                                               ;
+------------------------+---------+----------------------------------------------------+
; AUTO_CARRY_CHAINS      ; ON      ; AUTO_CARRY                                         ;
; IGNORE_CARRY_BUFFERS   ; OFF     ; IGNORE_CARRY                                       ;
; AUTO_CASCADE_CHAINS    ; ON      ; AUTO_CASCADE                                       ;
; IGNORE_CASCADE_BUFFERS ; OFF     ; IGNORE_CASCADE                                     ;
; LPM_WIDTH              ; 8       ; Signed Integer                                     ;
; LPM_SIZE               ; 2       ; Signed Integer                                     ;
; LPM_WIDTHS             ; 1       ; Signed Integer                                     ;
; LPM_PIPELINE           ; 0       ; Signed Integer                                     ;
; CBXI_PARAMETER         ; mux_lrd ; Untyped                                            ;
; DEVICE_FAMILY          ; Cyclone ; Untyped                                            ;
+------------------------+---------+----------------------------------------------------+
Note: In order to hide this table in the UI and the text report file, please set the "Show Parameter Settings Tables in Synthesis Report" option in "Analysis and Synthesis Settings -> More Settings" to "Off".


+---------------------------------------------------------------------------------------+
; Parameter Settings for User Entity Instance: lpm_mux2:inst8|LPM_MUX:lpm_mux_component ;
+------------------------+---------+----------------------------------------------------+
; Parameter Name         ; Value   ; Type                                               ;
+------------------------+---------+----------------------------------------------------+
; AUTO_CARRY_CHAINS      ; ON      ; AUTO_CARRY                                         ;
; IGNORE_CARRY_BUFFERS   ; OFF     ; IGNORE_CARRY                                       ;
; AUTO_CASCADE_CHAINS    ; ON      ; AUTO_CASCADE                                       ;
; IGNORE_CASCADE_BUFFERS ; OFF     ; IGNORE_CASCADE                                     ;
; LPM_WIDTH              ; 8       ; Signed Integer                                     ;
; LPM_SIZE               ; 2       ; Signed Integer                                     ;
; LPM_WIDTHS             ; 1       ; Signed Integer                                     ;
; LPM_PIPELINE           ; 0       ; Signed Integer                                     ;
; CBXI_PARAMETER         ; mux_lrd ; Untyped                                            ;
; DEVICE_FAMILY          ; Cyclone ; Untyped                                            ;
+------------------------+---------+----------------------------------------------------+
Note: In order to hide this table in the UI and the text report file, please set the "Show Parameter Settings Tables in Synthesis Report" option in "Analysis and Synthesis Settings -> More Settings" to "Off".


+---------------------------------------------------------------------------------------+
; Parameter Settings for User Entity Instance: lpm_mux2:inst7|LPM_MUX:lpm_mux_component ;
+------------------------+---------+----------------------------------------------------+
; Parameter Name         ; Value   ; Type                                               ;
+------------------------+---------+----------------------------------------------------+
; AUTO_CARRY_CHAINS      ; ON      ; AUTO_CARRY                                         ;
; IGNORE_CARRY_BUFFERS   ; OFF     ; IGNORE_CARRY                                       ;
; AUTO_CASCADE_CHAINS    ; ON      ; AUTO_CASCADE                                       ;
; IGNORE_CASCADE_BUFFERS ; OFF     ; IGNORE_CASCADE                                     ;
; LPM_WIDTH              ; 8       ; Signed Integer                                     ;
; LPM_SIZE               ; 2       ; Signed Integer                                     ;
; LPM_WIDTHS             ; 1       ; Signed Integer                                     ;
; LPM_PIPELINE           ; 0       ; Signed Integer                                     ;
; CBXI_PARAMETER         ; mux_lrd ; Untyped                                            ;
; DEVICE_FAMILY          ; Cyclone ; Untyped                                            ;
+------------------------+---------+----------------------------------------------------+
Note: In order to hide this table in the UI and the text report file, please set the "Show Parameter Settings Tables in Synthesis Report" option in "Analysis and Synthesis Settings -> More Settings" to "Off".


+---------------------------------------------------------------------------------------+
; Parameter Settings for User Entity Instance: lpm_mux2:inst6|LPM_MUX:lpm_mux_component ;
+------------------------+---------+----------------------------------------------------+
; Parameter Name         ; Value   ; Type                                               ;
+------------------------+---------+----------------------------------------------------+
; AUTO_CARRY_CHAINS      ; ON      ; AUTO_CARRY                                         ;
; IGNORE_CARRY_BUFFERS   ; OFF     ; IGNORE_CARRY                                       ;
; AUTO_CASCADE_CHAINS    ; ON      ; AUTO_CASCADE                                       ;
; IGNORE_CASCADE_BUFFERS ; OFF     ; IGNORE_CASCADE                                     ;
; LPM_WIDTH              ; 8       ; Signed Integer                                     ;
; LPM_SIZE               ; 2       ; Signed Integer                                     ;
; LPM_WIDTHS             ; 1       ; Signed Integer                                     ;
; LPM_PIPELINE           ; 0       ; Signed Integer                                     ;
; CBXI_PARAMETER         ; mux_lrd ; Untyped                                            ;
; DEVICE_FAMILY          ; Cyclone ; Untyped                                            ;
+------------------------+---------+----------------------------------------------------+
Note: In order to hide this table in the UI and the text report file, please set the "Show Parameter Settings Tables in Synthesis Report" option in "Analysis and Synthesis Settings -> More Settings" to "Off".


+---------------------------------------------------------------------------------------------------+
; Parameter Settings for User Entity Instance: lpm_counter0:inst2|lpm_counter:lpm_counter_component ;
+------------------------+-------------+------------------------------------------------------------+
; Parameter Name         ; Value       ; Type                                                       ;
+------------------------+-------------+------------------------------------------------------------+
; AUTO_CARRY_CHAINS      ; ON          ; AUTO_CARRY                                                 ;
; IGNORE_CARRY_BUFFERS   ; OFF         ; IGNORE_CARRY                                               ;
; AUTO_CASCADE_CHAINS    ; ON          ; AUTO_CASCADE                                               ;
; IGNORE_CASCADE_BUFFERS ; OFF         ; IGNORE_CASCADE                                             ;
; LPM_WIDTH              ; 2           ; Signed Integer                                             ;
; LPM_DIRECTION          ; UP          ; Untyped                                                    ;
; LPM_MODULUS            ; 0           ; Untyped                                                    ;
; LPM_AVALUE             ; UNUSED      ; Untyped                                                    ;
; LPM_SVALUE             ; UNUSED      ; Untyped                                                    ;
; LPM_PORT_UPDOWN        ; PORT_UNUSED ; Untyped                                                    ;
; DEVICE_FAMILY          ; Cyclone     ; Untyped                                                    ;
; CARRY_CHAIN            ; MANUAL      ; Untyped                                                    ;
; CARRY_CHAIN_LENGTH     ; 48          ; CARRY_CHAIN_LENGTH                                         ;
; NOT_GATE_PUSH_BACK     ; ON          ; NOT_GATE_PUSH_BACK                                         ;
; CARRY_CNT_EN           ; SMART       ; Untyped                                                    ;
; LABWIDE_SCLR           ; ON          ; Untyped                                                    ;
; USE_NEW_VERSION        ; TRUE        ; Untyped                                                    ;
; CBXI_PARAMETER         ; cntr_4dh    ; Untyped                                                    ;
+------------------------+-------------+------------------------------------------------------------+
Note: In order to hide this table in the UI and the text report file, please set the "Show Parameter Settings Tables in Synthesis Report" option in "Analysis and Synthesis Settings -> More Settings" to "Off".


+----------------------------------------------------------------------------------------------------+
; Parameter Settings for User Entity Instance: lpm_add_sub0:inst17|lpm_add_sub:lpm_add_sub_component ;
+------------------------+-------------+-------------------------------------------------------------+
; Parameter Name         ; Value       ; Type                                                        ;
+------------------------+-------------+-------------------------------------------------------------+
; LPM_WIDTH              ; 17          ; Signed Integer                                              ;
; LPM_REPRESENTATION     ; UNSIGNED    ; Untyped                                                     ;
; LPM_DIRECTION          ; SUB         ; Untyped                                                     ;
; ONE_INPUT_IS_CONSTANT  ; YES         ; Untyped                                                     ;
; LPM_PIPELINE           ; 0           ; Untyped                                                     ;
; MAXIMIZE_SPEED         ; 5           ; Untyped                                                     ;
; REGISTERED_AT_END      ; 0           ; Untyped                                                     ;
; OPTIMIZE_FOR_SPEED     ; 1           ; Untyped                                                     ;
; USE_CS_BUFFERS         ; 1           ; Untyped                                                     ;
; CARRY_CHAIN            ; MANUAL      ; Untyped                                                     ;
; CARRY_CHAIN_LENGTH     ; 48          ; CARRY_CHAIN_LENGTH                                          ;
; DEVICE_FAMILY          ; Cyclone     ; Untyped                                                     ;
; USE_WYS                ; OFF         ; Untyped                                                     ;
; STYLE                  ; FAST        ; Untyped                                                     ;
; CBXI_PARAMETER         ; add_sub_q1i ; Untyped                                                     ;
; AUTO_CARRY_CHAINS      ; ON          ; AUTO_CARRY                                                  ;
; IGNORE_CARRY_BUFFERS   ; OFF         ; IGNORE_CARRY                                                ;
; AUTO_CASCADE_CHAINS    ; ON          ; AUTO_CASCADE                                                ;
; IGNORE_CASCADE_BUFFERS ; OFF         ; IGNORE_CASCADE                                              ;
+------------------------+-------------+-------------------------------------------------------------+
Note: In order to hide this table in the UI and the text report file, please set the "Show Parameter Settings Tables in Synthesis Report" option in "Analysis and Synthesis Settings -> More Settings" to "Off".


+----------------------------------------------------------------------------------------------------+
; Parameter Settings for User Entity Instance: lpm_counter1:inst16|lpm_counter:lpm_counter_component ;
+------------------------+-------------+-------------------------------------------------------------+
; Parameter Name         ; Value       ; Type                                                        ;
+------------------------+-------------+-------------------------------------------------------------+
; AUTO_CARRY_CHAINS      ; ON          ; AUTO_CARRY                                                  ;
; IGNORE_CARRY_BUFFERS   ; OFF         ; IGNORE_CARRY                                                ;
; AUTO_CASCADE_CHAINS    ; ON          ; AUTO_CASCADE                                                ;
; IGNORE_CASCADE_BUFFERS ; OFF         ; IGNORE_CASCADE                                              ;
; LPM_WIDTH              ; 17          ; Signed Integer                                              ;
; LPM_DIRECTION          ; UP          ; Untyped                                                     ;
; LPM_MODULUS            ; 100000      ; Signed Integer                                              ;
; LPM_AVALUE             ; UNUSED      ; Untyped                                                     ;
; LPM_SVALUE             ; UNUSED      ; Untyped                                                     ;
; LPM_PORT_UPDOWN        ; PORT_UNUSED ; Untyped                                                     ;
; DEVICE_FAMILY          ; Cyclone     ; Untyped                                                     ;
; CARRY_CHAIN            ; MANUAL      ; Untyped                                                     ;
; CARRY_CHAIN_LENGTH     ; 48          ; CARRY_CHAIN_LENGTH                                          ;
; NOT_GATE_PUSH_BACK     ; ON          ; NOT_GATE_PUSH_BACK                                          ;
; CARRY_CNT_EN           ; SMART       ; Untyped                                                     ;
; LABWIDE_SCLR           ; ON          ; Untyped                                                     ;
; USE_NEW_VERSION        ; TRUE        ; Untyped                                                     ;
; CBXI_PARAMETER         ; cntr_90j    ; Untyped                                                     ;
+------------------------+-------------+-------------------------------------------------------------+
Note: In order to hide this table in the UI and the text report file, please set the "Show Parameter Settings Tables in Synthesis Report" option in "Analysis and Synthesis Settings -> More Settings" to "Off".


+-------------------------------+
; Analysis & Synthesis Messages ;
+-------------------------------+
Info: *******************************************************************
Info: Running Quartus II Analysis & Synthesis
    Info: Version 9.0 Build 235 06/17/2009 Service Pack 2 SJ Web Edition
    Info: Processing started: Wed Oct 16 13:06:22 2013
Info: Command: quartus_map --read_settings_files=on --write_settings_files=off MultiPlexed7Seg -c MultiPlexed7Seg
Info: Found 1 design units, including 1 entities, in source file MultiPlexed7Seg.bdf
    Info: Found entity 1: MultiPlexed7Seg
Info: Found 2 design units, including 1 entities, in source file lpm_mux0.vhd
    Info: Found design unit 1: lpm_mux0-SYN
    Info: Found entity 1: lpm_mux0
Info: Found 2 design units, including 1 entities, in source file lpm_counter0.vhd
    Info: Found design unit 1: lpm_counter0-SYN
    Info: Found entity 1: lpm_counter0
Info: Found 2 design units, including 1 entities, in source file lpm_mux1.vhd
    Info: Found design unit 1: lpm_mux1-SYN
    Info: Found entity 1: lpm_mux1
Info: Found 1 design units, including 1 entities, in source file 4OutDMux.bdf
    Info: Found entity 1: 4OutDMux
Info: Found 2 design units, including 1 entities, in source file lpm_counter1.vhd
    Info: Found design unit 1: lpm_counter1-SYN
    Info: Found entity 1: lpm_counter1
Info: Found 2 design units, including 1 entities, in source file lpm_add_sub0.vhd
    Info: Found design unit 1: lpm_add_sub0-SYN
    Info: Found entity 1: lpm_add_sub0
Info: Found 1 design units, including 1 entities, in source file 7_Segment_Decoder_TREX.bdf
    Info: Found entity 1: 7_Segment_Decoder_TREX
Info: Found 2 design units, including 1 entities, in source file lpm_mux2.vhd
    Info: Found design unit 1: lpm_mux2-SYN
    Info: Found entity 1: lpm_mux2
Info: Elaborating entity "MultiPlexed7Seg" for the top level hierarchy
Warning: Block or symbol "NOT" of instance "inst31" overlaps another block or symbol
Warning: Block or symbol "NOT" of instance "inst32" overlaps another block or symbol
Info: Elaborating entity "lpm_mux0" for hierarchy "lpm_mux0:inst30"
Info: Elaborating entity "LPM_MUX" for hierarchy "lpm_mux0:inst30|LPM_MUX:lpm_mux_component"
Info: Elaborated megafunction instantiation "lpm_mux0:inst30|LPM_MUX:lpm_mux_component"
Info: Instantiated megafunction "lpm_mux0:inst30|LPM_MUX:lpm_mux_component" with the following parameter:
    Info: Parameter "LPM_WIDTH" = "8"
    Info: Parameter "LPM_SIZE" = "4"
    Info: Parameter "LPM_WIDTHS" = "2"
    Info: Parameter "LPM_PIPELINE" = "0"
    Info: Parameter "LPM_TYPE" = "LPM_MUX"
    Info: Parameter "LPM_HINT" = "UNUSED"
Info: Found 1 design units, including 1 entities, in source file db/mux_ord.tdf
    Info: Found entity 1: mux_ord
Info: Elaborating entity "mux_ord" for hierarchy "lpm_mux0:inst30|LPM_MUX:lpm_mux_component|mux_ord:auto_generated"
Info: Elaborating entity "lpm_mux2" for hierarchy "lpm_mux2:inst9"
Info: Elaborating entity "LPM_MUX" for hierarchy "lpm_mux2:inst9|LPM_MUX:lpm_mux_component"
Info: Elaborated megafunction instantiation "lpm_mux2:inst9|LPM_MUX:lpm_mux_component"
Info: Instantiated megafunction "lpm_mux2:inst9|LPM_MUX:lpm_mux_component" with the following parameter:
    Info: Parameter "LPM_WIDTH" = "8"
    Info: Parameter "LPM_SIZE" = "2"
    Info: Parameter "LPM_WIDTHS" = "1"
    Info: Parameter "LPM_PIPELINE" = "0"
    Info: Parameter "LPM_TYPE" = "LPM_MUX"
    Info: Parameter "LPM_HINT" = "UNUSED"
Info: Found 1 design units, including 1 entities, in source file db/mux_lrd.tdf
    Info: Found entity 1: mux_lrd
Info: Elaborating entity "mux_lrd" for hierarchy "lpm_mux2:inst9|LPM_MUX:lpm_mux_component|mux_lrd:auto_generated"
Info: Elaborating entity "7_Segment_Decoder_TREX" for hierarchy "7_Segment_Decoder_TREX:inst43"
Warning: Block or symbol "NOT" of instance "inst9" overlaps another block or symbol
Warning: Block or symbol "NOT" of instance "inst39" overlaps another block or symbol
Warning: Block or symbol "NOT" of instance "inst40" overlaps another block or symbol
Info: Elaborating entity "lpm_counter0" for hierarchy "lpm_counter0:inst2"
Info: Elaborating entity "lpm_counter" for hierarchy "lpm_counter0:inst2|lpm_counter:lpm_counter_component"
Info: Elaborated megafunction instantiation "lpm_counter0:inst2|lpm_counter:lpm_counter_component"
Info: Instantiated megafunction "lpm_counter0:inst2|lpm_counter:lpm_counter_component" with the following parameter:
    Info: Parameter "lpm_direction" = "UP"
    Info: Parameter "lpm_port_updown" = "PORT_UNUSED"
    Info: Parameter "lpm_type" = "LPM_COUNTER"
    Info: Parameter "lpm_width" = "2"
Info: Found 1 design units, including 1 entities, in source file db/cntr_4dh.tdf
    Info: Found entity 1: cntr_4dh
Info: Elaborating entity "cntr_4dh" for hierarchy "lpm_counter0:inst2|lpm_counter:lpm_counter_component|cntr_4dh:auto_generated"
Info: Elaborating entity "lpm_add_sub0" for hierarchy "lpm_add_sub0:inst17"
Info: Elaborating entity "lpm_add_sub" for hierarchy "lpm_add_sub0:inst17|lpm_add_sub:lpm_add_sub_component"
Info: Elaborated megafunction instantiation "lpm_add_sub0:inst17|lpm_add_sub:lpm_add_sub_component"
Info: Instantiated megafunction "lpm_add_sub0:inst17|lpm_add_sub:lpm_add_sub_component" with the following parameter:
    Info: Parameter "lpm_direction" = "SUB"
    Info: Parameter "lpm_hint" = "ONE_INPUT_IS_CONSTANT=YES,CIN_USED=NO"
    Info: Parameter "lpm_representation" = "UNSIGNED"
    Info: Parameter "lpm_type" = "LPM_ADD_SUB"
    Info: Parameter "lpm_width" = "17"
Info: Elaborating entity "addcore" for hierarchy "lpm_add_sub0:inst17|lpm_add_sub:lpm_add_sub_component|addcore:adder"
Info: Elaborated megafunction instantiation "lpm_add_sub0:inst17|lpm_add_sub:lpm_add_sub_component|addcore:adder", which is child of megafunction instantiation "lpm_add_sub0:inst17|lpm_add_sub:lpm_add_sub_component"
Info: Elaborating entity "a_csnbuffer" for hierarchy "lpm_add_sub0:inst17|lpm_add_sub:lpm_add_sub_component|addcore:adder|a_csnbuffer:oflow_node"
Info: Elaborated megafunction instantiation "lpm_add_sub0:inst17|lpm_add_sub:lpm_add_sub_component|addcore:adder|a_csnbuffer:oflow_node", which is child of megafunction instantiation "lpm_add_sub0:inst17|lpm_add_sub:lpm_add_sub_component"
Info: Elaborating entity "a_csnbuffer" for hierarchy "lpm_add_sub0:inst17|lpm_add_sub:lpm_add_sub_component|addcore:adder|a_csnbuffer:result_node"
Info: Elaborated megafunction instantiation "lpm_add_sub0:inst17|lpm_add_sub:lpm_add_sub_component|addcore:adder|a_csnbuffer:result_node", which is child of megafunction instantiation "lpm_add_sub0:inst17|lpm_add_sub:lpm_add_sub_component"
Info: Elaborating entity "altshift" for hierarchy "lpm_add_sub0:inst17|lpm_add_sub:lpm_add_sub_component|altshift:result_ext_latency_ffs"
Info: Elaborated megafunction instantiation "lpm_add_sub0:inst17|lpm_add_sub:lpm_add_sub_component|altshift:result_ext_latency_ffs", which is child of megafunction instantiation "lpm_add_sub0:inst17|lpm_add_sub:lpm_add_sub_component"
Info: Elaborating entity "altshift" for hierarchy "lpm_add_sub0:inst17|lpm_add_sub:lpm_add_sub_component|altshift:carry_ext_latency_ffs"
Info: Elaborated megafunction instantiation "lpm_add_sub0:inst17|lpm_add_sub:lpm_add_sub_component|altshift:carry_ext_latency_ffs", which is child of megafunction instantiation "lpm_add_sub0:inst17|lpm_add_sub:lpm_add_sub_component"
Info: Elaborating entity "lpm_counter1" for hierarchy "lpm_counter1:inst16"
Info: Elaborating entity "lpm_counter" for hierarchy "lpm_counter1:inst16|lpm_counter:lpm_counter_component"
Info: Elaborated megafunction instantiation "lpm_counter1:inst16|lpm_counter:lpm_counter_component"
Info: Instantiated megafunction "lpm_counter1:inst16|lpm_counter:lpm_counter_component" with the following parameter:
    Info: Parameter "lpm_direction" = "UP"
    Info: Parameter "lpm_modulus" = "100000"
    Info: Parameter "lpm_port_updown" = "PORT_UNUSED"
    Info: Parameter "lpm_type" = "LPM_COUNTER"
    Info: Parameter "lpm_width" = "17"
Info: Found 1 design units, including 1 entities, in source file db/cntr_90j.tdf
    Info: Found entity 1: cntr_90j
Info: Elaborating entity "cntr_90j" for hierarchy "lpm_counter1:inst16|lpm_counter:lpm_counter_component|cntr_90j:auto_generated"
Info: Found 1 design units, including 1 entities, in source file db/cmpr_a6c.tdf
    Info: Found entity 1: cmpr_a6c
Info: Elaborating entity "cmpr_a6c" for hierarchy "lpm_counter1:inst16|lpm_counter:lpm_counter_component|cntr_90j:auto_generated|cmpr_a6c:cmpr1"
Info: Elaborating entity "16dmux" for hierarchy "16dmux:inst15"
Info: Elaborated megafunction instantiation "16dmux:inst15"
Info: Ignored 1 buffer(s)
    Info: Ignored 1 SOFT buffer(s)
Warning: Output pins are stuck at VCC or GND
    Warning (13410): Pin "LED4" is stuck at VCC
Info: Implemented 139 device resources after synthesis - the final resource count might be different
    Info: Implemented 21 input pins
    Info: Implemented 12 output pins
    Info: Implemented 106 logic cells
Info: Quartus II Analysis & Synthesis was successful. 0 errors, 7 warnings
    Info: Peak virtual memory: 249 megabytes
    Info: Processing ended: Wed Oct 16 13:06:25 2013
    Info: Elapsed time: 00:00:03
    Info: Total CPU time (on all processors): 00:00:02


