Simulator report for design4TJN
Sat Oct 05 19:28:04 2013
Quartus II Version 9.0 Build 235 06/17/2009 Service Pack 2 SJ Web Edition


---------------------
; Table of Contents ;
---------------------
  1. Legal Notice
  2. Simulator Summary
  3. Simulator Settings
  4. Simulation Waveforms
  5. Coverage Summary
  6. Complete 1/0-Value Coverage
  7. Missing 1-Value Coverage
  8. Missing 0-Value Coverage
  9. Simulator INI Usage
 10. Simulator Messages



----------------
; Legal Notice ;
----------------
Copyright (C) 1991-2009 Altera Corporation
Your use of Altera Corporation's design tools, logic functions 
and other software and tools, and its AMPP partner logic 
functions, and any output files from any of the foregoing 
(including device programming or simulation files), and any 
associated documentation or information are expressly subject 
to the terms and conditions of the Altera Program License 
Subscription Agreement, Altera MegaCore Function License 
Agreement, or other applicable license agreement, including, 
without limitation, that your use is for the sole purpose of 
programming logic devices manufactured by Altera and sold by 
Altera or its authorized distributors.  Please refer to the 
applicable agreement for further details.



+-----------------------------------------------+
; Simulator Summary                             ;
+-----------------------------+-----------------+
; Type                        ; Value           ;
+-----------------------------+-----------------+
; Simulation Start Time       ; 0 ps            ;
; Simulation End Time         ; 1.0 s           ;
; Simulation Netlist Size     ; 342 nodes       ;
; Simulation Coverage         ;      97.58 %    ;
; Total Number of Transitions ; 3352            ;
; Simulation Breakpoints      ; 0               ;
; Family                      ; FLEX10K         ;
; Device                      ; EPF10K70RC240-4 ;
+-----------------------------+-----------------+


+-------------------------------------------------------------------------------------------------------------------------+
; Simulator Settings                                                                                                      ;
+--------------------------------------------------------------------------------------------+------------+---------------+
; Option                                                                                     ; Setting    ; Default Value ;
+--------------------------------------------------------------------------------------------+------------+---------------+
; Simulation mode                                                                            ; Timing     ; Timing        ;
; Start time                                                                                 ; 0 ns       ; 0 ns          ;
; Simulation results format                                                                  ; CVWF       ;               ;
; Add pins automatically to simulation output waveforms                                      ; On         ; On            ;
; Check outputs                                                                              ; Off        ; Off           ;
; Report simulation coverage                                                                 ; On         ; On            ;
; Display complete 1/0 value coverage report                                                 ; On         ; On            ;
; Display missing 1-value coverage report                                                    ; On         ; On            ;
; Display missing 0-value coverage report                                                    ; On         ; On            ;
; Detect setup and hold time violations                                                      ; Off        ; Off           ;
; Detect glitches                                                                            ; Off        ; Off           ;
; Disable timing delays in Timing Simulation                                                 ; Off        ; Off           ;
; Generate Signal Activity File                                                              ; Off        ; Off           ;
; Generate VCD File for PowerPlay Power Analyzer                                             ; Off        ; Off           ;
; Group bus channels in simulation results                                                   ; Off        ; Off           ;
; Preserve fewer signal transitions to reduce memory requirements                            ; On         ; On            ;
; Trigger vector comparison with the specified mode                                          ; INPUT_EDGE ; INPUT_EDGE    ;
; Disable setup and hold time violations detection in input registers of bi-directional pins ; Off        ; Off           ;
; Overwrite Waveform Inputs With Simulation Outputs                                          ; On         ;               ;
; Perform Glitch Filtering in Timing Simulation                                              ; Auto       ; Auto          ;
+--------------------------------------------------------------------------------------------+------------+---------------+


+----------------------+
; Simulation Waveforms ;
+----------------------+
Waveform report data cannot be output to ASCII.
Please use Quartus II to view the waveform report data.


+--------------------------------------------------------------------+
; Coverage Summary                                                   ;
+-----------------------------------------------------+--------------+
; Type                                                ; Value        ;
+-----------------------------------------------------+--------------+
; Total coverage as a percentage                      ;      97.58 % ;
; Total nodes checked                                 ; 342          ;
; Total output ports checked                          ; 331          ;
; Total output ports with complete 1/0-value coverage ; 323          ;
; Total output ports with no 1/0-value coverage       ; 0            ;
; Total output ports with no 1-value coverage         ; 4            ;
; Total output ports with no 0-value coverage         ; 4            ;
+-----------------------------------------------------+--------------+


The following table displays output ports that toggle between 1 and 0 during simulation.
+--------------------------------------------------------------------------------------------------------+
; Complete 1/0-Value Coverage                                                                            ;
+------------------------------------------+------------------------------------------+------------------+
; Node Name                                ; Output Port Name                         ; Output Port Type ;
+------------------------------------------+------------------------------------------+------------------+
; |design4TJN|Delay_Function:inst28|inst47 ; |design4TJN|Delay_Function:inst28|inst47 ; data_out0        ;
; |design4TJN|inst53                       ; |design4TJN|inst53                       ; data_out0        ;
; |design4TJN|Delay_Function:inst15|inst45 ; |design4TJN|Delay_Function:inst15|inst45 ; data_out0        ;
; |design4TJN|inst17                       ; |design4TJN|inst17                       ; data_out0        ;
; |design4TJN|inst51                       ; |design4TJN|inst51                       ; data_out0        ;
; |design4TJN|Delay_Function:inst28|inst43 ; |design4TJN|Delay_Function:inst28|inst43 ; data_out0        ;
; |design4TJN|Delay_Function:inst15|inst41 ; |design4TJN|Delay_Function:inst15|inst41 ; data_out0        ;
; |design4TJN|inst18                       ; |design4TJN|inst18                       ; data_out0        ;
; |design4TJN|inst19                       ; |design4TJN|inst19                       ; data_out0        ;
; |design4TJN|inst43                       ; |design4TJN|inst43                       ; data_out0        ;
; |design4TJN|Delay_Function:inst|inst47   ; |design4TJN|Delay_Function:inst|inst47   ; data_out0        ;
; |design4TJN|Delay_Function:inst28|inst39 ; |design4TJN|Delay_Function:inst28|inst39 ; data_out0        ;
; |design4TJN|Delay_Function:inst15|inst37 ; |design4TJN|Delay_Function:inst15|inst37 ; data_out0        ;
; |design4TJN|Delay_Function:inst8|inst47  ; |design4TJN|Delay_Function:inst8|inst47  ; data_out0        ;
; |design4TJN|inst30                       ; |design4TJN|inst30                       ; data_out0        ;
; |design4TJN|Delay_Function:inst10|inst47 ; |design4TJN|Delay_Function:inst10|inst47 ; data_out0        ;
; |design4TJN|Delay_Function:inst6|inst47  ; |design4TJN|Delay_Function:inst6|inst47  ; data_out0        ;
; |design4TJN|inst31                       ; |design4TJN|inst31                       ; data_out0        ;
; |design4TJN|Delay_Function:inst16|inst47 ; |design4TJN|Delay_Function:inst16|inst47 ; data_out0        ;
; |design4TJN|inst33                       ; |design4TJN|inst33                       ; data_out0        ;
; |design4TJN|Delay_Function:inst23|inst47 ; |design4TJN|Delay_Function:inst23|inst47 ; data_out0        ;
; |design4TJN|Delay_Function:inst25|inst47 ; |design4TJN|Delay_Function:inst25|inst47 ; data_out0        ;
; |design4TJN|inst34                       ; |design4TJN|inst34                       ; data_out0        ;
; |design4TJN|Delay_Function:inst27|inst47 ; |design4TJN|Delay_Function:inst27|inst47 ; data_out0        ;
; |design4TJN|Delay_Function:inst|inst43   ; |design4TJN|Delay_Function:inst|inst43   ; data_out0        ;
; |design4TJN|Delay_Function:inst28|inst35 ; |design4TJN|Delay_Function:inst28|inst35 ; data_out0        ;
; |design4TJN|Delay_Function:inst15|inst33 ; |design4TJN|Delay_Function:inst15|inst33 ; data_out0        ;
; |design4TJN|Delay_Function:inst8|inst43  ; |design4TJN|Delay_Function:inst8|inst43  ; data_out0        ;
; |design4TJN|Delay_Function:inst10|inst43 ; |design4TJN|Delay_Function:inst10|inst43 ; data_out0        ;
; |design4TJN|Delay_Function:inst6|inst43  ; |design4TJN|Delay_Function:inst6|inst43  ; data_out0        ;
; |design4TJN|Delay_Function:inst16|inst43 ; |design4TJN|Delay_Function:inst16|inst43 ; data_out0        ;
; |design4TJN|Delay_Function:inst23|inst43 ; |design4TJN|Delay_Function:inst23|inst43 ; data_out0        ;
; |design4TJN|Delay_Function:inst25|inst43 ; |design4TJN|Delay_Function:inst25|inst43 ; data_out0        ;
; |design4TJN|Delay_Function:inst27|inst43 ; |design4TJN|Delay_Function:inst27|inst43 ; data_out0        ;
; |design4TJN|Delay_Function:inst|inst39   ; |design4TJN|Delay_Function:inst|inst39   ; data_out0        ;
; |design4TJN|Delay_Function:inst28|inst31 ; |design4TJN|Delay_Function:inst28|inst31 ; data_out0        ;
; |design4TJN|Delay_Function:inst15|inst29 ; |design4TJN|Delay_Function:inst15|inst29 ; data_out0        ;
; |design4TJN|Delay_Function:inst8|inst39  ; |design4TJN|Delay_Function:inst8|inst39  ; data_out0        ;
; |design4TJN|Delay_Function:inst10|inst39 ; |design4TJN|Delay_Function:inst10|inst39 ; data_out0        ;
; |design4TJN|Delay_Function:inst6|inst39  ; |design4TJN|Delay_Function:inst6|inst39  ; data_out0        ;
; |design4TJN|Delay_Function:inst16|inst39 ; |design4TJN|Delay_Function:inst16|inst39 ; data_out0        ;
; |design4TJN|Delay_Function:inst23|inst39 ; |design4TJN|Delay_Function:inst23|inst39 ; data_out0        ;
; |design4TJN|Delay_Function:inst25|inst39 ; |design4TJN|Delay_Function:inst25|inst39 ; data_out0        ;
; |design4TJN|Delay_Function:inst27|inst39 ; |design4TJN|Delay_Function:inst27|inst39 ; data_out0        ;
; |design4TJN|Delay_Function:inst|inst35   ; |design4TJN|Delay_Function:inst|inst35   ; data_out0        ;
; |design4TJN|Delay_Function:inst28|inst27 ; |design4TJN|Delay_Function:inst28|inst27 ; data_out0        ;
; |design4TJN|Delay_Function:inst15|inst25 ; |design4TJN|Delay_Function:inst15|inst25 ; data_out0        ;
; |design4TJN|Delay_Function:inst8|inst35  ; |design4TJN|Delay_Function:inst8|inst35  ; data_out0        ;
; |design4TJN|Delay_Function:inst10|inst35 ; |design4TJN|Delay_Function:inst10|inst35 ; data_out0        ;
; |design4TJN|Delay_Function:inst6|inst35  ; |design4TJN|Delay_Function:inst6|inst35  ; data_out0        ;
; |design4TJN|Delay_Function:inst16|inst35 ; |design4TJN|Delay_Function:inst16|inst35 ; data_out0        ;
; |design4TJN|Delay_Function:inst23|inst35 ; |design4TJN|Delay_Function:inst23|inst35 ; data_out0        ;
; |design4TJN|Delay_Function:inst25|inst35 ; |design4TJN|Delay_Function:inst25|inst35 ; data_out0        ;
; |design4TJN|Delay_Function:inst27|inst35 ; |design4TJN|Delay_Function:inst27|inst35 ; data_out0        ;
; |design4TJN|Delay_Function:inst|inst31   ; |design4TJN|Delay_Function:inst|inst31   ; data_out0        ;
; |design4TJN|Delay_Function:inst28|inst23 ; |design4TJN|Delay_Function:inst28|inst23 ; data_out0        ;
; |design4TJN|Delay_Function:inst15|inst21 ; |design4TJN|Delay_Function:inst15|inst21 ; data_out0        ;
; |design4TJN|Delay_Function:inst8|inst31  ; |design4TJN|Delay_Function:inst8|inst31  ; data_out0        ;
; |design4TJN|Delay_Function:inst10|inst31 ; |design4TJN|Delay_Function:inst10|inst31 ; data_out0        ;
; |design4TJN|Delay_Function:inst6|inst31  ; |design4TJN|Delay_Function:inst6|inst31  ; data_out0        ;
; |design4TJN|Delay_Function:inst16|inst31 ; |design4TJN|Delay_Function:inst16|inst31 ; data_out0        ;
; |design4TJN|Delay_Function:inst23|inst31 ; |design4TJN|Delay_Function:inst23|inst31 ; data_out0        ;
; |design4TJN|Delay_Function:inst25|inst31 ; |design4TJN|Delay_Function:inst25|inst31 ; data_out0        ;
; |design4TJN|Delay_Function:inst27|inst31 ; |design4TJN|Delay_Function:inst27|inst31 ; data_out0        ;
; |design4TJN|Delay_Function:inst|inst27   ; |design4TJN|Delay_Function:inst|inst27   ; data_out0        ;
; |design4TJN|Delay_Function:inst28|inst19 ; |design4TJN|Delay_Function:inst28|inst19 ; data_out0        ;
; |design4TJN|Delay_Function:inst15|inst17 ; |design4TJN|Delay_Function:inst15|inst17 ; data_out0        ;
; |design4TJN|Delay_Function:inst8|inst27  ; |design4TJN|Delay_Function:inst8|inst27  ; data_out0        ;
; |design4TJN|Delay_Function:inst10|inst27 ; |design4TJN|Delay_Function:inst10|inst27 ; data_out0        ;
; |design4TJN|Delay_Function:inst6|inst27  ; |design4TJN|Delay_Function:inst6|inst27  ; data_out0        ;
; |design4TJN|Delay_Function:inst16|inst27 ; |design4TJN|Delay_Function:inst16|inst27 ; data_out0        ;
; |design4TJN|Delay_Function:inst23|inst27 ; |design4TJN|Delay_Function:inst23|inst27 ; data_out0        ;
; |design4TJN|Delay_Function:inst25|inst27 ; |design4TJN|Delay_Function:inst25|inst27 ; data_out0        ;
; |design4TJN|Delay_Function:inst27|inst27 ; |design4TJN|Delay_Function:inst27|inst27 ; data_out0        ;
; |design4TJN|Delay_Function:inst|inst23   ; |design4TJN|Delay_Function:inst|inst23   ; data_out0        ;
; |design4TJN|Delay_Function:inst28|inst46 ; |design4TJN|Delay_Function:inst28|inst46 ; data_out0        ;
; |design4TJN|Delay_Function:inst15|inst44 ; |design4TJN|Delay_Function:inst15|inst44 ; data_out0        ;
; |design4TJN|Delay_Function:inst8|inst23  ; |design4TJN|Delay_Function:inst8|inst23  ; data_out0        ;
; |design4TJN|Delay_Function:inst10|inst23 ; |design4TJN|Delay_Function:inst10|inst23 ; data_out0        ;
; |design4TJN|Delay_Function:inst6|inst23  ; |design4TJN|Delay_Function:inst6|inst23  ; data_out0        ;
; |design4TJN|Delay_Function:inst16|inst23 ; |design4TJN|Delay_Function:inst16|inst23 ; data_out0        ;
; |design4TJN|Delay_Function:inst23|inst23 ; |design4TJN|Delay_Function:inst23|inst23 ; data_out0        ;
; |design4TJN|Delay_Function:inst25|inst23 ; |design4TJN|Delay_Function:inst25|inst23 ; data_out0        ;
; |design4TJN|Delay_Function:inst27|inst23 ; |design4TJN|Delay_Function:inst27|inst23 ; data_out0        ;
; |design4TJN|Delay_Function:inst|inst19   ; |design4TJN|Delay_Function:inst|inst19   ; data_out0        ;
; |design4TJN|Delay_Function:inst28|inst42 ; |design4TJN|Delay_Function:inst28|inst42 ; data_out0        ;
; |design4TJN|Delay_Function:inst15|inst40 ; |design4TJN|Delay_Function:inst15|inst40 ; data_out0        ;
; |design4TJN|Delay_Function:inst8|inst19  ; |design4TJN|Delay_Function:inst8|inst19  ; data_out0        ;
; |design4TJN|Delay_Function:inst10|inst19 ; |design4TJN|Delay_Function:inst10|inst19 ; data_out0        ;
; |design4TJN|Delay_Function:inst6|inst19  ; |design4TJN|Delay_Function:inst6|inst19  ; data_out0        ;
; |design4TJN|Delay_Function:inst16|inst19 ; |design4TJN|Delay_Function:inst16|inst19 ; data_out0        ;
; |design4TJN|Delay_Function:inst23|inst19 ; |design4TJN|Delay_Function:inst23|inst19 ; data_out0        ;
; |design4TJN|Delay_Function:inst25|inst19 ; |design4TJN|Delay_Function:inst25|inst19 ; data_out0        ;
; |design4TJN|Delay_Function:inst27|inst19 ; |design4TJN|Delay_Function:inst27|inst19 ; data_out0        ;
; |design4TJN|Delay_Function:inst|inst46   ; |design4TJN|Delay_Function:inst|inst46   ; data_out0        ;
; |design4TJN|Delay_Function:inst28|inst38 ; |design4TJN|Delay_Function:inst28|inst38 ; data_out0        ;
; |design4TJN|Delay_Function:inst15|inst36 ; |design4TJN|Delay_Function:inst15|inst36 ; data_out0        ;
; |design4TJN|Delay_Function:inst8|inst46  ; |design4TJN|Delay_Function:inst8|inst46  ; data_out0        ;
; |design4TJN|Delay_Function:inst10|inst46 ; |design4TJN|Delay_Function:inst10|inst46 ; data_out0        ;
; |design4TJN|Delay_Function:inst6|inst46  ; |design4TJN|Delay_Function:inst6|inst46  ; data_out0        ;
; |design4TJN|Delay_Function:inst16|inst46 ; |design4TJN|Delay_Function:inst16|inst46 ; data_out0        ;
; |design4TJN|Delay_Function:inst23|inst46 ; |design4TJN|Delay_Function:inst23|inst46 ; data_out0        ;
; |design4TJN|Delay_Function:inst25|inst46 ; |design4TJN|Delay_Function:inst25|inst46 ; data_out0        ;
; |design4TJN|Delay_Function:inst27|inst46 ; |design4TJN|Delay_Function:inst27|inst46 ; data_out0        ;
; |design4TJN|Delay_Function:inst|inst42   ; |design4TJN|Delay_Function:inst|inst42   ; data_out0        ;
; |design4TJN|Delay_Function:inst28|inst34 ; |design4TJN|Delay_Function:inst28|inst34 ; data_out0        ;
; |design4TJN|Delay_Function:inst15|inst32 ; |design4TJN|Delay_Function:inst15|inst32 ; data_out0        ;
; |design4TJN|Delay_Function:inst8|inst42  ; |design4TJN|Delay_Function:inst8|inst42  ; data_out0        ;
; |design4TJN|Delay_Function:inst10|inst42 ; |design4TJN|Delay_Function:inst10|inst42 ; data_out0        ;
; |design4TJN|Delay_Function:inst6|inst42  ; |design4TJN|Delay_Function:inst6|inst42  ; data_out0        ;
; |design4TJN|Delay_Function:inst16|inst42 ; |design4TJN|Delay_Function:inst16|inst42 ; data_out0        ;
; |design4TJN|Delay_Function:inst23|inst42 ; |design4TJN|Delay_Function:inst23|inst42 ; data_out0        ;
; |design4TJN|Delay_Function:inst25|inst42 ; |design4TJN|Delay_Function:inst25|inst42 ; data_out0        ;
; |design4TJN|Delay_Function:inst27|inst42 ; |design4TJN|Delay_Function:inst27|inst42 ; data_out0        ;
; |design4TJN|Delay_Function:inst|inst38   ; |design4TJN|Delay_Function:inst|inst38   ; data_out0        ;
; |design4TJN|Delay_Function:inst28|inst30 ; |design4TJN|Delay_Function:inst28|inst30 ; data_out0        ;
; |design4TJN|Delay_Function:inst15|inst28 ; |design4TJN|Delay_Function:inst15|inst28 ; data_out0        ;
; |design4TJN|Delay_Function:inst8|inst38  ; |design4TJN|Delay_Function:inst8|inst38  ; data_out0        ;
; |design4TJN|Delay_Function:inst10|inst38 ; |design4TJN|Delay_Function:inst10|inst38 ; data_out0        ;
; |design4TJN|Delay_Function:inst6|inst38  ; |design4TJN|Delay_Function:inst6|inst38  ; data_out0        ;
; |design4TJN|Delay_Function:inst16|inst38 ; |design4TJN|Delay_Function:inst16|inst38 ; data_out0        ;
; |design4TJN|Delay_Function:inst23|inst38 ; |design4TJN|Delay_Function:inst23|inst38 ; data_out0        ;
; |design4TJN|Delay_Function:inst25|inst38 ; |design4TJN|Delay_Function:inst25|inst38 ; data_out0        ;
; |design4TJN|Delay_Function:inst27|inst38 ; |design4TJN|Delay_Function:inst27|inst38 ; data_out0        ;
; |design4TJN|Delay_Function:inst|inst34   ; |design4TJN|Delay_Function:inst|inst34   ; data_out0        ;
; |design4TJN|Delay_Function:inst28|inst26 ; |design4TJN|Delay_Function:inst28|inst26 ; data_out0        ;
; |design4TJN|Delay_Function:inst15|inst24 ; |design4TJN|Delay_Function:inst15|inst24 ; data_out0        ;
; |design4TJN|Delay_Function:inst8|inst34  ; |design4TJN|Delay_Function:inst8|inst34  ; data_out0        ;
; |design4TJN|Delay_Function:inst10|inst34 ; |design4TJN|Delay_Function:inst10|inst34 ; data_out0        ;
; |design4TJN|Delay_Function:inst6|inst34  ; |design4TJN|Delay_Function:inst6|inst34  ; data_out0        ;
; |design4TJN|Delay_Function:inst16|inst34 ; |design4TJN|Delay_Function:inst16|inst34 ; data_out0        ;
; |design4TJN|Delay_Function:inst23|inst34 ; |design4TJN|Delay_Function:inst23|inst34 ; data_out0        ;
; |design4TJN|Delay_Function:inst25|inst34 ; |design4TJN|Delay_Function:inst25|inst34 ; data_out0        ;
; |design4TJN|Delay_Function:inst27|inst34 ; |design4TJN|Delay_Function:inst27|inst34 ; data_out0        ;
; |design4TJN|Delay_Function:inst|inst30   ; |design4TJN|Delay_Function:inst|inst30   ; data_out0        ;
; |design4TJN|Delay_Function:inst28|inst22 ; |design4TJN|Delay_Function:inst28|inst22 ; data_out0        ;
; |design4TJN|Delay_Function:inst15|inst20 ; |design4TJN|Delay_Function:inst15|inst20 ; data_out0        ;
; |design4TJN|Delay_Function:inst8|inst30  ; |design4TJN|Delay_Function:inst8|inst30  ; data_out0        ;
; |design4TJN|Delay_Function:inst10|inst30 ; |design4TJN|Delay_Function:inst10|inst30 ; data_out0        ;
; |design4TJN|Delay_Function:inst6|inst30  ; |design4TJN|Delay_Function:inst6|inst30  ; data_out0        ;
; |design4TJN|Delay_Function:inst16|inst30 ; |design4TJN|Delay_Function:inst16|inst30 ; data_out0        ;
; |design4TJN|Delay_Function:inst23|inst30 ; |design4TJN|Delay_Function:inst23|inst30 ; data_out0        ;
; |design4TJN|Delay_Function:inst25|inst30 ; |design4TJN|Delay_Function:inst25|inst30 ; data_out0        ;
; |design4TJN|Delay_Function:inst27|inst30 ; |design4TJN|Delay_Function:inst27|inst30 ; data_out0        ;
; |design4TJN|Delay_Function:inst|inst26   ; |design4TJN|Delay_Function:inst|inst26   ; data_out0        ;
; |design4TJN|Delay_Function:inst28|inst18 ; |design4TJN|Delay_Function:inst28|inst18 ; data_out0        ;
; |design4TJN|Delay_Function:inst15|inst   ; |design4TJN|Delay_Function:inst15|inst   ; data_out0        ;
; |design4TJN|Delay_Function:inst8|inst26  ; |design4TJN|Delay_Function:inst8|inst26  ; data_out0        ;
; |design4TJN|Delay_Function:inst10|inst26 ; |design4TJN|Delay_Function:inst10|inst26 ; data_out0        ;
; |design4TJN|Delay_Function:inst6|inst26  ; |design4TJN|Delay_Function:inst6|inst26  ; data_out0        ;
; |design4TJN|Delay_Function:inst16|inst26 ; |design4TJN|Delay_Function:inst16|inst26 ; data_out0        ;
; |design4TJN|Delay_Function:inst23|inst26 ; |design4TJN|Delay_Function:inst23|inst26 ; data_out0        ;
; |design4TJN|Delay_Function:inst25|inst26 ; |design4TJN|Delay_Function:inst25|inst26 ; data_out0        ;
; |design4TJN|Delay_Function:inst27|inst26 ; |design4TJN|Delay_Function:inst27|inst26 ; data_out0        ;
; |design4TJN|Delay_Function:inst|inst22   ; |design4TJN|Delay_Function:inst|inst22   ; data_out0        ;
; |design4TJN|Delay_Function:inst28|inst45 ; |design4TJN|Delay_Function:inst28|inst45 ; data_out0        ;
; |design4TJN|Delay_Function:inst8|inst22  ; |design4TJN|Delay_Function:inst8|inst22  ; data_out0        ;
; |design4TJN|Delay_Function:inst10|inst22 ; |design4TJN|Delay_Function:inst10|inst22 ; data_out0        ;
; |design4TJN|Delay_Function:inst6|inst22  ; |design4TJN|Delay_Function:inst6|inst22  ; data_out0        ;
; |design4TJN|Delay_Function:inst16|inst22 ; |design4TJN|Delay_Function:inst16|inst22 ; data_out0        ;
; |design4TJN|Delay_Function:inst23|inst22 ; |design4TJN|Delay_Function:inst23|inst22 ; data_out0        ;
; |design4TJN|Delay_Function:inst25|inst22 ; |design4TJN|Delay_Function:inst25|inst22 ; data_out0        ;
; |design4TJN|Delay_Function:inst27|inst22 ; |design4TJN|Delay_Function:inst27|inst22 ; data_out0        ;
; |design4TJN|Delay_Function:inst|inst18   ; |design4TJN|Delay_Function:inst|inst18   ; data_out0        ;
; |design4TJN|Delay_Function:inst28|inst41 ; |design4TJN|Delay_Function:inst28|inst41 ; data_out0        ;
; |design4TJN|Delay_Function:inst8|inst18  ; |design4TJN|Delay_Function:inst8|inst18  ; data_out0        ;
; |design4TJN|Delay_Function:inst10|inst18 ; |design4TJN|Delay_Function:inst10|inst18 ; data_out0        ;
; |design4TJN|Delay_Function:inst6|inst18  ; |design4TJN|Delay_Function:inst6|inst18  ; data_out0        ;
; |design4TJN|Delay_Function:inst16|inst18 ; |design4TJN|Delay_Function:inst16|inst18 ; data_out0        ;
; |design4TJN|Delay_Function:inst23|inst18 ; |design4TJN|Delay_Function:inst23|inst18 ; data_out0        ;
; |design4TJN|Delay_Function:inst25|inst18 ; |design4TJN|Delay_Function:inst25|inst18 ; data_out0        ;
; |design4TJN|Delay_Function:inst27|inst18 ; |design4TJN|Delay_Function:inst27|inst18 ; data_out0        ;
; |design4TJN|Delay_Function:inst|inst45   ; |design4TJN|Delay_Function:inst|inst45   ; data_out0        ;
; |design4TJN|Delay_Function:inst28|inst37 ; |design4TJN|Delay_Function:inst28|inst37 ; data_out0        ;
; |design4TJN|Delay_Function:inst8|inst45  ; |design4TJN|Delay_Function:inst8|inst45  ; data_out0        ;
; |design4TJN|Delay_Function:inst10|inst45 ; |design4TJN|Delay_Function:inst10|inst45 ; data_out0        ;
; |design4TJN|Delay_Function:inst6|inst45  ; |design4TJN|Delay_Function:inst6|inst45  ; data_out0        ;
; |design4TJN|Delay_Function:inst16|inst45 ; |design4TJN|Delay_Function:inst16|inst45 ; data_out0        ;
; |design4TJN|Delay_Function:inst23|inst45 ; |design4TJN|Delay_Function:inst23|inst45 ; data_out0        ;
; |design4TJN|Delay_Function:inst25|inst45 ; |design4TJN|Delay_Function:inst25|inst45 ; data_out0        ;
; |design4TJN|Delay_Function:inst27|inst45 ; |design4TJN|Delay_Function:inst27|inst45 ; data_out0        ;
; |design4TJN|Delay_Function:inst|inst41   ; |design4TJN|Delay_Function:inst|inst41   ; data_out0        ;
; |design4TJN|Delay_Function:inst28|inst33 ; |design4TJN|Delay_Function:inst28|inst33 ; data_out0        ;
; |design4TJN|Delay_Function:inst8|inst41  ; |design4TJN|Delay_Function:inst8|inst41  ; data_out0        ;
; |design4TJN|Delay_Function:inst10|inst41 ; |design4TJN|Delay_Function:inst10|inst41 ; data_out0        ;
; |design4TJN|Delay_Function:inst6|inst41  ; |design4TJN|Delay_Function:inst6|inst41  ; data_out0        ;
; |design4TJN|Delay_Function:inst16|inst41 ; |design4TJN|Delay_Function:inst16|inst41 ; data_out0        ;
; |design4TJN|Delay_Function:inst23|inst41 ; |design4TJN|Delay_Function:inst23|inst41 ; data_out0        ;
; |design4TJN|Delay_Function:inst25|inst41 ; |design4TJN|Delay_Function:inst25|inst41 ; data_out0        ;
; |design4TJN|Delay_Function:inst27|inst41 ; |design4TJN|Delay_Function:inst27|inst41 ; data_out0        ;
; |design4TJN|Delay_Function:inst|inst37   ; |design4TJN|Delay_Function:inst|inst37   ; data_out0        ;
; |design4TJN|Delay_Function:inst28|inst29 ; |design4TJN|Delay_Function:inst28|inst29 ; data_out0        ;
; |design4TJN|Delay_Function:inst8|inst37  ; |design4TJN|Delay_Function:inst8|inst37  ; data_out0        ;
; |design4TJN|Delay_Function:inst10|inst37 ; |design4TJN|Delay_Function:inst10|inst37 ; data_out0        ;
; |design4TJN|Delay_Function:inst6|inst37  ; |design4TJN|Delay_Function:inst6|inst37  ; data_out0        ;
; |design4TJN|Delay_Function:inst16|inst37 ; |design4TJN|Delay_Function:inst16|inst37 ; data_out0        ;
; |design4TJN|Delay_Function:inst23|inst37 ; |design4TJN|Delay_Function:inst23|inst37 ; data_out0        ;
; |design4TJN|Delay_Function:inst25|inst37 ; |design4TJN|Delay_Function:inst25|inst37 ; data_out0        ;
; |design4TJN|Delay_Function:inst27|inst37 ; |design4TJN|Delay_Function:inst27|inst37 ; data_out0        ;
; |design4TJN|Delay_Function:inst|inst33   ; |design4TJN|Delay_Function:inst|inst33   ; data_out0        ;
; |design4TJN|Delay_Function:inst28|inst25 ; |design4TJN|Delay_Function:inst28|inst25 ; data_out0        ;
; |design4TJN|Delay_Function:inst8|inst33  ; |design4TJN|Delay_Function:inst8|inst33  ; data_out0        ;
; |design4TJN|Delay_Function:inst10|inst33 ; |design4TJN|Delay_Function:inst10|inst33 ; data_out0        ;
; |design4TJN|Delay_Function:inst6|inst33  ; |design4TJN|Delay_Function:inst6|inst33  ; data_out0        ;
; |design4TJN|Delay_Function:inst16|inst33 ; |design4TJN|Delay_Function:inst16|inst33 ; data_out0        ;
; |design4TJN|Delay_Function:inst23|inst33 ; |design4TJN|Delay_Function:inst23|inst33 ; data_out0        ;
; |design4TJN|Delay_Function:inst25|inst33 ; |design4TJN|Delay_Function:inst25|inst33 ; data_out0        ;
; |design4TJN|Delay_Function:inst27|inst33 ; |design4TJN|Delay_Function:inst27|inst33 ; data_out0        ;
; |design4TJN|Delay_Function:inst|inst29   ; |design4TJN|Delay_Function:inst|inst29   ; data_out0        ;
; |design4TJN|Delay_Function:inst28|inst21 ; |design4TJN|Delay_Function:inst28|inst21 ; data_out0        ;
; |design4TJN|Delay_Function:inst8|inst29  ; |design4TJN|Delay_Function:inst8|inst29  ; data_out0        ;
; |design4TJN|Delay_Function:inst10|inst29 ; |design4TJN|Delay_Function:inst10|inst29 ; data_out0        ;
; |design4TJN|Delay_Function:inst6|inst29  ; |design4TJN|Delay_Function:inst6|inst29  ; data_out0        ;
; |design4TJN|Delay_Function:inst16|inst29 ; |design4TJN|Delay_Function:inst16|inst29 ; data_out0        ;
; |design4TJN|Delay_Function:inst23|inst29 ; |design4TJN|Delay_Function:inst23|inst29 ; data_out0        ;
; |design4TJN|Delay_Function:inst25|inst29 ; |design4TJN|Delay_Function:inst25|inst29 ; data_out0        ;
; |design4TJN|Delay_Function:inst27|inst29 ; |design4TJN|Delay_Function:inst27|inst29 ; data_out0        ;
; |design4TJN|Delay_Function:inst|inst25   ; |design4TJN|Delay_Function:inst|inst25   ; data_out0        ;
; |design4TJN|Delay_Function:inst28|inst17 ; |design4TJN|Delay_Function:inst28|inst17 ; data_out0        ;
; |design4TJN|Delay_Function:inst8|inst25  ; |design4TJN|Delay_Function:inst8|inst25  ; data_out0        ;
; |design4TJN|Delay_Function:inst10|inst25 ; |design4TJN|Delay_Function:inst10|inst25 ; data_out0        ;
; |design4TJN|Delay_Function:inst6|inst25  ; |design4TJN|Delay_Function:inst6|inst25  ; data_out0        ;
; |design4TJN|Delay_Function:inst16|inst25 ; |design4TJN|Delay_Function:inst16|inst25 ; data_out0        ;
; |design4TJN|Delay_Function:inst23|inst25 ; |design4TJN|Delay_Function:inst23|inst25 ; data_out0        ;
; |design4TJN|Delay_Function:inst25|inst25 ; |design4TJN|Delay_Function:inst25|inst25 ; data_out0        ;
; |design4TJN|Delay_Function:inst27|inst25 ; |design4TJN|Delay_Function:inst27|inst25 ; data_out0        ;
; |design4TJN|Delay_Function:inst|inst21   ; |design4TJN|Delay_Function:inst|inst21   ; data_out0        ;
; |design4TJN|Delay_Function:inst28|inst44 ; |design4TJN|Delay_Function:inst28|inst44 ; data_out0        ;
; |design4TJN|Delay_Function:inst8|inst21  ; |design4TJN|Delay_Function:inst8|inst21  ; data_out0        ;
; |design4TJN|Delay_Function:inst10|inst21 ; |design4TJN|Delay_Function:inst10|inst21 ; data_out0        ;
; |design4TJN|Delay_Function:inst6|inst21  ; |design4TJN|Delay_Function:inst6|inst21  ; data_out0        ;
; |design4TJN|Delay_Function:inst16|inst21 ; |design4TJN|Delay_Function:inst16|inst21 ; data_out0        ;
; |design4TJN|Delay_Function:inst23|inst21 ; |design4TJN|Delay_Function:inst23|inst21 ; data_out0        ;
; |design4TJN|Delay_Function:inst25|inst21 ; |design4TJN|Delay_Function:inst25|inst21 ; data_out0        ;
; |design4TJN|Delay_Function:inst27|inst21 ; |design4TJN|Delay_Function:inst27|inst21 ; data_out0        ;
; |design4TJN|Delay_Function:inst|inst17   ; |design4TJN|Delay_Function:inst|inst17   ; data_out0        ;
; |design4TJN|Delay_Function:inst28|inst40 ; |design4TJN|Delay_Function:inst28|inst40 ; data_out0        ;
; |design4TJN|Delay_Function:inst8|inst17  ; |design4TJN|Delay_Function:inst8|inst17  ; data_out0        ;
; |design4TJN|Delay_Function:inst10|inst17 ; |design4TJN|Delay_Function:inst10|inst17 ; data_out0        ;
; |design4TJN|Delay_Function:inst6|inst17  ; |design4TJN|Delay_Function:inst6|inst17  ; data_out0        ;
; |design4TJN|Delay_Function:inst16|inst17 ; |design4TJN|Delay_Function:inst16|inst17 ; data_out0        ;
; |design4TJN|Delay_Function:inst23|inst17 ; |design4TJN|Delay_Function:inst23|inst17 ; data_out0        ;
; |design4TJN|Delay_Function:inst25|inst17 ; |design4TJN|Delay_Function:inst25|inst17 ; data_out0        ;
; |design4TJN|Delay_Function:inst27|inst17 ; |design4TJN|Delay_Function:inst27|inst17 ; data_out0        ;
; |design4TJN|Delay_Function:inst|inst44   ; |design4TJN|Delay_Function:inst|inst44   ; data_out0        ;
; |design4TJN|Delay_Function:inst28|inst36 ; |design4TJN|Delay_Function:inst28|inst36 ; data_out0        ;
; |design4TJN|Delay_Function:inst8|inst44  ; |design4TJN|Delay_Function:inst8|inst44  ; data_out0        ;
; |design4TJN|Delay_Function:inst10|inst44 ; |design4TJN|Delay_Function:inst10|inst44 ; data_out0        ;
; |design4TJN|Delay_Function:inst6|inst44  ; |design4TJN|Delay_Function:inst6|inst44  ; data_out0        ;
; |design4TJN|Delay_Function:inst16|inst44 ; |design4TJN|Delay_Function:inst16|inst44 ; data_out0        ;
; |design4TJN|Delay_Function:inst23|inst44 ; |design4TJN|Delay_Function:inst23|inst44 ; data_out0        ;
; |design4TJN|Delay_Function:inst25|inst44 ; |design4TJN|Delay_Function:inst25|inst44 ; data_out0        ;
; |design4TJN|Delay_Function:inst27|inst44 ; |design4TJN|Delay_Function:inst27|inst44 ; data_out0        ;
; |design4TJN|Delay_Function:inst|inst40   ; |design4TJN|Delay_Function:inst|inst40   ; data_out0        ;
; |design4TJN|Delay_Function:inst28|inst32 ; |design4TJN|Delay_Function:inst28|inst32 ; data_out0        ;
; |design4TJN|Delay_Function:inst8|inst40  ; |design4TJN|Delay_Function:inst8|inst40  ; data_out0        ;
; |design4TJN|Delay_Function:inst10|inst40 ; |design4TJN|Delay_Function:inst10|inst40 ; data_out0        ;
; |design4TJN|Delay_Function:inst6|inst40  ; |design4TJN|Delay_Function:inst6|inst40  ; data_out0        ;
; |design4TJN|Delay_Function:inst16|inst40 ; |design4TJN|Delay_Function:inst16|inst40 ; data_out0        ;
; |design4TJN|Delay_Function:inst23|inst40 ; |design4TJN|Delay_Function:inst23|inst40 ; data_out0        ;
; |design4TJN|Delay_Function:inst25|inst40 ; |design4TJN|Delay_Function:inst25|inst40 ; data_out0        ;
; |design4TJN|Delay_Function:inst27|inst40 ; |design4TJN|Delay_Function:inst27|inst40 ; data_out0        ;
; |design4TJN|Delay_Function:inst|inst36   ; |design4TJN|Delay_Function:inst|inst36   ; data_out0        ;
; |design4TJN|Delay_Function:inst28|inst28 ; |design4TJN|Delay_Function:inst28|inst28 ; data_out0        ;
; |design4TJN|Delay_Function:inst8|inst36  ; |design4TJN|Delay_Function:inst8|inst36  ; data_out0        ;
; |design4TJN|Delay_Function:inst10|inst36 ; |design4TJN|Delay_Function:inst10|inst36 ; data_out0        ;
; |design4TJN|Delay_Function:inst6|inst36  ; |design4TJN|Delay_Function:inst6|inst36  ; data_out0        ;
; |design4TJN|Delay_Function:inst16|inst36 ; |design4TJN|Delay_Function:inst16|inst36 ; data_out0        ;
; |design4TJN|Delay_Function:inst23|inst36 ; |design4TJN|Delay_Function:inst23|inst36 ; data_out0        ;
; |design4TJN|Delay_Function:inst25|inst36 ; |design4TJN|Delay_Function:inst25|inst36 ; data_out0        ;
; |design4TJN|Delay_Function:inst27|inst36 ; |design4TJN|Delay_Function:inst27|inst36 ; data_out0        ;
; |design4TJN|Delay_Function:inst|inst32   ; |design4TJN|Delay_Function:inst|inst32   ; data_out0        ;
; |design4TJN|Delay_Function:inst28|inst24 ; |design4TJN|Delay_Function:inst28|inst24 ; data_out0        ;
; |design4TJN|Delay_Function:inst8|inst32  ; |design4TJN|Delay_Function:inst8|inst32  ; data_out0        ;
; |design4TJN|Delay_Function:inst10|inst32 ; |design4TJN|Delay_Function:inst10|inst32 ; data_out0        ;
; |design4TJN|Delay_Function:inst6|inst32  ; |design4TJN|Delay_Function:inst6|inst32  ; data_out0        ;
; |design4TJN|Delay_Function:inst16|inst32 ; |design4TJN|Delay_Function:inst16|inst32 ; data_out0        ;
; |design4TJN|Delay_Function:inst23|inst32 ; |design4TJN|Delay_Function:inst23|inst32 ; data_out0        ;
; |design4TJN|Delay_Function:inst25|inst32 ; |design4TJN|Delay_Function:inst25|inst32 ; data_out0        ;
; |design4TJN|Delay_Function:inst27|inst32 ; |design4TJN|Delay_Function:inst27|inst32 ; data_out0        ;
; |design4TJN|Delay_Function:inst|inst28   ; |design4TJN|Delay_Function:inst|inst28   ; data_out0        ;
; |design4TJN|Delay_Function:inst28|inst20 ; |design4TJN|Delay_Function:inst28|inst20 ; data_out0        ;
; |design4TJN|Delay_Function:inst8|inst28  ; |design4TJN|Delay_Function:inst8|inst28  ; data_out0        ;
; |design4TJN|Delay_Function:inst10|inst28 ; |design4TJN|Delay_Function:inst10|inst28 ; data_out0        ;
; |design4TJN|Delay_Function:inst6|inst28  ; |design4TJN|Delay_Function:inst6|inst28  ; data_out0        ;
; |design4TJN|Delay_Function:inst16|inst28 ; |design4TJN|Delay_Function:inst16|inst28 ; data_out0        ;
; |design4TJN|Delay_Function:inst23|inst28 ; |design4TJN|Delay_Function:inst23|inst28 ; data_out0        ;
; |design4TJN|Delay_Function:inst25|inst28 ; |design4TJN|Delay_Function:inst25|inst28 ; data_out0        ;
; |design4TJN|Delay_Function:inst27|inst28 ; |design4TJN|Delay_Function:inst27|inst28 ; data_out0        ;
; |design4TJN|Delay_Function:inst|inst24   ; |design4TJN|Delay_Function:inst|inst24   ; data_out0        ;
; |design4TJN|Delay_Function:inst28|inst   ; |design4TJN|Delay_Function:inst28|inst   ; data_out0        ;
; |design4TJN|Delay_Function:inst8|inst24  ; |design4TJN|Delay_Function:inst8|inst24  ; data_out0        ;
; |design4TJN|Delay_Function:inst10|inst24 ; |design4TJN|Delay_Function:inst10|inst24 ; data_out0        ;
; |design4TJN|Delay_Function:inst6|inst24  ; |design4TJN|Delay_Function:inst6|inst24  ; data_out0        ;
; |design4TJN|Delay_Function:inst16|inst24 ; |design4TJN|Delay_Function:inst16|inst24 ; data_out0        ;
; |design4TJN|Delay_Function:inst23|inst24 ; |design4TJN|Delay_Function:inst23|inst24 ; data_out0        ;
; |design4TJN|Delay_Function:inst25|inst24 ; |design4TJN|Delay_Function:inst25|inst24 ; data_out0        ;
; |design4TJN|Delay_Function:inst27|inst24 ; |design4TJN|Delay_Function:inst27|inst24 ; data_out0        ;
; |design4TJN|Delay_Function:inst|inst20   ; |design4TJN|Delay_Function:inst|inst20   ; data_out0        ;
; |design4TJN|Delay_Function:inst8|inst20  ; |design4TJN|Delay_Function:inst8|inst20  ; data_out0        ;
; |design4TJN|Delay_Function:inst10|inst20 ; |design4TJN|Delay_Function:inst10|inst20 ; data_out0        ;
; |design4TJN|Delay_Function:inst6|inst20  ; |design4TJN|Delay_Function:inst6|inst20  ; data_out0        ;
; |design4TJN|Delay_Function:inst16|inst20 ; |design4TJN|Delay_Function:inst16|inst20 ; data_out0        ;
; |design4TJN|Delay_Function:inst23|inst20 ; |design4TJN|Delay_Function:inst23|inst20 ; data_out0        ;
; |design4TJN|Delay_Function:inst25|inst20 ; |design4TJN|Delay_Function:inst25|inst20 ; data_out0        ;
; |design4TJN|Delay_Function:inst27|inst20 ; |design4TJN|Delay_Function:inst27|inst20 ; data_out0        ;
; |design4TJN|Delay_Function:inst|inst     ; |design4TJN|Delay_Function:inst|inst     ; data_out0        ;
; |design4TJN|Delay_Function:inst8|inst    ; |design4TJN|Delay_Function:inst8|inst    ; data_out0        ;
; |design4TJN|Delay_Function:inst10|inst   ; |design4TJN|Delay_Function:inst10|inst   ; data_out0        ;
; |design4TJN|Delay_Function:inst6|inst    ; |design4TJN|Delay_Function:inst6|inst    ; data_out0        ;
; |design4TJN|Delay_Function:inst16|inst   ; |design4TJN|Delay_Function:inst16|inst   ; data_out0        ;
; |design4TJN|Delay_Function:inst23|inst   ; |design4TJN|Delay_Function:inst23|inst   ; data_out0        ;
; |design4TJN|Delay_Function:inst25|inst   ; |design4TJN|Delay_Function:inst25|inst   ; data_out0        ;
; |design4TJN|Delay_Function:inst27|inst   ; |design4TJN|Delay_Function:inst27|inst   ; data_out0        ;
; |design4TJN|UART_RX                      ; |design4TJN|UART_RX~corein               ; dataout          ;
; |design4TJN|Clock                        ; |design4TJN|Clock~corein                 ; dataout          ;
; |design4TJN|Stop_Bit                     ; |design4TJN|Stop_Bit                     ; padio            ;
; |design4TJN|Start_Bit                    ; |design4TJN|Start_Bit                    ; padio            ;
; |design4TJN|Output_UN2                   ; |design4TJN|Output_UN2                   ; padio            ;
; |design4TJN|Output_UN1                   ; |design4TJN|Output_UN1                   ; padio            ;
; |design4TJN|Output_LN0                   ; |design4TJN|Output_LN0                   ; padio            ;
; |design4TJN|Output_LN2                   ; |design4TJN|Output_LN2                   ; padio            ;
; |design4TJN|Status_Light                 ; |design4TJN|Status_Light                 ; padio            ;
+------------------------------------------+------------------------------------------+------------------+


The following table displays output ports that do not toggle to 1 during simulation.
+--------------------------------------------------------------------+
; Missing 1-Value Coverage                                           ;
+------------------------+------------------------+------------------+
; Node Name              ; Output Port Name       ; Output Port Type ;
+------------------------+------------------------+------------------+
; |design4TJN|inst32     ; |design4TJN|inst32     ; data_out0        ;
; |design4TJN|inst29     ; |design4TJN|inst29     ; data_out0        ;
; |design4TJN|Output_UN0 ; |design4TJN|Output_UN0 ; padio            ;
; |design4TJN|Output_UN3 ; |design4TJN|Output_UN3 ; padio            ;
+------------------------+------------------------+------------------+


The following table displays output ports that do not toggle to 0 during simulation.
+--------------------------------------------------------------------+
; Missing 0-Value Coverage                                           ;
+------------------------+------------------------+------------------+
; Node Name              ; Output Port Name       ; Output Port Type ;
+------------------------+------------------------+------------------+
; |design4TJN|inst36     ; |design4TJN|inst36     ; data_out0        ;
; |design4TJN|inst37     ; |design4TJN|inst37     ; data_out0        ;
; |design4TJN|Output_LN1 ; |design4TJN|Output_LN1 ; padio            ;
; |design4TJN|Output_LN3 ; |design4TJN|Output_LN3 ; padio            ;
+------------------------+------------------------+------------------+


+---------------------+
; Simulator INI Usage ;
+--------+------------+
; Option ; Usage      ;
+--------+------------+


+--------------------+
; Simulator Messages ;
+--------------------+
Info: *******************************************************************
Info: Running Quartus II Simulator
    Info: Version 9.0 Build 235 06/17/2009 Service Pack 2 SJ Web Edition
    Info: Processing started: Sat Oct 05 19:28:03 2013
Info: Command: quartus_sim --read_settings_files=on --write_settings_files=off design4TJN -c design4TJN
Info: Using vector source file "C:/Github/Quartus_Projects/ENGN_3050_Project4/design4TJN.vwf"
Info: Overwriting simulation input file with simulation results
    Info: A backup of design4TJN.vwf called design4TJN.sim_ori.vwf has been created in the db folder
Info: Option to preserve fewer signal transitions to reduce memory requirements is enabled
    Info: Simulation has been partitioned into sub-simulations according to the maximum transition count determined by the engine. Transitions from memory will be flushed out to disk at the end of each sub-simulation to reduce memory requirements.
Info: Simulation partitioned into 1 sub-simulations
Info: Simulation coverage is      97.58 %
Info: Number of transitions in simulation is 3352
Info: Vector file design4TJN.vwf is saved in VWF text format. You can compress it into CVWF format in order to reduce file size. For more details please refer to the Quartus II Help.
Info: Quartus II Simulator was successful. 0 errors, 0 warnings
    Info: Peak virtual memory: 154 megabytes
    Info: Processing ended: Sat Oct 05 19:28:04 2013
    Info: Elapsed time: 00:00:01
    Info: Total CPU time (on all processors): 00:00:01


