Analysis & Synthesis report for project5
Fri Dec 06 02:26:56 2013
Quartus II Version 9.0 Build 235 06/17/2009 Service Pack 2 SJ Web Edition


---------------------
; Table of Contents ;
---------------------
  1. Legal Notice
  2. Analysis & Synthesis Summary
  3. Analysis & Synthesis Settings
  4. Analysis & Synthesis Source Files Read
  5. Analysis & Synthesis Resource Usage Summary
  6. Analysis & Synthesis Resource Utilization by Entity
  7. User-Specified and Inferred Latches
  8. Registers Removed During Synthesis
  9. General Register Statistics
 10. Inverted Register Statistics
 11. Source assignments for lpm_add_sub0:inst2|lpm_add_sub:lpm_add_sub_component|addcore:adder
 12. Source assignments for lpm_counter0:inst1|lpm_counter:lpm_counter_component
 13. Source assignments for lpm_add_sub1:inst32|lpm_add_sub:lpm_add_sub_component|addcore:adder
 14. Source assignments for lpm_counter3:inst53|lpm_counter:lpm_counter_component
 15. Source assignments for lpm_add_sub1:inst33|lpm_add_sub:lpm_add_sub_component|addcore:adder
 16. Parameter Settings for User Entity Instance: lpm_add_sub0:inst2|lpm_add_sub:lpm_add_sub_component
 17. Parameter Settings for User Entity Instance: lpm_counter0:inst1|lpm_counter:lpm_counter_component
 18. Parameter Settings for User Entity Instance: lpm_compare4:inst13|lpm_compare:lpm_compare_component
 19. Parameter Settings for User Entity Instance: design4TJN:inst|lpm_latch0:inst54|lpm_latch:lpm_latch_component
 20. Parameter Settings for User Entity Instance: design4TJN:inst|lpm_mux0:inst40|LPM_MUX:lpm_mux_component
 21. Parameter Settings for User Entity Instance: design4TJN:inst|lpm_latch1:inst55|lpm_latch:lpm_latch_component
 22. Parameter Settings for User Entity Instance: lpm_mux2:inst70|LPM_MUX:lpm_mux_component
 23. Parameter Settings for User Entity Instance: lpm_add_sub1:inst32|lpm_add_sub:lpm_add_sub_component
 24. Parameter Settings for User Entity Instance: lpm_counter3:inst53|lpm_counter:lpm_counter_component
 25. Parameter Settings for User Entity Instance: lpm_compare4:inst14|lpm_compare:lpm_compare_component
 26. Parameter Settings for User Entity Instance: lpm_add_sub1:inst33|lpm_add_sub:lpm_add_sub_component
 27. Analysis & Synthesis Messages



----------------
; Legal Notice ;
----------------
Copyright (C) 1991-2009 Altera Corporation
Your use of Altera Corporation's design tools, logic functions 
and other software and tools, and its AMPP partner logic 
functions, and any output files from any of the foregoing 
(including device programming or simulation files), and any 
associated documentation or information are expressly subject 
to the terms and conditions of the Altera Program License 
Subscription Agreement, Altera MegaCore Function License 
Agreement, or other applicable license agreement, including, 
without limitation, that your use is for the sole purpose of 
programming logic devices manufactured by Altera and sold by 
Altera or its authorized distributors.  Please refer to the 
applicable agreement for further details.



+----------------------------------------------------------------------------+
; Analysis & Synthesis Summary                                               ;
+-----------------------------+----------------------------------------------+
; Analysis & Synthesis Status ; Successful - Fri Dec 06 02:26:56 2013        ;
; Quartus II Version          ; 9.0 Build 235 06/17/2009 SP 2 SJ Web Edition ;
; Revision Name               ; project5                                     ;
; Top-level Entity Name       ; project6                                     ;
; Family                      ; FLEX10K                                      ;
; Total logic elements        ; 394                                          ;
; Total pins                  ; 30                                           ;
; Total memory bits           ; 0                                            ;
+-----------------------------+----------------------------------------------+


+------------------------------------------------------------------------------------------------+
; Analysis & Synthesis Settings                                                                  ;
+--------------------------------------------------------------+-----------------+---------------+
; Option                                                       ; Setting         ; Default Value ;
+--------------------------------------------------------------+-----------------+---------------+
; Device                                                       ; EPF10K70RC240-4 ;               ;
; Top-level entity name                                        ; project6        ; project5      ;
; Family name                                                  ; FLEX10K         ; Stratix II    ;
; Use Generated Physical Constraints File                      ; Off             ;               ;
; Use smart compilation                                        ; Off             ; Off           ;
; Create Debugging Nodes for IP Cores                          ; Off             ; Off           ;
; Preserve fewer node names                                    ; On              ; On            ;
; Disable OpenCore Plus hardware evaluation                    ; Off             ; Off           ;
; Verilog Version                                              ; Verilog_2001    ; Verilog_2001  ;
; VHDL Version                                                 ; VHDL93          ; VHDL93        ;
; State Machine Processing                                     ; Auto            ; Auto          ;
; Safe State Machine                                           ; Off             ; Off           ;
; Extract Verilog State Machines                               ; On              ; On            ;
; Extract VHDL State Machines                                  ; On              ; On            ;
; Ignore Verilog initial constructs                            ; Off             ; Off           ;
; Iteration limit for constant Verilog loops                   ; 5000            ; 5000          ;
; Iteration limit for non-constant Verilog loops               ; 250             ; 250           ;
; Add Pass-Through Logic to Inferred RAMs                      ; On              ; On            ;
; Parallel Synthesis                                           ; Off             ; Off           ;
; NOT Gate Push-Back                                           ; On              ; On            ;
; Power-Up Don't Care                                          ; On              ; On            ;
; Remove Redundant Logic Cells                                 ; Off             ; Off           ;
; Remove Duplicate Registers                                   ; On              ; On            ;
; Ignore CARRY Buffers                                         ; Off             ; Off           ;
; Ignore CASCADE Buffers                                       ; Off             ; Off           ;
; Ignore GLOBAL Buffers                                        ; Off             ; Off           ;
; Ignore ROW GLOBAL Buffers                                    ; Off             ; Off           ;
; Ignore LCELL Buffers                                         ; Off             ; Off           ;
; Ignore SOFT Buffers                                          ; On              ; On            ;
; Limit AHDL Integers to 32 Bits                               ; Off             ; Off           ;
; Auto Implement in ROM                                        ; Off             ; Off           ;
; Optimization Technique                                       ; Area            ; Area          ;
; Carry Chain Length                                           ; 32              ; 32            ;
; Cascade Chain Length                                         ; 2               ; 2             ;
; Auto Carry Chains                                            ; On              ; On            ;
; Auto Open-Drain Pins                                         ; On              ; On            ;
; Auto ROM Replacement                                         ; On              ; On            ;
; Auto RAM Replacement                                         ; On              ; On            ;
; Auto Clock Enable Replacement                                ; On              ; On            ;
; Strict RAM Replacement                                       ; Off             ; Off           ;
; Auto Resource Sharing                                        ; Off             ; Off           ;
; Allow Any RAM Size For Recognition                           ; Off             ; Off           ;
; Allow Any ROM Size For Recognition                           ; Off             ; Off           ;
; Use LogicLock Constraints during Resource Balancing          ; On              ; On            ;
; Ignore translate_off and synthesis_off directives            ; Off             ; Off           ;
; Show Parameter Settings Tables in Synthesis Report           ; On              ; On            ;
; HDL message level                                            ; Level2          ; Level2        ;
; Suppress Register Optimization Related Messages              ; Off             ; Off           ;
; Number of Removed Registers Reported in Synthesis Report     ; 100             ; 100           ;
; Number of Inverted Registers Reported in Synthesis Report    ; 100             ; 100           ;
; Block Design Naming                                          ; Auto            ; Auto          ;
; Synthesis Effort                                             ; Auto            ; Auto          ;
; Shift Register Replacement - Allow Asynchronous Clear Signal ; On              ; On            ;
; Analysis & Synthesis Message Level                           ; Medium          ; Medium        ;
+--------------------------------------------------------------+-----------------+---------------+


+---------------------------------------------------------------------------------------------------------------------------------------------------------------------+
; Analysis & Synthesis Source Files Read                                                                                                                              ;
+----------------------------------+-----------------+------------------------------------------+---------------------------------------------------------------------+
; File Name with User-Entered Path ; Used in Netlist ; File Type                                ; File Name with Absolute Path                                        ;
+----------------------------------+-----------------+------------------------------------------+---------------------------------------------------------------------+
; lpm_mux2.vhd                     ; yes             ; User Wizard-Generated File               ; C:/Github/Quartus_Projects/ENGN_3050_Project6/lpm_mux2.vhd          ;
; project6.bdf                     ; yes             ; User Block Diagram/Schematic File        ; C:/Github/Quartus_Projects/ENGN_3050_Project6/project6.bdf          ;
; lpm_compare4.vhd                 ; yes             ; User Wizard-Generated File               ; C:/Github/Quartus_Projects/ENGN_3050_Project6/lpm_compare4.vhd      ;
; lpm_add_sub1.vhd                 ; yes             ; User Wizard-Generated File               ; C:/Github/Quartus_Projects/ENGN_3050_Project6/lpm_add_sub1.vhd      ;
; lpm_counter3.vhd                 ; yes             ; User Wizard-Generated File               ; C:/Github/Quartus_Projects/ENGN_3050_Project6/lpm_counter3.vhd      ;
; lpm_add_sub0.vhd                 ; yes             ; Auto-Found Wizard-Generated File         ; C:/Github/Quartus_Projects/ENGN_3050_Project6/lpm_add_sub0.vhd      ;
; lpm_add_sub.tdf                  ; yes             ; Megafunction                             ; a:/90sp2/quartus/libraries/megafunctions/lpm_add_sub.tdf            ;
; addcore.inc                      ; yes             ; Megafunction                             ; a:/90sp2/quartus/libraries/megafunctions/addcore.inc                ;
; look_add.inc                     ; yes             ; Megafunction                             ; a:/90sp2/quartus/libraries/megafunctions/look_add.inc               ;
; bypassff.inc                     ; yes             ; Megafunction                             ; a:/90sp2/quartus/libraries/megafunctions/bypassff.inc               ;
; altshift.inc                     ; yes             ; Megafunction                             ; a:/90sp2/quartus/libraries/megafunctions/altshift.inc               ;
; alt_stratix_add_sub.inc          ; yes             ; Megafunction                             ; a:/90sp2/quartus/libraries/megafunctions/alt_stratix_add_sub.inc    ;
; alt_mercury_add_sub.inc          ; yes             ; Megafunction                             ; a:/90sp2/quartus/libraries/megafunctions/alt_mercury_add_sub.inc    ;
; aglobal90.inc                    ; yes             ; Megafunction                             ; a:/90sp2/quartus/libraries/megafunctions/aglobal90.inc              ;
; addcore.tdf                      ; yes             ; Megafunction                             ; a:/90sp2/quartus/libraries/megafunctions/addcore.tdf                ;
; a_csnbuffer.inc                  ; yes             ; Megafunction                             ; a:/90sp2/quartus/libraries/megafunctions/a_csnbuffer.inc            ;
; a_csnbuffer.tdf                  ; yes             ; Megafunction                             ; a:/90sp2/quartus/libraries/megafunctions/a_csnbuffer.tdf            ;
; altshift.tdf                     ; yes             ; Megafunction                             ; a:/90sp2/quartus/libraries/megafunctions/altshift.tdf               ;
; lpm_counter0.vhd                 ; yes             ; Auto-Found Wizard-Generated File         ; C:/Github/Quartus_Projects/ENGN_3050_Project6/lpm_counter0.vhd      ;
; lpm_counter.tdf                  ; yes             ; Megafunction                             ; a:/90sp2/quartus/libraries/megafunctions/lpm_counter.tdf            ;
; lpm_constant.inc                 ; yes             ; Megafunction                             ; a:/90sp2/quartus/libraries/megafunctions/lpm_constant.inc           ;
; lpm_decode.inc                   ; yes             ; Megafunction                             ; a:/90sp2/quartus/libraries/megafunctions/lpm_decode.inc             ;
; lpm_add_sub.inc                  ; yes             ; Megafunction                             ; a:/90sp2/quartus/libraries/megafunctions/lpm_add_sub.inc            ;
; cmpconst.inc                     ; yes             ; Megafunction                             ; a:/90sp2/quartus/libraries/megafunctions/cmpconst.inc               ;
; lpm_compare.inc                  ; yes             ; Megafunction                             ; a:/90sp2/quartus/libraries/megafunctions/lpm_compare.inc            ;
; lpm_counter.inc                  ; yes             ; Megafunction                             ; a:/90sp2/quartus/libraries/megafunctions/lpm_counter.inc            ;
; dffeea.inc                       ; yes             ; Megafunction                             ; a:/90sp2/quartus/libraries/megafunctions/dffeea.inc                 ;
; alt_synch_counter.inc            ; yes             ; Megafunction                             ; a:/90sp2/quartus/libraries/megafunctions/alt_synch_counter.inc      ;
; alt_synch_counter_f.inc          ; yes             ; Megafunction                             ; a:/90sp2/quartus/libraries/megafunctions/alt_synch_counter_f.inc    ;
; alt_counter_f10ke.inc            ; yes             ; Megafunction                             ; a:/90sp2/quartus/libraries/megafunctions/alt_counter_f10ke.inc      ;
; alt_counter_stratix.inc          ; yes             ; Megafunction                             ; a:/90sp2/quartus/libraries/megafunctions/alt_counter_stratix.inc    ;
; alt_counter_f10ke.tdf            ; yes             ; Megafunction                             ; a:/90sp2/quartus/libraries/megafunctions/alt_counter_f10ke.tdf      ;
; flex10ke_lcell.inc               ; yes             ; Megafunction                             ; a:/90sp2/quartus/libraries/megafunctions/flex10ke_lcell.inc         ;
; lpm_constant.tdf                 ; yes             ; Megafunction                             ; a:/90sp2/quartus/libraries/megafunctions/lpm_constant.tdf           ;
; lpm_compare.tdf                  ; yes             ; Megafunction                             ; a:/90sp2/quartus/libraries/megafunctions/lpm_compare.tdf            ;
; comptree.inc                     ; yes             ; Megafunction                             ; a:/90sp2/quartus/libraries/megafunctions/comptree.inc               ;
; comptree.tdf                     ; yes             ; Megafunction                             ; a:/90sp2/quartus/libraries/megafunctions/comptree.tdf               ;
; cmpchain.inc                     ; yes             ; Megafunction                             ; a:/90sp2/quartus/libraries/megafunctions/cmpchain.inc               ;
; cmpchain.tdf                     ; yes             ; Megafunction                             ; a:/90sp2/quartus/libraries/megafunctions/cmpchain.tdf               ;
; design4TJN.bdf                   ; yes             ; Auto-Found Block Diagram/Schematic File  ; C:/Github/Quartus_Projects/ENGN_3050_Project6/design4TJN.bdf        ;
; lpm_latch0.vhd                   ; yes             ; Auto-Found Wizard-Generated File         ; C:/Github/Quartus_Projects/ENGN_3050_Project6/lpm_latch0.vhd        ;
; lpm_latch.tdf                    ; yes             ; Megafunction                             ; a:/90sp2/quartus/libraries/megafunctions/lpm_latch.tdf              ;
; Delay_Function.bdf               ; yes             ; Auto-Found Block Diagram/Schematic File  ; C:/Github/Quartus_Projects/ENGN_3050_Project6/Delay_Function.bdf    ;
; lpm_mux0.vhd                     ; yes             ; Auto-Found Wizard-Generated File         ; C:/Github/Quartus_Projects/ENGN_3050_Project6/lpm_mux0.vhd          ;
; LPM_MUX.tdf                      ; yes             ; Megafunction                             ; a:/90sp2/quartus/libraries/megafunctions/LPM_MUX.tdf                ;
; muxlut.inc                       ; yes             ; Megafunction                             ; a:/90sp2/quartus/libraries/megafunctions/muxlut.inc                 ;
; muxlut.tdf                       ; yes             ; Megafunction                             ; a:/90sp2/quartus/libraries/megafunctions/muxlut.tdf                 ;
; lpm_latch1.vhd                   ; yes             ; Auto-Found Wizard-Generated File         ; C:/Github/Quartus_Projects/ENGN_3050_Project6/lpm_latch1.vhd        ;
; 7_Segment_Decoder.bdf            ; yes             ; Auto-Found Block Diagram/Schematic File  ; C:/Github/Quartus_Projects/ENGN_3050_Project6/7_Segment_Decoder.bdf ;
+----------------------------------+-----------------+------------------------------------------+---------------------------------------------------------------------+


+---------------------------------------------+
; Analysis & Synthesis Resource Usage Summary ;
+-----------------------------------+---------+
; Resource                          ; Usage   ;
+-----------------------------------+---------+
; Total logic elements              ; 394     ;
; Total combinational functions     ; 80      ;
;     -- Total 4-input functions    ; 22      ;
;     -- Total 3-input functions    ; 21      ;
;     -- Total 2-input functions    ; 13      ;
;     -- Total 1-input functions    ; 9       ;
;     -- Total 0-input functions    ; 15      ;
; Total registers                   ; 338     ;
; Total logic cells in carry chains ; 29      ;
; I/O pins                          ; 30      ;
; Maximum fan-out node              ; inst3   ;
; Maximum fan-out                   ; 330     ;
; Total fan-out                     ; 905     ;
; Average fan-out                   ; 2.13    ;
+-----------------------------------+---------+


+--------------------------------------------------------------------------------------------------------------------------------------------------------------------------------------------------------------------------------------------------------------------------------------------------------------------------------------------------------------------------------------------------------------------+
; Analysis & Synthesis Resource Utilization by Entity                                                                                                                                                                                                                                                                                                                                                                ;
+-------------------------------------------------+-------------+--------------+-------------+------+--------------+-------------------+------------------+-----------------+------------+------------------------------------------------------------------------------------------------------------------------------------------------------------------------------------------------------------+--------------+
; Compilation Hierarchy Node                      ; Logic Cells ; LC Registers ; Memory Bits ; Pins ; LUT-Only LCs ; Register-Only LCs ; LUT/Register LCs ; Carry Chain LCs ; Packed LCs ; Full Hierarchy Name                                                                                                                                                                                        ; Library Name ;
+-------------------------------------------------+-------------+--------------+-------------+------+--------------+-------------------+------------------+-----------------+------------+------------------------------------------------------------------------------------------------------------------------------------------------------------------------------------------------------------+--------------+
; |project6                                       ; 394 (12)    ; 338          ; 0           ; 30   ; 56 (2)       ; 314 (3)           ; 24 (7)           ; 29 (3)          ; 0 (0)      ; |project6                                                                                                                                                                                                  ; work         ;
;    |design4TJN:inst|                            ; 351 (24)    ; 317          ; 0           ; 0    ; 34 (11)      ; 311 (9)           ; 6 (4)            ; 0 (0)           ; 0 (0)      ; |project6|design4TJN:inst                                                                                                                                                                                  ; work         ;
;       |7_Segment_Decoder:inst24|                ; 7 (7)       ; 0            ; 0           ; 0    ; 7 (7)        ; 0 (0)             ; 0 (0)            ; 0 (0)           ; 0 (0)      ; |project6|design4TJN:inst|7_Segment_Decoder:inst24                                                                                                                                                         ; work         ;
;       |7_Segment_Decoder:inst26|                ; 7 (7)       ; 0            ; 0           ; 0    ; 7 (7)        ; 0 (0)             ; 0 (0)            ; 0 (0)           ; 0 (0)      ; |project6|design4TJN:inst|7_Segment_Decoder:inst26                                                                                                                                                         ; work         ;
;       |Delay_Function:inst10|                   ; 32 (32)     ; 32           ; 0           ; 0    ; 0 (0)        ; 32 (32)           ; 0 (0)            ; 0 (0)           ; 0 (0)      ; |project6|design4TJN:inst|Delay_Function:inst10                                                                                                                                                            ; work         ;
;       |Delay_Function:inst15|                   ; 16 (16)     ; 16           ; 0           ; 0    ; 0 (0)        ; 15 (15)           ; 1 (1)            ; 0 (0)           ; 0 (0)      ; |project6|design4TJN:inst|Delay_Function:inst15                                                                                                                                                            ; work         ;
;       |Delay_Function:inst16|                   ; 32 (32)     ; 32           ; 0           ; 0    ; 0 (0)        ; 32 (32)           ; 0 (0)            ; 0 (0)           ; 0 (0)      ; |project6|design4TJN:inst|Delay_Function:inst16                                                                                                                                                            ; work         ;
;       |Delay_Function:inst23|                   ; 32 (32)     ; 32           ; 0           ; 0    ; 0 (0)        ; 32 (32)           ; 0 (0)            ; 0 (0)           ; 0 (0)      ; |project6|design4TJN:inst|Delay_Function:inst23                                                                                                                                                            ; work         ;
;       |Delay_Function:inst25|                   ; 32 (32)     ; 32           ; 0           ; 0    ; 0 (0)        ; 32 (32)           ; 0 (0)            ; 0 (0)           ; 0 (0)      ; |project6|design4TJN:inst|Delay_Function:inst25                                                                                                                                                            ; work         ;
;       |Delay_Function:inst27|                   ; 32 (32)     ; 32           ; 0           ; 0    ; 0 (0)        ; 32 (32)           ; 0 (0)            ; 0 (0)           ; 0 (0)      ; |project6|design4TJN:inst|Delay_Function:inst27                                                                                                                                                            ; work         ;
;       |Delay_Function:inst28|                   ; 32 (32)     ; 32           ; 0           ; 0    ; 0 (0)        ; 32 (32)           ; 0 (0)            ; 0 (0)           ; 0 (0)      ; |project6|design4TJN:inst|Delay_Function:inst28                                                                                                                                                            ; work         ;
;       |Delay_Function:inst6|                    ; 32 (32)     ; 32           ; 0           ; 0    ; 0 (0)        ; 32 (32)           ; 0 (0)            ; 0 (0)           ; 0 (0)      ; |project6|design4TJN:inst|Delay_Function:inst6                                                                                                                                                             ; work         ;
;       |Delay_Function:inst8|                    ; 32 (32)     ; 32           ; 0           ; 0    ; 0 (0)        ; 32 (32)           ; 0 (0)            ; 0 (0)           ; 0 (0)      ; |project6|design4TJN:inst|Delay_Function:inst8                                                                                                                                                             ; work         ;
;       |Delay_Function:inst|                     ; 32 (32)     ; 32           ; 0           ; 0    ; 0 (0)        ; 31 (31)           ; 1 (1)            ; 0 (0)           ; 0 (0)      ; |project6|design4TJN:inst|Delay_Function:inst                                                                                                                                                              ; work         ;
;       |lpm_latch0:inst54|                       ; 4 (0)       ; 0            ; 0           ; 0    ; 4 (0)        ; 0 (0)             ; 0 (0)            ; 0 (0)           ; 0 (0)      ; |project6|design4TJN:inst|lpm_latch0:inst54                                                                                                                                                                ; work         ;
;          |lpm_latch:lpm_latch_component|        ; 4 (4)       ; 0            ; 0           ; 0    ; 4 (4)        ; 0 (0)             ; 0 (0)            ; 0 (0)           ; 0 (0)      ; |project6|design4TJN:inst|lpm_latch0:inst54|lpm_latch:lpm_latch_component                                                                                                                                  ; work         ;
;       |lpm_latch1:inst55|                       ; 4 (0)       ; 0            ; 0           ; 0    ; 4 (0)        ; 0 (0)             ; 0 (0)            ; 0 (0)           ; 0 (0)      ; |project6|design4TJN:inst|lpm_latch1:inst55                                                                                                                                                                ; work         ;
;          |lpm_latch:lpm_latch_component|        ; 4 (4)       ; 0            ; 0           ; 0    ; 4 (4)        ; 0 (0)             ; 0 (0)            ; 0 (0)           ; 0 (0)      ; |project6|design4TJN:inst|lpm_latch1:inst55|lpm_latch:lpm_latch_component                                                                                                                                  ; work         ;
;       |lpm_mux0:inst40|                         ; 1 (0)       ; 0            ; 0           ; 0    ; 1 (0)        ; 0 (0)             ; 0 (0)            ; 0 (0)           ; 0 (0)      ; |project6|design4TJN:inst|lpm_mux0:inst40                                                                                                                                                                  ; work         ;
;          |lpm_mux:lpm_mux_component|            ; 1 (0)       ; 0            ; 0           ; 0    ; 1 (0)        ; 0 (0)             ; 0 (0)            ; 0 (0)           ; 0 (0)      ; |project6|design4TJN:inst|lpm_mux0:inst40|lpm_mux:lpm_mux_component                                                                                                                                        ; work         ;
;             |muxlut:$00009|                     ; 1 (1)       ; 0            ; 0           ; 0    ; 1 (1)        ; 0 (0)             ; 0 (0)            ; 0 (0)           ; 0 (0)      ; |project6|design4TJN:inst|lpm_mux0:inst40|lpm_mux:lpm_mux_component|muxlut:$00009                                                                                                                          ; work         ;
;    |lpm_add_sub0:inst2|                         ; 7 (0)       ; 0            ; 0           ; 0    ; 7 (0)        ; 0 (0)             ; 0 (0)            ; 7 (0)           ; 0 (0)      ; |project6|lpm_add_sub0:inst2                                                                                                                                                                               ; work         ;
;       |lpm_add_sub:lpm_add_sub_component|       ; 7 (0)       ; 0            ; 0           ; 0    ; 7 (0)        ; 0 (0)             ; 0 (0)            ; 7 (0)           ; 0 (0)      ; |project6|lpm_add_sub0:inst2|lpm_add_sub:lpm_add_sub_component                                                                                                                                             ; work         ;
;          |addcore:adder|                        ; 7 (0)       ; 0            ; 0           ; 0    ; 7 (0)        ; 0 (0)             ; 0 (0)            ; 7 (0)           ; 0 (0)      ; |project6|lpm_add_sub0:inst2|lpm_add_sub:lpm_add_sub_component|addcore:adder                                                                                                                               ; work         ;
;             |a_csnbuffer:result_node|           ; 7 (7)       ; 0            ; 0           ; 0    ; 7 (7)        ; 0 (0)             ; 0 (0)            ; 7 (7)           ; 0 (0)      ; |project6|lpm_add_sub0:inst2|lpm_add_sub:lpm_add_sub_component|addcore:adder|a_csnbuffer:result_node                                                                                                       ; work         ;
;    |lpm_add_sub1:inst32|                        ; 4 (0)       ; 0            ; 0           ; 0    ; 4 (0)        ; 0 (0)             ; 0 (0)            ; 4 (0)           ; 0 (0)      ; |project6|lpm_add_sub1:inst32                                                                                                                                                                              ; work         ;
;       |lpm_add_sub:lpm_add_sub_component|       ; 4 (0)       ; 0            ; 0           ; 0    ; 4 (0)        ; 0 (0)             ; 0 (0)            ; 4 (0)           ; 0 (0)      ; |project6|lpm_add_sub1:inst32|lpm_add_sub:lpm_add_sub_component                                                                                                                                            ; work         ;
;          |addcore:adder|                        ; 4 (0)       ; 0            ; 0           ; 0    ; 4 (0)        ; 0 (0)             ; 0 (0)            ; 4 (0)           ; 0 (0)      ; |project6|lpm_add_sub1:inst32|lpm_add_sub:lpm_add_sub_component|addcore:adder                                                                                                                              ; work         ;
;             |a_csnbuffer:result_node|           ; 4 (4)       ; 0            ; 0           ; 0    ; 4 (4)        ; 0 (0)             ; 0 (0)            ; 4 (4)           ; 0 (0)      ; |project6|lpm_add_sub1:inst32|lpm_add_sub:lpm_add_sub_component|addcore:adder|a_csnbuffer:result_node                                                                                                      ; work         ;
;    |lpm_add_sub1:inst33|                        ; 4 (0)       ; 0            ; 0           ; 0    ; 4 (0)        ; 0 (0)             ; 0 (0)            ; 4 (0)           ; 0 (0)      ; |project6|lpm_add_sub1:inst33                                                                                                                                                                              ; work         ;
;       |lpm_add_sub:lpm_add_sub_component|       ; 4 (0)       ; 0            ; 0           ; 0    ; 4 (0)        ; 0 (0)             ; 0 (0)            ; 4 (0)           ; 0 (0)      ; |project6|lpm_add_sub1:inst33|lpm_add_sub:lpm_add_sub_component                                                                                                                                            ; work         ;
;          |addcore:adder|                        ; 4 (0)       ; 0            ; 0           ; 0    ; 4 (0)        ; 0 (0)             ; 0 (0)            ; 4 (0)           ; 0 (0)      ; |project6|lpm_add_sub1:inst33|lpm_add_sub:lpm_add_sub_component|addcore:adder                                                                                                                              ; work         ;
;             |a_csnbuffer:result_node|           ; 4 (4)       ; 0            ; 0           ; 0    ; 4 (4)        ; 0 (0)             ; 0 (0)            ; 4 (4)           ; 0 (0)      ; |project6|lpm_add_sub1:inst33|lpm_add_sub:lpm_add_sub_component|addcore:adder|a_csnbuffer:result_node                                                                                                      ; work         ;
;    |lpm_compare4:inst13|                        ; 1 (0)       ; 0            ; 0           ; 0    ; 1 (0)        ; 0 (0)             ; 0 (0)            ; 0 (0)           ; 0 (0)      ; |project6|lpm_compare4:inst13                                                                                                                                                                              ; work         ;
;       |lpm_compare:lpm_compare_component|       ; 1 (0)       ; 0            ; 0           ; 0    ; 1 (0)        ; 0 (0)             ; 0 (0)            ; 0 (0)           ; 0 (0)      ; |project6|lpm_compare4:inst13|lpm_compare:lpm_compare_component                                                                                                                                            ; work         ;
;          |comptree:comparator|                  ; 1 (0)       ; 0            ; 0           ; 0    ; 1 (0)        ; 0 (0)             ; 0 (0)            ; 0 (0)           ; 0 (0)      ; |project6|lpm_compare4:inst13|lpm_compare:lpm_compare_component|comptree:comparator                                                                                                                        ; work         ;
;             |cmpchain:cmp_end|                  ; 1 (1)       ; 0            ; 0           ; 0    ; 1 (1)        ; 0 (0)             ; 0 (0)            ; 0 (0)           ; 0 (0)      ; |project6|lpm_compare4:inst13|lpm_compare:lpm_compare_component|comptree:comparator|cmpchain:cmp_end                                                                                                       ; work         ;
;    |lpm_compare4:inst14|                        ; 1 (0)       ; 0            ; 0           ; 0    ; 1 (0)        ; 0 (0)             ; 0 (0)            ; 0 (0)           ; 0 (0)      ; |project6|lpm_compare4:inst14                                                                                                                                                                              ; work         ;
;       |lpm_compare:lpm_compare_component|       ; 1 (0)       ; 0            ; 0           ; 0    ; 1 (0)        ; 0 (0)             ; 0 (0)            ; 0 (0)           ; 0 (0)      ; |project6|lpm_compare4:inst14|lpm_compare:lpm_compare_component                                                                                                                                            ; work         ;
;          |comptree:comparator|                  ; 1 (0)       ; 0            ; 0           ; 0    ; 1 (0)        ; 0 (0)             ; 0 (0)            ; 0 (0)           ; 0 (0)      ; |project6|lpm_compare4:inst14|lpm_compare:lpm_compare_component|comptree:comparator                                                                                                                        ; work         ;
;             |cmpchain:cmp_end|                  ; 1 (1)       ; 0            ; 0           ; 0    ; 1 (1)        ; 0 (0)             ; 0 (0)            ; 0 (0)           ; 0 (0)      ; |project6|lpm_compare4:inst14|lpm_compare:lpm_compare_component|comptree:comparator|cmpchain:cmp_end                                                                                                       ; work         ;
;    |lpm_counter0:inst1|                         ; 10 (0)      ; 7            ; 0           ; 0    ; 3 (0)        ; 0 (0)             ; 7 (0)            ; 7 (0)           ; 0 (0)      ; |project6|lpm_counter0:inst1                                                                                                                                                                               ; work         ;
;       |lpm_counter:lpm_counter_component|       ; 10 (0)      ; 7            ; 0           ; 0    ; 3 (0)        ; 0 (0)             ; 7 (0)            ; 7 (0)           ; 0 (0)      ; |project6|lpm_counter0:inst1|lpm_counter:lpm_counter_component                                                                                                                                             ; work         ;
;          |alt_counter_f10ke:wysi_counter|       ; 10 (7)      ; 7            ; 0           ; 0    ; 3 (0)        ; 0 (0)             ; 7 (7)            ; 7 (7)           ; 0 (0)      ; |project6|lpm_counter0:inst1|lpm_counter:lpm_counter_component|alt_counter_f10ke:wysi_counter                                                                                                              ; work         ;
;             |lpm_compare:$00014|                ; 3 (0)       ; 0            ; 0           ; 0    ; 3 (0)        ; 0 (0)             ; 0 (0)            ; 0 (0)           ; 0 (0)      ; |project6|lpm_counter0:inst1|lpm_counter:lpm_counter_component|alt_counter_f10ke:wysi_counter|lpm_compare:$00014                                                                                           ; work         ;
;                |comptree:comparator|            ; 3 (0)       ; 0            ; 0           ; 0    ; 3 (0)        ; 0 (0)             ; 0 (0)            ; 0 (0)           ; 0 (0)      ; |project6|lpm_counter0:inst1|lpm_counter:lpm_counter_component|alt_counter_f10ke:wysi_counter|lpm_compare:$00014|comptree:comparator                                                                       ; work         ;
;                   |cmpchain:cmp_end|            ; 3 (0)       ; 0            ; 0           ; 0    ; 3 (0)        ; 0 (0)             ; 0 (0)            ; 0 (0)           ; 0 (0)      ; |project6|lpm_counter0:inst1|lpm_counter:lpm_counter_component|alt_counter_f10ke:wysi_counter|lpm_compare:$00014|comptree:comparator|cmpchain:cmp_end                                                      ; work         ;
;                      |comptree:comp|            ; 3 (0)       ; 0            ; 0           ; 0    ; 3 (0)        ; 0 (0)             ; 0 (0)            ; 0 (0)           ; 0 (0)      ; |project6|lpm_counter0:inst1|lpm_counter:lpm_counter_component|alt_counter_f10ke:wysi_counter|lpm_compare:$00014|comptree:comparator|cmpchain:cmp_end|comptree:comp                                        ; work         ;
;                         |cmpchain:cmp[0]|       ; 1 (1)       ; 0            ; 0           ; 0    ; 1 (1)        ; 0 (0)             ; 0 (0)            ; 0 (0)           ; 0 (0)      ; |project6|lpm_counter0:inst1|lpm_counter:lpm_counter_component|alt_counter_f10ke:wysi_counter|lpm_compare:$00014|comptree:comparator|cmpchain:cmp_end|comptree:comp|cmpchain:cmp[0]                        ; work         ;
;                         |cmpchain:cmp_end|      ; 1 (1)       ; 0            ; 0           ; 0    ; 1 (1)        ; 0 (0)             ; 0 (0)            ; 0 (0)           ; 0 (0)      ; |project6|lpm_counter0:inst1|lpm_counter:lpm_counter_component|alt_counter_f10ke:wysi_counter|lpm_compare:$00014|comptree:comparator|cmpchain:cmp_end|comptree:comp|cmpchain:cmp_end                       ; work         ;
;                         |comptree:sub_comptree| ; 1 (0)       ; 0            ; 0           ; 0    ; 1 (0)        ; 0 (0)             ; 0 (0)            ; 0 (0)           ; 0 (0)      ; |project6|lpm_counter0:inst1|lpm_counter:lpm_counter_component|alt_counter_f10ke:wysi_counter|lpm_compare:$00014|comptree:comparator|cmpchain:cmp_end|comptree:comp|comptree:sub_comptree                  ; work         ;
;                            |cmpchain:cmp_end|   ; 1 (1)       ; 0            ; 0           ; 0    ; 1 (1)        ; 0 (0)             ; 0 (0)            ; 0 (0)           ; 0 (0)      ; |project6|lpm_counter0:inst1|lpm_counter:lpm_counter_component|alt_counter_f10ke:wysi_counter|lpm_compare:$00014|comptree:comparator|cmpchain:cmp_end|comptree:comp|comptree:sub_comptree|cmpchain:cmp_end ; work         ;
;    |lpm_counter3:inst53|                        ; 4 (0)       ; 4            ; 0           ; 0    ; 0 (0)        ; 0 (0)             ; 4 (0)            ; 4 (0)           ; 0 (0)      ; |project6|lpm_counter3:inst53                                                                                                                                                                              ; work         ;
;       |lpm_counter:lpm_counter_component|       ; 4 (0)       ; 4            ; 0           ; 0    ; 0 (0)        ; 0 (0)             ; 4 (0)            ; 4 (0)           ; 0 (0)      ; |project6|lpm_counter3:inst53|lpm_counter:lpm_counter_component                                                                                                                                            ; work         ;
;          |alt_counter_f10ke:wysi_counter|       ; 4 (4)       ; 4            ; 0           ; 0    ; 0 (0)        ; 0 (0)             ; 4 (4)            ; 4 (4)           ; 0 (0)      ; |project6|lpm_counter3:inst53|lpm_counter:lpm_counter_component|alt_counter_f10ke:wysi_counter                                                                                                             ; work         ;
+-------------------------------------------------+-------------+--------------+-------------+------+--------------+-------------------+------------------+-----------------+------------+------------------------------------------------------------------------------------------------------------------------------------------------------------------------------------------------------------+--------------+
Note: For table entries with two numbers listed, the numbers in parentheses indicate the number of resources of the given type used by the specific entity alone. The numbers listed outside of parentheses indicate the total resources of the given type used by the specific entity and all of its sub-entities in the hierarchy.


+----------------------------------------------------------------------------------------------------------------------------------------------------+
; User-Specified and Inferred Latches                                                                                                                ;
+----------------------------------------------------------------------------+----------------------------------------------+------------------------+
; Latch Name                                                                 ; Latch Enable Signal                          ; Free of Timing Hazards ;
+----------------------------------------------------------------------------+----------------------------------------------+------------------------+
; design4TJN:inst|lpm_latch0:inst54|lpm_latch:lpm_latch_component|latches[3] ; design4TJN:inst|inst53                       ; yes                    ;
; design4TJN:inst|lpm_latch0:inst54|lpm_latch:lpm_latch_component|latches[2] ; design4TJN:inst|inst53                       ; yes                    ;
; design4TJN:inst|lpm_latch0:inst54|lpm_latch:lpm_latch_component|latches[1] ; design4TJN:inst|inst53                       ; yes                    ;
; design4TJN:inst|lpm_latch0:inst54|lpm_latch:lpm_latch_component|latches[0] ; design4TJN:inst|inst53                       ; yes                    ;
; design4TJN:inst|lpm_latch1:inst55|lpm_latch:lpm_latch_component|latches[3] ; design4TJN:inst|inst53                       ; yes                    ;
; design4TJN:inst|lpm_latch1:inst55|lpm_latch:lpm_latch_component|latches[2] ; design4TJN:inst|inst53                       ; yes                    ;
; design4TJN:inst|lpm_latch1:inst55|lpm_latch:lpm_latch_component|latches[1] ; design4TJN:inst|inst53                       ; yes                    ;
; design4TJN:inst|lpm_latch1:inst55|lpm_latch:lpm_latch_component|latches[0] ; design4TJN:inst|inst53                       ; yes                    ;
; design4TJN:inst|inst29                                                     ; design4TJN:inst|Delay_Function:inst10|inst47 ; yes                    ;
; design4TJN:inst|inst30                                                     ; design4TJN:inst|Delay_Function:inst8|inst47  ; yes                    ;
; design4TJN:inst|inst31                                                     ; design4TJN:inst|Delay_Function:inst6|inst47  ; yes                    ;
; design4TJN:inst|inst32                                                     ; design4TJN:inst|Delay_Function:inst|inst47   ; yes                    ;
; design4TJN:inst|inst37                                                     ; design4TJN:inst|Delay_Function:inst27|inst47 ; yes                    ;
; design4TJN:inst|inst34                                                     ; design4TJN:inst|Delay_Function:inst25|inst47 ; yes                    ;
; design4TJN:inst|inst36                                                     ; design4TJN:inst|Delay_Function:inst23|inst47 ; yes                    ;
; design4TJN:inst|inst33                                                     ; design4TJN:inst|Delay_Function:inst16|inst47 ; yes                    ;
; Number of user-specified and inferred latches = 16                         ;                                              ;                        ;
+----------------------------------------------------------------------------+----------------------------------------------+------------------------+
Note: All latches listed above may not be present at the end of synthesis due to various synthesis optimizations.


+----------------------------------------------------------------------------+
; Registers Removed During Synthesis                                         ;
+---------------------------------------+------------------------------------+
; Register name                         ; Reason for Removal                 ;
+---------------------------------------+------------------------------------+
; design4TJN:inst|inst48                ; Merged with design4TJN:inst|inst47 ;
; design4TJN:inst|inst52                ; Merged with design4TJN:inst|inst47 ;
; design4TJN:inst|inst56                ; Merged with design4TJN:inst|inst47 ;
; design4TJN:inst|inst60                ; Merged with design4TJN:inst|inst47 ;
; design4TJN:inst|inst59                ; Merged with design4TJN:inst|inst47 ;
; design4TJN:inst|inst58                ; Merged with design4TJN:inst|inst47 ;
; design4TJN:inst|inst57                ; Merged with design4TJN:inst|inst47 ;
; Total Number of Removed Registers = 7 ;                                    ;
+---------------------------------------+------------------------------------+


+------------------------------------------------------+
; General Register Statistics                          ;
+----------------------------------------------+-------+
; Statistic                                    ; Value ;
+----------------------------------------------+-------+
; Total registers                              ; 338   ;
; Number of registers using Synchronous Clear  ; 0     ;
; Number of registers using Synchronous Load   ; 7     ;
; Number of registers using Asynchronous Clear ; 3     ;
; Number of registers using Asynchronous Load  ; 0     ;
; Number of registers using Clock Enable       ; 2     ;
; Number of registers using Preset             ; 0     ;
+----------------------------------------------+-------+


+--------------------------------------------------+
; Inverted Register Statistics                     ;
+----------------------------------------+---------+
; Inverted Register                      ; Fan out ;
+----------------------------------------+---------+
; inst18                                 ; 1       ;
; inst19                                 ; 1       ;
; Total number of inverted registers = 2 ;         ;
+----------------------------------------+---------+


+-------------------------------------------------------------------------------------------+
; Source assignments for lpm_add_sub0:inst2|lpm_add_sub:lpm_add_sub_component|addcore:adder ;
+---------------------------+-------+------+------------------------------------------------+
; Assignment                ; Value ; From ; To                                             ;
+---------------------------+-------+------+------------------------------------------------+
; SUPPRESS_DA_RULE_INTERNAL ; A103  ; -    ; -                                              ;
+---------------------------+-------+------+------------------------------------------------+


+-----------------------------------------------------------------------------+
; Source assignments for lpm_counter0:inst1|lpm_counter:lpm_counter_component ;
+---------------------------+-------+------+----------------------------------+
; Assignment                ; Value ; From ; To                               ;
+---------------------------+-------+------+----------------------------------+
; SUPPRESS_DA_RULE_INTERNAL ; a101  ; -    ; -                                ;
; SUPPRESS_DA_RULE_INTERNAL ; s102  ; -    ; -                                ;
; SUPPRESS_DA_RULE_INTERNAL ; s103  ; -    ; -                                ;
+---------------------------+-------+------+----------------------------------+


+--------------------------------------------------------------------------------------------+
; Source assignments for lpm_add_sub1:inst32|lpm_add_sub:lpm_add_sub_component|addcore:adder ;
+---------------------------+-------+------+-------------------------------------------------+
; Assignment                ; Value ; From ; To                                              ;
+---------------------------+-------+------+-------------------------------------------------+
; SUPPRESS_DA_RULE_INTERNAL ; A103  ; -    ; -                                               ;
+---------------------------+-------+------+-------------------------------------------------+


+------------------------------------------------------------------------------+
; Source assignments for lpm_counter3:inst53|lpm_counter:lpm_counter_component ;
+---------------------------+-------+------+-----------------------------------+
; Assignment                ; Value ; From ; To                                ;
+---------------------------+-------+------+-----------------------------------+
; SUPPRESS_DA_RULE_INTERNAL ; a101  ; -    ; -                                 ;
; SUPPRESS_DA_RULE_INTERNAL ; s102  ; -    ; -                                 ;
; SUPPRESS_DA_RULE_INTERNAL ; s103  ; -    ; -                                 ;
+---------------------------+-------+------+-----------------------------------+


+--------------------------------------------------------------------------------------------+
; Source assignments for lpm_add_sub1:inst33|lpm_add_sub:lpm_add_sub_component|addcore:adder ;
+---------------------------+-------+------+-------------------------------------------------+
; Assignment                ; Value ; From ; To                                              ;
+---------------------------+-------+------+-------------------------------------------------+
; SUPPRESS_DA_RULE_INTERNAL ; A103  ; -    ; -                                               ;
+---------------------------+-------+------+-------------------------------------------------+


+---------------------------------------------------------------------------------------------------+
; Parameter Settings for User Entity Instance: lpm_add_sub0:inst2|lpm_add_sub:lpm_add_sub_component ;
+------------------------+-------------+------------------------------------------------------------+
; Parameter Name         ; Value       ; Type                                                       ;
+------------------------+-------------+------------------------------------------------------------+
; LPM_WIDTH              ; 7           ; Signed Integer                                             ;
; LPM_REPRESENTATION     ; UNSIGNED    ; Untyped                                                    ;
; LPM_DIRECTION          ; SUB         ; Untyped                                                    ;
; ONE_INPUT_IS_CONSTANT  ; YES         ; Untyped                                                    ;
; LPM_PIPELINE           ; 0           ; Untyped                                                    ;
; MAXIMIZE_SPEED         ; 5           ; Untyped                                                    ;
; REGISTERED_AT_END      ; 0           ; Untyped                                                    ;
; OPTIMIZE_FOR_SPEED     ; 1           ; Untyped                                                    ;
; USE_CS_BUFFERS         ; 1           ; Untyped                                                    ;
; CARRY_CHAIN            ; MANUAL      ; Untyped                                                    ;
; CARRY_CHAIN_LENGTH     ; 48          ; CARRY_CHAIN_LENGTH                                         ;
; DEVICE_FAMILY          ; FLEX10K     ; Untyped                                                    ;
; USE_WYS                ; OFF         ; Untyped                                                    ;
; STYLE                  ; FAST        ; Untyped                                                    ;
; CBXI_PARAMETER         ; add_sub_gsh ; Untyped                                                    ;
; AUTO_CARRY_CHAINS      ; ON          ; AUTO_CARRY                                                 ;
; IGNORE_CARRY_BUFFERS   ; OFF         ; IGNORE_CARRY                                               ;
; AUTO_CASCADE_CHAINS    ; ON          ; AUTO_CASCADE                                               ;
; IGNORE_CASCADE_BUFFERS ; OFF         ; IGNORE_CASCADE                                             ;
+------------------------+-------------+------------------------------------------------------------+
Note: In order to hide this table in the UI and the text report file, please set the "Show Parameter Settings Tables in Synthesis Report" option in "Analysis and Synthesis Settings -> More Settings" to "Off".


+---------------------------------------------------------------------------------------------------+
; Parameter Settings for User Entity Instance: lpm_counter0:inst1|lpm_counter:lpm_counter_component ;
+------------------------+-------------+------------------------------------------------------------+
; Parameter Name         ; Value       ; Type                                                       ;
+------------------------+-------------+------------------------------------------------------------+
; AUTO_CARRY_CHAINS      ; ON          ; AUTO_CARRY                                                 ;
; IGNORE_CARRY_BUFFERS   ; OFF         ; IGNORE_CARRY                                               ;
; AUTO_CASCADE_CHAINS    ; ON          ; AUTO_CASCADE                                               ;
; IGNORE_CASCADE_BUFFERS ; OFF         ; IGNORE_CASCADE                                             ;
; LPM_WIDTH              ; 7           ; Signed Integer                                             ;
; LPM_DIRECTION          ; UP          ; Untyped                                                    ;
; LPM_MODULUS            ; 82          ; Signed Integer                                             ;
; LPM_AVALUE             ; UNUSED      ; Untyped                                                    ;
; LPM_SVALUE             ; UNUSED      ; Untyped                                                    ;
; LPM_PORT_UPDOWN        ; PORT_UNUSED ; Untyped                                                    ;
; DEVICE_FAMILY          ; FLEX10K     ; Untyped                                                    ;
; CARRY_CHAIN            ; MANUAL      ; Untyped                                                    ;
; CARRY_CHAIN_LENGTH     ; 48          ; CARRY_CHAIN_LENGTH                                         ;
; NOT_GATE_PUSH_BACK     ; ON          ; NOT_GATE_PUSH_BACK                                         ;
; CARRY_CNT_EN           ; SMART       ; Untyped                                                    ;
; LABWIDE_SCLR           ; ON          ; Untyped                                                    ;
; USE_NEW_VERSION        ; TRUE        ; Untyped                                                    ;
; CBXI_PARAMETER         ; NOTHING     ; Untyped                                                    ;
+------------------------+-------------+------------------------------------------------------------+
Note: In order to hide this table in the UI and the text report file, please set the "Show Parameter Settings Tables in Synthesis Report" option in "Analysis and Synthesis Settings -> More Settings" to "Off".


+----------------------------------------------------------------------------------------------------+
; Parameter Settings for User Entity Instance: lpm_compare4:inst13|lpm_compare:lpm_compare_component ;
+------------------------+----------+----------------------------------------------------------------+
; Parameter Name         ; Value    ; Type                                                           ;
+------------------------+----------+----------------------------------------------------------------+
; lpm_width              ; 4        ; Signed Integer                                                 ;
; LPM_REPRESENTATION     ; UNSIGNED ; Untyped                                                        ;
; LPM_PIPELINE           ; 0        ; Untyped                                                        ;
; CHAIN_SIZE             ; 8        ; Untyped                                                        ;
; ONE_INPUT_IS_CONSTANT  ; YES      ; Untyped                                                        ;
; CARRY_CHAIN            ; MANUAL   ; Untyped                                                        ;
; CASCADE_CHAIN          ; MANUAL   ; Untyped                                                        ;
; CARRY_CHAIN_LENGTH     ; 48       ; CARRY_CHAIN_LENGTH                                             ;
; CASCADE_CHAIN_LENGTH   ; 2        ; CASCADE_CHAIN_LENGTH                                           ;
; DEVICE_FAMILY          ; FLEX10K  ; Untyped                                                        ;
; CBXI_PARAMETER         ; cmpr_9bi ; Untyped                                                        ;
; AUTO_CARRY_CHAINS      ; ON       ; AUTO_CARRY                                                     ;
; IGNORE_CARRY_BUFFERS   ; OFF      ; IGNORE_CARRY                                                   ;
; AUTO_CASCADE_CHAINS    ; ON       ; AUTO_CASCADE                                                   ;
; IGNORE_CASCADE_BUFFERS ; OFF      ; IGNORE_CASCADE                                                 ;
+------------------------+----------+----------------------------------------------------------------+
Note: In order to hide this table in the UI and the text report file, please set the "Show Parameter Settings Tables in Synthesis Report" option in "Analysis and Synthesis Settings -> More Settings" to "Off".


+--------------------------------------------------------------------------------------------------------------+
; Parameter Settings for User Entity Instance: design4TJN:inst|lpm_latch0:inst54|lpm_latch:lpm_latch_component ;
+----------------+--------+------------------------------------------------------------------------------------+
; Parameter Name ; Value  ; Type                                                                               ;
+----------------+--------+------------------------------------------------------------------------------------+
; LPM_WIDTH      ; 4      ; Signed Integer                                                                     ;
; LPM_AVALUE     ; UNUSED ; Untyped                                                                            ;
+----------------+--------+------------------------------------------------------------------------------------+
Note: In order to hide this table in the UI and the text report file, please set the "Show Parameter Settings Tables in Synthesis Report" option in "Analysis and Synthesis Settings -> More Settings" to "Off".


+--------------------------------------------------------------------------------------------------------+
; Parameter Settings for User Entity Instance: design4TJN:inst|lpm_mux0:inst40|LPM_MUX:lpm_mux_component ;
+------------------------+---------+---------------------------------------------------------------------+
; Parameter Name         ; Value   ; Type                                                                ;
+------------------------+---------+---------------------------------------------------------------------+
; AUTO_CARRY_CHAINS      ; ON      ; AUTO_CARRY                                                          ;
; IGNORE_CARRY_BUFFERS   ; OFF     ; IGNORE_CARRY                                                        ;
; AUTO_CASCADE_CHAINS    ; ON      ; AUTO_CASCADE                                                        ;
; IGNORE_CASCADE_BUFFERS ; OFF     ; IGNORE_CASCADE                                                      ;
; LPM_WIDTH              ; 1       ; Signed Integer                                                      ;
; LPM_SIZE               ; 2       ; Signed Integer                                                      ;
; LPM_WIDTHS             ; 1       ; Signed Integer                                                      ;
; LPM_PIPELINE           ; 0       ; Signed Integer                                                      ;
; CBXI_PARAMETER         ; mux_snd ; Untyped                                                             ;
; DEVICE_FAMILY          ; FLEX10K ; Untyped                                                             ;
+------------------------+---------+---------------------------------------------------------------------+
Note: In order to hide this table in the UI and the text report file, please set the "Show Parameter Settings Tables in Synthesis Report" option in "Analysis and Synthesis Settings -> More Settings" to "Off".


+--------------------------------------------------------------------------------------------------------------+
; Parameter Settings for User Entity Instance: design4TJN:inst|lpm_latch1:inst55|lpm_latch:lpm_latch_component ;
+----------------+--------+------------------------------------------------------------------------------------+
; Parameter Name ; Value  ; Type                                                                               ;
+----------------+--------+------------------------------------------------------------------------------------+
; LPM_WIDTH      ; 4      ; Signed Integer                                                                     ;
; LPM_AVALUE     ; UNUSED ; Untyped                                                                            ;
+----------------+--------+------------------------------------------------------------------------------------+
Note: In order to hide this table in the UI and the text report file, please set the "Show Parameter Settings Tables in Synthesis Report" option in "Analysis and Synthesis Settings -> More Settings" to "Off".


+----------------------------------------------------------------------------------------+
; Parameter Settings for User Entity Instance: lpm_mux2:inst70|LPM_MUX:lpm_mux_component ;
+------------------------+---------+-----------------------------------------------------+
; Parameter Name         ; Value   ; Type                                                ;
+------------------------+---------+-----------------------------------------------------+
; AUTO_CARRY_CHAINS      ; ON      ; AUTO_CARRY                                          ;
; IGNORE_CARRY_BUFFERS   ; OFF     ; IGNORE_CARRY                                        ;
; AUTO_CASCADE_CHAINS    ; ON      ; AUTO_CASCADE                                        ;
; IGNORE_CASCADE_BUFFERS ; OFF     ; IGNORE_CASCADE                                      ;
; LPM_WIDTH              ; 1       ; Signed Integer                                      ;
; LPM_SIZE               ; 2       ; Signed Integer                                      ;
; LPM_WIDTHS             ; 1       ; Signed Integer                                      ;
; LPM_PIPELINE           ; 0       ; Signed Integer                                      ;
; CBXI_PARAMETER         ; mux_snd ; Untyped                                             ;
; DEVICE_FAMILY          ; FLEX10K ; Untyped                                             ;
+------------------------+---------+-----------------------------------------------------+
Note: In order to hide this table in the UI and the text report file, please set the "Show Parameter Settings Tables in Synthesis Report" option in "Analysis and Synthesis Settings -> More Settings" to "Off".


+----------------------------------------------------------------------------------------------------+
; Parameter Settings for User Entity Instance: lpm_add_sub1:inst32|lpm_add_sub:lpm_add_sub_component ;
+------------------------+-------------+-------------------------------------------------------------+
; Parameter Name         ; Value       ; Type                                                        ;
+------------------------+-------------+-------------------------------------------------------------+
; LPM_WIDTH              ; 4           ; Signed Integer                                              ;
; LPM_REPRESENTATION     ; UNSIGNED    ; Untyped                                                     ;
; LPM_DIRECTION          ; SUB         ; Untyped                                                     ;
; ONE_INPUT_IS_CONSTANT  ; NO          ; Untyped                                                     ;
; LPM_PIPELINE           ; 0           ; Untyped                                                     ;
; MAXIMIZE_SPEED         ; 5           ; Untyped                                                     ;
; REGISTERED_AT_END      ; 0           ; Untyped                                                     ;
; OPTIMIZE_FOR_SPEED     ; 1           ; Untyped                                                     ;
; USE_CS_BUFFERS         ; 1           ; Untyped                                                     ;
; CARRY_CHAIN            ; MANUAL      ; Untyped                                                     ;
; CARRY_CHAIN_LENGTH     ; 48          ; CARRY_CHAIN_LENGTH                                          ;
; DEVICE_FAMILY          ; FLEX10K     ; Untyped                                                     ;
; USE_WYS                ; OFF         ; Untyped                                                     ;
; STYLE                  ; FAST        ; Untyped                                                     ;
; CBXI_PARAMETER         ; add_sub_poh ; Untyped                                                     ;
; AUTO_CARRY_CHAINS      ; ON          ; AUTO_CARRY                                                  ;
; IGNORE_CARRY_BUFFERS   ; OFF         ; IGNORE_CARRY                                                ;
; AUTO_CASCADE_CHAINS    ; ON          ; AUTO_CASCADE                                                ;
; IGNORE_CASCADE_BUFFERS ; OFF         ; IGNORE_CASCADE                                              ;
+------------------------+-------------+-------------------------------------------------------------+
Note: In order to hide this table in the UI and the text report file, please set the "Show Parameter Settings Tables in Synthesis Report" option in "Analysis and Synthesis Settings -> More Settings" to "Off".


+----------------------------------------------------------------------------------------------------+
; Parameter Settings for User Entity Instance: lpm_counter3:inst53|lpm_counter:lpm_counter_component ;
+------------------------+-------------+-------------------------------------------------------------+
; Parameter Name         ; Value       ; Type                                                        ;
+------------------------+-------------+-------------------------------------------------------------+
; AUTO_CARRY_CHAINS      ; ON          ; AUTO_CARRY                                                  ;
; IGNORE_CARRY_BUFFERS   ; OFF         ; IGNORE_CARRY                                                ;
; AUTO_CASCADE_CHAINS    ; ON          ; AUTO_CASCADE                                                ;
; IGNORE_CASCADE_BUFFERS ; OFF         ; IGNORE_CASCADE                                              ;
; LPM_WIDTH              ; 4           ; Signed Integer                                              ;
; LPM_DIRECTION          ; UP          ; Untyped                                                     ;
; LPM_MODULUS            ; 0           ; Untyped                                                     ;
; LPM_AVALUE             ; UNUSED      ; Untyped                                                     ;
; LPM_SVALUE             ; UNUSED      ; Untyped                                                     ;
; LPM_PORT_UPDOWN        ; PORT_UNUSED ; Untyped                                                     ;
; DEVICE_FAMILY          ; FLEX10K     ; Untyped                                                     ;
; CARRY_CHAIN            ; MANUAL      ; Untyped                                                     ;
; CARRY_CHAIN_LENGTH     ; 48          ; CARRY_CHAIN_LENGTH                                          ;
; NOT_GATE_PUSH_BACK     ; ON          ; NOT_GATE_PUSH_BACK                                          ;
; CARRY_CNT_EN           ; SMART       ; Untyped                                                     ;
; LABWIDE_SCLR           ; ON          ; Untyped                                                     ;
; USE_NEW_VERSION        ; TRUE        ; Untyped                                                     ;
; CBXI_PARAMETER         ; NOTHING     ; Untyped                                                     ;
+------------------------+-------------+-------------------------------------------------------------+
Note: In order to hide this table in the UI and the text report file, please set the "Show Parameter Settings Tables in Synthesis Report" option in "Analysis and Synthesis Settings -> More Settings" to "Off".


+----------------------------------------------------------------------------------------------------+
; Parameter Settings for User Entity Instance: lpm_compare4:inst14|lpm_compare:lpm_compare_component ;
+------------------------+----------+----------------------------------------------------------------+
; Parameter Name         ; Value    ; Type                                                           ;
+------------------------+----------+----------------------------------------------------------------+
; lpm_width              ; 4        ; Signed Integer                                                 ;
; LPM_REPRESENTATION     ; UNSIGNED ; Untyped                                                        ;
; LPM_PIPELINE           ; 0        ; Untyped                                                        ;
; CHAIN_SIZE             ; 8        ; Untyped                                                        ;
; ONE_INPUT_IS_CONSTANT  ; YES      ; Untyped                                                        ;
; CARRY_CHAIN            ; MANUAL   ; Untyped                                                        ;
; CASCADE_CHAIN          ; MANUAL   ; Untyped                                                        ;
; CARRY_CHAIN_LENGTH     ; 48       ; CARRY_CHAIN_LENGTH                                             ;
; CASCADE_CHAIN_LENGTH   ; 2        ; CASCADE_CHAIN_LENGTH                                           ;
; DEVICE_FAMILY          ; FLEX10K  ; Untyped                                                        ;
; CBXI_PARAMETER         ; cmpr_9bi ; Untyped                                                        ;
; AUTO_CARRY_CHAINS      ; ON       ; AUTO_CARRY                                                     ;
; IGNORE_CARRY_BUFFERS   ; OFF      ; IGNORE_CARRY                                                   ;
; AUTO_CASCADE_CHAINS    ; ON       ; AUTO_CASCADE                                                   ;
; IGNORE_CASCADE_BUFFERS ; OFF      ; IGNORE_CASCADE                                                 ;
+------------------------+----------+----------------------------------------------------------------+
Note: In order to hide this table in the UI and the text report file, please set the "Show Parameter Settings Tables in Synthesis Report" option in "Analysis and Synthesis Settings -> More Settings" to "Off".


+----------------------------------------------------------------------------------------------------+
; Parameter Settings for User Entity Instance: lpm_add_sub1:inst33|lpm_add_sub:lpm_add_sub_component ;
+------------------------+-------------+-------------------------------------------------------------+
; Parameter Name         ; Value       ; Type                                                        ;
+------------------------+-------------+-------------------------------------------------------------+
; LPM_WIDTH              ; 4           ; Signed Integer                                              ;
; LPM_REPRESENTATION     ; UNSIGNED    ; Untyped                                                     ;
; LPM_DIRECTION          ; SUB         ; Untyped                                                     ;
; ONE_INPUT_IS_CONSTANT  ; NO          ; Untyped                                                     ;
; LPM_PIPELINE           ; 0           ; Untyped                                                     ;
; MAXIMIZE_SPEED         ; 5           ; Untyped                                                     ;
; REGISTERED_AT_END      ; 0           ; Untyped                                                     ;
; OPTIMIZE_FOR_SPEED     ; 1           ; Untyped                                                     ;
; USE_CS_BUFFERS         ; 1           ; Untyped                                                     ;
; CARRY_CHAIN            ; MANUAL      ; Untyped                                                     ;
; CARRY_CHAIN_LENGTH     ; 48          ; CARRY_CHAIN_LENGTH                                          ;
; DEVICE_FAMILY          ; FLEX10K     ; Untyped                                                     ;
; USE_WYS                ; OFF         ; Untyped                                                     ;
; STYLE                  ; FAST        ; Untyped                                                     ;
; CBXI_PARAMETER         ; add_sub_poh ; Untyped                                                     ;
; AUTO_CARRY_CHAINS      ; ON          ; AUTO_CARRY                                                  ;
; IGNORE_CARRY_BUFFERS   ; OFF         ; IGNORE_CARRY                                                ;
; AUTO_CASCADE_CHAINS    ; ON          ; AUTO_CASCADE                                                ;
; IGNORE_CASCADE_BUFFERS ; OFF         ; IGNORE_CASCADE                                              ;
+------------------------+-------------+-------------------------------------------------------------+
Note: In order to hide this table in the UI and the text report file, please set the "Show Parameter Settings Tables in Synthesis Report" option in "Analysis and Synthesis Settings -> More Settings" to "Off".


+-------------------------------+
; Analysis & Synthesis Messages ;
+-------------------------------+
Info: *******************************************************************
Info: Running Quartus II Analysis & Synthesis
    Info: Version 9.0 Build 235 06/17/2009 Service Pack 2 SJ Web Edition
    Info: Processing started: Fri Dec 06 02:26:53 2013
Info: Command: quartus_map --read_settings_files=on --write_settings_files=off project6 -c project5
Warning: Can't analyze file -- file C:/Github/Quartus_Projects/ENGN_3050_Project6/project5.bdf is missing
Info: Found 2 design units, including 1 entities, in source file lpm_compare0.vhd
    Info: Found design unit 1: lpm_compare0-SYN
    Info: Found entity 1: lpm_compare0
Info: Found 2 design units, including 1 entities, in source file lpm_compare1.vhd
    Info: Found design unit 1: lpm_compare1-SYN
    Info: Found entity 1: lpm_compare1
Info: Found 2 design units, including 1 entities, in source file lpm_compare2.vhd
    Info: Found design unit 1: lpm_compare2-SYN
    Info: Found entity 1: lpm_compare2
Info: Found 2 design units, including 1 entities, in source file lpm_mux1.vhd
    Info: Found design unit 1: lpm_mux1-SYN
    Info: Found entity 1: lpm_mux1
Info: Found 2 design units, including 1 entities, in source file lpm_compare3.vhd
    Info: Found design unit 1: lpm_compare3-SYN
    Info: Found entity 1: lpm_compare3
Info: Found 2 design units, including 1 entities, in source file lpm_constant0.vhd
    Info: Found design unit 1: lpm_constant0-SYN
    Info: Found entity 1: lpm_constant0
Info: Found 2 design units, including 1 entities, in source file lpm_constant1.vhd
    Info: Found design unit 1: lpm_constant1-SYN
    Info: Found entity 1: lpm_constant1
Info: Found 2 design units, including 1 entities, in source file lpm_constant2.vhd
    Info: Found design unit 1: lpm_constant2-SYN
    Info: Found entity 1: lpm_constant2
Info: Found 1 design units, including 1 entities, in source file Change_detector.bdf
    Info: Found entity 1: Change_detector
Info: Found 2 design units, including 1 entities, in source file lpm_mux2.vhd
    Info: Found design unit 1: lpm_mux2-SYN
    Info: Found entity 1: lpm_mux2
Info: Found 2 design units, including 1 entities, in source file lpm_constant3.vhd
    Info: Found design unit 1: lpm_constant3-SYN
    Info: Found entity 1: lpm_constant3
Info: Found 1 design units, including 1 entities, in source file project6.bdf
    Info: Found entity 1: project6
Info: Found 2 design units, including 1 entities, in source file lpm_compare4.vhd
    Info: Found design unit 1: lpm_compare4-SYN
    Info: Found entity 1: lpm_compare4
Info: Found 2 design units, including 1 entities, in source file lpm_counter1.vhd
    Info: Found design unit 1: lpm_counter1-SYN
    Info: Found entity 1: lpm_counter1
Info: Found 2 design units, including 1 entities, in source file lpm_add_sub1.vhd
    Info: Found design unit 1: lpm_add_sub1-SYN
    Info: Found entity 1: lpm_add_sub1
Info: Found 2 design units, including 1 entities, in source file lpm_counter2.vhd
    Info: Found design unit 1: lpm_counter2-SYN
    Info: Found entity 1: lpm_counter2
Info: Found 2 design units, including 1 entities, in source file lpm_counter3.vhd
    Info: Found design unit 1: lpm_counter3-SYN
    Info: Found entity 1: lpm_counter3
Info: Found 2 design units, including 1 entities, in source file lpm_add_sub2.vhd
    Info: Found design unit 1: lpm_add_sub2-SYN
    Info: Found entity 1: lpm_add_sub2
Info: Found 2 design units, including 1 entities, in source file lpm_add_sub3.vhd
    Info: Found design unit 1: lpm_add_sub3-SYN
    Info: Found entity 1: lpm_add_sub3
Info: Elaborating entity "project6" for the top level hierarchy
Warning: Pin "Sim_CLK" not connected
Warning: Using design file lpm_add_sub0.vhd, which is not specified as a design file for the current project, but contains definitions for 2 design units and 1 entities in project
    Info: Found design unit 1: lpm_add_sub0-SYN
    Info: Found entity 1: lpm_add_sub0
Info: Elaborating entity "lpm_add_sub0" for hierarchy "lpm_add_sub0:inst2"
Info: Elaborating entity "lpm_add_sub" for hierarchy "lpm_add_sub0:inst2|lpm_add_sub:lpm_add_sub_component"
Info: Elaborated megafunction instantiation "lpm_add_sub0:inst2|lpm_add_sub:lpm_add_sub_component"
Info: Instantiated megafunction "lpm_add_sub0:inst2|lpm_add_sub:lpm_add_sub_component" with the following parameter:
    Info: Parameter "lpm_direction" = "SUB"
    Info: Parameter "lpm_hint" = "ONE_INPUT_IS_CONSTANT=YES,CIN_USED=NO"
    Info: Parameter "lpm_representation" = "UNSIGNED"
    Info: Parameter "lpm_type" = "LPM_ADD_SUB"
    Info: Parameter "lpm_width" = "7"
Info: Elaborating entity "addcore" for hierarchy "lpm_add_sub0:inst2|lpm_add_sub:lpm_add_sub_component|addcore:adder"
Info: Elaborated megafunction instantiation "lpm_add_sub0:inst2|lpm_add_sub:lpm_add_sub_component|addcore:adder", which is child of megafunction instantiation "lpm_add_sub0:inst2|lpm_add_sub:lpm_add_sub_component"
Info: Elaborating entity "a_csnbuffer" for hierarchy "lpm_add_sub0:inst2|lpm_add_sub:lpm_add_sub_component|addcore:adder|a_csnbuffer:oflow_node"
Info: Elaborated megafunction instantiation "lpm_add_sub0:inst2|lpm_add_sub:lpm_add_sub_component|addcore:adder|a_csnbuffer:oflow_node", which is child of megafunction instantiation "lpm_add_sub0:inst2|lpm_add_sub:lpm_add_sub_component"
Info: Elaborating entity "a_csnbuffer" for hierarchy "lpm_add_sub0:inst2|lpm_add_sub:lpm_add_sub_component|addcore:adder|a_csnbuffer:result_node"
Info: Elaborated megafunction instantiation "lpm_add_sub0:inst2|lpm_add_sub:lpm_add_sub_component|addcore:adder|a_csnbuffer:result_node", which is child of megafunction instantiation "lpm_add_sub0:inst2|lpm_add_sub:lpm_add_sub_component"
Info: Elaborating entity "altshift" for hierarchy "lpm_add_sub0:inst2|lpm_add_sub:lpm_add_sub_component|altshift:result_ext_latency_ffs"
Info: Elaborated megafunction instantiation "lpm_add_sub0:inst2|lpm_add_sub:lpm_add_sub_component|altshift:result_ext_latency_ffs", which is child of megafunction instantiation "lpm_add_sub0:inst2|lpm_add_sub:lpm_add_sub_component"
Info: Elaborating entity "altshift" for hierarchy "lpm_add_sub0:inst2|lpm_add_sub:lpm_add_sub_component|altshift:carry_ext_latency_ffs"
Info: Elaborated megafunction instantiation "lpm_add_sub0:inst2|lpm_add_sub:lpm_add_sub_component|altshift:carry_ext_latency_ffs", which is child of megafunction instantiation "lpm_add_sub0:inst2|lpm_add_sub:lpm_add_sub_component"
Warning: Using design file lpm_counter0.vhd, which is not specified as a design file for the current project, but contains definitions for 2 design units and 1 entities in project
    Info: Found design unit 1: lpm_counter0-SYN
    Info: Found entity 1: lpm_counter0
Info: Elaborating entity "lpm_counter0" for hierarchy "lpm_counter0:inst1"
Info: Elaborating entity "lpm_counter" for hierarchy "lpm_counter0:inst1|lpm_counter:lpm_counter_component"
Info: Elaborated megafunction instantiation "lpm_counter0:inst1|lpm_counter:lpm_counter_component"
Info: Instantiated megafunction "lpm_counter0:inst1|lpm_counter:lpm_counter_component" with the following parameter:
    Info: Parameter "lpm_direction" = "UP"
    Info: Parameter "lpm_modulus" = "82"
    Info: Parameter "lpm_port_updown" = "PORT_UNUSED"
    Info: Parameter "lpm_type" = "LPM_COUNTER"
    Info: Parameter "lpm_width" = "7"
Info: Elaborating entity "alt_counter_f10ke" for hierarchy "lpm_counter0:inst1|lpm_counter:lpm_counter_component|alt_counter_f10ke:wysi_counter"
Info: Elaborated megafunction instantiation "lpm_counter0:inst1|lpm_counter:lpm_counter_component|alt_counter_f10ke:wysi_counter", which is child of megafunction instantiation "lpm_counter0:inst1|lpm_counter:lpm_counter_component"
Info: Elaborating entity "lpm_constant" for hierarchy "lpm_counter0:inst1|lpm_counter:lpm_counter_component|alt_counter_f10ke:wysi_counter|lpm_constant:$00012"
Info: Elaborated megafunction instantiation "lpm_counter0:inst1|lpm_counter:lpm_counter_component|alt_counter_f10ke:wysi_counter|lpm_constant:$00012", which is child of megafunction instantiation "lpm_counter0:inst1|lpm_counter:lpm_counter_component"
Info: Elaborating entity "lpm_compare" for hierarchy "lpm_counter0:inst1|lpm_counter:lpm_counter_component|alt_counter_f10ke:wysi_counter|lpm_compare:$00014"
Info: Elaborated megafunction instantiation "lpm_counter0:inst1|lpm_counter:lpm_counter_component|alt_counter_f10ke:wysi_counter|lpm_compare:$00014", which is child of megafunction instantiation "lpm_counter0:inst1|lpm_counter:lpm_counter_component"
Info: Elaborating entity "comptree" for hierarchy "lpm_counter0:inst1|lpm_counter:lpm_counter_component|alt_counter_f10ke:wysi_counter|lpm_compare:$00014|comptree:comparator"
Info: Elaborated megafunction instantiation "lpm_counter0:inst1|lpm_counter:lpm_counter_component|alt_counter_f10ke:wysi_counter|lpm_compare:$00014|comptree:comparator", which is child of megafunction instantiation "lpm_counter0:inst1|lpm_counter:lpm_counter_component"
Info: Elaborating entity "cmpchain" for hierarchy "lpm_counter0:inst1|lpm_counter:lpm_counter_component|alt_counter_f10ke:wysi_counter|lpm_compare:$00014|comptree:comparator|cmpchain:cmp_end"
Info: Elaborated megafunction instantiation "lpm_counter0:inst1|lpm_counter:lpm_counter_component|alt_counter_f10ke:wysi_counter|lpm_compare:$00014|comptree:comparator|cmpchain:cmp_end", which is child of megafunction instantiation "lpm_counter0:inst1|lpm_counter:lpm_counter_component"
Info: Elaborating entity "comptree" for hierarchy "lpm_counter0:inst1|lpm_counter:lpm_counter_component|alt_counter_f10ke:wysi_counter|lpm_compare:$00014|comptree:comparator|cmpchain:cmp_end|comptree:comp"
Info: Elaborated megafunction instantiation "lpm_counter0:inst1|lpm_counter:lpm_counter_component|alt_counter_f10ke:wysi_counter|lpm_compare:$00014|comptree:comparator|cmpchain:cmp_end|comptree:comp", which is child of megafunction instantiation "lpm_counter0:inst1|lpm_counter:lpm_counter_component"
Info: Elaborating entity "cmpchain" for hierarchy "lpm_counter0:inst1|lpm_counter:lpm_counter_component|alt_counter_f10ke:wysi_counter|lpm_compare:$00014|comptree:comparator|cmpchain:cmp_end|comptree:comp|cmpchain:cmp[0]"
Info: Elaborated megafunction instantiation "lpm_counter0:inst1|lpm_counter:lpm_counter_component|alt_counter_f10ke:wysi_counter|lpm_compare:$00014|comptree:comparator|cmpchain:cmp_end|comptree:comp|cmpchain:cmp[0]", which is child of megafunction instantiation "lpm_counter0:inst1|lpm_counter:lpm_counter_component"
Info: Elaborating entity "cmpchain" for hierarchy "lpm_counter0:inst1|lpm_counter:lpm_counter_component|alt_counter_f10ke:wysi_counter|lpm_compare:$00014|comptree:comparator|cmpchain:cmp_end|comptree:comp|cmpchain:cmp_end"
Info: Elaborated megafunction instantiation "lpm_counter0:inst1|lpm_counter:lpm_counter_component|alt_counter_f10ke:wysi_counter|lpm_compare:$00014|comptree:comparator|cmpchain:cmp_end|comptree:comp|cmpchain:cmp_end", which is child of megafunction instantiation "lpm_counter0:inst1|lpm_counter:lpm_counter_component"
Info: Elaborating entity "comptree" for hierarchy "lpm_counter0:inst1|lpm_counter:lpm_counter_component|alt_counter_f10ke:wysi_counter|lpm_compare:$00014|comptree:comparator|cmpchain:cmp_end|comptree:comp|comptree:sub_comptree"
Info: Elaborated megafunction instantiation "lpm_counter0:inst1|lpm_counter:lpm_counter_component|alt_counter_f10ke:wysi_counter|lpm_compare:$00014|comptree:comparator|cmpchain:cmp_end|comptree:comp|comptree:sub_comptree", which is child of megafunction instantiation "lpm_counter0:inst1|lpm_counter:lpm_counter_component"
Info: Elaborating entity "cmpchain" for hierarchy "lpm_counter0:inst1|lpm_counter:lpm_counter_component|alt_counter_f10ke:wysi_counter|lpm_compare:$00014|comptree:comparator|cmpchain:cmp_end|comptree:comp|comptree:sub_comptree|cmpchain:cmp_end"
Info: Elaborated megafunction instantiation "lpm_counter0:inst1|lpm_counter:lpm_counter_component|alt_counter_f10ke:wysi_counter|lpm_compare:$00014|comptree:comparator|cmpchain:cmp_end|comptree:comp|comptree:sub_comptree|cmpchain:cmp_end", which is child of megafunction instantiation "lpm_counter0:inst1|lpm_counter:lpm_counter_component"
Info: Elaborating entity "lpm_compare4" for hierarchy "lpm_compare4:inst13"
Info: Elaborating entity "lpm_compare" for hierarchy "lpm_compare4:inst13|lpm_compare:lpm_compare_component"
Info: Elaborated megafunction instantiation "lpm_compare4:inst13|lpm_compare:lpm_compare_component"
Info: Instantiated megafunction "lpm_compare4:inst13|lpm_compare:lpm_compare_component" with the following parameter:
    Info: Parameter "lpm_hint" = "ONE_INPUT_IS_CONSTANT=YES"
    Info: Parameter "lpm_representation" = "UNSIGNED"
    Info: Parameter "lpm_type" = "LPM_COMPARE"
    Info: Parameter "lpm_width" = "4"
Info: Elaborating entity "comptree" for hierarchy "lpm_compare4:inst13|lpm_compare:lpm_compare_component|comptree:comparator"
Info: Elaborated megafunction instantiation "lpm_compare4:inst13|lpm_compare:lpm_compare_component|comptree:comparator", which is child of megafunction instantiation "lpm_compare4:inst13|lpm_compare:lpm_compare_component"
Warning: Using design file design4TJN.bdf, which is not specified as a design file for the current project, but contains definitions for 1 design units and 1 entities in project
    Info: Found entity 1: design4TJN
Info: Elaborating entity "design4TJN" for hierarchy "design4TJN:inst"
Warning: Block or symbol "DFF" of instance "inst1" overlaps another block or symbol
Warning: Block or symbol "DFF" of instance "inst4" overlaps another block or symbol
Warning: Block or symbol "DFF" of instance "inst7" overlaps another block or symbol
Warning: Pin "UART_Clock" not connected
Warning: Using design file lpm_latch0.vhd, which is not specified as a design file for the current project, but contains definitions for 2 design units and 1 entities in project
    Info: Found design unit 1: lpm_latch0-SYN
    Info: Found entity 1: lpm_latch0
Info: Elaborating entity "lpm_latch0" for hierarchy "design4TJN:inst|lpm_latch0:inst54"
Info: Elaborating entity "lpm_latch" for hierarchy "design4TJN:inst|lpm_latch0:inst54|lpm_latch:lpm_latch_component"
Info: Elaborated megafunction instantiation "design4TJN:inst|lpm_latch0:inst54|lpm_latch:lpm_latch_component"
Info: Instantiated megafunction "design4TJN:inst|lpm_latch0:inst54|lpm_latch:lpm_latch_component" with the following parameter:
    Info: Parameter "lpm_type" = "LPM_LATCH"
    Info: Parameter "lpm_width" = "4"
Warning: Using design file Delay_Function.bdf, which is not specified as a design file for the current project, but contains definitions for 1 design units and 1 entities in project
    Info: Found entity 1: Delay_Function
Info: Elaborating entity "Delay_Function" for hierarchy "design4TJN:inst|Delay_Function:inst28"
Warning: Using design file lpm_mux0.vhd, which is not specified as a design file for the current project, but contains definitions for 2 design units and 1 entities in project
    Info: Found design unit 1: lpm_mux0-SYN
    Info: Found entity 1: lpm_mux0
Info: Elaborating entity "lpm_mux0" for hierarchy "design4TJN:inst|lpm_mux0:inst40"
Info: Elaborating entity "LPM_MUX" for hierarchy "design4TJN:inst|lpm_mux0:inst40|LPM_MUX:lpm_mux_component"
Info: Elaborated megafunction instantiation "design4TJN:inst|lpm_mux0:inst40|LPM_MUX:lpm_mux_component"
Info: Instantiated megafunction "design4TJN:inst|lpm_mux0:inst40|LPM_MUX:lpm_mux_component" with the following parameter:
    Info: Parameter "LPM_WIDTH" = "1"
    Info: Parameter "LPM_SIZE" = "2"
    Info: Parameter "LPM_WIDTHS" = "1"
    Info: Parameter "LPM_PIPELINE" = "0"
    Info: Parameter "LPM_TYPE" = "LPM_MUX"
    Info: Parameter "LPM_HINT" = "UNUSED"
Info: Elaborating entity "muxlut" for hierarchy "design4TJN:inst|lpm_mux0:inst40|LPM_MUX:lpm_mux_component|muxlut:$00009"
Info: Elaborated megafunction instantiation "design4TJN:inst|lpm_mux0:inst40|LPM_MUX:lpm_mux_component|muxlut:$00009", which is child of megafunction instantiation "design4TJN:inst|lpm_mux0:inst40|LPM_MUX:lpm_mux_component"
Warning: Using design file lpm_latch1.vhd, which is not specified as a design file for the current project, but contains definitions for 2 design units and 1 entities in project
    Info: Found design unit 1: lpm_latch1-SYN
    Info: Found entity 1: lpm_latch1
Info: Elaborating entity "lpm_latch1" for hierarchy "design4TJN:inst|lpm_latch1:inst55"
Warning: Using design file 7_Segment_Decoder.bdf, which is not specified as a design file for the current project, but contains definitions for 1 design units and 1 entities in project
    Info: Found entity 1: 7_Segment_Decoder
Info: Elaborating entity "7_Segment_Decoder" for hierarchy "design4TJN:inst|7_Segment_Decoder:inst24"
Warning: Block or symbol "NOT" of instance "inst9" overlaps another block or symbol
Warning: Block or symbol "NOT" of instance "inst39" overlaps another block or symbol
Warning: Block or symbol "NOT" of instance "inst40" overlaps another block or symbol
Info: Elaborating entity "lpm_mux2" for hierarchy "lpm_mux2:inst70"
Info: Elaborating entity "lpm_add_sub1" for hierarchy "lpm_add_sub1:inst32"
Info: Elaborating entity "lpm_add_sub" for hierarchy "lpm_add_sub1:inst32|lpm_add_sub:lpm_add_sub_component"
Info: Elaborated megafunction instantiation "lpm_add_sub1:inst32|lpm_add_sub:lpm_add_sub_component"
Info: Instantiated megafunction "lpm_add_sub1:inst32|lpm_add_sub:lpm_add_sub_component" with the following parameter:
    Info: Parameter "lpm_direction" = "SUB"
    Info: Parameter "lpm_hint" = "ONE_INPUT_IS_CONSTANT=NO,CIN_USED=NO"
    Info: Parameter "lpm_representation" = "UNSIGNED"
    Info: Parameter "lpm_type" = "LPM_ADD_SUB"
    Info: Parameter "lpm_width" = "4"
Info: Elaborating entity "addcore" for hierarchy "lpm_add_sub1:inst32|lpm_add_sub:lpm_add_sub_component|addcore:adder"
Info: Elaborated megafunction instantiation "lpm_add_sub1:inst32|lpm_add_sub:lpm_add_sub_component|addcore:adder", which is child of megafunction instantiation "lpm_add_sub1:inst32|lpm_add_sub:lpm_add_sub_component"
Info: Elaborating entity "a_csnbuffer" for hierarchy "lpm_add_sub1:inst32|lpm_add_sub:lpm_add_sub_component|addcore:adder|a_csnbuffer:oflow_node"
Info: Elaborated megafunction instantiation "lpm_add_sub1:inst32|lpm_add_sub:lpm_add_sub_component|addcore:adder|a_csnbuffer:oflow_node", which is child of megafunction instantiation "lpm_add_sub1:inst32|lpm_add_sub:lpm_add_sub_component"
Info: Elaborating entity "a_csnbuffer" for hierarchy "lpm_add_sub1:inst32|lpm_add_sub:lpm_add_sub_component|addcore:adder|a_csnbuffer:result_node"
Info: Elaborated megafunction instantiation "lpm_add_sub1:inst32|lpm_add_sub:lpm_add_sub_component|addcore:adder|a_csnbuffer:result_node", which is child of megafunction instantiation "lpm_add_sub1:inst32|lpm_add_sub:lpm_add_sub_component"
Info: Elaborating entity "altshift" for hierarchy "lpm_add_sub1:inst32|lpm_add_sub:lpm_add_sub_component|altshift:result_ext_latency_ffs"
Info: Elaborated megafunction instantiation "lpm_add_sub1:inst32|lpm_add_sub:lpm_add_sub_component|altshift:result_ext_latency_ffs", which is child of megafunction instantiation "lpm_add_sub1:inst32|lpm_add_sub:lpm_add_sub_component"
Info: Elaborating entity "lpm_counter3" for hierarchy "lpm_counter3:inst53"
Info: Elaborating entity "lpm_counter" for hierarchy "lpm_counter3:inst53|lpm_counter:lpm_counter_component"
Info: Elaborated megafunction instantiation "lpm_counter3:inst53|lpm_counter:lpm_counter_component"
Info: Instantiated megafunction "lpm_counter3:inst53|lpm_counter:lpm_counter_component" with the following parameter:
    Info: Parameter "lpm_direction" = "UP"
    Info: Parameter "lpm_port_updown" = "PORT_UNUSED"
    Info: Parameter "lpm_type" = "LPM_COUNTER"
    Info: Parameter "lpm_width" = "4"
Info: Elaborating entity "alt_counter_f10ke" for hierarchy "lpm_counter3:inst53|lpm_counter:lpm_counter_component|alt_counter_f10ke:wysi_counter"
Info: Elaborated megafunction instantiation "lpm_counter3:inst53|lpm_counter:lpm_counter_component|alt_counter_f10ke:wysi_counter", which is child of megafunction instantiation "lpm_counter3:inst53|lpm_counter:lpm_counter_component"
Info: Ignored 3 buffer(s)
    Info: Ignored 3 SOFT buffer(s)
Info: Registers with preset signals will power-up high
Warning: Design contains 2 input pin(s) that do not drive logic
    Warning (15610): No output dependent on input pin "UART_CLK_SIM"
    Warning (15610): No output dependent on input pin "Sim_CLK"
Info: Implemented 424 device resources after synthesis - the final resource count might be different
    Info: Implemented 5 input pins
    Info: Implemented 25 output pins
    Info: Implemented 394 logic cells
Info: Quartus II Analysis & Synthesis was successful. 0 errors, 20 warnings
    Info: Peak virtual memory: 241 megabytes
    Info: Processing ended: Fri Dec 06 02:26:57 2013
    Info: Elapsed time: 00:00:04
    Info: Total CPU time (on all processors): 00:00:02


