Fitter report for project5
Sun Nov 10 02:29:03 2013
Quartus II Version 9.0 Build 235 06/17/2009 Service Pack 2 SJ Web Edition


---------------------
; Table of Contents ;
---------------------
  1. Legal Notice
  2. Fitter Summary
  3. Fitter Settings
  4. Parallel Compilation
  5. Fitter Device Options
  6. Input Pins
  7. Output Pins
  8. All Package Pins
  9. Control Signals
 10. Global & Other Fast Signals
 11. Carry Chains
 12. Non-Global High Fan-Out Signals
 13. LAB
 14. Local Routing Interconnect
 15. LAB External Interconnect
 16. Row Interconnect
 17. LAB Column Interconnect
 18. LAB Column Interconnect
 19. Fitter Resource Usage Summary
 20. Fitter Resource Utilization by Entity
 21. Delay Chain Summary
 22. Pin-Out File
 23. Fitter Messages



----------------
; Legal Notice ;
----------------
Copyright (C) 1991-2009 Altera Corporation
Your use of Altera Corporation's design tools, logic functions 
and other software and tools, and its AMPP partner logic 
functions, and any output files from any of the foregoing 
(including device programming or simulation files), and any 
associated documentation or information are expressly subject 
to the terms and conditions of the Altera Program License 
Subscription Agreement, Altera MegaCore Function License 
Agreement, or other applicable license agreement, including, 
without limitation, that your use is for the sole purpose of 
programming logic devices manufactured by Altera and sold by 
Altera or its authorized distributors.  Please refer to the 
applicable agreement for further details.



+----------------------------------------------------------------------+
; Fitter Summary                                                       ;
+-----------------------+----------------------------------------------+
; Fitter Status         ; Successful - Sun Nov 10 02:29:03 2013        ;
; Quartus II Version    ; 9.0 Build 235 06/17/2009 SP 2 SJ Web Edition ;
; Revision Name         ; project5                                     ;
; Top-level Entity Name ; project6                                     ;
; Family                ; FLEX10K                                      ;
; Device                ; EPF10K70RC240-4                              ;
; Timing Models         ; Final                                        ;
; Total logic elements  ; 380 / 3,744 ( 10 % )                         ;
; Total pins            ; 30 / 189 ( 16 % )                            ;
; Total memory bits     ; 0 / 18,432 ( 0 % )                           ;
+-----------------------+----------------------------------------------+


+------------------------------------------------------------------------------------------------------+
; Fitter Settings                                                                                      ;
+------------------------------------------------------------+--------------------+--------------------+
; Option                                                     ; Setting            ; Default Value      ;
+------------------------------------------------------------+--------------------+--------------------+
; Device                                                     ; EPF10K70RC240-4    ;                    ;
; Use smart compilation                                      ; Off                ; Off                ;
; Use TimeQuest Timing Analyzer                              ; Off                ; Off                ;
; Router Timing Optimization Level                           ; Normal             ; Normal             ;
; Placement Effort Multiplier                                ; 1.0                ; 1.0                ;
; Router Effort Multiplier                                   ; 1.0                ; 1.0                ;
; Optimize Timing                                            ; Normal compilation ; Normal compilation ;
; Optimize Timing for ECOs                                   ; Off                ; Off                ;
; Regenerate full fit report during ECO compiles             ; Off                ; Off                ;
; Optimize IOC Register Placement for Timing                 ; On                 ; On                 ;
; Limit to One Fitting Attempt                               ; Off                ; Off                ;
; Final Placement Optimizations                              ; Automatically      ; Automatically      ;
; Fitter Aggressive Routability Optimizations                ; Automatically      ; Automatically      ;
; Fitter Initial Placement Seed                              ; 1                  ; 1                  ;
; Slow Slew Rate                                             ; Off                ; Off                ;
; Auto Global Memory Control Signals                         ; Off                ; Off                ;
; Logic Cell Insertion - Individual Logic Cells              ; On                 ; On                 ;
; Logic Cell Insertion - I/Os Fed By Carry or Cascade Chains ; On                 ; On                 ;
; Fitter Effort                                              ; Auto Fit           ; Auto Fit           ;
; Auto Global Clock                                          ; On                 ; On                 ;
; Auto Global Output Enable                                  ; On                 ; On                 ;
; Auto Global Register Control Signals                       ; On                 ; On                 ;
; Force Fitter to Avoid Periphery Placement Warnings         ; Off                ; Off                ;
+------------------------------------------------------------+--------------------+--------------------+


Parallel compilation was disabled, but you have multiple processors available. Enable parallel compilation to reduce compilation time.
+-------------------------------------+
; Parallel Compilation                ;
+----------------------------+--------+
; Processors                 ; Number ;
+----------------------------+--------+
; Number detected on machine ; 2      ;
; Maximum allowed            ; 1      ;
+----------------------------+--------+


+-------------------------------------------------------------------------+
; Fitter Device Options                                                   ;
+----------------------------------------------+--------------------------+
; Option                                       ; Setting                  ;
+----------------------------------------------+--------------------------+
; Enable user-supplied start-up clock (CLKUSR) ; Off                      ;
; Enable device-wide reset (DEV_CLRn)          ; Off                      ;
; Enable device-wide output enable (DEV_OE)    ; Off                      ;
; Enable INIT_DONE output                      ; Off                      ;
; Configuration scheme                         ; Passive Serial           ;
; nWS, nRS, nCS, CS                            ; Unreserved               ;
; RDYnBUSY                                     ; Unreserved               ;
; Data[7..1]                                   ; Unreserved               ;
; Reserve all unused pins                      ; As output driving ground ;
; Base pin-out file on sameframe device        ; Off                      ;
+----------------------------------------------+--------------------------+


+----------------------------------------------------------------------------------------------------------------------------------------------+
; Input Pins                                                                                                                                   ;
+--------------+-------+-----+------+---------+--------+--------------+-------------------------+---------------+---------------+--------------+
; Name         ; Pin # ; Row ; Col. ; Fan-Out ; Global ; I/O Register ; Use Local Routing Input ; Power Up High ; Single-Pin CE ; I/O Standard ;
+--------------+-------+-----+------+---------+--------+--------------+-------------------------+---------------+---------------+--------------+
; Sim_CLK      ; 211   ; --  ; --   ; 334     ; yes    ; no           ; no                      ; no            ; no            ; TTL          ;
; Rst_UART     ; 212   ; --  ; --   ; 10      ; yes    ; no           ; no                      ; no            ; no            ; TTL          ;
; UART_Recieve ; 210   ; --  ; --   ; 7       ; no     ; no           ; no                      ; no            ; no            ; TTL          ;
; UART_CLK_SIM ; 90    ; --  ; --   ; 0       ; no     ; no           ; no                      ; no            ; no            ; TTL          ;
; Sys_CLK      ; 91    ; --  ; --   ; 0       ; no     ; no           ; no                      ; no            ; no            ; TTL          ;
+--------------+-------+-----+------+---------+--------+--------------+-------------------------+---------------+---------------+--------------+


+------------------------------------------------------------------------------------------------------------------------------------------------------------------------------------+
; Output Pins                                                                                                                                                                        ;
+--------+-------+-----+------+--------------+--------------------------+---------------+----------------+---------------+---------------+------------+---------------+--------------+
; Name   ; Pin # ; Row ; Col. ; I/O Register ; Use Local Routing Output ; Power Up High ; Slow Slew Rate ; Single-Pin OE ; Single-Pin CE ; Open Drain ; TRI Primitive ; I/O Standard ;
+--------+-------+-----+------+--------------+--------------------------+---------------+----------------+---------------+---------------+------------+---------------+--------------+
; 1      ; 214   ; --  ; 28   ; no           ; no                       ; no            ; no             ; no            ; no            ; no         ; no            ; TTL          ;
; 3      ; 31    ;  E  ; --   ; no           ; no                       ; no            ; no             ; no            ; no            ; no         ; no            ; TTL          ;
; LN3    ; 222   ; --  ; 35   ; no           ; no                       ; no            ; no             ; no            ; no            ; no         ; no            ; TTL          ;
; LN2    ; 35    ;  E  ; --   ; no           ; no                       ; no            ; no             ; no            ; no            ; no         ; no            ; TTL          ;
; LN1    ; 152   ;  E  ; --   ; no           ; no                       ; no            ; no             ; no            ; no            ; no         ; no            ; TTL          ;
; LN0    ; 149   ;  E  ; --   ; no           ; no                       ; no            ; no             ; no            ; no            ; no         ; no            ; TTL          ;
; UP3    ; 30    ;  E  ; --   ; no           ; no                       ; no            ; no             ; no            ; no            ; no         ; no            ; TTL          ;
; UP2    ; 151   ;  E  ; --   ; no           ; no                       ; no            ; no             ; no            ; no            ; no         ; no            ; TTL          ;
; UP1    ; 33    ;  E  ; --   ; no           ; no                       ; no            ; no             ; no            ; no            ; no         ; no            ; TTL          ;
; UP0    ; 153   ;  E  ; --   ; no           ; no                       ; no            ; no             ; no            ; no            ; no         ; no            ; TTL          ;
; enable ; 34    ;  E  ; --   ; no           ; no                       ; no            ; no             ; no            ; no            ; no         ; no            ; TTL          ;
; UA     ; 17    ;  B  ; --   ; no           ; no                       ; no            ; no             ; no            ; no            ; no         ; no            ; TTL          ;
; UB     ; 18    ;  B  ; --   ; no           ; no                       ; no            ; no             ; no            ; no            ; no         ; no            ; TTL          ;
; UC     ; 19    ;  C  ; --   ; no           ; no                       ; no            ; no             ; no            ; no            ; no         ; no            ; TTL          ;
; UD     ; 20    ;  C  ; --   ; no           ; no                       ; no            ; no             ; no            ; no            ; no         ; no            ; TTL          ;
; UE     ; 21    ;  C  ; --   ; no           ; no                       ; no            ; no             ; no            ; no            ; no         ; no            ; TTL          ;
; UF     ; 23    ;  C  ; --   ; no           ; no                       ; no            ; no             ; no            ; no            ; no         ; no            ; TTL          ;
; UG     ; 24    ;  C  ; --   ; no           ; no                       ; no            ; no             ; no            ; no            ; no         ; no            ; TTL          ;
; lA     ; 6     ;  A  ; --   ; no           ; no                       ; no            ; no             ; no            ; no            ; no         ; no            ; TTL          ;
; lB     ; 7     ;  A  ; --   ; no           ; no                       ; no            ; no             ; no            ; no            ; no         ; no            ; TTL          ;
; lC     ; 8     ;  A  ; --   ; no           ; no                       ; no            ; no             ; no            ; no            ; no         ; no            ; TTL          ;
; lD     ; 9     ;  A  ; --   ; no           ; no                       ; no            ; no             ; no            ; no            ; no         ; no            ; TTL          ;
; lE     ; 11    ;  A  ; --   ; no           ; no                       ; no            ; no             ; no            ; no            ; no         ; no            ; TTL          ;
; lF     ; 12    ;  B  ; --   ; no           ; no                       ; no            ; no             ; no            ; no            ; no         ; no            ; TTL          ;
; lG     ; 13    ;  B  ; --   ; no           ; no                       ; no            ; no             ; no            ; no            ; no         ; no            ; TTL          ;
+--------+-------+-----+------+--------------+--------------------------+---------------+----------------+---------------+---------------+------------+---------------+--------------+


+-------------------------------------+
; All Package Pins                    ;
+-------+--------------+--------------+
; Pin # ; Usage        ; I/O Standard ;
+-------+--------------+--------------+
; 1     ; #TCK         ;              ;
; 2     ; ^CONF_DONE   ;              ;
; 3     ; ^nCEO        ;              ;
; 4     ; #TDO         ;              ;
; 5     ; VCC_INT      ;              ;
; 6     ; lA           ; TTL          ;
; 7     ; lB           ; TTL          ;
; 8     ; lC           ; TTL          ;
; 9     ; lD           ; TTL          ;
; 10    ; GND_INT      ;              ;
; 11    ; lE           ; TTL          ;
; 12    ; lF           ; TTL          ;
; 13    ; lG           ; TTL          ;
; 14    ; GND*         ;              ;
; 15    ; GND*         ;              ;
; 16    ; VCC_INT      ;              ;
; 17    ; UA           ; TTL          ;
; 18    ; UB           ; TTL          ;
; 19    ; UC           ; TTL          ;
; 20    ; UD           ; TTL          ;
; 21    ; UE           ; TTL          ;
; 22    ; GND_INT      ;              ;
; 23    ; UF           ; TTL          ;
; 24    ; UG           ; TTL          ;
; 25    ; GND*         ;              ;
; 26    ; GND*         ;              ;
; 27    ; VCC_INT      ;              ;
; 28    ; GND*         ;              ;
; 29    ; GND*         ;              ;
; 30    ; UP3          ; TTL          ;
; 31    ; 3            ; TTL          ;
; 32    ; GND_INT      ;              ;
; 33    ; UP1          ; TTL          ;
; 34    ; enable       ; TTL          ;
; 35    ; LN2          ; TTL          ;
; 36    ; GND*         ;              ;
; 37    ; VCC_INT      ;              ;
; 38    ; GND*         ;              ;
; 39    ; GND*         ;              ;
; 40    ; GND*         ;              ;
; 41    ; GND*         ;              ;
; 42    ; GND_INT      ;              ;
; 43    ; GND*         ;              ;
; 44    ; GND*         ;              ;
; 45    ; GND*         ;              ;
; 46    ; GND*         ;              ;
; 47    ; VCC_INT      ;              ;
; 48    ; GND*         ;              ;
; 49    ; GND*         ;              ;
; 50    ; GND*         ;              ;
; 51    ; GND*         ;              ;
; 52    ; GND_INT      ;              ;
; 53    ; GND*         ;              ;
; 54    ; GND*         ;              ;
; 55    ; GND*         ;              ;
; 56    ; GND*         ;              ;
; 57    ; VCC_INT      ;              ;
; 58    ; #TMS         ;              ;
; 59    ; #TRST        ;              ;
; 60    ; ^nSTATUS     ;              ;
; 61    ; GND*         ;              ;
; 62    ; GND*         ;              ;
; 63    ; GND*         ;              ;
; 64    ; GND*         ;              ;
; 65    ; GND*         ;              ;
; 66    ; GND*         ;              ;
; 67    ; GND*         ;              ;
; 68    ; GND*         ;              ;
; 69    ; GND_INT      ;              ;
; 70    ; GND*         ;              ;
; 71    ; GND*         ;              ;
; 72    ; GND*         ;              ;
; 73    ; GND*         ;              ;
; 74    ; GND*         ;              ;
; 75    ; GND*         ;              ;
; 76    ; GND*         ;              ;
; 77    ; VCC_INT      ;              ;
; 78    ; GND*         ;              ;
; 79    ; GND*         ;              ;
; 80    ; GND*         ;              ;
; 81    ; GND*         ;              ;
; 82    ; GND*         ;              ;
; 83    ; GND*         ;              ;
; 84    ; GND*         ;              ;
; 85    ; GND_INT      ;              ;
; 86    ; GND*         ;              ;
; 87    ; GND*         ;              ;
; 88    ; GND*         ;              ;
; 89    ; VCC_INT      ;              ;
; 90    ; UART_CLK_SIM ; TTL          ;
; 91    ; Sys_CLK      ; TTL          ;
; 92    ; GND+         ;              ;
; 93    ; GND_INT      ;              ;
; 94    ; GND*         ;              ;
; 95    ; GND*         ;              ;
; 96    ; VCC_INT      ;              ;
; 97    ; GND*         ;              ;
; 98    ; GND*         ;              ;
; 99    ; GND*         ;              ;
; 100   ; GND*         ;              ;
; 101   ; GND*         ;              ;
; 102   ; GND*         ;              ;
; 103   ; GND*         ;              ;
; 104   ; GND_INT      ;              ;
; 105   ; GND*         ;              ;
; 106   ; GND*         ;              ;
; 107   ; GND*         ;              ;
; 108   ; GND*         ;              ;
; 109   ; GND*         ;              ;
; 110   ; GND*         ;              ;
; 111   ; GND*         ;              ;
; 112   ; VCC_INT      ;              ;
; 113   ; GND*         ;              ;
; 114   ; GND*         ;              ;
; 115   ; GND*         ;              ;
; 116   ; GND*         ;              ;
; 117   ; GND*         ;              ;
; 118   ; GND*         ;              ;
; 119   ; GND*         ;              ;
; 120   ; GND*         ;              ;
; 121   ; ^nCONFIG     ;              ;
; 122   ; VCC_INT      ;              ;
; 123   ; ^MSEL1       ;              ;
; 124   ; ^MSEL0       ;              ;
; 125   ; GND_INT      ;              ;
; 126   ; GND*         ;              ;
; 127   ; GND*         ;              ;
; 128   ; GND*         ;              ;
; 129   ; GND*         ;              ;
; 130   ; VCC_INT      ;              ;
; 131   ; GND*         ;              ;
; 132   ; GND*         ;              ;
; 133   ; GND*         ;              ;
; 134   ; GND*         ;              ;
; 135   ; GND_INT      ;              ;
; 136   ; GND*         ;              ;
; 137   ; GND*         ;              ;
; 138   ; GND*         ;              ;
; 139   ; GND*         ;              ;
; 140   ; VCC_INT      ;              ;
; 141   ; GND*         ;              ;
; 142   ; GND*         ;              ;
; 143   ; GND*         ;              ;
; 144   ; GND*         ;              ;
; 145   ; GND_INT      ;              ;
; 146   ; GND*         ;              ;
; 147   ; GND*         ;              ;
; 148   ; GND*         ;              ;
; 149   ; LN0          ; TTL          ;
; 150   ; VCC_INT      ;              ;
; 151   ; UP2          ; TTL          ;
; 152   ; LN1          ; TTL          ;
; 153   ; UP0          ; TTL          ;
; 154   ; GND*         ;              ;
; 155   ; GND_INT      ;              ;
; 156   ; GND*         ;              ;
; 157   ; GND*         ;              ;
; 158   ; GND*         ;              ;
; 159   ; GND*         ;              ;
; 160   ; VCC_INT      ;              ;
; 161   ; GND*         ;              ;
; 162   ; GND*         ;              ;
; 163   ; GND*         ;              ;
; 164   ; GND*         ;              ;
; 165   ; GND_INT      ;              ;
; 166   ; GND*         ;              ;
; 167   ; GND*         ;              ;
; 168   ; GND*         ;              ;
; 169   ; GND*         ;              ;
; 170   ; VCC_INT      ;              ;
; 171   ; GND*         ;              ;
; 172   ; GND*         ;              ;
; 173   ; GND*         ;              ;
; 174   ; GND*         ;              ;
; 175   ; GND*         ;              ;
; 176   ; GND_INT      ;              ;
; 177   ; #TDI         ;              ;
; 178   ; ^nCE         ;              ;
; 179   ; ^DCLK        ;              ;
; 180   ; ^DATA0       ;              ;
; 181   ; GND*         ;              ;
; 182   ; GND*         ;              ;
; 183   ; GND*         ;              ;
; 184   ; GND*         ;              ;
; 185   ; GND*         ;              ;
; 186   ; GND*         ;              ;
; 187   ; GND*         ;              ;
; 188   ; GND*         ;              ;
; 189   ; VCC_INT      ;              ;
; 190   ; GND*         ;              ;
; 191   ; GND*         ;              ;
; 192   ; GND*         ;              ;
; 193   ; GND*         ;              ;
; 194   ; GND*         ;              ;
; 195   ; GND*         ;              ;
; 196   ; GND*         ;              ;
; 197   ; GND_INT      ;              ;
; 198   ; GND*         ;              ;
; 199   ; GND*         ;              ;
; 200   ; GND*         ;              ;
; 201   ; GND*         ;              ;
; 202   ; GND*         ;              ;
; 203   ; GND*         ;              ;
; 204   ; GND*         ;              ;
; 205   ; VCC_INT      ;              ;
; 206   ; GND*         ;              ;
; 207   ; GND*         ;              ;
; 208   ; GND*         ;              ;
; 209   ; GND*         ;              ;
; 210   ; UART_Recieve ; TTL          ;
; 211   ; Sim_CLK      ; TTL          ;
; 212   ; Rst_UART     ; TTL          ;
; 213   ; GND*         ;              ;
; 214   ; 1            ; TTL          ;
; 215   ; GND*         ;              ;
; 216   ; GND_INT      ;              ;
; 217   ; GND*         ;              ;
; 218   ; GND*         ;              ;
; 219   ; GND*         ;              ;
; 220   ; GND*         ;              ;
; 221   ; GND*         ;              ;
; 222   ; LN3          ; TTL          ;
; 223   ; GND*         ;              ;
; 224   ; VCC_INT      ;              ;
; 225   ; GND*         ;              ;
; 226   ; GND*         ;              ;
; 227   ; GND*         ;              ;
; 228   ; GND*         ;              ;
; 229   ; GND*         ;              ;
; 230   ; GND*         ;              ;
; 231   ; GND*         ;              ;
; 232   ; GND_INT      ;              ;
; 233   ; GND*         ;              ;
; 234   ; GND*         ;              ;
; 235   ; GND*         ;              ;
; 236   ; GND*         ;              ;
; 237   ; GND*         ;              ;
; 238   ; GND*         ;              ;
; 239   ; GND*         ;              ;
; 240   ; GND*         ;              ;
+-------+--------------+--------------+


+--------------------------------------------------------------------------+
; Control Signals                                                          ;
+------------------------+---------+---------+--------------+--------------+
; Name                   ; Pin #   ; Fan-Out ; Usage        ; Global Usage ;
+------------------------+---------+---------+--------------+--------------+
; Sim_CLK                ; 211     ; 334     ; Clock        ; Pin          ;
; Rst_UART               ; 212     ; 10      ; Async. clear ; Pin          ;
; design4TJN:inst|inst43 ; LC8_F31 ; 1       ; Clock enable ; Non-global   ;
; inst38                 ; LC5_E48 ; 1       ; Clock enable ; Non-global   ;
+------------------------+---------+---------+--------------+--------------+


+-----------------------------------------+
; Global & Other Fast Signals             ;
+--------------+-------+---------+--------+
; Name         ; Pin # ; Fan-Out ; Global ;
+--------------+-------+---------+--------+
; Sim_CLK      ; 211   ; 334     ; yes    ;
; Rst_UART     ; 212   ; 10      ; yes    ;
; UART_Recieve ; 210   ; 7       ; no     ;
+--------------+-------+---------+--------+


+---------------------------------------------+
; Carry Chains                                ;
+--------------------+------------------------+
; Carry Chain Length ; Number of Carry Chains ;
+--------------------+------------------------+
; 0                  ; 0                      ;
; 1                  ; 0                      ;
; 2                  ; 0                      ;
; 3                  ; 0                      ;
; 4                  ; 1                      ;
; 5                  ; 2                      ;
+--------------------+------------------------+


+---------------------------------------------------------------------------------------------------------------------+
; Non-Global High Fan-Out Signals                                                                                     ;
+-----------------------------------------------------------------------------------------------------------+---------+
; Name                                                                                                      ; Fan-Out ;
+-----------------------------------------------------------------------------------------------------------+---------+
; design4TJN:inst|lpm_latch1:inst55|lpm_latch:lpm_latch_component|latches[3]~5                              ; 9       ;
; design4TJN:inst|lpm_latch1:inst55|lpm_latch:lpm_latch_component|latches[1]~7                              ; 9       ;
; design4TJN:inst|lpm_latch1:inst55|lpm_latch:lpm_latch_component|latches[0]~4                              ; 9       ;
; design4TJN:inst|lpm_latch1:inst55|lpm_latch:lpm_latch_component|latches[2]~6                              ; 9       ;
; design4TJN:inst|lpm_latch0:inst54|lpm_latch:lpm_latch_component|latches[1]~7                              ; 9       ;
; design4TJN:inst|lpm_latch0:inst54|lpm_latch:lpm_latch_component|latches[2]~6                              ; 9       ;
; design4TJN:inst|lpm_latch0:inst54|lpm_latch:lpm_latch_component|latches[0]~4                              ; 9       ;
; design4TJN:inst|lpm_latch0:inst54|lpm_latch:lpm_latch_component|latches[3]~5                              ; 9       ;
; design4TJN:inst|inst47~0                                                                                  ; 8       ;
; design4TJN:inst|inst53~1                                                                                  ; 8       ;
; UART_Recieve                                                                                              ; 7       ;
; inst37~_wirecell                                                                                          ; 4       ;
; design4TJN:inst|inst9~1                                                                                   ; 3       ;
; design4TJN:inst|inst3~1                                                                                   ; 3       ;
; design4TJN:inst|Delay_Function:inst28|inst47~1                                                            ; 3       ;
; design4TJN:inst|inst4~1                                                                                   ; 3       ;
; design4TJN:inst|inst11~1                                                                                  ; 3       ;
; design4TJN:inst|inst5~1                                                                                   ; 3       ;
; design4TJN:inst|inst7~1                                                                                   ; 3       ;
; inst37~2                                                                                                  ; 3       ;
; design4TJN:inst|Delay_Function:inst15|inst45~1                                                            ; 3       ;
; design4TJN:inst|inst49~2                                                                                  ; 3       ;
; design4TJN:inst|inst42~2                                                                                  ; 3       ;
; design4TJN:inst|inst2~1                                                                                   ; 3       ;
; design4TJN:inst|inst1~1                                                                                   ; 3       ;
; lpm_compare4:inst13|lpm_compare:lpm_compare_component|comptree:comparator|cmpchain:cmp_end|aeb_out~2      ; 2       ;
; design4TJN:inst|Delay_Function:inst|inst47~1                                                              ; 2       ;
; inst61~0                                                                                                  ; 2       ;
; inst5[0]~7                                                                                                ; 2       ;
; lpm_counter3:inst53|lpm_counter:lpm_counter_component|alt_counter_f10ke:wysi_counter|counter_cell[2]~COUT ; 2       ;
; lpm_counter3:inst53|lpm_counter:lpm_counter_component|alt_counter_f10ke:wysi_counter|counter_cell[0]~COUT ; 2       ;
; inst5[1]~6                                                                                                ; 2       ;
; lpm_counter3:inst53|lpm_counter:lpm_counter_component|alt_counter_f10ke:wysi_counter|counter_cell[1]~COUT ; 2       ;
; design4TJN:inst|Delay_Function:inst6|inst47~1                                                             ; 2       ;
; inst5[3]~4                                                                                                ; 2       ;
; design4TJN:inst|inst30~1                                                                                  ; 2       ;
; design4TJN:inst|inst33~1                                                                                  ; 2       ;
; design4TJN:inst|inst37~1                                                                                  ; 2       ;
; design4TJN:inst|inst36~1                                                                                  ; 2       ;
; design4TJN:inst|inst31~1                                                                                  ; 2       ;
; design4TJN:inst|inst32~1                                                                                  ; 2       ;
; design4TJN:inst|inst29~1                                                                                  ; 2       ;
; design4TJN:inst|inst34~1                                                                                  ; 2       ;
; design4TJN:inst|Delay_Function:inst10|inst47~1                                                            ; 2       ;
; design4TJN:inst|lpm_mux0:inst40|lpm_mux:lpm_mux_component|muxlut:$00009|result_node~4                     ; 2       ;
; design4TJN:inst|Delay_Function:inst16|inst47~1                                                            ; 2       ;
; design4TJN:inst|inst39~1                                                                                  ; 2       ;
; design4TJN:inst|inst18~0                                                                                  ; 2       ;
; design4TJN:inst|Delay_Function:inst23|inst47~1                                                            ; 2       ;
; design4TJN:inst|Delay_Function:inst25|inst47~1                                                            ; 2       ;
+-----------------------------------------------------------------------------------------------------------+---------+


+-------------------------------------------+
; LAB                                       ;
+--------------------------+----------------+
; Number of Logic Elements ; Number of LABs ;
+--------------------------+----------------+
; 0                        ; 410            ;
; 1                        ; 3              ;
; 2                        ; 0              ;
; 3                        ; 1              ;
; 4                        ; 1              ;
; 5                        ; 3              ;
; 6                        ; 10             ;
; 7                        ; 25             ;
; 8                        ; 15             ;
+--------------------------+----------------+


+----------------------------------------------+
; Local Routing Interconnect                   ;
+-----------------------------+----------------+
; Local Routing Interconnects ; Number of LABs ;
+-----------------------------+----------------+
; 0                           ; 416            ;
; 1                           ; 0              ;
; 2                           ; 2              ;
; 3                           ; 0              ;
; 4                           ; 6              ;
; 5                           ; 10             ;
; 6                           ; 24             ;
; 7                           ; 10             ;
+-----------------------------+----------------+


+---------------------------------------------+
; LAB External Interconnect                   ;
+----------------------------+----------------+
; LAB External Interconnects ; Number of LABs ;
+----------------------------+----------------+
; 0                          ; 410            ;
; 1                          ; 44             ;
; 2                          ; 0              ;
; 3                          ; 4              ;
; 4                          ; 4              ;
; 5                          ; 2              ;
; 6                          ; 1              ;
; 7                          ; 1              ;
; 8                          ; 1              ;
; 9                          ; 0              ;
; 10                         ; 1              ;
+----------------------------+----------------+


+-------------------------------------------------------------------------------------------+
; Row Interconnect                                                                          ;
+-------+----------------------+-----------------------------+------------------------------+
; Row   ; Interconnect Used    ; Left Half Interconnect Used ; Right Half Interconnect Used ;
+-------+----------------------+-----------------------------+------------------------------+
;  A    ;  1 / 208 ( < 1 % )   ;  1 / 104 ( < 1 % )          ;  12 / 104 ( 12 % )           ;
;  B    ;  1 / 208 ( < 1 % )   ;  1 / 104 ( < 1 % )          ;  5 / 104 ( 5 % )             ;
;  C    ;  0 / 208 ( 0 % )     ;  0 / 104 ( 0 % )            ;  5 / 104 ( 5 % )             ;
;  D    ;  0 / 208 ( 0 % )     ;  0 / 104 ( 0 % )            ;  0 / 104 ( 0 % )             ;
;  E    ;  16 / 208 ( 8 % )    ;  11 / 104 ( 11 % )          ;  28 / 104 ( 27 % )           ;
;  F    ;  0 / 208 ( 0 % )     ;  0 / 104 ( 0 % )            ;  8 / 104 ( 8 % )             ;
;  G    ;  0 / 208 ( 0 % )     ;  0 / 104 ( 0 % )            ;  5 / 104 ( 5 % )             ;
;  H    ;  0 / 208 ( 0 % )     ;  2 / 104 ( 2 % )            ;  0 / 104 ( 0 % )             ;
;  I    ;  0 / 208 ( 0 % )     ;  0 / 104 ( 0 % )            ;  0 / 104 ( 0 % )             ;
; Total ;  18 / 1872 ( < 1 % ) ;  15 / 936 ( 2 % )           ;  63 / 936 ( 7 % )            ;
+-------+----------------------+-----------------------------+------------------------------+


+----------------------------+
; LAB Column Interconnect    ;
+-------+--------------------+
; Col.  ; Interconnect Used  ;
+-------+--------------------+
; 1     ;  0 / 24 ( 0 % )    ;
; 2     ;  0 / 24 ( 0 % )    ;
; 3     ;  0 / 24 ( 0 % )    ;
; 4     ;  0 / 24 ( 0 % )    ;
; 5     ;  0 / 24 ( 0 % )    ;
; 6     ;  0 / 24 ( 0 % )    ;
; 7     ;  0 / 24 ( 0 % )    ;
; 8     ;  0 / 24 ( 0 % )    ;
; 9     ;  0 / 24 ( 0 % )    ;
; 10    ;  0 / 24 ( 0 % )    ;
; 11    ;  0 / 24 ( 0 % )    ;
; 12    ;  1 / 24 ( 4 % )    ;
; 13    ;  0 / 24 ( 0 % )    ;
; 14    ;  0 / 24 ( 0 % )    ;
; 15    ;  0 / 24 ( 0 % )    ;
; 16    ;  0 / 24 ( 0 % )    ;
; 17    ;  0 / 24 ( 0 % )    ;
; 18    ;  1 / 24 ( 4 % )    ;
; 19    ;  0 / 24 ( 0 % )    ;
; 20    ;  0 / 24 ( 0 % )    ;
; 21    ;  0 / 24 ( 0 % )    ;
; 22    ;  1 / 24 ( 4 % )    ;
; 23    ;  0 / 24 ( 0 % )    ;
; 24    ;  0 / 24 ( 0 % )    ;
; 25    ;  0 / 24 ( 0 % )    ;
; 26    ;  0 / 24 ( 0 % )    ;
; 27    ;  0 / 24 ( 0 % )    ;
; 28    ;  1 / 24 ( 4 % )    ;
; 29    ;  0 / 24 ( 0 % )    ;
; 30    ;  0 / 24 ( 0 % )    ;
; 31    ;  0 / 24 ( 0 % )    ;
; 32    ;  0 / 24 ( 0 % )    ;
; 33    ;  0 / 24 ( 0 % )    ;
; 34    ;  1 / 24 ( 4 % )    ;
; 35    ;  3 / 24 ( 13 % )   ;
; 36    ;  4 / 24 ( 17 % )   ;
; 37    ;  5 / 24 ( 21 % )   ;
; 38    ;  2 / 24 ( 8 % )    ;
; 39    ;  0 / 24 ( 0 % )    ;
; 40    ;  2 / 24 ( 8 % )    ;
; 41    ;  0 / 24 ( 0 % )    ;
; 42    ;  0 / 24 ( 0 % )    ;
; 43    ;  0 / 24 ( 0 % )    ;
; 44    ;  0 / 24 ( 0 % )    ;
; 45    ;  0 / 24 ( 0 % )    ;
; 46    ;  1 / 24 ( 4 % )    ;
; 47    ;  0 / 24 ( 0 % )    ;
; 48    ;  1 / 24 ( 4 % )    ;
; 49    ;  0 / 24 ( 0 % )    ;
; 50    ;  2 / 24 ( 8 % )    ;
; 51    ;  0 / 24 ( 0 % )    ;
; 52    ;  0 / 24 ( 0 % )    ;
; Total ;  25 / 1248 ( 2 % ) ;
+-------+--------------------+


+---------------------------+
; LAB Column Interconnect   ;
+-------+-------------------+
; Col.  ; Interconnect Used ;
+-------+-------------------+
; 1     ;  0 / 24 ( 0 % )   ;
; Total ;  0 / 24 ( 0 % )   ;
+-------+-------------------+


+----------------------------------------------------------------------------------------------------------------+
; Fitter Resource Usage Summary                                                                                  ;
+-----------------------------------+----------------------------------------------------------------------------+
; Resource                          ; Usage                                                                      ;
+-----------------------------------+----------------------------------------------------------------------------+
; Total logic elements              ; 380 / 3,744 ( 10 % )                                                       ;
; Registers                         ; 334 / 3,744 ( 9 % )                                                        ;
; Logic elements in carry chains    ; 14                                                                         ;
; User inserted logic elements      ; 0                                                                          ;
; I/O pins                          ; 30 / 189 ( 16 % )                                                          ;
;     -- Clock pins                 ; 3 / 2 ( 150 % )                                                            ;
;     -- Dedicated input pins       ; 5 / 4 ( 125 % )                                                            ;
; Global signals                    ; 2                                                                          ;
; EABs                              ; 0 / 9 ( 0 % )                                                              ;
; Total memory bits                 ; 0 / 18,432 ( 0 % )                                                         ;
; Total RAM block bits              ; 0 / 18,432 ( 0 % )                                                         ;
; Maximum fan-out node              ; Sim_CLK                                                                    ;
; Maximum fan-out                   ; 334                                                                        ;
; Highest non-global fan-out signal ; design4TJN:inst|lpm_latch0:inst54|lpm_latch:lpm_latch_component|latches[0] ;
; Highest non-global fan-out        ; 9                                                                          ;
; Total fan-out                     ; 867                                                                        ;
; Average fan-out                   ; 2.11                                                                       ;
+-----------------------------------+----------------------------------------------------------------------------+


+---------------------------------------------------------------------------------------------------------------------------------------------------------------------------------------------------------------------------------------------------------------------------------------------------------+
; Fitter Resource Utilization by Entity                                                                                                                                                                                                                                                                   ;
+-------------------------------------------+-------------+--------------+-------------+------+--------------+-------------------+------------------+-----------------+------------+-------------------------------------------------------------------------------------------------------+--------------+
; Compilation Hierarchy Node                ; Logic Cells ; LC Registers ; Memory Bits ; Pins ; LUT-Only LCs ; Register-Only LCs ; LUT/Register LCs ; Carry Chain LCs ; Packed LCs ; Full Hierarchy Name                                                                                   ; Library Name ;
+-------------------------------------------+-------------+--------------+-------------+------+--------------+-------------------+------------------+-----------------+------------+-------------------------------------------------------------------------------------------------------+--------------+
; |project6                                 ; 380 (15)    ; 334          ; 0           ; 30   ; 46 (2)       ; 318 (7)           ; 16 (6)           ; 14 (2)          ; 0 (0)      ; |project6                                                                                             ; work         ;
;    |design4TJN:inst|                      ; 351 (24)    ; 317          ; 0           ; 0    ; 34 (11)      ; 311 (9)           ; 6 (4)            ; 0 (0)           ; 0 (0)      ; |project6|design4TJN:inst                                                                             ; work         ;
;       |7_Segment_Decoder:inst24|          ; 7 (7)       ; 0            ; 0           ; 0    ; 7 (7)        ; 0 (0)             ; 0 (0)            ; 0 (0)           ; 0 (0)      ; |project6|design4TJN:inst|7_Segment_Decoder:inst24                                                    ; work         ;
;       |7_Segment_Decoder:inst26|          ; 7 (7)       ; 0            ; 0           ; 0    ; 7 (7)        ; 0 (0)             ; 0 (0)            ; 0 (0)           ; 0 (0)      ; |project6|design4TJN:inst|7_Segment_Decoder:inst26                                                    ; work         ;
;       |Delay_Function:inst10|             ; 32 (32)     ; 32           ; 0           ; 0    ; 0 (0)        ; 32 (32)           ; 0 (0)            ; 0 (0)           ; 0 (0)      ; |project6|design4TJN:inst|Delay_Function:inst10                                                       ; work         ;
;       |Delay_Function:inst15|             ; 16 (16)     ; 16           ; 0           ; 0    ; 0 (0)        ; 15 (15)           ; 1 (1)            ; 0 (0)           ; 0 (0)      ; |project6|design4TJN:inst|Delay_Function:inst15                                                       ; work         ;
;       |Delay_Function:inst16|             ; 32 (32)     ; 32           ; 0           ; 0    ; 0 (0)        ; 32 (32)           ; 0 (0)            ; 0 (0)           ; 0 (0)      ; |project6|design4TJN:inst|Delay_Function:inst16                                                       ; work         ;
;       |Delay_Function:inst23|             ; 32 (32)     ; 32           ; 0           ; 0    ; 0 (0)        ; 32 (32)           ; 0 (0)            ; 0 (0)           ; 0 (0)      ; |project6|design4TJN:inst|Delay_Function:inst23                                                       ; work         ;
;       |Delay_Function:inst25|             ; 32 (32)     ; 32           ; 0           ; 0    ; 0 (0)        ; 32 (32)           ; 0 (0)            ; 0 (0)           ; 0 (0)      ; |project6|design4TJN:inst|Delay_Function:inst25                                                       ; work         ;
;       |Delay_Function:inst27|             ; 32 (32)     ; 32           ; 0           ; 0    ; 0 (0)        ; 32 (32)           ; 0 (0)            ; 0 (0)           ; 0 (0)      ; |project6|design4TJN:inst|Delay_Function:inst27                                                       ; work         ;
;       |Delay_Function:inst28|             ; 32 (32)     ; 32           ; 0           ; 0    ; 0 (0)        ; 32 (32)           ; 0 (0)            ; 0 (0)           ; 0 (0)      ; |project6|design4TJN:inst|Delay_Function:inst28                                                       ; work         ;
;       |Delay_Function:inst6|              ; 32 (32)     ; 32           ; 0           ; 0    ; 0 (0)        ; 32 (32)           ; 0 (0)            ; 0 (0)           ; 0 (0)      ; |project6|design4TJN:inst|Delay_Function:inst6                                                        ; work         ;
;       |Delay_Function:inst8|              ; 32 (32)     ; 32           ; 0           ; 0    ; 0 (0)        ; 32 (32)           ; 0 (0)            ; 0 (0)           ; 0 (0)      ; |project6|design4TJN:inst|Delay_Function:inst8                                                        ; work         ;
;       |Delay_Function:inst|               ; 32 (32)     ; 32           ; 0           ; 0    ; 0 (0)        ; 31 (31)           ; 1 (1)            ; 0 (0)           ; 0 (0)      ; |project6|design4TJN:inst|Delay_Function:inst                                                         ; work         ;
;       |lpm_latch0:inst54|                 ; 4 (0)       ; 0            ; 0           ; 0    ; 4 (0)        ; 0 (0)             ; 0 (0)            ; 0 (0)           ; 0 (0)      ; |project6|design4TJN:inst|lpm_latch0:inst54                                                           ; work         ;
;          |lpm_latch:lpm_latch_component|  ; 4 (4)       ; 0            ; 0           ; 0    ; 4 (4)        ; 0 (0)             ; 0 (0)            ; 0 (0)           ; 0 (0)      ; |project6|design4TJN:inst|lpm_latch0:inst54|lpm_latch:lpm_latch_component                             ; work         ;
;       |lpm_latch1:inst55|                 ; 4 (0)       ; 0            ; 0           ; 0    ; 4 (0)        ; 0 (0)             ; 0 (0)            ; 0 (0)           ; 0 (0)      ; |project6|design4TJN:inst|lpm_latch1:inst55                                                           ; work         ;
;          |lpm_latch:lpm_latch_component|  ; 4 (4)       ; 0            ; 0           ; 0    ; 4 (4)        ; 0 (0)             ; 0 (0)            ; 0 (0)           ; 0 (0)      ; |project6|design4TJN:inst|lpm_latch1:inst55|lpm_latch:lpm_latch_component                             ; work         ;
;       |lpm_mux0:inst40|                   ; 1 (0)       ; 0            ; 0           ; 0    ; 1 (0)        ; 0 (0)             ; 0 (0)            ; 0 (0)           ; 0 (0)      ; |project6|design4TJN:inst|lpm_mux0:inst40                                                             ; work         ;
;          |lpm_mux:lpm_mux_component|      ; 1 (0)       ; 0            ; 0           ; 0    ; 1 (0)        ; 0 (0)             ; 0 (0)            ; 0 (0)           ; 0 (0)      ; |project6|design4TJN:inst|lpm_mux0:inst40|lpm_mux:lpm_mux_component                                   ; work         ;
;             |muxlut:$00009|               ; 1 (1)       ; 0            ; 0           ; 0    ; 1 (1)        ; 0 (0)             ; 0 (0)            ; 0 (0)           ; 0 (0)      ; |project6|design4TJN:inst|lpm_mux0:inst40|lpm_mux:lpm_mux_component|muxlut:$00009                     ; work         ;
;    |lpm_add_sub1:inst32|                  ; 4 (0)       ; 0            ; 0           ; 0    ; 4 (0)        ; 0 (0)             ; 0 (0)            ; 4 (0)           ; 0 (0)      ; |project6|lpm_add_sub1:inst32                                                                         ; work         ;
;       |lpm_add_sub:lpm_add_sub_component| ; 4 (0)       ; 0            ; 0           ; 0    ; 4 (0)        ; 0 (0)             ; 0 (0)            ; 4 (0)           ; 0 (0)      ; |project6|lpm_add_sub1:inst32|lpm_add_sub:lpm_add_sub_component                                       ; work         ;
;          |addcore:adder|                  ; 4 (0)       ; 0            ; 0           ; 0    ; 4 (0)        ; 0 (0)             ; 0 (0)            ; 4 (0)           ; 0 (0)      ; |project6|lpm_add_sub1:inst32|lpm_add_sub:lpm_add_sub_component|addcore:adder                         ; work         ;
;             |a_csnbuffer:result_node|     ; 4 (4)       ; 0            ; 0           ; 0    ; 4 (4)        ; 0 (0)             ; 0 (0)            ; 4 (4)           ; 0 (0)      ; |project6|lpm_add_sub1:inst32|lpm_add_sub:lpm_add_sub_component|addcore:adder|a_csnbuffer:result_node ; work         ;
;    |lpm_add_sub3:inst68|                  ; 4 (0)       ; 0            ; 0           ; 0    ; 4 (0)        ; 0 (0)             ; 0 (0)            ; 4 (0)           ; 0 (0)      ; |project6|lpm_add_sub3:inst68                                                                         ; work         ;
;       |lpm_add_sub:lpm_add_sub_component| ; 4 (0)       ; 0            ; 0           ; 0    ; 4 (0)        ; 0 (0)             ; 0 (0)            ; 4 (0)           ; 0 (0)      ; |project6|lpm_add_sub3:inst68|lpm_add_sub:lpm_add_sub_component                                       ; work         ;
;          |addcore:adder|                  ; 4 (0)       ; 0            ; 0           ; 0    ; 4 (0)        ; 0 (0)             ; 0 (0)            ; 4 (0)           ; 0 (0)      ; |project6|lpm_add_sub3:inst68|lpm_add_sub:lpm_add_sub_component|addcore:adder                         ; work         ;
;             |a_csnbuffer:result_node|     ; 4 (4)       ; 0            ; 0           ; 0    ; 4 (4)        ; 0 (0)             ; 0 (0)            ; 4 (4)           ; 0 (0)      ; |project6|lpm_add_sub3:inst68|lpm_add_sub:lpm_add_sub_component|addcore:adder|a_csnbuffer:result_node ; work         ;
;    |lpm_compare4:inst13|                  ; 1 (0)       ; 0            ; 0           ; 0    ; 1 (0)        ; 0 (0)             ; 0 (0)            ; 0 (0)           ; 0 (0)      ; |project6|lpm_compare4:inst13                                                                         ; work         ;
;       |lpm_compare:lpm_compare_component| ; 1 (0)       ; 0            ; 0           ; 0    ; 1 (0)        ; 0 (0)             ; 0 (0)            ; 0 (0)           ; 0 (0)      ; |project6|lpm_compare4:inst13|lpm_compare:lpm_compare_component                                       ; work         ;
;          |comptree:comparator|            ; 1 (0)       ; 0            ; 0           ; 0    ; 1 (0)        ; 0 (0)             ; 0 (0)            ; 0 (0)           ; 0 (0)      ; |project6|lpm_compare4:inst13|lpm_compare:lpm_compare_component|comptree:comparator                   ; work         ;
;             |cmpchain:cmp_end|            ; 1 (1)       ; 0            ; 0           ; 0    ; 1 (1)        ; 0 (0)             ; 0 (0)            ; 0 (0)           ; 0 (0)      ; |project6|lpm_compare4:inst13|lpm_compare:lpm_compare_component|comptree:comparator|cmpchain:cmp_end  ; work         ;
;    |lpm_compare4:inst14|                  ; 1 (0)       ; 0            ; 0           ; 0    ; 1 (0)        ; 0 (0)             ; 0 (0)            ; 0 (0)           ; 0 (0)      ; |project6|lpm_compare4:inst14                                                                         ; work         ;
;       |lpm_compare:lpm_compare_component| ; 1 (0)       ; 0            ; 0           ; 0    ; 1 (0)        ; 0 (0)             ; 0 (0)            ; 0 (0)           ; 0 (0)      ; |project6|lpm_compare4:inst14|lpm_compare:lpm_compare_component                                       ; work         ;
;          |comptree:comparator|            ; 1 (0)       ; 0            ; 0           ; 0    ; 1 (0)        ; 0 (0)             ; 0 (0)            ; 0 (0)           ; 0 (0)      ; |project6|lpm_compare4:inst14|lpm_compare:lpm_compare_component|comptree:comparator                   ; work         ;
;             |cmpchain:cmp_end|            ; 1 (1)       ; 0            ; 0           ; 0    ; 1 (1)        ; 0 (0)             ; 0 (0)            ; 0 (0)           ; 0 (0)      ; |project6|lpm_compare4:inst14|lpm_compare:lpm_compare_component|comptree:comparator|cmpchain:cmp_end  ; work         ;
;    |lpm_counter3:inst53|                  ; 4 (0)       ; 4            ; 0           ; 0    ; 0 (0)        ; 0 (0)             ; 4 (0)            ; 4 (0)           ; 0 (0)      ; |project6|lpm_counter3:inst53                                                                         ; work         ;
;       |lpm_counter:lpm_counter_component| ; 4 (0)       ; 4            ; 0           ; 0    ; 0 (0)        ; 0 (0)             ; 4 (0)            ; 4 (0)           ; 0 (0)      ; |project6|lpm_counter3:inst53|lpm_counter:lpm_counter_component                                       ; work         ;
;          |alt_counter_f10ke:wysi_counter| ; 4 (4)       ; 4            ; 0           ; 0    ; 0 (0)        ; 0 (0)             ; 4 (4)            ; 4 (4)           ; 0 (0)      ; |project6|lpm_counter3:inst53|lpm_counter:lpm_counter_component|alt_counter_f10ke:wysi_counter        ; work         ;
+-------------------------------------------+-------------+--------------+-------------+------+--------------+-------------------+------------------+-----------------+------------+-------------------------------------------------------------------------------------------------------+--------------+
Note: For table entries with two numbers listed, the numbers in parentheses indicate the number of resources of the given type used by the specific entity alone. The numbers listed outside of parentheses indicate the total resources of the given type used by the specific entity and all of its sub-entities in the hierarchy.


+---------------------------------------+
; Delay Chain Summary                   ;
+--------------+----------+-------------+
; Name         ; Pin Type ; Pad to Core ;
+--------------+----------+-------------+
; UART_CLK_SIM ; Input    ; OFF         ;
; Sys_CLK      ; Input    ; OFF         ;
; Sim_CLK      ; Input    ; OFF         ;
; Rst_UART     ; Input    ; OFF         ;
; UART_Recieve ; Input    ; OFF         ;
; 1            ; Output   ; OFF         ;
; 3            ; Output   ; OFF         ;
; LN3          ; Output   ; OFF         ;
; LN2          ; Output   ; OFF         ;
; LN1          ; Output   ; OFF         ;
; LN0          ; Output   ; OFF         ;
; UP3          ; Output   ; OFF         ;
; UP2          ; Output   ; OFF         ;
; UP1          ; Output   ; OFF         ;
; UP0          ; Output   ; OFF         ;
; enable       ; Output   ; OFF         ;
; UA           ; Output   ; OFF         ;
; UB           ; Output   ; OFF         ;
; UC           ; Output   ; OFF         ;
; UD           ; Output   ; OFF         ;
; UE           ; Output   ; OFF         ;
; UF           ; Output   ; OFF         ;
; UG           ; Output   ; OFF         ;
; lA           ; Output   ; OFF         ;
; lB           ; Output   ; OFF         ;
; lC           ; Output   ; OFF         ;
; lD           ; Output   ; OFF         ;
; lE           ; Output   ; OFF         ;
; lF           ; Output   ; OFF         ;
; lG           ; Output   ; OFF         ;
+--------------+----------+-------------+


+--------------+
; Pin-Out File ;
+--------------+
The pin-out file can be found in C:/Github/Quartus_Projects/ENGN_3050_Project6/project5.pin.


+-----------------+
; Fitter Messages ;
+-----------------+
Info: *******************************************************************
Info: Running Quartus II Fitter
    Info: Version 9.0 Build 235 06/17/2009 Service Pack 2 SJ Web Edition
    Info: Processing started: Sun Nov 10 02:28:59 2013
Info: Command: quartus_fit --read_settings_files=off --write_settings_files=off project6 -c project5
Info: Selected device EPF10K70RC240-4 for design "project5"
Warning: Feature SignalProbe is not available with your current license
Info: Fitter is using the Classic Timing Analyzer
Info: Timing requirements not specified -- optimizing circuit to achieve the following default global requirements
    Info: Assuming a global fmax requirement of 1000 MHz
    Info: Not setting a global tsu requirement
    Info: Not setting a global tco requirement
    Info: Not setting a global tpd requirement
Info: Inserted 0 logic cells in first fitting attempt
Info: Started fitting attempt 1 on Sun Nov 10 2013 at 02:28:59
Info: Fitter placement preparation operations beginning
Info: Fitter placement preparation operations ending: elapsed time is 00:00:00
Info: Fitter placement operations beginning
Info: Fitter placement operations ending: elapsed time is 00:00:00
Info: Fitter routing operations beginning
Info: Fitter routing operations ending: elapsed time is 00:00:00
Info: Quartus II Fitter was successful. 0 errors, 1 warning
    Info: Peak virtual memory: 212 megabytes
    Info: Processing ended: Sun Nov 10 02:29:03 2013
    Info: Elapsed time: 00:00:04
    Info: Total CPU time (on all processors): 00:00:03


