Analysis & Synthesis report for design1TN
Tue Sep 17 17:43:27 2013
Quartus II Version 9.0 Build 235 06/17/2009 Service Pack 2 SJ Web Edition


---------------------
; Table of Contents ;
---------------------
  1. Legal Notice
  2. Analysis & Synthesis Summary
  3. Analysis & Synthesis Settings
  4. Analysis & Synthesis Source Files Read
  5. Analysis & Synthesis Resource Usage Summary
  6. Analysis & Synthesis Resource Utilization by Entity
  7. General Register Statistics
  8. Source assignments for lpm_counter0:inst|lpm_counter:lpm_counter_component
  9. Parameter Settings for User Entity Instance: lpm_counter0:inst|lpm_counter:lpm_counter_component
 10. Analysis & Synthesis Messages



----------------
; Legal Notice ;
----------------
Copyright (C) 1991-2009 Altera Corporation
Your use of Altera Corporation's design tools, logic functions 
and other software and tools, and its AMPP partner logic 
functions, and any output files from any of the foregoing 
(including device programming or simulation files), and any 
associated documentation or information are expressly subject 
to the terms and conditions of the Altera Program License 
Subscription Agreement, Altera MegaCore Function License 
Agreement, or other applicable license agreement, including, 
without limitation, that your use is for the sole purpose of 
programming logic devices manufactured by Altera and sold by 
Altera or its authorized distributors.  Please refer to the 
applicable agreement for further details.



+----------------------------------------------------------------------------+
; Analysis & Synthesis Summary                                               ;
+-----------------------------+----------------------------------------------+
; Analysis & Synthesis Status ; Successful - Tue Sep 17 17:43:27 2013        ;
; Quartus II Version          ; 9.0 Build 235 06/17/2009 SP 2 SJ Web Edition ;
; Revision Name               ; design1TN                                    ;
; Top-level Entity Name       ; design1TN                                    ;
; Family                      ; FLEX10K                                      ;
; Total logic elements        ; 13                                           ;
; Total pins                  ; 9                                            ;
; Total memory bits           ; 0                                            ;
+-----------------------------+----------------------------------------------+


+------------------------------------------------------------------------------------------------+
; Analysis & Synthesis Settings                                                                  ;
+--------------------------------------------------------------+-----------------+---------------+
; Option                                                       ; Setting         ; Default Value ;
+--------------------------------------------------------------+-----------------+---------------+
; Device                                                       ; EPF10K70RC240-4 ;               ;
; Top-level entity name                                        ; design1TN       ; design1TN     ;
; Family name                                                  ; FLEX10K         ; Stratix II    ;
; Optimization Technique                                       ; Speed           ; Area          ;
; Use Generated Physical Constraints File                      ; Off             ;               ;
; Use smart compilation                                        ; Off             ; Off           ;
; Create Debugging Nodes for IP Cores                          ; Off             ; Off           ;
; Preserve fewer node names                                    ; On              ; On            ;
; Disable OpenCore Plus hardware evaluation                    ; Off             ; Off           ;
; Verilog Version                                              ; Verilog_2001    ; Verilog_2001  ;
; VHDL Version                                                 ; VHDL93          ; VHDL93        ;
; State Machine Processing                                     ; Auto            ; Auto          ;
; Safe State Machine                                           ; Off             ; Off           ;
; Extract Verilog State Machines                               ; On              ; On            ;
; Extract VHDL State Machines                                  ; On              ; On            ;
; Ignore Verilog initial constructs                            ; Off             ; Off           ;
; Iteration limit for constant Verilog loops                   ; 5000            ; 5000          ;
; Iteration limit for non-constant Verilog loops               ; 250             ; 250           ;
; Add Pass-Through Logic to Inferred RAMs                      ; On              ; On            ;
; Parallel Synthesis                                           ; Off             ; Off           ;
; NOT Gate Push-Back                                           ; On              ; On            ;
; Power-Up Don't Care                                          ; On              ; On            ;
; Remove Redundant Logic Cells                                 ; Off             ; Off           ;
; Remove Duplicate Registers                                   ; On              ; On            ;
; Ignore CARRY Buffers                                         ; Off             ; Off           ;
; Ignore CASCADE Buffers                                       ; Off             ; Off           ;
; Ignore GLOBAL Buffers                                        ; Off             ; Off           ;
; Ignore ROW GLOBAL Buffers                                    ; Off             ; Off           ;
; Ignore LCELL Buffers                                         ; Off             ; Off           ;
; Ignore SOFT Buffers                                          ; On              ; On            ;
; Limit AHDL Integers to 32 Bits                               ; Off             ; Off           ;
; Auto Implement in ROM                                        ; Off             ; Off           ;
; Carry Chain Length                                           ; 32              ; 32            ;
; Cascade Chain Length                                         ; 2               ; 2             ;
; Auto Carry Chains                                            ; On              ; On            ;
; Auto Open-Drain Pins                                         ; On              ; On            ;
; Auto ROM Replacement                                         ; On              ; On            ;
; Auto RAM Replacement                                         ; On              ; On            ;
; Auto Clock Enable Replacement                                ; On              ; On            ;
; Strict RAM Replacement                                       ; Off             ; Off           ;
; Auto Resource Sharing                                        ; Off             ; Off           ;
; Allow Any RAM Size For Recognition                           ; Off             ; Off           ;
; Allow Any ROM Size For Recognition                           ; Off             ; Off           ;
; Use LogicLock Constraints during Resource Balancing          ; On              ; On            ;
; Ignore translate_off and synthesis_off directives            ; Off             ; Off           ;
; Show Parameter Settings Tables in Synthesis Report           ; On              ; On            ;
; HDL message level                                            ; Level2          ; Level2        ;
; Suppress Register Optimization Related Messages              ; Off             ; Off           ;
; Number of Removed Registers Reported in Synthesis Report     ; 100             ; 100           ;
; Number of Inverted Registers Reported in Synthesis Report    ; 100             ; 100           ;
; Block Design Naming                                          ; Auto            ; Auto          ;
; Synthesis Effort                                             ; Auto            ; Auto          ;
; Shift Register Replacement - Allow Asynchronous Clear Signal ; On              ; On            ;
; Analysis & Synthesis Message Level                           ; Medium          ; Medium        ;
+--------------------------------------------------------------+-----------------+---------------+


+-------------------------------------------------------------------------------------------------------------------------------------------------------------------+
; Analysis & Synthesis Source Files Read                                                                                                                            ;
+----------------------------------+-----------------+------------------------------------+-------------------------------------------------------------------------+
; File Name with User-Entered Path ; Used in Netlist ; File Type                          ; File Name with Absolute Path                                            ;
+----------------------------------+-----------------+------------------------------------+-------------------------------------------------------------------------+
; lpm_counter0.vhd                 ; yes             ; User Wizard-Generated File         ; C:/altera/90sp2/ENGN_3050_Project1/lpm_counter0.vhd                     ;
; design1TN.bdf                    ; yes             ; User Block Diagram/Schematic File  ; C:/altera/90sp2/ENGN_3050_Project1/design1TN.bdf                        ;
; lpm_counter.tdf                  ; yes             ; Megafunction                       ; c:/altera/90sp2/quartus/libraries/megafunctions/lpm_counter.tdf         ;
; lpm_constant.inc                 ; yes             ; Megafunction                       ; c:/altera/90sp2/quartus/libraries/megafunctions/lpm_constant.inc        ;
; lpm_decode.inc                   ; yes             ; Megafunction                       ; c:/altera/90sp2/quartus/libraries/megafunctions/lpm_decode.inc          ;
; lpm_add_sub.inc                  ; yes             ; Megafunction                       ; c:/altera/90sp2/quartus/libraries/megafunctions/lpm_add_sub.inc         ;
; cmpconst.inc                     ; yes             ; Megafunction                       ; c:/altera/90sp2/quartus/libraries/megafunctions/cmpconst.inc            ;
; lpm_compare.inc                  ; yes             ; Megafunction                       ; c:/altera/90sp2/quartus/libraries/megafunctions/lpm_compare.inc         ;
; lpm_counter.inc                  ; yes             ; Megafunction                       ; c:/altera/90sp2/quartus/libraries/megafunctions/lpm_counter.inc         ;
; dffeea.inc                       ; yes             ; Megafunction                       ; c:/altera/90sp2/quartus/libraries/megafunctions/dffeea.inc              ;
; alt_synch_counter.inc            ; yes             ; Megafunction                       ; c:/altera/90sp2/quartus/libraries/megafunctions/alt_synch_counter.inc   ;
; alt_synch_counter_f.inc          ; yes             ; Megafunction                       ; c:/altera/90sp2/quartus/libraries/megafunctions/alt_synch_counter_f.inc ;
; alt_counter_f10ke.inc            ; yes             ; Megafunction                       ; c:/altera/90sp2/quartus/libraries/megafunctions/alt_counter_f10ke.inc   ;
; alt_counter_stratix.inc          ; yes             ; Megafunction                       ; c:/altera/90sp2/quartus/libraries/megafunctions/alt_counter_stratix.inc ;
; aglobal90.inc                    ; yes             ; Megafunction                       ; c:/altera/90sp2/quartus/libraries/megafunctions/aglobal90.inc           ;
; alt_counter_f10ke.tdf            ; yes             ; Megafunction                       ; c:/altera/90sp2/quartus/libraries/megafunctions/alt_counter_f10ke.tdf   ;
; flex10ke_lcell.inc               ; yes             ; Megafunction                       ; c:/altera/90sp2/quartus/libraries/megafunctions/flex10ke_lcell.inc      ;
; lpm_constant.tdf                 ; yes             ; Megafunction                       ; c:/altera/90sp2/quartus/libraries/megafunctions/lpm_constant.tdf        ;
; lpm_compare.tdf                  ; yes             ; Megafunction                       ; c:/altera/90sp2/quartus/libraries/megafunctions/lpm_compare.tdf         ;
; comptree.inc                     ; yes             ; Megafunction                       ; c:/altera/90sp2/quartus/libraries/megafunctions/comptree.inc            ;
; altshift.inc                     ; yes             ; Megafunction                       ; c:/altera/90sp2/quartus/libraries/megafunctions/altshift.inc            ;
; comptree.tdf                     ; yes             ; Megafunction                       ; c:/altera/90sp2/quartus/libraries/megafunctions/comptree.tdf            ;
; cmpchain.inc                     ; yes             ; Megafunction                       ; c:/altera/90sp2/quartus/libraries/megafunctions/cmpchain.inc            ;
; cmpchain.tdf                     ; yes             ; Megafunction                       ; c:/altera/90sp2/quartus/libraries/megafunctions/cmpchain.tdf            ;
; altshift.tdf                     ; yes             ; Megafunction                       ; c:/altera/90sp2/quartus/libraries/megafunctions/altshift.tdf            ;
+----------------------------------+-----------------+------------------------------------+-------------------------------------------------------------------------+


+---------------------------------------------+
; Analysis & Synthesis Resource Usage Summary ;
+-----------------------------------+---------+
; Resource                          ; Usage   ;
+-----------------------------------+---------+
; Total logic elements              ; 13      ;
; Total combinational functions     ; 13      ;
;     -- Total 4-input functions    ; 3       ;
;     -- Total 3-input functions    ; 1       ;
;     -- Total 2-input functions    ; 1       ;
;     -- Total 1-input functions    ; 0       ;
;     -- Total 0-input functions    ; 8       ;
; Total registers                   ; 8       ;
; Total logic cells in carry chains ; 7       ;
; I/O pins                          ; 9       ;
; Maximum fan-out node              ; XTAL_Y  ;
; Maximum fan-out                   ; 8       ;
; Total fan-out                     ; 53      ;
; Average fan-out                   ; 2.41    ;
+-----------------------------------+---------+


+--------------------------------------------------------------------------------------------------------------------------------------------------------------------------------------------------------------------------------------------------------------------------------------------------------------------------------------------------------------------------------------------------------------------+
; Analysis & Synthesis Resource Utilization by Entity                                                                                                                                                                                                                                                                                                                                                                ;
+-------------------------------------------------+-------------+--------------+-------------+------+--------------+-------------------+------------------+-----------------+------------+------------------------------------------------------------------------------------------------------------------------------------------------------------------------------------------------------------+--------------+
; Compilation Hierarchy Node                      ; Logic Cells ; LC Registers ; Memory Bits ; Pins ; LUT-Only LCs ; Register-Only LCs ; LUT/Register LCs ; Carry Chain LCs ; Packed LCs ; Full Hierarchy Name                                                                                                                                                                                        ; Library Name ;
+-------------------------------------------------+-------------+--------------+-------------+------+--------------+-------------------+------------------+-----------------+------------+------------------------------------------------------------------------------------------------------------------------------------------------------------------------------------------------------------+--------------+
; |design1TN                                      ; 13 (3)      ; 8            ; 0           ; 9    ; 5 (2)        ; 0 (0)             ; 8 (1)            ; 7 (0)           ; 0 (0)      ; |design1TN                                                                                                                                                                                                 ; work         ;
;    |lpm_counter0:inst|                          ; 10 (0)      ; 7            ; 0           ; 0    ; 3 (0)        ; 0 (0)             ; 7 (0)            ; 7 (0)           ; 0 (0)      ; |design1TN|lpm_counter0:inst                                                                                                                                                                               ; work         ;
;       |lpm_counter:lpm_counter_component|       ; 10 (0)      ; 7            ; 0           ; 0    ; 3 (0)        ; 0 (0)             ; 7 (0)            ; 7 (0)           ; 0 (0)      ; |design1TN|lpm_counter0:inst|lpm_counter:lpm_counter_component                                                                                                                                             ; work         ;
;          |alt_counter_f10ke:wysi_counter|       ; 10 (7)      ; 7            ; 0           ; 0    ; 3 (0)        ; 0 (0)             ; 7 (7)            ; 7 (7)           ; 0 (0)      ; |design1TN|lpm_counter0:inst|lpm_counter:lpm_counter_component|alt_counter_f10ke:wysi_counter                                                                                                              ; work         ;
;             |lpm_compare:$00014|                ; 3 (0)       ; 0            ; 0           ; 0    ; 3 (0)        ; 0 (0)             ; 0 (0)            ; 0 (0)           ; 0 (0)      ; |design1TN|lpm_counter0:inst|lpm_counter:lpm_counter_component|alt_counter_f10ke:wysi_counter|lpm_compare:$00014                                                                                           ; work         ;
;                |comptree:comparator|            ; 3 (0)       ; 0            ; 0           ; 0    ; 3 (0)        ; 0 (0)             ; 0 (0)            ; 0 (0)           ; 0 (0)      ; |design1TN|lpm_counter0:inst|lpm_counter:lpm_counter_component|alt_counter_f10ke:wysi_counter|lpm_compare:$00014|comptree:comparator                                                                       ; work         ;
;                   |cmpchain:cmp_end|            ; 3 (0)       ; 0            ; 0           ; 0    ; 3 (0)        ; 0 (0)             ; 0 (0)            ; 0 (0)           ; 0 (0)      ; |design1TN|lpm_counter0:inst|lpm_counter:lpm_counter_component|alt_counter_f10ke:wysi_counter|lpm_compare:$00014|comptree:comparator|cmpchain:cmp_end                                                      ; work         ;
;                      |comptree:comp|            ; 3 (0)       ; 0            ; 0           ; 0    ; 3 (0)        ; 0 (0)             ; 0 (0)            ; 0 (0)           ; 0 (0)      ; |design1TN|lpm_counter0:inst|lpm_counter:lpm_counter_component|alt_counter_f10ke:wysi_counter|lpm_compare:$00014|comptree:comparator|cmpchain:cmp_end|comptree:comp                                        ; work         ;
;                         |cmpchain:cmp[0]|       ; 1 (1)       ; 0            ; 0           ; 0    ; 1 (1)        ; 0 (0)             ; 0 (0)            ; 0 (0)           ; 0 (0)      ; |design1TN|lpm_counter0:inst|lpm_counter:lpm_counter_component|alt_counter_f10ke:wysi_counter|lpm_compare:$00014|comptree:comparator|cmpchain:cmp_end|comptree:comp|cmpchain:cmp[0]                        ; work         ;
;                         |cmpchain:cmp_end|      ; 1 (1)       ; 0            ; 0           ; 0    ; 1 (1)        ; 0 (0)             ; 0 (0)            ; 0 (0)           ; 0 (0)      ; |design1TN|lpm_counter0:inst|lpm_counter:lpm_counter_component|alt_counter_f10ke:wysi_counter|lpm_compare:$00014|comptree:comparator|cmpchain:cmp_end|comptree:comp|cmpchain:cmp_end                       ; work         ;
;                         |comptree:sub_comptree| ; 1 (0)       ; 0            ; 0           ; 0    ; 1 (0)        ; 0 (0)             ; 0 (0)            ; 0 (0)           ; 0 (0)      ; |design1TN|lpm_counter0:inst|lpm_counter:lpm_counter_component|alt_counter_f10ke:wysi_counter|lpm_compare:$00014|comptree:comparator|cmpchain:cmp_end|comptree:comp|comptree:sub_comptree                  ; work         ;
;                            |cmpchain:cmp_end|   ; 1 (1)       ; 0            ; 0           ; 0    ; 1 (1)        ; 0 (0)             ; 0 (0)            ; 0 (0)           ; 0 (0)      ; |design1TN|lpm_counter0:inst|lpm_counter:lpm_counter_component|alt_counter_f10ke:wysi_counter|lpm_compare:$00014|comptree:comparator|cmpchain:cmp_end|comptree:comp|comptree:sub_comptree|cmpchain:cmp_end ; work         ;
+-------------------------------------------------+-------------+--------------+-------------+------+--------------+-------------------+------------------+-----------------+------------+------------------------------------------------------------------------------------------------------------------------------------------------------------------------------------------------------------+--------------+
Note: For table entries with two numbers listed, the numbers in parentheses indicate the number of resources of the given type used by the specific entity alone. The numbers listed outside of parentheses indicate the total resources of the given type used by the specific entity and all of its sub-entities in the hierarchy.


+------------------------------------------------------+
; General Register Statistics                          ;
+----------------------------------------------+-------+
; Statistic                                    ; Value ;
+----------------------------------------------+-------+
; Total registers                              ; 8     ;
; Number of registers using Synchronous Clear  ; 0     ;
; Number of registers using Synchronous Load   ; 7     ;
; Number of registers using Asynchronous Clear ; 0     ;
; Number of registers using Asynchronous Load  ; 0     ;
; Number of registers using Clock Enable       ; 0     ;
; Number of registers using Preset             ; 0     ;
+----------------------------------------------+-------+


+----------------------------------------------------------------------------+
; Source assignments for lpm_counter0:inst|lpm_counter:lpm_counter_component ;
+---------------------------+-------+------+---------------------------------+
; Assignment                ; Value ; From ; To                              ;
+---------------------------+-------+------+---------------------------------+
; SUPPRESS_DA_RULE_INTERNAL ; a101  ; -    ; -                               ;
; SUPPRESS_DA_RULE_INTERNAL ; s102  ; -    ; -                               ;
; SUPPRESS_DA_RULE_INTERNAL ; s103  ; -    ; -                               ;
+---------------------------+-------+------+---------------------------------+


+--------------------------------------------------------------------------------------------------+
; Parameter Settings for User Entity Instance: lpm_counter0:inst|lpm_counter:lpm_counter_component ;
+------------------------+-------------+-----------------------------------------------------------+
; Parameter Name         ; Value       ; Type                                                      ;
+------------------------+-------------+-----------------------------------------------------------+
; AUTO_CARRY_CHAINS      ; ON          ; AUTO_CARRY                                                ;
; IGNORE_CARRY_BUFFERS   ; OFF         ; IGNORE_CARRY                                              ;
; AUTO_CASCADE_CHAINS    ; ON          ; AUTO_CASCADE                                              ;
; IGNORE_CASCADE_BUFFERS ; OFF         ; IGNORE_CASCADE                                            ;
; LPM_WIDTH              ; 7           ; Signed Integer                                            ;
; LPM_DIRECTION          ; UP          ; Untyped                                                   ;
; LPM_MODULUS            ; 82          ; Signed Integer                                            ;
; LPM_AVALUE             ; UNUSED      ; Untyped                                                   ;
; LPM_SVALUE             ; UNUSED      ; Untyped                                                   ;
; LPM_PORT_UPDOWN        ; PORT_UNUSED ; Untyped                                                   ;
; DEVICE_FAMILY          ; FLEX10K     ; Untyped                                                   ;
; CARRY_CHAIN            ; MANUAL      ; Untyped                                                   ;
; CARRY_CHAIN_LENGTH     ; 48          ; CARRY_CHAIN_LENGTH                                        ;
; NOT_GATE_PUSH_BACK     ; ON          ; NOT_GATE_PUSH_BACK                                        ;
; CARRY_CNT_EN           ; SMART       ; Untyped                                                   ;
; LABWIDE_SCLR           ; ON          ; Untyped                                                   ;
; USE_NEW_VERSION        ; TRUE        ; Untyped                                                   ;
; CBXI_PARAMETER         ; NOTHING     ; Untyped                                                   ;
+------------------------+-------------+-----------------------------------------------------------+
Note: In order to hide this table in the UI and the text report file, please set the "Show Parameter Settings Tables in Synthesis Report" option in "Analysis and Synthesis Settings -> More Settings" to "Off".


+-------------------------------+
; Analysis & Synthesis Messages ;
+-------------------------------+
Info: *******************************************************************
Info: Running Quartus II Analysis & Synthesis
    Info: Version 9.0 Build 235 06/17/2009 Service Pack 2 SJ Web Edition
    Info: Processing started: Tue Sep 17 17:43:26 2013
Info: Command: quartus_map --read_settings_files=on --write_settings_files=off design1TN -c design1TN
Info: Found 2 design units, including 1 entities, in source file lpm_counter0.vhd
    Info: Found design unit 1: lpm_counter0-SYN
    Info: Found entity 1: lpm_counter0
Info: Found 1 design units, including 1 entities, in source file design1TN.bdf
    Info: Found entity 1: design1TN
Info: Elaborating entity "design1TN" for the top level hierarchy
Warning: No superset bus at connection
Info: Elaborating entity "lpm_counter0" for hierarchy "lpm_counter0:inst"
Info: Elaborating entity "lpm_counter" for hierarchy "lpm_counter0:inst|lpm_counter:lpm_counter_component"
Info: Elaborated megafunction instantiation "lpm_counter0:inst|lpm_counter:lpm_counter_component"
Info: Instantiated megafunction "lpm_counter0:inst|lpm_counter:lpm_counter_component" with the following parameter:
    Info: Parameter "lpm_direction" = "UP"
    Info: Parameter "lpm_modulus" = "82"
    Info: Parameter "lpm_port_updown" = "PORT_UNUSED"
    Info: Parameter "lpm_type" = "LPM_COUNTER"
    Info: Parameter "lpm_width" = "7"
Info: Elaborating entity "alt_counter_f10ke" for hierarchy "lpm_counter0:inst|lpm_counter:lpm_counter_component|alt_counter_f10ke:wysi_counter"
Info: Elaborated megafunction instantiation "lpm_counter0:inst|lpm_counter:lpm_counter_component|alt_counter_f10ke:wysi_counter", which is child of megafunction instantiation "lpm_counter0:inst|lpm_counter:lpm_counter_component"
Info: Elaborating entity "lpm_constant" for hierarchy "lpm_counter0:inst|lpm_counter:lpm_counter_component|alt_counter_f10ke:wysi_counter|lpm_constant:$00012"
Info: Elaborated megafunction instantiation "lpm_counter0:inst|lpm_counter:lpm_counter_component|alt_counter_f10ke:wysi_counter|lpm_constant:$00012", which is child of megafunction instantiation "lpm_counter0:inst|lpm_counter:lpm_counter_component"
Info: Elaborating entity "lpm_compare" for hierarchy "lpm_counter0:inst|lpm_counter:lpm_counter_component|alt_counter_f10ke:wysi_counter|lpm_compare:$00014"
Info: Elaborated megafunction instantiation "lpm_counter0:inst|lpm_counter:lpm_counter_component|alt_counter_f10ke:wysi_counter|lpm_compare:$00014", which is child of megafunction instantiation "lpm_counter0:inst|lpm_counter:lpm_counter_component"
Info: Elaborating entity "comptree" for hierarchy "lpm_counter0:inst|lpm_counter:lpm_counter_component|alt_counter_f10ke:wysi_counter|lpm_compare:$00014|comptree:comparator"
Info: Elaborated megafunction instantiation "lpm_counter0:inst|lpm_counter:lpm_counter_component|alt_counter_f10ke:wysi_counter|lpm_compare:$00014|comptree:comparator", which is child of megafunction instantiation "lpm_counter0:inst|lpm_counter:lpm_counter_component"
Info: Elaborating entity "cmpchain" for hierarchy "lpm_counter0:inst|lpm_counter:lpm_counter_component|alt_counter_f10ke:wysi_counter|lpm_compare:$00014|comptree:comparator|cmpchain:cmp_end"
Info: Elaborated megafunction instantiation "lpm_counter0:inst|lpm_counter:lpm_counter_component|alt_counter_f10ke:wysi_counter|lpm_compare:$00014|comptree:comparator|cmpchain:cmp_end", which is child of megafunction instantiation "lpm_counter0:inst|lpm_counter:lpm_counter_component"
Info: Elaborating entity "comptree" for hierarchy "lpm_counter0:inst|lpm_counter:lpm_counter_component|alt_counter_f10ke:wysi_counter|lpm_compare:$00014|comptree:comparator|cmpchain:cmp_end|comptree:comp"
Info: Elaborated megafunction instantiation "lpm_counter0:inst|lpm_counter:lpm_counter_component|alt_counter_f10ke:wysi_counter|lpm_compare:$00014|comptree:comparator|cmpchain:cmp_end|comptree:comp", which is child of megafunction instantiation "lpm_counter0:inst|lpm_counter:lpm_counter_component"
Info: Elaborating entity "cmpchain" for hierarchy "lpm_counter0:inst|lpm_counter:lpm_counter_component|alt_counter_f10ke:wysi_counter|lpm_compare:$00014|comptree:comparator|cmpchain:cmp_end|comptree:comp|cmpchain:cmp[0]"
Info: Elaborated megafunction instantiation "lpm_counter0:inst|lpm_counter:lpm_counter_component|alt_counter_f10ke:wysi_counter|lpm_compare:$00014|comptree:comparator|cmpchain:cmp_end|comptree:comp|cmpchain:cmp[0]", which is child of megafunction instantiation "lpm_counter0:inst|lpm_counter:lpm_counter_component"
Info: Elaborating entity "cmpchain" for hierarchy "lpm_counter0:inst|lpm_counter:lpm_counter_component|alt_counter_f10ke:wysi_counter|lpm_compare:$00014|comptree:comparator|cmpchain:cmp_end|comptree:comp|cmpchain:cmp_end"
Info: Elaborated megafunction instantiation "lpm_counter0:inst|lpm_counter:lpm_counter_component|alt_counter_f10ke:wysi_counter|lpm_compare:$00014|comptree:comparator|cmpchain:cmp_end|comptree:comp|cmpchain:cmp_end", which is child of megafunction instantiation "lpm_counter0:inst|lpm_counter:lpm_counter_component"
Info: Elaborating entity "comptree" for hierarchy "lpm_counter0:inst|lpm_counter:lpm_counter_component|alt_counter_f10ke:wysi_counter|lpm_compare:$00014|comptree:comparator|cmpchain:cmp_end|comptree:comp|comptree:sub_comptree"
Info: Elaborated megafunction instantiation "lpm_counter0:inst|lpm_counter:lpm_counter_component|alt_counter_f10ke:wysi_counter|lpm_compare:$00014|comptree:comparator|cmpchain:cmp_end|comptree:comp|comptree:sub_comptree", which is child of megafunction instantiation "lpm_counter0:inst|lpm_counter:lpm_counter_component"
Info: Elaborating entity "cmpchain" for hierarchy "lpm_counter0:inst|lpm_counter:lpm_counter_component|alt_counter_f10ke:wysi_counter|lpm_compare:$00014|comptree:comparator|cmpchain:cmp_end|comptree:comp|comptree:sub_comptree|cmpchain:cmp_end"
Info: Elaborated megafunction instantiation "lpm_counter0:inst|lpm_counter:lpm_counter_component|alt_counter_f10ke:wysi_counter|lpm_compare:$00014|comptree:comparator|cmpchain:cmp_end|comptree:comp|comptree:sub_comptree|cmpchain:cmp_end", which is child of megafunction instantiation "lpm_counter0:inst|lpm_counter:lpm_counter_component"
Info: Elaborating entity "altshift" for hierarchy "lpm_counter0:inst|lpm_counter:lpm_counter_component|alt_counter_f10ke:wysi_counter|lpm_compare:$00014|altshift:aeb_ext_lat_ffs"
Info: Elaborated megafunction instantiation "lpm_counter0:inst|lpm_counter:lpm_counter_component|alt_counter_f10ke:wysi_counter|lpm_compare:$00014|altshift:aeb_ext_lat_ffs", which is child of megafunction instantiation "lpm_counter0:inst|lpm_counter:lpm_counter_component"
Info: Implemented 22 device resources after synthesis - the final resource count might be different
    Info: Implemented 1 input pins
    Info: Implemented 8 output pins
    Info: Implemented 13 logic cells
Info: Quartus II Analysis & Synthesis was successful. 0 errors, 1 warning
    Info: Peak virtual memory: 242 megabytes
    Info: Processing ended: Tue Sep 17 17:43:27 2013
    Info: Elapsed time: 00:00:01
    Info: Total CPU time (on all processors): 00:00:01


