Analysis & Synthesis report for design8template
Tue Feb 04 21:14:11 2014
Quartus II Version 9.0 Build 235 06/17/2009 Service Pack 2 SJ Web Edition


---------------------
; Table of Contents ;
---------------------
  1. Legal Notice
  2. Analysis & Synthesis Summary
  3. Analysis & Synthesis Settings
  4. Analysis & Synthesis Source Files Read
  5. Analysis & Synthesis Resource Usage Summary
  6. Analysis & Synthesis Resource Utilization by Entity
  7. State Machine - |design8template|FSM_CTRL:FSM_CTRL_1|CURRENT_STATE
  8. General Register Statistics
  9. Source assignments for CLK_DOWN:CLK_DOWN_1|lpm_counter:\P1:CURRENT_CNT[1]_rtl_0
 10. Source assignments for CLK_DOWN:CLK_DOWN_2|lpm_counter:\P1:CURRENT_CNT[1]_rtl_1
 11. Source assignments for INT_CLK_GEN:INT_CLK_GEN_1|lpm_counter:\ADC_CLK:ADC_CNT[0]_rtl_2
 12. Source assignments for INT_CLK_GEN:INT_CLK_GEN_1|lpm_counter:\FSM_CLK:FSM_CNT[0]_rtl_3
 13. Parameter Settings for Inferred Entity Instance: CLK_DOWN:CLK_DOWN_1|lpm_counter:\P1:CURRENT_CNT[1]_rtl_0
 14. Parameter Settings for Inferred Entity Instance: CLK_DOWN:CLK_DOWN_2|lpm_counter:\P1:CURRENT_CNT[1]_rtl_1
 15. Parameter Settings for Inferred Entity Instance: INT_CLK_GEN:INT_CLK_GEN_1|lpm_counter:\ADC_CLK:ADC_CNT[0]_rtl_2
 16. Parameter Settings for Inferred Entity Instance: INT_CLK_GEN:INT_CLK_GEN_1|lpm_counter:\FSM_CLK:FSM_CNT[0]_rtl_3
 17. Analysis & Synthesis Messages



----------------
; Legal Notice ;
----------------
Copyright (C) 1991-2009 Altera Corporation
Your use of Altera Corporation's design tools, logic functions 
and other software and tools, and its AMPP partner logic 
functions, and any output files from any of the foregoing 
(including device programming or simulation files), and any 
associated documentation or information are expressly subject 
to the terms and conditions of the Altera Program License 
Subscription Agreement, Altera MegaCore Function License 
Agreement, or other applicable license agreement, including, 
without limitation, that your use is for the sole purpose of 
programming logic devices manufactured by Altera and sold by 
Altera or its authorized distributors.  Please refer to the 
applicable agreement for further details.



+----------------------------------------------------------------------------+
; Analysis & Synthesis Summary                                               ;
+-----------------------------+----------------------------------------------+
; Analysis & Synthesis Status ; Successful - Tue Feb 04 21:14:11 2014        ;
; Quartus II Version          ; 9.0 Build 235 06/17/2009 SP 2 SJ Web Edition ;
; Revision Name               ; design8template                              ;
; Top-level Entity Name       ; design8template                              ;
; Family                      ; FLEX10K                                      ;
; Total logic elements        ; 161                                          ;
; Total pins                  ; 35                                           ;
; Total memory bits           ; 0                                            ;
+-----------------------------+----------------------------------------------+


+--------------------------------------------------------------------------------------------------+
; Analysis & Synthesis Settings                                                                    ;
+--------------------------------------------------------------+-----------------+-----------------+
; Option                                                       ; Setting         ; Default Value   ;
+--------------------------------------------------------------+-----------------+-----------------+
; Device                                                       ; EPF10K70RC240-4 ;                 ;
; Top-level entity name                                        ; design8template ; design8template ;
; Family name                                                  ; FLEX10K         ; Stratix         ;
; Optimization Technique                                       ; Speed           ; Area            ;
; Use Generated Physical Constraints File                      ; Off             ;                 ;
; Use smart compilation                                        ; Off             ; Off             ;
; Create Debugging Nodes for IP Cores                          ; Off             ; Off             ;
; Preserve fewer node names                                    ; On              ; On              ;
; Disable OpenCore Plus hardware evaluation                    ; Off             ; Off             ;
; Verilog Version                                              ; Verilog_2001    ; Verilog_2001    ;
; VHDL Version                                                 ; VHDL93          ; VHDL93          ;
; State Machine Processing                                     ; Auto            ; Auto            ;
; Safe State Machine                                           ; Off             ; Off             ;
; Extract Verilog State Machines                               ; On              ; On              ;
; Extract VHDL State Machines                                  ; On              ; On              ;
; Ignore Verilog initial constructs                            ; Off             ; Off             ;
; Iteration limit for constant Verilog loops                   ; 5000            ; 5000            ;
; Iteration limit for non-constant Verilog loops               ; 250             ; 250             ;
; Add Pass-Through Logic to Inferred RAMs                      ; On              ; On              ;
; Parallel Synthesis                                           ; Off             ; Off             ;
; NOT Gate Push-Back                                           ; On              ; On              ;
; Power-Up Don't Care                                          ; On              ; On              ;
; Remove Redundant Logic Cells                                 ; Off             ; Off             ;
; Remove Duplicate Registers                                   ; On              ; On              ;
; Ignore CARRY Buffers                                         ; Off             ; Off             ;
; Ignore CASCADE Buffers                                       ; Off             ; Off             ;
; Ignore GLOBAL Buffers                                        ; Off             ; Off             ;
; Ignore ROW GLOBAL Buffers                                    ; Off             ; Off             ;
; Ignore LCELL Buffers                                         ; Off             ; Off             ;
; Ignore SOFT Buffers                                          ; On              ; On              ;
; Limit AHDL Integers to 32 Bits                               ; Off             ; Off             ;
; Auto Implement in ROM                                        ; Off             ; Off             ;
; Carry Chain Length                                           ; 32              ; 32              ;
; Cascade Chain Length                                         ; 2               ; 2               ;
; Auto Carry Chains                                            ; On              ; On              ;
; Auto Open-Drain Pins                                         ; On              ; On              ;
; Auto ROM Replacement                                         ; On              ; On              ;
; Auto RAM Replacement                                         ; On              ; On              ;
; Auto Clock Enable Replacement                                ; On              ; On              ;
; Strict RAM Replacement                                       ; Off             ; Off             ;
; Auto Resource Sharing                                        ; Off             ; Off             ;
; Allow Any RAM Size For Recognition                           ; Off             ; Off             ;
; Allow Any ROM Size For Recognition                           ; Off             ; Off             ;
; Use LogicLock Constraints during Resource Balancing          ; On              ; On              ;
; Ignore translate_off and synthesis_off directives            ; Off             ; Off             ;
; Show Parameter Settings Tables in Synthesis Report           ; On              ; On              ;
; HDL message level                                            ; Level2          ; Level2          ;
; Suppress Register Optimization Related Messages              ; Off             ; Off             ;
; Number of Removed Registers Reported in Synthesis Report     ; 100             ; 100             ;
; Number of Inverted Registers Reported in Synthesis Report    ; 100             ; 100             ;
; Block Design Naming                                          ; Auto            ; Auto            ;
; Synthesis Effort                                             ; Auto            ; Auto            ;
; Shift Register Replacement - Allow Asynchronous Clear Signal ; On              ; On              ;
; Analysis & Synthesis Message Level                           ; Medium          ; Medium          ;
+--------------------------------------------------------------+-----------------+-----------------+


+-------------------------------------------------------------------------------------------------------------------------------------------------------------------+
; Analysis & Synthesis Source Files Read                                                                                                                            ;
+----------------------------------+-----------------+------------------------------------+-------------------------------------------------------------------------+
; File Name with User-Entered Path ; Used in Netlist ; File Type                          ; File Name with Absolute Path                                            ;
+----------------------------------+-----------------+------------------------------------+-------------------------------------------------------------------------+
; design8template.bdf              ; yes             ; User Block Diagram/Schematic File  ; C:/Github/Quartus_Projects/ENGN_4070_Project7/design8template.bdf       ;
; CLK_DOWN.vhd                     ; yes             ; User VHDL File                     ; C:/Github/Quartus_Projects/ENGN_4070_Project7/CLK_DOWN.vhd              ;
; INT_CLK_GEN.vhd                  ; yes             ; User VHDL File                     ; C:/Github/Quartus_Projects/ENGN_4070_Project7/INT_CLK_GEN.vhd           ;
; FSM_CTRL.vhd                     ; yes             ; Auto-Found VHDL File               ; C:/Github/Quartus_Projects/ENGN_4070_Project7/FSM_CTRL.vhd              ;
; SEG7DEC.vhd                      ; yes             ; Auto-Found VHDL File               ; C:/Github/Quartus_Projects/ENGN_4070_Project7/SEG7DEC.vhd               ;
; TABLE.vhd                        ; yes             ; Auto-Found VHDL File               ; C:/Github/Quartus_Projects/ENGN_4070_Project7/TABLE.vhd                 ;
; lpm_counter.tdf                  ; yes             ; Megafunction                       ; c:/altera/90sp2/quartus/libraries/megafunctions/lpm_counter.tdf         ;
; lpm_constant.inc                 ; yes             ; Megafunction                       ; c:/altera/90sp2/quartus/libraries/megafunctions/lpm_constant.inc        ;
; lpm_decode.inc                   ; yes             ; Megafunction                       ; c:/altera/90sp2/quartus/libraries/megafunctions/lpm_decode.inc          ;
; lpm_add_sub.inc                  ; yes             ; Megafunction                       ; c:/altera/90sp2/quartus/libraries/megafunctions/lpm_add_sub.inc         ;
; cmpconst.inc                     ; yes             ; Megafunction                       ; c:/altera/90sp2/quartus/libraries/megafunctions/cmpconst.inc            ;
; lpm_compare.inc                  ; yes             ; Megafunction                       ; c:/altera/90sp2/quartus/libraries/megafunctions/lpm_compare.inc         ;
; lpm_counter.inc                  ; yes             ; Megafunction                       ; c:/altera/90sp2/quartus/libraries/megafunctions/lpm_counter.inc         ;
; dffeea.inc                       ; yes             ; Megafunction                       ; c:/altera/90sp2/quartus/libraries/megafunctions/dffeea.inc              ;
; alt_synch_counter.inc            ; yes             ; Megafunction                       ; c:/altera/90sp2/quartus/libraries/megafunctions/alt_synch_counter.inc   ;
; alt_synch_counter_f.inc          ; yes             ; Megafunction                       ; c:/altera/90sp2/quartus/libraries/megafunctions/alt_synch_counter_f.inc ;
; alt_counter_f10ke.inc            ; yes             ; Megafunction                       ; c:/altera/90sp2/quartus/libraries/megafunctions/alt_counter_f10ke.inc   ;
; alt_counter_stratix.inc          ; yes             ; Megafunction                       ; c:/altera/90sp2/quartus/libraries/megafunctions/alt_counter_stratix.inc ;
; aglobal90.inc                    ; yes             ; Megafunction                       ; c:/altera/90sp2/quartus/libraries/megafunctions/aglobal90.inc           ;
; alt_counter_f10ke.tdf            ; yes             ; Megafunction                       ; c:/altera/90sp2/quartus/libraries/megafunctions/alt_counter_f10ke.tdf   ;
; flex10ke_lcell.inc               ; yes             ; Megafunction                       ; c:/altera/90sp2/quartus/libraries/megafunctions/flex10ke_lcell.inc      ;
+----------------------------------+-----------------+------------------------------------+-------------------------------------------------------------------------+


+-----------------------------------------------+
; Analysis & Synthesis Resource Usage Summary   ;
+-----------------------------------+-----------+
; Resource                          ; Usage     ;
+-----------------------------------+-----------+
; Total logic elements              ; 161       ;
; Total combinational functions     ; 152       ;
;     -- Total 4-input functions    ; 87        ;
;     -- Total 3-input functions    ; 18        ;
;     -- Total 2-input functions    ; 27        ;
;     -- Total 1-input functions    ; 0         ;
;     -- Total 0-input functions    ; 20        ;
; Total registers                   ; 51        ;
; Total logic cells in carry chains ; 35        ;
; I/O pins                          ; 35        ;
; Maximum fan-out node              ; DFFE_1[2] ;
; Maximum fan-out                   ; 41        ;
; Total fan-out                     ; 578       ;
; Average fan-out                   ; 2.95      ;
+-----------------------------------+-----------+


+-----------------------------------------------------------------------------------------------------------------------------------------------------------------------------------------------------------------------------------------------------------------------------------------------------------------------+
; Analysis & Synthesis Resource Utilization by Entity                                                                                                                                                                                                                                                                   ;
+-----------------------------------------------+-------------+--------------+-------------+------+--------------+-------------------+------------------+-----------------+------------+-----------------------------------------------------------------------------------------------------------------+--------------+
; Compilation Hierarchy Node                    ; Logic Cells ; LC Registers ; Memory Bits ; Pins ; LUT-Only LCs ; Register-Only LCs ; LUT/Register LCs ; Carry Chain LCs ; Packed LCs ; Full Hierarchy Name                                                                                             ; Library Name ;
+-----------------------------------------------+-------------+--------------+-------------+------+--------------+-------------------+------------------+-----------------+------------+-----------------------------------------------------------------------------------------------------------------+--------------+
; |design8template                              ; 161 (8)     ; 51           ; 0           ; 35   ; 110 (0)      ; 9 (8)             ; 42 (0)           ; 35 (0)          ; 0 (0)      ; |design8template                                                                                                ; work         ;
;    |CLK_DOWN:CLK_DOWN_1|                      ; 10 (0)      ; 10           ; 0           ; 0    ; 0 (0)        ; 0 (0)             ; 10 (0)           ; 10 (0)          ; 0 (0)      ; |design8template|CLK_DOWN:CLK_DOWN_1                                                                            ; work         ;
;       |lpm_counter:\P1:CURRENT_CNT[1]_rtl_0|  ; 10 (0)      ; 10           ; 0           ; 0    ; 0 (0)        ; 0 (0)             ; 10 (0)           ; 10 (0)          ; 0 (0)      ; |design8template|CLK_DOWN:CLK_DOWN_1|lpm_counter:\P1:CURRENT_CNT[1]_rtl_0                                       ; work         ;
;          |alt_counter_f10ke:wysi_counter|     ; 10 (10)     ; 10           ; 0           ; 0    ; 0 (0)        ; 0 (0)             ; 10 (10)          ; 10 (10)         ; 0 (0)      ; |design8template|CLK_DOWN:CLK_DOWN_1|lpm_counter:\P1:CURRENT_CNT[1]_rtl_0|alt_counter_f10ke:wysi_counter        ; work         ;
;    |CLK_DOWN:CLK_DOWN_2|                      ; 10 (0)      ; 10           ; 0           ; 0    ; 0 (0)        ; 0 (0)             ; 10 (0)           ; 10 (0)          ; 0 (0)      ; |design8template|CLK_DOWN:CLK_DOWN_2                                                                            ; work         ;
;       |lpm_counter:\P1:CURRENT_CNT[1]_rtl_1|  ; 10 (0)      ; 10           ; 0           ; 0    ; 0 (0)        ; 0 (0)             ; 10 (0)           ; 10 (0)          ; 0 (0)      ; |design8template|CLK_DOWN:CLK_DOWN_2|lpm_counter:\P1:CURRENT_CNT[1]_rtl_1                                       ; work         ;
;          |alt_counter_f10ke:wysi_counter|     ; 10 (10)     ; 10           ; 0           ; 0    ; 0 (0)        ; 0 (0)             ; 10 (10)          ; 10 (10)         ; 0 (0)      ; |design8template|CLK_DOWN:CLK_DOWN_2|lpm_counter:\P1:CURRENT_CNT[1]_rtl_1|alt_counter_f10ke:wysi_counter        ; work         ;
;    |FSM_CTRL:FSM_CTRL_1|                      ; 6 (6)       ; 6            ; 0           ; 0    ; 0 (0)        ; 1 (1)             ; 5 (5)            ; 0 (0)           ; 0 (0)      ; |design8template|FSM_CTRL:FSM_CTRL_1                                                                            ; work         ;
;    |INT_CLK_GEN:INT_CLK_GEN_1|                ; 24 (7)      ; 17           ; 0           ; 0    ; 7 (5)        ; 0 (0)             ; 17 (2)           ; 15 (0)          ; 0 (0)      ; |design8template|INT_CLK_GEN:INT_CLK_GEN_1                                                                      ; work         ;
;       |lpm_counter:\ADC_CLK:ADC_CNT[0]_rtl_2| ; 8 (0)       ; 7            ; 0           ; 0    ; 1 (0)        ; 0 (0)             ; 7 (0)            ; 7 (0)           ; 0 (0)      ; |design8template|INT_CLK_GEN:INT_CLK_GEN_1|lpm_counter:\ADC_CLK:ADC_CNT[0]_rtl_2                                ; work         ;
;          |alt_counter_f10ke:wysi_counter|     ; 8 (8)       ; 7            ; 0           ; 0    ; 1 (1)        ; 0 (0)             ; 7 (7)            ; 7 (7)           ; 0 (0)      ; |design8template|INT_CLK_GEN:INT_CLK_GEN_1|lpm_counter:\ADC_CLK:ADC_CNT[0]_rtl_2|alt_counter_f10ke:wysi_counter ; work         ;
;       |lpm_counter:\FSM_CLK:FSM_CNT[0]_rtl_3| ; 9 (0)       ; 8            ; 0           ; 0    ; 1 (0)        ; 0 (0)             ; 8 (0)            ; 8 (0)           ; 0 (0)      ; |design8template|INT_CLK_GEN:INT_CLK_GEN_1|lpm_counter:\FSM_CLK:FSM_CNT[0]_rtl_3                                ; work         ;
;          |alt_counter_f10ke:wysi_counter|     ; 9 (9)       ; 8            ; 0           ; 0    ; 1 (1)        ; 0 (0)             ; 8 (8)            ; 8 (8)           ; 0 (0)      ; |design8template|INT_CLK_GEN:INT_CLK_GEN_1|lpm_counter:\FSM_CLK:FSM_CNT[0]_rtl_3|alt_counter_f10ke:wysi_counter ; work         ;
;    |SEG7DEC:SEG7DEC_1|                        ; 17 (17)     ; 0            ; 0           ; 0    ; 17 (17)      ; 0 (0)             ; 0 (0)            ; 0 (0)           ; 0 (0)      ; |design8template|SEG7DEC:SEG7DEC_1                                                                              ; work         ;
;    |TABLE:TABLE_1|                            ; 86 (86)     ; 0            ; 0           ; 0    ; 86 (86)      ; 0 (0)             ; 0 (0)            ; 0 (0)           ; 0 (0)      ; |design8template|TABLE:TABLE_1                                                                                  ; work         ;
+-----------------------------------------------+-------------+--------------+-------------+------+--------------+-------------------+------------------+-----------------+------------+-----------------------------------------------------------------------------------------------------------------+--------------+
Note: For table entries with two numbers listed, the numbers in parentheses indicate the number of resources of the given type used by the specific entity alone. The numbers listed outside of parentheses indicate the total resources of the given type used by the specific entity and all of its sub-entities in the hierarchy.


Encoding Type:  One-Hot
+----------------------------------------------------------------------------------------------------------------------------------------------------------------+
; State Machine - |design8template|FSM_CTRL:FSM_CTRL_1|CURRENT_STATE                                                                                             ;
+----------------------------+-------------------------+------------------------+----------------------------+-------------------------+-------------------------+
; Name                       ; CURRENT_STATE.ADC_LATCH ; CURRENT_STATE.ADC_DONE ; CURRENT_STATE.ADC_PROGRESS ; CURRENT_STATE.ADC_START ; CURRENT_STATE.ADC_READY ;
+----------------------------+-------------------------+------------------------+----------------------------+-------------------------+-------------------------+
; CURRENT_STATE.ADC_READY    ; 0                       ; 0                      ; 0                          ; 0                       ; 0                       ;
; CURRENT_STATE.ADC_START    ; 0                       ; 0                      ; 0                          ; 1                       ; 1                       ;
; CURRENT_STATE.ADC_PROGRESS ; 0                       ; 0                      ; 1                          ; 0                       ; 1                       ;
; CURRENT_STATE.ADC_DONE     ; 0                       ; 1                      ; 0                          ; 0                       ; 1                       ;
; CURRENT_STATE.ADC_LATCH    ; 1                       ; 0                      ; 0                          ; 0                       ; 1                       ;
+----------------------------+-------------------------+------------------------+----------------------------+-------------------------+-------------------------+


+------------------------------------------------------+
; General Register Statistics                          ;
+----------------------------------------------+-------+
; Statistic                                    ; Value ;
+----------------------------------------------+-------+
; Total registers                              ; 51    ;
; Number of registers using Synchronous Clear  ; 15    ;
; Number of registers using Synchronous Load   ; 0     ;
; Number of registers using Asynchronous Clear ; 0     ;
; Number of registers using Asynchronous Load  ; 0     ;
; Number of registers using Clock Enable       ; 23    ;
; Number of registers using Preset             ; 0     ;
+----------------------------------------------+-------+


+---------------------------------------------------------------------------------+
; Source assignments for CLK_DOWN:CLK_DOWN_1|lpm_counter:\P1:CURRENT_CNT[1]_rtl_0 ;
+---------------------------+-------+------+--------------------------------------+
; Assignment                ; Value ; From ; To                                   ;
+---------------------------+-------+------+--------------------------------------+
; SUPPRESS_DA_RULE_INTERNAL ; a101  ; -    ; -                                    ;
; SUPPRESS_DA_RULE_INTERNAL ; s102  ; -    ; -                                    ;
; SUPPRESS_DA_RULE_INTERNAL ; s103  ; -    ; -                                    ;
+---------------------------+-------+------+--------------------------------------+


+---------------------------------------------------------------------------------+
; Source assignments for CLK_DOWN:CLK_DOWN_2|lpm_counter:\P1:CURRENT_CNT[1]_rtl_1 ;
+---------------------------+-------+------+--------------------------------------+
; Assignment                ; Value ; From ; To                                   ;
+---------------------------+-------+------+--------------------------------------+
; SUPPRESS_DA_RULE_INTERNAL ; a101  ; -    ; -                                    ;
; SUPPRESS_DA_RULE_INTERNAL ; s102  ; -    ; -                                    ;
; SUPPRESS_DA_RULE_INTERNAL ; s103  ; -    ; -                                    ;
+---------------------------+-------+------+--------------------------------------+


+----------------------------------------------------------------------------------------+
; Source assignments for INT_CLK_GEN:INT_CLK_GEN_1|lpm_counter:\ADC_CLK:ADC_CNT[0]_rtl_2 ;
+---------------------------+-------+------+---------------------------------------------+
; Assignment                ; Value ; From ; To                                          ;
+---------------------------+-------+------+---------------------------------------------+
; SUPPRESS_DA_RULE_INTERNAL ; a101  ; -    ; -                                           ;
; SUPPRESS_DA_RULE_INTERNAL ; s102  ; -    ; -                                           ;
; SUPPRESS_DA_RULE_INTERNAL ; s103  ; -    ; -                                           ;
+---------------------------+-------+------+---------------------------------------------+


+----------------------------------------------------------------------------------------+
; Source assignments for INT_CLK_GEN:INT_CLK_GEN_1|lpm_counter:\FSM_CLK:FSM_CNT[0]_rtl_3 ;
+---------------------------+-------+------+---------------------------------------------+
; Assignment                ; Value ; From ; To                                          ;
+---------------------------+-------+------+---------------------------------------------+
; SUPPRESS_DA_RULE_INTERNAL ; a101  ; -    ; -                                           ;
; SUPPRESS_DA_RULE_INTERNAL ; s102  ; -    ; -                                           ;
; SUPPRESS_DA_RULE_INTERNAL ; s103  ; -    ; -                                           ;
+---------------------------+-------+------+---------------------------------------------+


+-----------------------------------------------------------------------------------------------------------+
; Parameter Settings for Inferred Entity Instance: CLK_DOWN:CLK_DOWN_1|lpm_counter:\P1:CURRENT_CNT[1]_rtl_0 ;
+------------------------+-------------------+--------------------------------------------------------------+
; Parameter Name         ; Value             ; Type                                                         ;
+------------------------+-------------------+--------------------------------------------------------------+
; AUTO_CARRY_CHAINS      ; ON                ; AUTO_CARRY                                                   ;
; IGNORE_CARRY_BUFFERS   ; OFF               ; IGNORE_CARRY                                                 ;
; AUTO_CASCADE_CHAINS    ; ON                ; AUTO_CASCADE                                                 ;
; IGNORE_CASCADE_BUFFERS ; OFF               ; IGNORE_CASCADE                                               ;
; LPM_WIDTH              ; 10                ; Untyped                                                      ;
; LPM_DIRECTION          ; UP                ; Untyped                                                      ;
; LPM_MODULUS            ; 0                 ; Untyped                                                      ;
; LPM_AVALUE             ; UNUSED            ; Untyped                                                      ;
; LPM_SVALUE             ; UNUSED            ; Untyped                                                      ;
; LPM_PORT_UPDOWN        ; PORT_CONNECTIVITY ; Untyped                                                      ;
; DEVICE_FAMILY          ; FLEX10K           ; Untyped                                                      ;
; CARRY_CHAIN            ; MANUAL            ; Untyped                                                      ;
; CARRY_CHAIN_LENGTH     ; 48                ; CARRY_CHAIN_LENGTH                                           ;
; NOT_GATE_PUSH_BACK     ; ON                ; NOT_GATE_PUSH_BACK                                           ;
; CARRY_CNT_EN           ; SMART             ; Untyped                                                      ;
; LABWIDE_SCLR           ; ON                ; Untyped                                                      ;
; USE_NEW_VERSION        ; TRUE              ; Untyped                                                      ;
; CBXI_PARAMETER         ; NOTHING           ; Untyped                                                      ;
+------------------------+-------------------+--------------------------------------------------------------+
Note: In order to hide this table in the UI and the text report file, please set the "Show Parameter Settings Tables in Synthesis Report" option in "Analysis and Synthesis Settings -> More Settings" to "Off".


+-----------------------------------------------------------------------------------------------------------+
; Parameter Settings for Inferred Entity Instance: CLK_DOWN:CLK_DOWN_2|lpm_counter:\P1:CURRENT_CNT[1]_rtl_1 ;
+------------------------+-------------------+--------------------------------------------------------------+
; Parameter Name         ; Value             ; Type                                                         ;
+------------------------+-------------------+--------------------------------------------------------------+
; AUTO_CARRY_CHAINS      ; ON                ; AUTO_CARRY                                                   ;
; IGNORE_CARRY_BUFFERS   ; OFF               ; IGNORE_CARRY                                                 ;
; AUTO_CASCADE_CHAINS    ; ON                ; AUTO_CASCADE                                                 ;
; IGNORE_CASCADE_BUFFERS ; OFF               ; IGNORE_CASCADE                                               ;
; LPM_WIDTH              ; 10                ; Untyped                                                      ;
; LPM_DIRECTION          ; UP                ; Untyped                                                      ;
; LPM_MODULUS            ; 0                 ; Untyped                                                      ;
; LPM_AVALUE             ; UNUSED            ; Untyped                                                      ;
; LPM_SVALUE             ; UNUSED            ; Untyped                                                      ;
; LPM_PORT_UPDOWN        ; PORT_CONNECTIVITY ; Untyped                                                      ;
; DEVICE_FAMILY          ; FLEX10K           ; Untyped                                                      ;
; CARRY_CHAIN            ; MANUAL            ; Untyped                                                      ;
; CARRY_CHAIN_LENGTH     ; 48                ; CARRY_CHAIN_LENGTH                                           ;
; NOT_GATE_PUSH_BACK     ; ON                ; NOT_GATE_PUSH_BACK                                           ;
; CARRY_CNT_EN           ; SMART             ; Untyped                                                      ;
; LABWIDE_SCLR           ; ON                ; Untyped                                                      ;
; USE_NEW_VERSION        ; TRUE              ; Untyped                                                      ;
; CBXI_PARAMETER         ; NOTHING           ; Untyped                                                      ;
+------------------------+-------------------+--------------------------------------------------------------+
Note: In order to hide this table in the UI and the text report file, please set the "Show Parameter Settings Tables in Synthesis Report" option in "Analysis and Synthesis Settings -> More Settings" to "Off".


+------------------------------------------------------------------------------------------------------------------+
; Parameter Settings for Inferred Entity Instance: INT_CLK_GEN:INT_CLK_GEN_1|lpm_counter:\ADC_CLK:ADC_CNT[0]_rtl_2 ;
+------------------------+-------------------+---------------------------------------------------------------------+
; Parameter Name         ; Value             ; Type                                                                ;
+------------------------+-------------------+---------------------------------------------------------------------+
; AUTO_CARRY_CHAINS      ; ON                ; AUTO_CARRY                                                          ;
; IGNORE_CARRY_BUFFERS   ; OFF               ; IGNORE_CARRY                                                        ;
; AUTO_CASCADE_CHAINS    ; ON                ; AUTO_CASCADE                                                        ;
; IGNORE_CASCADE_BUFFERS ; OFF               ; IGNORE_CASCADE                                                      ;
; LPM_WIDTH              ; 7                 ; Untyped                                                             ;
; LPM_DIRECTION          ; UP                ; Untyped                                                             ;
; LPM_MODULUS            ; 0                 ; Untyped                                                             ;
; LPM_AVALUE             ; UNUSED            ; Untyped                                                             ;
; LPM_SVALUE             ; UNUSED            ; Untyped                                                             ;
; LPM_PORT_UPDOWN        ; PORT_CONNECTIVITY ; Untyped                                                             ;
; DEVICE_FAMILY          ; FLEX10K           ; Untyped                                                             ;
; CARRY_CHAIN            ; MANUAL            ; Untyped                                                             ;
; CARRY_CHAIN_LENGTH     ; 48                ; CARRY_CHAIN_LENGTH                                                  ;
; NOT_GATE_PUSH_BACK     ; ON                ; NOT_GATE_PUSH_BACK                                                  ;
; CARRY_CNT_EN           ; SMART             ; Untyped                                                             ;
; LABWIDE_SCLR           ; ON                ; Untyped                                                             ;
; USE_NEW_VERSION        ; TRUE              ; Untyped                                                             ;
; CBXI_PARAMETER         ; NOTHING           ; Untyped                                                             ;
+------------------------+-------------------+---------------------------------------------------------------------+
Note: In order to hide this table in the UI and the text report file, please set the "Show Parameter Settings Tables in Synthesis Report" option in "Analysis and Synthesis Settings -> More Settings" to "Off".


+------------------------------------------------------------------------------------------------------------------+
; Parameter Settings for Inferred Entity Instance: INT_CLK_GEN:INT_CLK_GEN_1|lpm_counter:\FSM_CLK:FSM_CNT[0]_rtl_3 ;
+------------------------+-------------------+---------------------------------------------------------------------+
; Parameter Name         ; Value             ; Type                                                                ;
+------------------------+-------------------+---------------------------------------------------------------------+
; AUTO_CARRY_CHAINS      ; ON                ; AUTO_CARRY                                                          ;
; IGNORE_CARRY_BUFFERS   ; OFF               ; IGNORE_CARRY                                                        ;
; AUTO_CASCADE_CHAINS    ; ON                ; AUTO_CASCADE                                                        ;
; IGNORE_CASCADE_BUFFERS ; OFF               ; IGNORE_CASCADE                                                      ;
; LPM_WIDTH              ; 8                 ; Untyped                                                             ;
; LPM_DIRECTION          ; UP                ; Untyped                                                             ;
; LPM_MODULUS            ; 0                 ; Untyped                                                             ;
; LPM_AVALUE             ; UNUSED            ; Untyped                                                             ;
; LPM_SVALUE             ; UNUSED            ; Untyped                                                             ;
; LPM_PORT_UPDOWN        ; PORT_CONNECTIVITY ; Untyped                                                             ;
; DEVICE_FAMILY          ; FLEX10K           ; Untyped                                                             ;
; CARRY_CHAIN            ; MANUAL            ; Untyped                                                             ;
; CARRY_CHAIN_LENGTH     ; 48                ; CARRY_CHAIN_LENGTH                                                  ;
; NOT_GATE_PUSH_BACK     ; ON                ; NOT_GATE_PUSH_BACK                                                  ;
; CARRY_CNT_EN           ; SMART             ; Untyped                                                             ;
; LABWIDE_SCLR           ; ON                ; Untyped                                                             ;
; USE_NEW_VERSION        ; TRUE              ; Untyped                                                             ;
; CBXI_PARAMETER         ; NOTHING           ; Untyped                                                             ;
+------------------------+-------------------+---------------------------------------------------------------------+
Note: In order to hide this table in the UI and the text report file, please set the "Show Parameter Settings Tables in Synthesis Report" option in "Analysis and Synthesis Settings -> More Settings" to "Off".


+-------------------------------+
; Analysis & Synthesis Messages ;
+-------------------------------+
Info: *******************************************************************
Info: Running Quartus II Analysis & Synthesis
    Info: Version 9.0 Build 235 06/17/2009 Service Pack 2 SJ Web Edition
    Info: Processing started: Tue Feb 04 21:14:08 2014
Info: Command: quartus_map --read_settings_files=on --write_settings_files=off design8template -c design8template
Info: Found 1 design units, including 1 entities, in source file design8template.bdf
    Info: Found entity 1: design8template
Info: Found 2 design units, including 1 entities, in source file CLK_DOWN.vhd
    Info: Found design unit 1: CLK_DOWN-BEHAVIORAL
    Info: Found entity 1: CLK_DOWN
Info: Found 2 design units, including 1 entities, in source file INT_CLK_GEN.vhd
    Info: Found design unit 1: INT_CLK_GEN-BEHAVIORAL
    Info: Found entity 1: INT_CLK_GEN
Info: Elaborating entity "design8template" for the top level hierarchy
Warning: Using design file FSM_CTRL.vhd, which is not specified as a design file for the current project, but contains definitions for 2 design units and 1 entities in project
    Info: Found design unit 1: FSM_CTRL-BEHAVIORAL
    Info: Found entity 1: FSM_CTRL
Info: Elaborating entity "FSM_CTRL" for hierarchy "FSM_CTRL:FSM_CTRL_1"
Info: Elaborating entity "INT_CLK_GEN" for hierarchy "INT_CLK_GEN:INT_CLK_GEN_1"
Info: Elaborating entity "CLK_DOWN" for hierarchy "CLK_DOWN:CLK_DOWN_1"
Warning: Using design file SEG7DEC.vhd, which is not specified as a design file for the current project, but contains definitions for 2 design units and 1 entities in project
    Info: Found design unit 1: SEG7DEC-BEHAVIORAL
    Info: Found entity 1: SEG7DEC
Info: Elaborating entity "SEG7DEC" for hierarchy "SEG7DEC:SEG7DEC_1"
Warning: Using design file TABLE.vhd, which is not specified as a design file for the current project, but contains definitions for 2 design units and 1 entities in project
    Info: Found design unit 1: TABLE-BEHAVIORAL
    Info: Found entity 1: TABLE
Info: Elaborating entity "TABLE" for hierarchy "TABLE:TABLE_1"
Info: Inferred 4 megafunctions from design logic
    Info: Inferred lpm_counter megafunction (LPM_WIDTH=10) from the following logic: "CLK_DOWN:CLK_DOWN_1|\P1:CURRENT_CNT[1]~0"
    Info: Inferred lpm_counter megafunction (LPM_WIDTH=10) from the following logic: "CLK_DOWN:CLK_DOWN_2|\P1:CURRENT_CNT[1]~0"
    Info: Inferred lpm_counter megafunction (LPM_WIDTH=7) from the following logic: "INT_CLK_GEN:INT_CLK_GEN_1|\ADC_CLK:ADC_CNT[0]~0"
    Info: Inferred lpm_counter megafunction (LPM_WIDTH=8) from the following logic: "INT_CLK_GEN:INT_CLK_GEN_1|\FSM_CLK:FSM_CNT[0]~0"
Info: Elaborated megafunction instantiation "CLK_DOWN:CLK_DOWN_1|lpm_counter:\P1:CURRENT_CNT[1]_rtl_0"
Info: Instantiated megafunction "CLK_DOWN:CLK_DOWN_1|lpm_counter:\P1:CURRENT_CNT[1]_rtl_0" with the following parameter:
    Info: Parameter "LPM_WIDTH" = "10"
    Info: Parameter "LPM_DIRECTION" = "UP"
    Info: Parameter "LPM_TYPE" = "LPM_COUNTER"
Info: Elaborated megafunction instantiation "CLK_DOWN:CLK_DOWN_1|lpm_counter:\P1:CURRENT_CNT[1]_rtl_0|alt_counter_f10ke:wysi_counter", which is child of megafunction instantiation "CLK_DOWN:CLK_DOWN_1|lpm_counter:\P1:CURRENT_CNT[1]_rtl_0"
Info: Elaborated megafunction instantiation "INT_CLK_GEN:INT_CLK_GEN_1|lpm_counter:\ADC_CLK:ADC_CNT[0]_rtl_2"
Info: Instantiated megafunction "INT_CLK_GEN:INT_CLK_GEN_1|lpm_counter:\ADC_CLK:ADC_CNT[0]_rtl_2" with the following parameter:
    Info: Parameter "LPM_WIDTH" = "7"
    Info: Parameter "LPM_DIRECTION" = "UP"
    Info: Parameter "LPM_TYPE" = "LPM_COUNTER"
Info: Elaborated megafunction instantiation "INT_CLK_GEN:INT_CLK_GEN_1|lpm_counter:\ADC_CLK:ADC_CNT[0]_rtl_2|alt_counter_f10ke:wysi_counter", which is child of megafunction instantiation "INT_CLK_GEN:INT_CLK_GEN_1|lpm_counter:\ADC_CLK:ADC_CNT[0]_rtl_2"
Info: Elaborated megafunction instantiation "INT_CLK_GEN:INT_CLK_GEN_1|lpm_counter:\FSM_CLK:FSM_CNT[0]_rtl_3"
Info: Instantiated megafunction "INT_CLK_GEN:INT_CLK_GEN_1|lpm_counter:\FSM_CLK:FSM_CNT[0]_rtl_3" with the following parameter:
    Info: Parameter "LPM_WIDTH" = "8"
    Info: Parameter "LPM_DIRECTION" = "UP"
    Info: Parameter "LPM_TYPE" = "LPM_COUNTER"
Info: Elaborated megafunction instantiation "INT_CLK_GEN:INT_CLK_GEN_1|lpm_counter:\FSM_CLK:FSM_CNT[0]_rtl_3|alt_counter_f10ke:wysi_counter", which is child of megafunction instantiation "INT_CLK_GEN:INT_CLK_GEN_1|lpm_counter:\FSM_CLK:FSM_CNT[0]_rtl_3"
Warning: Output pins are stuck at VCC or GND
    Warning (13410): Pin "LFT_DP_Z" is stuck at VCC
    Warning (13410): Pin "RGT_DP_Z" is stuck at VCC
Info: Implemented 196 device resources after synthesis - the final resource count might be different
    Info: Implemented 12 input pins
    Info: Implemented 23 output pins
    Info: Implemented 161 logic cells
Info: Quartus II Analysis & Synthesis was successful. 0 errors, 6 warnings
    Info: Peak virtual memory: 238 megabytes
    Info: Processing ended: Tue Feb 04 21:14:11 2014
    Info: Elapsed time: 00:00:03
    Info: Total CPU time (on all processors): 00:00:03


