Classic Timing Analyzer report for Project4
Thu Jan 09 19:25:11 2014
Quartus II Version 9.0 Build 235 06/17/2009 Service Pack 2 SJ Web Edition


---------------------
; Table of Contents ;
---------------------
  1. Legal Notice
  2. Timing Analyzer Summary
  3. Timing Analyzer Settings
  4. Clock Settings Summary
  5. Parallel Compilation
  6. Clock Setup: 'SIM_CLK'
  7. tco
  8. Timing Analyzer Messages



----------------
; Legal Notice ;
----------------
Copyright (C) 1991-2009 Altera Corporation
Your use of Altera Corporation's design tools, logic functions 
and other software and tools, and its AMPP partner logic 
functions, and any output files from any of the foregoing 
(including device programming or simulation files), and any 
associated documentation or information are expressly subject 
to the terms and conditions of the Altera Program License 
Subscription Agreement, Altera MegaCore Function License 
Agreement, or other applicable license agreement, including, 
without limitation, that your use is for the sole purpose of 
programming logic devices manufactured by Altera and sold by 
Altera or its authorized distributors.  Please refer to the 
applicable agreement for further details.



+--------------------------------------------------------------------------------------------------------------------------------------------------------------------------------------------------------+
; Timing Analyzer Summary                                                                                                                                                                                ;
+------------------------------+-------+---------------+----------------------------------+-----------------------------------+-----------------------------------+------------+----------+--------------+
; Type                         ; Slack ; Required Time ; Actual Time                      ; From                              ; To                                ; From Clock ; To Clock ; Failed Paths ;
+------------------------------+-------+---------------+----------------------------------+-----------------------------------+-----------------------------------+------------+----------+--------------+
; Worst-case tco               ; N/A   ; None          ; 30.500 ns                        ; UP_CNT_TO_NINE:inst|\P1:COUNT[4]  ; SS1[8]                            ; SIM_CLK    ; --       ; 0            ;
; Clock Setup: 'SIM_CLK'       ; N/A   ; None          ; 47.17 MHz ( period = 21.200 ns ) ; CLK_GEN:inst21|CLK_1HZ_CNT_BFR[0] ; CLK_GEN:inst21|CLK_1HZ_CNT_BFR[5] ; SIM_CLK    ; SIM_CLK  ; 0            ;
; Total number of failed paths ;       ;               ;                                  ;                                   ;                                   ;            ;          ; 0            ;
+------------------------------+-------+---------------+----------------------------------+-----------------------------------+-----------------------------------+------------+----------+--------------+


+--------------------------------------------------------------------------------------------------------------------+
; Timing Analyzer Settings                                                                                           ;
+---------------------------------------------------------------------+--------------------+------+----+-------------+
; Option                                                              ; Setting            ; From ; To ; Entity Name ;
+---------------------------------------------------------------------+--------------------+------+----+-------------+
; Device Name                                                         ; EPF10K70RC240-4    ;      ;    ;             ;
; Timing Models                                                       ; Final              ;      ;    ;             ;
; Default hold multicycle                                             ; Same as Multicycle ;      ;    ;             ;
; Cut paths between unrelated clock domains                           ; On                 ;      ;    ;             ;
; Cut off read during write signal paths                              ; On                 ;      ;    ;             ;
; Cut off feedback from I/O pins                                      ; On                 ;      ;    ;             ;
; Report Combined Fast/Slow Timing                                    ; Off                ;      ;    ;             ;
; Ignore Clock Settings                                               ; Off                ;      ;    ;             ;
; Analyze latches as synchronous elements                             ; On                 ;      ;    ;             ;
; Enable Recovery/Removal analysis                                    ; Off                ;      ;    ;             ;
; Enable Clock Latency                                                ; Off                ;      ;    ;             ;
; Use TimeQuest Timing Analyzer                                       ; Off                ;      ;    ;             ;
; Minimum Core Junction Temperature                                   ; 0                  ;      ;    ;             ;
; Maximum Core Junction Temperature                                   ; 85                 ;      ;    ;             ;
; Number of source nodes to report per destination node               ; 10                 ;      ;    ;             ;
; Number of destination nodes to report                               ; 10                 ;      ;    ;             ;
; Number of paths to report                                           ; 200                ;      ;    ;             ;
; Report Minimum Timing Checks                                        ; Off                ;      ;    ;             ;
; Use Fast Timing Models                                              ; Off                ;      ;    ;             ;
; Report IO Paths Separately                                          ; Off                ;      ;    ;             ;
; Perform Multicorner Analysis                                        ; Off                ;      ;    ;             ;
; Reports the worst-case path for each clock domain and analysis      ; Off                ;      ;    ;             ;
; Removes common clock path pessimism (CCPP) during slack computation ; Off                ;      ;    ;             ;
; Output I/O Timing Endpoint                                          ; Near End           ;      ;    ;             ;
+---------------------------------------------------------------------+--------------------+------+----+-------------+


+------------------------------------------------------------------------------------------------------------------------------------------------------------------------------------+
; Clock Settings Summary                                                                                                                                                             ;
+-----------------+--------------------+----------+------------------+---------------+--------------+----------+-----------------------+---------------------+--------+--------------+
; Clock Node Name ; Clock Setting Name ; Type     ; Fmax Requirement ; Early Latency ; Late Latency ; Based on ; Multiply Base Fmax by ; Divide Base Fmax by ; Offset ; Phase offset ;
+-----------------+--------------------+----------+------------------+---------------+--------------+----------+-----------------------+---------------------+--------+--------------+
; SIM_CLK         ;                    ; User Pin ; None             ; 0.000 ns      ; 0.000 ns     ; --       ; N/A                   ; N/A                 ; N/A    ;              ;
+-----------------+--------------------+----------+------------------+---------------+--------------+----------+-----------------------+---------------------+--------+--------------+


Parallel compilation was disabled, but you have multiple processors available. Enable parallel compilation to reduce compilation time.
+-------------------------------------+
; Parallel Compilation                ;
+----------------------------+--------+
; Processors                 ; Number ;
+----------------------------+--------+
; Number detected on machine ; 2      ;
; Maximum allowed            ; 1      ;
+----------------------------+--------+


+-------------------------------------------------------------------------------------------------------------------------------------------------------------------------------------------------------------------------------------------------------------------------------------+
; Clock Setup: 'SIM_CLK'                                                                                                                                                                                                                                                              ;
+-----------------------------------------+-----------------------------------------------------+------------------------------------+------------------------------------+------------+----------+-----------------------------+---------------------------+-------------------------+
; Slack                                   ; Actual fmax (period)                                ; From                               ; To                                 ; From Clock ; To Clock ; Required Setup Relationship ; Required Longest P2P Time ; Actual Longest P2P Time ;
+-----------------------------------------+-----------------------------------------------------+------------------------------------+------------------------------------+------------+----------+-----------------------------+---------------------------+-------------------------+
; N/A                                     ; 47.17 MHz ( period = 21.200 ns )                    ; CLK_GEN:inst21|CLK_1HZ_CNT_BFR[0]  ; CLK_GEN:inst21|CLK_1HZ_CNT_BFR[16] ; SIM_CLK    ; SIM_CLK  ; None                        ; None                      ; 17.200 ns               ;
; N/A                                     ; 47.17 MHz ( period = 21.200 ns )                    ; CLK_GEN:inst21|CLK_1HZ_CNT_BFR[0]  ; CLK_GEN:inst21|CLK_1HZ_CNT_BFR[17] ; SIM_CLK    ; SIM_CLK  ; None                        ; None                      ; 17.200 ns               ;
; N/A                                     ; 47.17 MHz ( period = 21.200 ns )                    ; CLK_GEN:inst21|CLK_1HZ_CNT_BFR[0]  ; CLK_GEN:inst21|CLK_1HZ_CNT_BFR[5]  ; SIM_CLK    ; SIM_CLK  ; None                        ; None                      ; 17.200 ns               ;
; N/A                                     ; 47.39 MHz ( period = 21.100 ns )                    ; CLK_GEN:inst21|CLK_1HZ_CNT_BFR[0]  ; CLK_GEN:inst21|CLK_1HZ_CNT_BFR[13] ; SIM_CLK    ; SIM_CLK  ; None                        ; None                      ; 17.100 ns               ;
; N/A                                     ; 47.39 MHz ( period = 21.100 ns )                    ; CLK_GEN:inst21|CLK_1HZ_CNT_BFR[0]  ; CLK_GEN:inst21|CLK_1HZ_CNT_BFR[4]  ; SIM_CLK    ; SIM_CLK  ; None                        ; None                      ; 17.100 ns               ;
; N/A                                     ; 47.39 MHz ( period = 21.100 ns )                    ; CLK_GEN:inst21|CLK_1HZ_CNT_BFR[0]  ; CLK_GEN:inst21|CLK_1HZ_CNT_BFR[3]  ; SIM_CLK    ; SIM_CLK  ; None                        ; None                      ; 17.100 ns               ;
; N/A                                     ; 47.39 MHz ( period = 21.100 ns )                    ; CLK_GEN:inst21|CLK_1HZ_CNT_BFR[0]  ; CLK_GEN:inst21|CLK_1HZ_CNT_BFR[2]  ; SIM_CLK    ; SIM_CLK  ; None                        ; None                      ; 17.100 ns               ;
; N/A                                     ; 47.39 MHz ( period = 21.100 ns )                    ; CLK_GEN:inst21|CLK_1HZ_CNT_BFR[0]  ; CLK_GEN:inst21|CLK_1HZ_CNT_BFR[1]  ; SIM_CLK    ; SIM_CLK  ; None                        ; None                      ; 17.100 ns               ;
; N/A                                     ; 48.31 MHz ( period = 20.700 ns )                    ; CLK_GEN:inst21|CLK_1HZ_CNT_BFR[3]  ; CLK_GEN:inst21|CLK_1HZ_CNT_BFR[20] ; SIM_CLK    ; SIM_CLK  ; None                        ; None                      ; 16.700 ns               ;
; N/A                                     ; 49.02 MHz ( period = 20.400 ns )                    ; CLK_GEN:inst21|CLK_1HZ_CNT_BFR[0]  ; CLK_GEN:inst21|CLK_1HZ_BFR         ; SIM_CLK    ; SIM_CLK  ; None                        ; None                      ; 16.400 ns               ;
; N/A                                     ; 49.02 MHz ( period = 20.400 ns )                    ; CLK_GEN:inst21|CLK_1HZ_CNT_BFR[4]  ; CLK_GEN:inst21|CLK_1HZ_CNT_BFR[20] ; SIM_CLK    ; SIM_CLK  ; None                        ; None                      ; 16.400 ns               ;
; N/A                                     ; 49.26 MHz ( period = 20.300 ns )                    ; CLK_GEN:inst21|CLK_1HZ_CNT_BFR[5]  ; CLK_GEN:inst21|CLK_1HZ_CNT_BFR[20] ; SIM_CLK    ; SIM_CLK  ; None                        ; None                      ; 16.300 ns               ;
; N/A                                     ; 49.50 MHz ( period = 20.200 ns )                    ; CLK_GEN:inst21|CLK_1HZ_CNT_BFR[2]  ; CLK_GEN:inst21|CLK_1HZ_CNT_BFR[16] ; SIM_CLK    ; SIM_CLK  ; None                        ; None                      ; 16.200 ns               ;
; N/A                                     ; 49.50 MHz ( period = 20.200 ns )                    ; CLK_GEN:inst21|CLK_1HZ_CNT_BFR[1]  ; CLK_GEN:inst21|CLK_1HZ_CNT_BFR[16] ; SIM_CLK    ; SIM_CLK  ; None                        ; None                      ; 16.200 ns               ;
; N/A                                     ; 49.50 MHz ( period = 20.200 ns )                    ; CLK_GEN:inst21|CLK_1HZ_CNT_BFR[2]  ; CLK_GEN:inst21|CLK_1HZ_CNT_BFR[17] ; SIM_CLK    ; SIM_CLK  ; None                        ; None                      ; 16.200 ns               ;
; N/A                                     ; 49.50 MHz ( period = 20.200 ns )                    ; CLK_GEN:inst21|CLK_1HZ_CNT_BFR[1]  ; CLK_GEN:inst21|CLK_1HZ_CNT_BFR[17] ; SIM_CLK    ; SIM_CLK  ; None                        ; None                      ; 16.200 ns               ;
; N/A                                     ; 49.50 MHz ( period = 20.200 ns )                    ; CLK_GEN:inst21|CLK_1HZ_CNT_BFR[3]  ; CLK_GEN:inst21|CLK_1HZ_CNT_BFR[18] ; SIM_CLK    ; SIM_CLK  ; None                        ; None                      ; 16.200 ns               ;
; N/A                                     ; 49.50 MHz ( period = 20.200 ns )                    ; CLK_GEN:inst21|CLK_1HZ_CNT_BFR[2]  ; CLK_GEN:inst21|CLK_1HZ_CNT_BFR[5]  ; SIM_CLK    ; SIM_CLK  ; None                        ; None                      ; 16.200 ns               ;
; N/A                                     ; 49.50 MHz ( period = 20.200 ns )                    ; CLK_GEN:inst21|CLK_1HZ_CNT_BFR[1]  ; CLK_GEN:inst21|CLK_1HZ_CNT_BFR[5]  ; SIM_CLK    ; SIM_CLK  ; None                        ; None                      ; 16.200 ns               ;
; N/A                                     ; 49.75 MHz ( period = 20.100 ns )                    ; CLK_GEN:inst21|CLK_1HZ_CNT_BFR[19] ; CLK_GEN:inst21|CLK_1HZ_CNT_BFR[16] ; SIM_CLK    ; SIM_CLK  ; None                        ; None                      ; 16.100 ns               ;
; N/A                                     ; 49.75 MHz ( period = 20.100 ns )                    ; CLK_GEN:inst21|CLK_1HZ_CNT_BFR[19] ; CLK_GEN:inst21|CLK_1HZ_CNT_BFR[17] ; SIM_CLK    ; SIM_CLK  ; None                        ; None                      ; 16.100 ns               ;
; N/A                                     ; 49.75 MHz ( period = 20.100 ns )                    ; CLK_GEN:inst21|CLK_1HZ_CNT_BFR[19] ; CLK_GEN:inst21|CLK_1HZ_CNT_BFR[5]  ; SIM_CLK    ; SIM_CLK  ; None                        ; None                      ; 16.100 ns               ;
; N/A                                     ; 49.75 MHz ( period = 20.100 ns )                    ; CLK_GEN:inst21|CLK_1HZ_CNT_BFR[2]  ; CLK_GEN:inst21|CLK_1HZ_CNT_BFR[13] ; SIM_CLK    ; SIM_CLK  ; None                        ; None                      ; 16.100 ns               ;
; N/A                                     ; 49.75 MHz ( period = 20.100 ns )                    ; CLK_GEN:inst21|CLK_1HZ_CNT_BFR[1]  ; CLK_GEN:inst21|CLK_1HZ_CNT_BFR[13] ; SIM_CLK    ; SIM_CLK  ; None                        ; None                      ; 16.100 ns               ;
; N/A                                     ; 49.75 MHz ( period = 20.100 ns )                    ; CLK_GEN:inst21|CLK_1HZ_CNT_BFR[2]  ; CLK_GEN:inst21|CLK_1HZ_CNT_BFR[4]  ; SIM_CLK    ; SIM_CLK  ; None                        ; None                      ; 16.100 ns               ;
; N/A                                     ; 49.75 MHz ( period = 20.100 ns )                    ; CLK_GEN:inst21|CLK_1HZ_CNT_BFR[1]  ; CLK_GEN:inst21|CLK_1HZ_CNT_BFR[4]  ; SIM_CLK    ; SIM_CLK  ; None                        ; None                      ; 16.100 ns               ;
; N/A                                     ; 49.75 MHz ( period = 20.100 ns )                    ; CLK_GEN:inst21|CLK_1HZ_CNT_BFR[2]  ; CLK_GEN:inst21|CLK_1HZ_CNT_BFR[3]  ; SIM_CLK    ; SIM_CLK  ; None                        ; None                      ; 16.100 ns               ;
; N/A                                     ; 49.75 MHz ( period = 20.100 ns )                    ; CLK_GEN:inst21|CLK_1HZ_CNT_BFR[1]  ; CLK_GEN:inst21|CLK_1HZ_CNT_BFR[3]  ; SIM_CLK    ; SIM_CLK  ; None                        ; None                      ; 16.100 ns               ;
; N/A                                     ; 49.75 MHz ( period = 20.100 ns )                    ; CLK_GEN:inst21|CLK_1HZ_CNT_BFR[2]  ; CLK_GEN:inst21|CLK_1HZ_CNT_BFR[2]  ; SIM_CLK    ; SIM_CLK  ; None                        ; None                      ; 16.100 ns               ;
; N/A                                     ; 49.75 MHz ( period = 20.100 ns )                    ; CLK_GEN:inst21|CLK_1HZ_CNT_BFR[1]  ; CLK_GEN:inst21|CLK_1HZ_CNT_BFR[2]  ; SIM_CLK    ; SIM_CLK  ; None                        ; None                      ; 16.100 ns               ;
; N/A                                     ; 49.75 MHz ( period = 20.100 ns )                    ; CLK_GEN:inst21|CLK_1HZ_CNT_BFR[2]  ; CLK_GEN:inst21|CLK_1HZ_CNT_BFR[1]  ; SIM_CLK    ; SIM_CLK  ; None                        ; None                      ; 16.100 ns               ;
; N/A                                     ; 49.75 MHz ( period = 20.100 ns )                    ; CLK_GEN:inst21|CLK_1HZ_CNT_BFR[1]  ; CLK_GEN:inst21|CLK_1HZ_CNT_BFR[1]  ; SIM_CLK    ; SIM_CLK  ; None                        ; None                      ; 16.100 ns               ;
; N/A                                     ; 50.00 MHz ( period = 20.000 ns )                    ; CLK_GEN:inst21|CLK_1HZ_CNT_BFR[19] ; CLK_GEN:inst21|CLK_1HZ_CNT_BFR[13] ; SIM_CLK    ; SIM_CLK  ; None                        ; None                      ; 16.000 ns               ;
; N/A                                     ; 50.00 MHz ( period = 20.000 ns )                    ; CLK_GEN:inst21|CLK_1HZ_CNT_BFR[19] ; CLK_GEN:inst21|CLK_1HZ_CNT_BFR[4]  ; SIM_CLK    ; SIM_CLK  ; None                        ; None                      ; 16.000 ns               ;
; N/A                                     ; 50.00 MHz ( period = 20.000 ns )                    ; CLK_GEN:inst21|CLK_1HZ_CNT_BFR[19] ; CLK_GEN:inst21|CLK_1HZ_CNT_BFR[3]  ; SIM_CLK    ; SIM_CLK  ; None                        ; None                      ; 16.000 ns               ;
; N/A                                     ; 50.00 MHz ( period = 20.000 ns )                    ; CLK_GEN:inst21|CLK_1HZ_CNT_BFR[19] ; CLK_GEN:inst21|CLK_1HZ_CNT_BFR[2]  ; SIM_CLK    ; SIM_CLK  ; None                        ; None                      ; 16.000 ns               ;
; N/A                                     ; 50.00 MHz ( period = 20.000 ns )                    ; CLK_GEN:inst21|CLK_1HZ_CNT_BFR[19] ; CLK_GEN:inst21|CLK_1HZ_CNT_BFR[1]  ; SIM_CLK    ; SIM_CLK  ; None                        ; None                      ; 16.000 ns               ;
; N/A                                     ; 50.25 MHz ( period = 19.900 ns )                    ; CLK_GEN:inst21|CLK_1HZ_CNT_BFR[3]  ; CLK_GEN:inst21|CLK_1HZ_CNT_BFR[17] ; SIM_CLK    ; SIM_CLK  ; None                        ; None                      ; 15.900 ns               ;
; N/A                                     ; 50.25 MHz ( period = 19.900 ns )                    ; CLK_GEN:inst21|CLK_1HZ_CNT_BFR[4]  ; CLK_GEN:inst21|CLK_1HZ_CNT_BFR[18] ; SIM_CLK    ; SIM_CLK  ; None                        ; None                      ; 15.900 ns               ;
; N/A                                     ; 50.51 MHz ( period = 19.800 ns )                    ; CLK_GEN:inst21|CLK_1HZ_CNT_BFR[5]  ; CLK_GEN:inst21|CLK_1HZ_CNT_BFR[18] ; SIM_CLK    ; SIM_CLK  ; None                        ; None                      ; 15.800 ns               ;
; N/A                                     ; 51.02 MHz ( period = 19.600 ns )                    ; CLK_GEN:inst21|CLK_1HZ_CNT_BFR[3]  ; CLK_GEN:inst21|CLK_1HZ_CNT_BFR[16] ; SIM_CLK    ; SIM_CLK  ; None                        ; None                      ; 15.600 ns               ;
; N/A                                     ; 51.02 MHz ( period = 19.600 ns )                    ; CLK_GEN:inst21|CLK_1HZ_CNT_BFR[4]  ; CLK_GEN:inst21|CLK_1HZ_CNT_BFR[17] ; SIM_CLK    ; SIM_CLK  ; None                        ; None                      ; 15.600 ns               ;
; N/A                                     ; 51.28 MHz ( period = 19.500 ns )                    ; CLK_GEN:inst21|CLK_1HZ_CNT_BFR[5]  ; CLK_GEN:inst21|CLK_1HZ_CNT_BFR[17] ; SIM_CLK    ; SIM_CLK  ; None                        ; None                      ; 15.500 ns               ;
; N/A                                     ; 51.55 MHz ( period = 19.400 ns )                    ; CLK_GEN:inst21|CLK_1HZ_CNT_BFR[2]  ; CLK_GEN:inst21|CLK_1HZ_BFR         ; SIM_CLK    ; SIM_CLK  ; None                        ; None                      ; 15.400 ns               ;
; N/A                                     ; 51.55 MHz ( period = 19.400 ns )                    ; CLK_GEN:inst21|CLK_1HZ_CNT_BFR[1]  ; CLK_GEN:inst21|CLK_1HZ_BFR         ; SIM_CLK    ; SIM_CLK  ; None                        ; None                      ; 15.400 ns               ;
; N/A                                     ; 51.55 MHz ( period = 19.400 ns )                    ; CLK_GEN:inst21|CLK_1HZ_CNT_BFR[0]  ; CLK_GEN:inst21|CLK_1HZ_CNT_BFR[20] ; SIM_CLK    ; SIM_CLK  ; None                        ; None                      ; 15.400 ns               ;
; N/A                                     ; 51.81 MHz ( period = 19.300 ns )                    ; CLK_GEN:inst21|CLK_1HZ_CNT_BFR[19] ; CLK_GEN:inst21|CLK_1HZ_BFR         ; SIM_CLK    ; SIM_CLK  ; None                        ; None                      ; 15.300 ns               ;
; N/A                                     ; 51.81 MHz ( period = 19.300 ns )                    ; CLK_GEN:inst21|CLK_1HZ_CNT_BFR[4]  ; CLK_GEN:inst21|CLK_1HZ_CNT_BFR[16] ; SIM_CLK    ; SIM_CLK  ; None                        ; None                      ; 15.300 ns               ;
; N/A                                     ; 52.08 MHz ( period = 19.200 ns )                    ; CLK_GEN:inst21|CLK_1HZ_CNT_BFR[15] ; CLK_GEN:inst21|CLK_1HZ_CNT_BFR[16] ; SIM_CLK    ; SIM_CLK  ; None                        ; None                      ; 15.200 ns               ;
; N/A                                     ; 52.08 MHz ( period = 19.200 ns )                    ; CLK_GEN:inst21|CLK_1HZ_CNT_BFR[5]  ; CLK_GEN:inst21|CLK_1HZ_CNT_BFR[16] ; SIM_CLK    ; SIM_CLK  ; None                        ; None                      ; 15.200 ns               ;
; N/A                                     ; 52.08 MHz ( period = 19.200 ns )                    ; CLK_GEN:inst21|CLK_1HZ_CNT_BFR[13] ; CLK_GEN:inst21|CLK_1HZ_CNT_BFR[16] ; SIM_CLK    ; SIM_CLK  ; None                        ; None                      ; 15.200 ns               ;
; N/A                                     ; 52.08 MHz ( period = 19.200 ns )                    ; CLK_GEN:inst21|CLK_1HZ_CNT_BFR[14] ; CLK_GEN:inst21|CLK_1HZ_CNT_BFR[16] ; SIM_CLK    ; SIM_CLK  ; None                        ; None                      ; 15.200 ns               ;
; N/A                                     ; 52.08 MHz ( period = 19.200 ns )                    ; CLK_GEN:inst21|CLK_1HZ_CNT_BFR[15] ; CLK_GEN:inst21|CLK_1HZ_CNT_BFR[17] ; SIM_CLK    ; SIM_CLK  ; None                        ; None                      ; 15.200 ns               ;
; N/A                                     ; 52.08 MHz ( period = 19.200 ns )                    ; CLK_GEN:inst21|CLK_1HZ_CNT_BFR[13] ; CLK_GEN:inst21|CLK_1HZ_CNT_BFR[17] ; SIM_CLK    ; SIM_CLK  ; None                        ; None                      ; 15.200 ns               ;
; N/A                                     ; 52.08 MHz ( period = 19.200 ns )                    ; CLK_GEN:inst21|CLK_1HZ_CNT_BFR[14] ; CLK_GEN:inst21|CLK_1HZ_CNT_BFR[17] ; SIM_CLK    ; SIM_CLK  ; None                        ; None                      ; 15.200 ns               ;
; N/A                                     ; 52.08 MHz ( period = 19.200 ns )                    ; CLK_GEN:inst21|CLK_1HZ_CNT_BFR[3]  ; CLK_GEN:inst21|CLK_1HZ_CNT_BFR[15] ; SIM_CLK    ; SIM_CLK  ; None                        ; None                      ; 15.200 ns               ;
; N/A                                     ; 52.08 MHz ( period = 19.200 ns )                    ; CLK_GEN:inst21|CLK_1HZ_CNT_BFR[15] ; CLK_GEN:inst21|CLK_1HZ_CNT_BFR[5]  ; SIM_CLK    ; SIM_CLK  ; None                        ; None                      ; 15.200 ns               ;
; N/A                                     ; 52.08 MHz ( period = 19.200 ns )                    ; CLK_GEN:inst21|CLK_1HZ_CNT_BFR[13] ; CLK_GEN:inst21|CLK_1HZ_CNT_BFR[5]  ; SIM_CLK    ; SIM_CLK  ; None                        ; None                      ; 15.200 ns               ;
; N/A                                     ; 52.08 MHz ( period = 19.200 ns )                    ; CLK_GEN:inst21|CLK_1HZ_CNT_BFR[14] ; CLK_GEN:inst21|CLK_1HZ_CNT_BFR[5]  ; SIM_CLK    ; SIM_CLK  ; None                        ; None                      ; 15.200 ns               ;
; N/A                                     ; 52.36 MHz ( period = 19.100 ns )                    ; CLK_GEN:inst21|CLK_1HZ_CNT_BFR[1]  ; CLK_GEN:inst21|CLK_1HZ_CNT_BFR[20] ; SIM_CLK    ; SIM_CLK  ; None                        ; None                      ; 15.100 ns               ;
; N/A                                     ; 52.36 MHz ( period = 19.100 ns )                    ; CLK_GEN:inst21|CLK_1HZ_CNT_BFR[8]  ; CLK_GEN:inst21|CLK_1HZ_CNT_BFR[16] ; SIM_CLK    ; SIM_CLK  ; None                        ; None                      ; 15.100 ns               ;
; N/A                                     ; 52.36 MHz ( period = 19.100 ns )                    ; CLK_GEN:inst21|CLK_1HZ_CNT_BFR[8]  ; CLK_GEN:inst21|CLK_1HZ_CNT_BFR[17] ; SIM_CLK    ; SIM_CLK  ; None                        ; None                      ; 15.100 ns               ;
; N/A                                     ; 52.36 MHz ( period = 19.100 ns )                    ; CLK_GEN:inst21|CLK_1HZ_CNT_BFR[5]  ; CLK_GEN:inst21|CLK_1HZ_CNT_BFR[5]  ; SIM_CLK    ; SIM_CLK  ; None                        ; None                      ; 15.100 ns               ;
; N/A                                     ; 52.36 MHz ( period = 19.100 ns )                    ; CLK_GEN:inst21|CLK_1HZ_CNT_BFR[8]  ; CLK_GEN:inst21|CLK_1HZ_CNT_BFR[5]  ; SIM_CLK    ; SIM_CLK  ; None                        ; None                      ; 15.100 ns               ;
; N/A                                     ; 52.36 MHz ( period = 19.100 ns )                    ; CLK_GEN:inst21|CLK_1HZ_CNT_BFR[15] ; CLK_GEN:inst21|CLK_1HZ_CNT_BFR[13] ; SIM_CLK    ; SIM_CLK  ; None                        ; None                      ; 15.100 ns               ;
; N/A                                     ; 52.36 MHz ( period = 19.100 ns )                    ; CLK_GEN:inst21|CLK_1HZ_CNT_BFR[13] ; CLK_GEN:inst21|CLK_1HZ_CNT_BFR[13] ; SIM_CLK    ; SIM_CLK  ; None                        ; None                      ; 15.100 ns               ;
; N/A                                     ; 52.36 MHz ( period = 19.100 ns )                    ; CLK_GEN:inst21|CLK_1HZ_CNT_BFR[14] ; CLK_GEN:inst21|CLK_1HZ_CNT_BFR[13] ; SIM_CLK    ; SIM_CLK  ; None                        ; None                      ; 15.100 ns               ;
; N/A                                     ; 52.36 MHz ( period = 19.100 ns )                    ; CLK_GEN:inst21|CLK_1HZ_CNT_BFR[15] ; CLK_GEN:inst21|CLK_1HZ_CNT_BFR[4]  ; SIM_CLK    ; SIM_CLK  ; None                        ; None                      ; 15.100 ns               ;
; N/A                                     ; 52.36 MHz ( period = 19.100 ns )                    ; CLK_GEN:inst21|CLK_1HZ_CNT_BFR[13] ; CLK_GEN:inst21|CLK_1HZ_CNT_BFR[4]  ; SIM_CLK    ; SIM_CLK  ; None                        ; None                      ; 15.100 ns               ;
; N/A                                     ; 52.36 MHz ( period = 19.100 ns )                    ; CLK_GEN:inst21|CLK_1HZ_CNT_BFR[14] ; CLK_GEN:inst21|CLK_1HZ_CNT_BFR[4]  ; SIM_CLK    ; SIM_CLK  ; None                        ; None                      ; 15.100 ns               ;
; N/A                                     ; 52.36 MHz ( period = 19.100 ns )                    ; CLK_GEN:inst21|CLK_1HZ_CNT_BFR[15] ; CLK_GEN:inst21|CLK_1HZ_CNT_BFR[3]  ; SIM_CLK    ; SIM_CLK  ; None                        ; None                      ; 15.100 ns               ;
; N/A                                     ; 52.36 MHz ( period = 19.100 ns )                    ; CLK_GEN:inst21|CLK_1HZ_CNT_BFR[13] ; CLK_GEN:inst21|CLK_1HZ_CNT_BFR[3]  ; SIM_CLK    ; SIM_CLK  ; None                        ; None                      ; 15.100 ns               ;
; N/A                                     ; 52.36 MHz ( period = 19.100 ns )                    ; CLK_GEN:inst21|CLK_1HZ_CNT_BFR[14] ; CLK_GEN:inst21|CLK_1HZ_CNT_BFR[3]  ; SIM_CLK    ; SIM_CLK  ; None                        ; None                      ; 15.100 ns               ;
; N/A                                     ; 52.36 MHz ( period = 19.100 ns )                    ; CLK_GEN:inst21|CLK_1HZ_CNT_BFR[15] ; CLK_GEN:inst21|CLK_1HZ_CNT_BFR[2]  ; SIM_CLK    ; SIM_CLK  ; None                        ; None                      ; 15.100 ns               ;
; N/A                                     ; 52.36 MHz ( period = 19.100 ns )                    ; CLK_GEN:inst21|CLK_1HZ_CNT_BFR[13] ; CLK_GEN:inst21|CLK_1HZ_CNT_BFR[2]  ; SIM_CLK    ; SIM_CLK  ; None                        ; None                      ; 15.100 ns               ;
; N/A                                     ; 52.36 MHz ( period = 19.100 ns )                    ; CLK_GEN:inst21|CLK_1HZ_CNT_BFR[14] ; CLK_GEN:inst21|CLK_1HZ_CNT_BFR[2]  ; SIM_CLK    ; SIM_CLK  ; None                        ; None                      ; 15.100 ns               ;
; N/A                                     ; 52.36 MHz ( period = 19.100 ns )                    ; CLK_GEN:inst21|CLK_1HZ_CNT_BFR[15] ; CLK_GEN:inst21|CLK_1HZ_CNT_BFR[1]  ; SIM_CLK    ; SIM_CLK  ; None                        ; None                      ; 15.100 ns               ;
; N/A                                     ; 52.36 MHz ( period = 19.100 ns )                    ; CLK_GEN:inst21|CLK_1HZ_CNT_BFR[13] ; CLK_GEN:inst21|CLK_1HZ_CNT_BFR[1]  ; SIM_CLK    ; SIM_CLK  ; None                        ; None                      ; 15.100 ns               ;
; N/A                                     ; 52.36 MHz ( period = 19.100 ns )                    ; CLK_GEN:inst21|CLK_1HZ_CNT_BFR[14] ; CLK_GEN:inst21|CLK_1HZ_CNT_BFR[1]  ; SIM_CLK    ; SIM_CLK  ; None                        ; None                      ; 15.100 ns               ;
; N/A                                     ; 52.63 MHz ( period = 19.000 ns )                    ; CLK_GEN:inst21|CLK_1HZ_CNT_BFR[5]  ; CLK_GEN:inst21|CLK_1HZ_CNT_BFR[13] ; SIM_CLK    ; SIM_CLK  ; None                        ; None                      ; 15.000 ns               ;
; N/A                                     ; 52.63 MHz ( period = 19.000 ns )                    ; CLK_GEN:inst21|CLK_1HZ_CNT_BFR[8]  ; CLK_GEN:inst21|CLK_1HZ_CNT_BFR[13] ; SIM_CLK    ; SIM_CLK  ; None                        ; None                      ; 15.000 ns               ;
; N/A                                     ; 52.63 MHz ( period = 19.000 ns )                    ; CLK_GEN:inst21|CLK_1HZ_CNT_BFR[5]  ; CLK_GEN:inst21|CLK_1HZ_CNT_BFR[4]  ; SIM_CLK    ; SIM_CLK  ; None                        ; None                      ; 15.000 ns               ;
; N/A                                     ; 52.63 MHz ( period = 19.000 ns )                    ; CLK_GEN:inst21|CLK_1HZ_CNT_BFR[8]  ; CLK_GEN:inst21|CLK_1HZ_CNT_BFR[4]  ; SIM_CLK    ; SIM_CLK  ; None                        ; None                      ; 15.000 ns               ;
; N/A                                     ; 52.63 MHz ( period = 19.000 ns )                    ; CLK_GEN:inst21|CLK_1HZ_CNT_BFR[5]  ; CLK_GEN:inst21|CLK_1HZ_CNT_BFR[3]  ; SIM_CLK    ; SIM_CLK  ; None                        ; None                      ; 15.000 ns               ;
; N/A                                     ; 52.63 MHz ( period = 19.000 ns )                    ; CLK_GEN:inst21|CLK_1HZ_CNT_BFR[8]  ; CLK_GEN:inst21|CLK_1HZ_CNT_BFR[3]  ; SIM_CLK    ; SIM_CLK  ; None                        ; None                      ; 15.000 ns               ;
; N/A                                     ; 52.63 MHz ( period = 19.000 ns )                    ; CLK_GEN:inst21|CLK_1HZ_CNT_BFR[5]  ; CLK_GEN:inst21|CLK_1HZ_CNT_BFR[2]  ; SIM_CLK    ; SIM_CLK  ; None                        ; None                      ; 15.000 ns               ;
; N/A                                     ; 52.63 MHz ( period = 19.000 ns )                    ; CLK_GEN:inst21|CLK_1HZ_CNT_BFR[8]  ; CLK_GEN:inst21|CLK_1HZ_CNT_BFR[2]  ; SIM_CLK    ; SIM_CLK  ; None                        ; None                      ; 15.000 ns               ;
; N/A                                     ; 52.63 MHz ( period = 19.000 ns )                    ; CLK_GEN:inst21|CLK_1HZ_CNT_BFR[5]  ; CLK_GEN:inst21|CLK_1HZ_CNT_BFR[1]  ; SIM_CLK    ; SIM_CLK  ; None                        ; None                      ; 15.000 ns               ;
; N/A                                     ; 52.63 MHz ( period = 19.000 ns )                    ; CLK_GEN:inst21|CLK_1HZ_CNT_BFR[8]  ; CLK_GEN:inst21|CLK_1HZ_CNT_BFR[1]  ; SIM_CLK    ; SIM_CLK  ; None                        ; None                      ; 15.000 ns               ;
; N/A                                     ; 52.91 MHz ( period = 18.900 ns )                    ; CLK_GEN:inst21|CLK_1HZ_CNT_BFR[0]  ; CLK_GEN:inst21|CLK_1HZ_CNT_BFR[18] ; SIM_CLK    ; SIM_CLK  ; None                        ; None                      ; 14.900 ns               ;
; N/A                                     ; 52.91 MHz ( period = 18.900 ns )                    ; CLK_GEN:inst21|CLK_1HZ_CNT_BFR[4]  ; CLK_GEN:inst21|CLK_1HZ_CNT_BFR[15] ; SIM_CLK    ; SIM_CLK  ; None                        ; None                      ; 14.900 ns               ;
; N/A                                     ; 52.91 MHz ( period = 18.900 ns )                    ; CLK_GEN:inst21|CLK_1HZ_CNT_BFR[3]  ; CLK_GEN:inst21|CLK_1HZ_CNT_BFR[14] ; SIM_CLK    ; SIM_CLK  ; None                        ; None                      ; 14.900 ns               ;
; N/A                                     ; 53.19 MHz ( period = 18.800 ns )                    ; CLK_GEN:inst21|CLK_1HZ_CNT_BFR[2]  ; CLK_GEN:inst21|CLK_1HZ_CNT_BFR[20] ; SIM_CLK    ; SIM_CLK  ; None                        ; None                      ; 14.800 ns               ;
; N/A                                     ; 53.19 MHz ( period = 18.800 ns )                    ; CLK_GEN:inst21|CLK_1HZ_CNT_BFR[5]  ; CLK_GEN:inst21|CLK_1HZ_CNT_BFR[15] ; SIM_CLK    ; SIM_CLK  ; None                        ; None                      ; 14.800 ns               ;
; N/A                                     ; 53.48 MHz ( period = 18.700 ns )                    ; CLK_GEN:inst21|CLK_1HZ_CNT_BFR[6]  ; CLK_GEN:inst21|CLK_1HZ_CNT_BFR[20] ; SIM_CLK    ; SIM_CLK  ; None                        ; None                      ; 14.700 ns               ;
; N/A                                     ; 53.76 MHz ( period = 18.600 ns )                    ; CLK_GEN:inst21|CLK_1HZ_CNT_BFR[1]  ; CLK_GEN:inst21|CLK_1HZ_CNT_BFR[18] ; SIM_CLK    ; SIM_CLK  ; None                        ; None                      ; 14.600 ns               ;
; N/A                                     ; 53.76 MHz ( period = 18.600 ns )                    ; CLK_GEN:inst21|CLK_1HZ_CNT_BFR[4]  ; CLK_GEN:inst21|CLK_1HZ_CNT_BFR[14] ; SIM_CLK    ; SIM_CLK  ; None                        ; None                      ; 14.600 ns               ;
; N/A                                     ; 54.05 MHz ( period = 18.500 ns )                    ; CLK_GEN:inst21|CLK_1HZ_CNT_BFR[0]  ; CLK_GEN:inst21|CLK_1HZ_CNT_BFR[7]  ; SIM_CLK    ; SIM_CLK  ; None                        ; None                      ; 14.500 ns               ;
; N/A                                     ; 54.05 MHz ( period = 18.500 ns )                    ; CLK_GEN:inst21|CLK_1HZ_CNT_BFR[0]  ; CLK_GEN:inst21|CLK_1HZ_CNT_BFR[6]  ; SIM_CLK    ; SIM_CLK  ; None                        ; None                      ; 14.500 ns               ;
; N/A                                     ; 54.05 MHz ( period = 18.500 ns )                    ; CLK_GEN:inst21|CLK_1HZ_CNT_BFR[0]  ; CLK_GEN:inst21|CLK_1HZ_CNT_BFR[12] ; SIM_CLK    ; SIM_CLK  ; None                        ; None                      ; 14.500 ns               ;
; N/A                                     ; 54.05 MHz ( period = 18.500 ns )                    ; CLK_GEN:inst21|CLK_1HZ_CNT_BFR[0]  ; CLK_GEN:inst21|CLK_1HZ_CNT_BFR[10] ; SIM_CLK    ; SIM_CLK  ; None                        ; None                      ; 14.500 ns               ;
; N/A                                     ; 54.05 MHz ( period = 18.500 ns )                    ; CLK_GEN:inst21|CLK_1HZ_CNT_BFR[5]  ; CLK_GEN:inst21|CLK_1HZ_CNT_BFR[14] ; SIM_CLK    ; SIM_CLK  ; None                        ; None                      ; 14.500 ns               ;
; N/A                                     ; 54.35 MHz ( period = 18.400 ns )                    ; CLK_GEN:inst21|CLK_1HZ_CNT_BFR[15] ; CLK_GEN:inst21|CLK_1HZ_BFR         ; SIM_CLK    ; SIM_CLK  ; None                        ; None                      ; 14.400 ns               ;
; N/A                                     ; 54.35 MHz ( period = 18.400 ns )                    ; CLK_GEN:inst21|CLK_1HZ_CNT_BFR[13] ; CLK_GEN:inst21|CLK_1HZ_BFR         ; SIM_CLK    ; SIM_CLK  ; None                        ; None                      ; 14.400 ns               ;
; N/A                                     ; 54.35 MHz ( period = 18.400 ns )                    ; CLK_GEN:inst21|CLK_1HZ_CNT_BFR[14] ; CLK_GEN:inst21|CLK_1HZ_BFR         ; SIM_CLK    ; SIM_CLK  ; None                        ; None                      ; 14.400 ns               ;
; N/A                                     ; 54.35 MHz ( period = 18.400 ns )                    ; CLK_GEN:inst21|CLK_1HZ_CNT_BFR[7]  ; CLK_GEN:inst21|CLK_1HZ_CNT_BFR[20] ; SIM_CLK    ; SIM_CLK  ; None                        ; None                      ; 14.400 ns               ;
; N/A                                     ; 54.35 MHz ( period = 18.400 ns )                    ; CLK_GEN:inst21|CLK_1HZ_CNT_BFR[8]  ; CLK_GEN:inst21|CLK_1HZ_CNT_BFR[20] ; SIM_CLK    ; SIM_CLK  ; None                        ; None                      ; 14.400 ns               ;
; N/A                                     ; 54.64 MHz ( period = 18.300 ns )                    ; CLK_GEN:inst21|CLK_1HZ_CNT_BFR[5]  ; CLK_GEN:inst21|CLK_1HZ_BFR         ; SIM_CLK    ; SIM_CLK  ; None                        ; None                      ; 14.300 ns               ;
; N/A                                     ; 54.64 MHz ( period = 18.300 ns )                    ; CLK_GEN:inst21|CLK_1HZ_CNT_BFR[8]  ; CLK_GEN:inst21|CLK_1HZ_BFR         ; SIM_CLK    ; SIM_CLK  ; None                        ; None                      ; 14.300 ns               ;
; N/A                                     ; 54.64 MHz ( period = 18.300 ns )                    ; CLK_GEN:inst21|CLK_1HZ_CNT_BFR[9]  ; CLK_GEN:inst21|CLK_1HZ_CNT_BFR[20] ; SIM_CLK    ; SIM_CLK  ; None                        ; None                      ; 14.300 ns               ;
; N/A                                     ; 54.64 MHz ( period = 18.300 ns )                    ; CLK_GEN:inst21|CLK_1HZ_CNT_BFR[2]  ; CLK_GEN:inst21|CLK_1HZ_CNT_BFR[18] ; SIM_CLK    ; SIM_CLK  ; None                        ; None                      ; 14.300 ns               ;
; N/A                                     ; 54.95 MHz ( period = 18.200 ns )                    ; CLK_GEN:inst21|CLK_1HZ_CNT_BFR[6]  ; CLK_GEN:inst21|CLK_1HZ_CNT_BFR[18] ; SIM_CLK    ; SIM_CLK  ; None                        ; None                      ; 14.200 ns               ;
; N/A                                     ; 54.95 MHz ( period = 18.200 ns )                    ; CLK_GEN:inst21|CLK_1HZ_CNT_BFR[3]  ; CLK_GEN:inst21|CLK_1HZ_CNT_BFR[19] ; SIM_CLK    ; SIM_CLK  ; None                        ; None                      ; 14.200 ns               ;
; N/A                                     ; 55.56 MHz ( period = 18.000 ns )                    ; CLK_GEN:inst21|CLK_1HZ_CNT_BFR[9]  ; CLK_GEN:inst21|CLK_1HZ_CNT_BFR[16] ; SIM_CLK    ; SIM_CLK  ; None                        ; None                      ; 14.000 ns               ;
; N/A                                     ; 55.56 MHz ( period = 18.000 ns )                    ; CLK_GEN:inst21|CLK_1HZ_CNT_BFR[9]  ; CLK_GEN:inst21|CLK_1HZ_CNT_BFR[17] ; SIM_CLK    ; SIM_CLK  ; None                        ; None                      ; 14.000 ns               ;
; N/A                                     ; 55.56 MHz ( period = 18.000 ns )                    ; CLK_GEN:inst21|CLK_1HZ_CNT_BFR[9]  ; CLK_GEN:inst21|CLK_1HZ_CNT_BFR[5]  ; SIM_CLK    ; SIM_CLK  ; None                        ; None                      ; 14.000 ns               ;
; N/A                                     ; 55.87 MHz ( period = 17.900 ns )                    ; UP_CNT_TO_NINE:inst|\P1:EN         ; UP_CNT_TO_FIVE:inst13|\P1:COUNT[4] ; SIM_CLK    ; SIM_CLK  ; None                        ; None                      ; 13.900 ns               ;
; N/A                                     ; 55.87 MHz ( period = 17.900 ns )                    ; UP_CNT_TO_NINE:inst|\P1:EN         ; UP_CNT_TO_FIVE:inst13|\P1:COUNT[3] ; SIM_CLK    ; SIM_CLK  ; None                        ; None                      ; 13.900 ns               ;
; N/A                                     ; 55.87 MHz ( period = 17.900 ns )                    ; UP_CNT_TO_NINE:inst|\P1:EN         ; UP_CNT_TO_FIVE:inst13|\P1:COUNT[2] ; SIM_CLK    ; SIM_CLK  ; None                        ; None                      ; 13.900 ns               ;
; N/A                                     ; 55.87 MHz ( period = 17.900 ns )                    ; UP_CNT_TO_NINE:inst|\P1:EN         ; UP_CNT_TO_FIVE:inst13|\P1:COUNT[1] ; SIM_CLK    ; SIM_CLK  ; None                        ; None                      ; 13.900 ns               ;
; N/A                                     ; 55.87 MHz ( period = 17.900 ns )                    ; CLK_GEN:inst21|CLK_1HZ_CNT_BFR[11] ; CLK_GEN:inst21|CLK_1HZ_CNT_BFR[16] ; SIM_CLK    ; SIM_CLK  ; None                        ; None                      ; 13.900 ns               ;
; N/A                                     ; 55.87 MHz ( period = 17.900 ns )                    ; CLK_GEN:inst21|CLK_1HZ_CNT_BFR[6]  ; CLK_GEN:inst21|CLK_1HZ_CNT_BFR[17] ; SIM_CLK    ; SIM_CLK  ; None                        ; None                      ; 13.900 ns               ;
; N/A                                     ; 55.87 MHz ( period = 17.900 ns )                    ; CLK_GEN:inst21|CLK_1HZ_CNT_BFR[11] ; CLK_GEN:inst21|CLK_1HZ_CNT_BFR[17] ; SIM_CLK    ; SIM_CLK  ; None                        ; None                      ; 13.900 ns               ;
; N/A                                     ; 55.87 MHz ( period = 17.900 ns )                    ; CLK_GEN:inst21|CLK_1HZ_CNT_BFR[7]  ; CLK_GEN:inst21|CLK_1HZ_CNT_BFR[18] ; SIM_CLK    ; SIM_CLK  ; None                        ; None                      ; 13.900 ns               ;
; N/A                                     ; 55.87 MHz ( period = 17.900 ns )                    ; CLK_GEN:inst21|CLK_1HZ_CNT_BFR[8]  ; CLK_GEN:inst21|CLK_1HZ_CNT_BFR[18] ; SIM_CLK    ; SIM_CLK  ; None                        ; None                      ; 13.900 ns               ;
; N/A                                     ; 55.87 MHz ( period = 17.900 ns )                    ; CLK_GEN:inst21|CLK_1HZ_CNT_BFR[4]  ; CLK_GEN:inst21|CLK_1HZ_CNT_BFR[19] ; SIM_CLK    ; SIM_CLK  ; None                        ; None                      ; 13.900 ns               ;
; N/A                                     ; 55.87 MHz ( period = 17.900 ns )                    ; CLK_GEN:inst21|CLK_1HZ_CNT_BFR[0]  ; CLK_GEN:inst21|CLK_1HZ_CNT_BFR[15] ; SIM_CLK    ; SIM_CLK  ; None                        ; None                      ; 13.900 ns               ;
; N/A                                     ; 55.87 MHz ( period = 17.900 ns )                    ; CLK_GEN:inst21|CLK_1HZ_CNT_BFR[11] ; CLK_GEN:inst21|CLK_1HZ_CNT_BFR[5]  ; SIM_CLK    ; SIM_CLK  ; None                        ; None                      ; 13.900 ns               ;
; N/A                                     ; 55.87 MHz ( period = 17.900 ns )                    ; CLK_GEN:inst21|CLK_1HZ_CNT_BFR[3]  ; CLK_GEN:inst21|CLK_1HZ_CNT_BFR[5]  ; SIM_CLK    ; SIM_CLK  ; None                        ; None                      ; 13.900 ns               ;
; N/A                                     ; 55.87 MHz ( period = 17.900 ns )                    ; CLK_GEN:inst21|CLK_1HZ_CNT_BFR[9]  ; CLK_GEN:inst21|CLK_1HZ_CNT_BFR[13] ; SIM_CLK    ; SIM_CLK  ; None                        ; None                      ; 13.900 ns               ;
; N/A                                     ; 55.87 MHz ( period = 17.900 ns )                    ; CLK_GEN:inst21|CLK_1HZ_CNT_BFR[9]  ; CLK_GEN:inst21|CLK_1HZ_CNT_BFR[4]  ; SIM_CLK    ; SIM_CLK  ; None                        ; None                      ; 13.900 ns               ;
; N/A                                     ; 55.87 MHz ( period = 17.900 ns )                    ; CLK_GEN:inst21|CLK_1HZ_CNT_BFR[9]  ; CLK_GEN:inst21|CLK_1HZ_CNT_BFR[3]  ; SIM_CLK    ; SIM_CLK  ; None                        ; None                      ; 13.900 ns               ;
; N/A                                     ; 55.87 MHz ( period = 17.900 ns )                    ; CLK_GEN:inst21|CLK_1HZ_CNT_BFR[9]  ; CLK_GEN:inst21|CLK_1HZ_CNT_BFR[2]  ; SIM_CLK    ; SIM_CLK  ; None                        ; None                      ; 13.900 ns               ;
; N/A                                     ; 55.87 MHz ( period = 17.900 ns )                    ; CLK_GEN:inst21|CLK_1HZ_CNT_BFR[9]  ; CLK_GEN:inst21|CLK_1HZ_CNT_BFR[1]  ; SIM_CLK    ; SIM_CLK  ; None                        ; None                      ; 13.900 ns               ;
; N/A                                     ; 56.18 MHz ( period = 17.800 ns )                    ; CLK_GEN:inst21|CLK_1HZ_CNT_BFR[17] ; CLK_GEN:inst21|CLK_1HZ_CNT_BFR[16] ; SIM_CLK    ; SIM_CLK  ; None                        ; None                      ; 13.800 ns               ;
; N/A                                     ; 56.18 MHz ( period = 17.800 ns )                    ; CLK_GEN:inst21|CLK_1HZ_CNT_BFR[18] ; CLK_GEN:inst21|CLK_1HZ_CNT_BFR[16] ; SIM_CLK    ; SIM_CLK  ; None                        ; None                      ; 13.800 ns               ;
; N/A                                     ; 56.18 MHz ( period = 17.800 ns )                    ; CLK_GEN:inst21|CLK_1HZ_CNT_BFR[17] ; CLK_GEN:inst21|CLK_1HZ_CNT_BFR[17] ; SIM_CLK    ; SIM_CLK  ; None                        ; None                      ; 13.800 ns               ;
; N/A                                     ; 56.18 MHz ( period = 17.800 ns )                    ; CLK_GEN:inst21|CLK_1HZ_CNT_BFR[18] ; CLK_GEN:inst21|CLK_1HZ_CNT_BFR[17] ; SIM_CLK    ; SIM_CLK  ; None                        ; None                      ; 13.800 ns               ;
; N/A                                     ; 56.18 MHz ( period = 17.800 ns )                    ; CLK_GEN:inst21|CLK_1HZ_CNT_BFR[9]  ; CLK_GEN:inst21|CLK_1HZ_CNT_BFR[18] ; SIM_CLK    ; SIM_CLK  ; None                        ; None                      ; 13.800 ns               ;
; N/A                                     ; 56.18 MHz ( period = 17.800 ns )                    ; CLK_GEN:inst21|CLK_1HZ_CNT_BFR[5]  ; CLK_GEN:inst21|CLK_1HZ_CNT_BFR[19] ; SIM_CLK    ; SIM_CLK  ; None                        ; None                      ; 13.800 ns               ;
; N/A                                     ; 56.18 MHz ( period = 17.800 ns )                    ; CLK_GEN:inst21|CLK_1HZ_CNT_BFR[17] ; CLK_GEN:inst21|CLK_1HZ_CNT_BFR[5]  ; SIM_CLK    ; SIM_CLK  ; None                        ; None                      ; 13.800 ns               ;
; N/A                                     ; 56.18 MHz ( period = 17.800 ns )                    ; CLK_GEN:inst21|CLK_1HZ_CNT_BFR[18] ; CLK_GEN:inst21|CLK_1HZ_CNT_BFR[5]  ; SIM_CLK    ; SIM_CLK  ; None                        ; None                      ; 13.800 ns               ;
; N/A                                     ; 56.18 MHz ( period = 17.800 ns )                    ; CLK_GEN:inst21|CLK_1HZ_CNT_BFR[11] ; CLK_GEN:inst21|CLK_1HZ_CNT_BFR[13] ; SIM_CLK    ; SIM_CLK  ; None                        ; None                      ; 13.800 ns               ;
; N/A                                     ; 56.18 MHz ( period = 17.800 ns )                    ; CLK_GEN:inst21|CLK_1HZ_CNT_BFR[3]  ; CLK_GEN:inst21|CLK_1HZ_CNT_BFR[13] ; SIM_CLK    ; SIM_CLK  ; None                        ; None                      ; 13.800 ns               ;
; N/A                                     ; 56.18 MHz ( period = 17.800 ns )                    ; CLK_GEN:inst21|CLK_1HZ_CNT_BFR[11] ; CLK_GEN:inst21|CLK_1HZ_CNT_BFR[4]  ; SIM_CLK    ; SIM_CLK  ; None                        ; None                      ; 13.800 ns               ;
; N/A                                     ; 56.18 MHz ( period = 17.800 ns )                    ; CLK_GEN:inst21|CLK_1HZ_CNT_BFR[3]  ; CLK_GEN:inst21|CLK_1HZ_CNT_BFR[4]  ; SIM_CLK    ; SIM_CLK  ; None                        ; None                      ; 13.800 ns               ;
; N/A                                     ; 56.18 MHz ( period = 17.800 ns )                    ; CLK_GEN:inst21|CLK_1HZ_CNT_BFR[11] ; CLK_GEN:inst21|CLK_1HZ_CNT_BFR[3]  ; SIM_CLK    ; SIM_CLK  ; None                        ; None                      ; 13.800 ns               ;
; N/A                                     ; 56.18 MHz ( period = 17.800 ns )                    ; CLK_GEN:inst21|CLK_1HZ_CNT_BFR[3]  ; CLK_GEN:inst21|CLK_1HZ_CNT_BFR[3]  ; SIM_CLK    ; SIM_CLK  ; None                        ; None                      ; 13.800 ns               ;
; N/A                                     ; 56.18 MHz ( period = 17.800 ns )                    ; CLK_GEN:inst21|CLK_1HZ_CNT_BFR[11] ; CLK_GEN:inst21|CLK_1HZ_CNT_BFR[2]  ; SIM_CLK    ; SIM_CLK  ; None                        ; None                      ; 13.800 ns               ;
; N/A                                     ; 56.18 MHz ( period = 17.800 ns )                    ; CLK_GEN:inst21|CLK_1HZ_CNT_BFR[3]  ; CLK_GEN:inst21|CLK_1HZ_CNT_BFR[2]  ; SIM_CLK    ; SIM_CLK  ; None                        ; None                      ; 13.800 ns               ;
; N/A                                     ; 56.18 MHz ( period = 17.800 ns )                    ; CLK_GEN:inst21|CLK_1HZ_CNT_BFR[11] ; CLK_GEN:inst21|CLK_1HZ_CNT_BFR[1]  ; SIM_CLK    ; SIM_CLK  ; None                        ; None                      ; 13.800 ns               ;
; N/A                                     ; 56.18 MHz ( period = 17.800 ns )                    ; CLK_GEN:inst21|CLK_1HZ_CNT_BFR[3]  ; CLK_GEN:inst21|CLK_1HZ_CNT_BFR[1]  ; SIM_CLK    ; SIM_CLK  ; None                        ; None                      ; 13.800 ns               ;
; N/A                                     ; 56.50 MHz ( period = 17.700 ns )                    ; CLK_GEN:inst21|CLK_1HZ_CNT_BFR[17] ; CLK_GEN:inst21|CLK_1HZ_CNT_BFR[13] ; SIM_CLK    ; SIM_CLK  ; None                        ; None                      ; 13.700 ns               ;
; N/A                                     ; 56.50 MHz ( period = 17.700 ns )                    ; CLK_GEN:inst21|CLK_1HZ_CNT_BFR[18] ; CLK_GEN:inst21|CLK_1HZ_CNT_BFR[13] ; SIM_CLK    ; SIM_CLK  ; None                        ; None                      ; 13.700 ns               ;
; N/A                                     ; 56.50 MHz ( period = 17.700 ns )                    ; CLK_GEN:inst21|CLK_1HZ_CNT_BFR[17] ; CLK_GEN:inst21|CLK_1HZ_CNT_BFR[4]  ; SIM_CLK    ; SIM_CLK  ; None                        ; None                      ; 13.700 ns               ;
; N/A                                     ; 56.50 MHz ( period = 17.700 ns )                    ; CLK_GEN:inst21|CLK_1HZ_CNT_BFR[18] ; CLK_GEN:inst21|CLK_1HZ_CNT_BFR[4]  ; SIM_CLK    ; SIM_CLK  ; None                        ; None                      ; 13.700 ns               ;
; N/A                                     ; 56.50 MHz ( period = 17.700 ns )                    ; CLK_GEN:inst21|CLK_1HZ_CNT_BFR[17] ; CLK_GEN:inst21|CLK_1HZ_CNT_BFR[3]  ; SIM_CLK    ; SIM_CLK  ; None                        ; None                      ; 13.700 ns               ;
; N/A                                     ; 56.50 MHz ( period = 17.700 ns )                    ; CLK_GEN:inst21|CLK_1HZ_CNT_BFR[18] ; CLK_GEN:inst21|CLK_1HZ_CNT_BFR[3]  ; SIM_CLK    ; SIM_CLK  ; None                        ; None                      ; 13.700 ns               ;
; N/A                                     ; 56.50 MHz ( period = 17.700 ns )                    ; CLK_GEN:inst21|CLK_1HZ_CNT_BFR[17] ; CLK_GEN:inst21|CLK_1HZ_CNT_BFR[2]  ; SIM_CLK    ; SIM_CLK  ; None                        ; None                      ; 13.700 ns               ;
; N/A                                     ; 56.50 MHz ( period = 17.700 ns )                    ; CLK_GEN:inst21|CLK_1HZ_CNT_BFR[18] ; CLK_GEN:inst21|CLK_1HZ_CNT_BFR[2]  ; SIM_CLK    ; SIM_CLK  ; None                        ; None                      ; 13.700 ns               ;
; N/A                                     ; 56.50 MHz ( period = 17.700 ns )                    ; CLK_GEN:inst21|CLK_1HZ_CNT_BFR[17] ; CLK_GEN:inst21|CLK_1HZ_CNT_BFR[1]  ; SIM_CLK    ; SIM_CLK  ; None                        ; None                      ; 13.700 ns               ;
; N/A                                     ; 56.50 MHz ( period = 17.700 ns )                    ; CLK_GEN:inst21|CLK_1HZ_CNT_BFR[18] ; CLK_GEN:inst21|CLK_1HZ_CNT_BFR[1]  ; SIM_CLK    ; SIM_CLK  ; None                        ; None                      ; 13.700 ns               ;
; N/A                                     ; 56.82 MHz ( period = 17.600 ns )                    ; CLK_GEN:inst21|CLK_1HZ_CNT_BFR[11] ; CLK_GEN:inst21|CLK_1HZ_CNT_BFR[20] ; SIM_CLK    ; SIM_CLK  ; None                        ; None                      ; 13.600 ns               ;
; N/A                                     ; 56.82 MHz ( period = 17.600 ns )                    ; CLK_GEN:inst21|CLK_1HZ_CNT_BFR[6]  ; CLK_GEN:inst21|CLK_1HZ_CNT_BFR[16] ; SIM_CLK    ; SIM_CLK  ; None                        ; None                      ; 13.600 ns               ;
; N/A                                     ; 56.82 MHz ( period = 17.600 ns )                    ; CLK_GEN:inst21|CLK_1HZ_CNT_BFR[7]  ; CLK_GEN:inst21|CLK_1HZ_CNT_BFR[17] ; SIM_CLK    ; SIM_CLK  ; None                        ; None                      ; 13.600 ns               ;
; N/A                                     ; 56.82 MHz ( period = 17.600 ns )                    ; CLK_GEN:inst21|CLK_1HZ_CNT_BFR[1]  ; CLK_GEN:inst21|CLK_1HZ_CNT_BFR[15] ; SIM_CLK    ; SIM_CLK  ; None                        ; None                      ; 13.600 ns               ;
; N/A                                     ; 56.82 MHz ( period = 17.600 ns )                    ; CLK_GEN:inst21|CLK_1HZ_CNT_BFR[4]  ; CLK_GEN:inst21|CLK_1HZ_CNT_BFR[5]  ; SIM_CLK    ; SIM_CLK  ; None                        ; None                      ; 13.600 ns               ;
; N/A                                     ; 56.82 MHz ( period = 17.600 ns )                    ; CLK_GEN:inst21|CLK_1HZ_CNT_BFR[0]  ; CLK_GEN:inst21|CLK_1HZ_CNT_BFR[14] ; SIM_CLK    ; SIM_CLK  ; None                        ; None                      ; 13.600 ns               ;
; N/A                                     ; 57.14 MHz ( period = 17.500 ns )                    ; CLK_GEN:inst21|CLK_1HZ_CNT_BFR[10] ; CLK_GEN:inst21|CLK_1HZ_CNT_BFR[20] ; SIM_CLK    ; SIM_CLK  ; None                        ; None                      ; 13.500 ns               ;
; N/A                                     ; 57.14 MHz ( period = 17.500 ns )                    ; CLK_GEN:inst21|CLK_1HZ_CNT_BFR[16] ; CLK_GEN:inst21|CLK_1HZ_CNT_BFR[16] ; SIM_CLK    ; SIM_CLK  ; None                        ; None                      ; 13.500 ns               ;
; N/A                                     ; 57.14 MHz ( period = 17.500 ns )                    ; CLK_GEN:inst21|CLK_1HZ_CNT_BFR[16] ; CLK_GEN:inst21|CLK_1HZ_CNT_BFR[17] ; SIM_CLK    ; SIM_CLK  ; None                        ; None                      ; 13.500 ns               ;
; N/A                                     ; 57.14 MHz ( period = 17.500 ns )                    ; CLK_GEN:inst21|CLK_1HZ_CNT_BFR[2]  ; CLK_GEN:inst21|CLK_1HZ_CNT_BFR[7]  ; SIM_CLK    ; SIM_CLK  ; None                        ; None                      ; 13.500 ns               ;
; N/A                                     ; 57.14 MHz ( period = 17.500 ns )                    ; CLK_GEN:inst21|CLK_1HZ_CNT_BFR[1]  ; CLK_GEN:inst21|CLK_1HZ_CNT_BFR[7]  ; SIM_CLK    ; SIM_CLK  ; None                        ; None                      ; 13.500 ns               ;
; N/A                                     ; 57.14 MHz ( period = 17.500 ns )                    ; CLK_GEN:inst21|CLK_1HZ_CNT_BFR[2]  ; CLK_GEN:inst21|CLK_1HZ_CNT_BFR[6]  ; SIM_CLK    ; SIM_CLK  ; None                        ; None                      ; 13.500 ns               ;
; N/A                                     ; 57.14 MHz ( period = 17.500 ns )                    ; CLK_GEN:inst21|CLK_1HZ_CNT_BFR[1]  ; CLK_GEN:inst21|CLK_1HZ_CNT_BFR[6]  ; SIM_CLK    ; SIM_CLK  ; None                        ; None                      ; 13.500 ns               ;
; N/A                                     ; 57.14 MHz ( period = 17.500 ns )                    ; CLK_GEN:inst21|CLK_1HZ_CNT_BFR[16] ; CLK_GEN:inst21|CLK_1HZ_CNT_BFR[5]  ; SIM_CLK    ; SIM_CLK  ; None                        ; None                      ; 13.500 ns               ;
; N/A                                     ; 57.14 MHz ( period = 17.500 ns )                    ; CLK_GEN:inst21|CLK_1HZ_CNT_BFR[2]  ; CLK_GEN:inst21|CLK_1HZ_CNT_BFR[12] ; SIM_CLK    ; SIM_CLK  ; None                        ; None                      ; 13.500 ns               ;
; N/A                                     ; 57.14 MHz ( period = 17.500 ns )                    ; CLK_GEN:inst21|CLK_1HZ_CNT_BFR[1]  ; CLK_GEN:inst21|CLK_1HZ_CNT_BFR[12] ; SIM_CLK    ; SIM_CLK  ; None                        ; None                      ; 13.500 ns               ;
; N/A                                     ; 57.14 MHz ( period = 17.500 ns )                    ; CLK_GEN:inst21|CLK_1HZ_CNT_BFR[2]  ; CLK_GEN:inst21|CLK_1HZ_CNT_BFR[10] ; SIM_CLK    ; SIM_CLK  ; None                        ; None                      ; 13.500 ns               ;
; N/A                                     ; 57.14 MHz ( period = 17.500 ns )                    ; CLK_GEN:inst21|CLK_1HZ_CNT_BFR[1]  ; CLK_GEN:inst21|CLK_1HZ_CNT_BFR[10] ; SIM_CLK    ; SIM_CLK  ; None                        ; None                      ; 13.500 ns               ;
; N/A                                     ; 57.14 MHz ( period = 17.500 ns )                    ; CLK_GEN:inst21|CLK_1HZ_CNT_BFR[4]  ; CLK_GEN:inst21|CLK_1HZ_CNT_BFR[13] ; SIM_CLK    ; SIM_CLK  ; None                        ; None                      ; 13.500 ns               ;
; N/A                                     ; 57.14 MHz ( period = 17.500 ns )                    ; CLK_GEN:inst21|CLK_1HZ_CNT_BFR[4]  ; CLK_GEN:inst21|CLK_1HZ_CNT_BFR[4]  ; SIM_CLK    ; SIM_CLK  ; None                        ; None                      ; 13.500 ns               ;
; N/A                                     ; 57.14 MHz ( period = 17.500 ns )                    ; CLK_GEN:inst21|CLK_1HZ_CNT_BFR[4]  ; CLK_GEN:inst21|CLK_1HZ_CNT_BFR[3]  ; SIM_CLK    ; SIM_CLK  ; None                        ; None                      ; 13.500 ns               ;
; N/A                                     ; 57.14 MHz ( period = 17.500 ns )                    ; CLK_GEN:inst21|CLK_1HZ_CNT_BFR[4]  ; CLK_GEN:inst21|CLK_1HZ_CNT_BFR[2]  ; SIM_CLK    ; SIM_CLK  ; None                        ; None                      ; 13.500 ns               ;
; N/A                                     ; 57.14 MHz ( period = 17.500 ns )                    ; CLK_GEN:inst21|CLK_1HZ_CNT_BFR[4]  ; CLK_GEN:inst21|CLK_1HZ_CNT_BFR[1]  ; SIM_CLK    ; SIM_CLK  ; None                        ; None                      ; 13.500 ns               ;
; N/A                                     ; 57.47 MHz ( period = 17.400 ns )                    ; UP_CNT_TO_FIVE:inst11|\P1:COUNT[1] ; UP_CNT_TO_FIVE:inst11|\P1:EN       ; SIM_CLK    ; SIM_CLK  ; None                        ; None                      ; 13.400 ns               ;
; N/A                                     ; 57.47 MHz ( period = 17.400 ns )                    ; CLK_GEN:inst21|CLK_1HZ_CNT_BFR[19] ; CLK_GEN:inst21|CLK_1HZ_CNT_BFR[20] ; SIM_CLK    ; SIM_CLK  ; None                        ; None                      ; 13.400 ns               ;
; N/A                                     ; 57.47 MHz ( period = 17.400 ns )                    ; CLK_GEN:inst21|CLK_1HZ_CNT_BFR[19] ; CLK_GEN:inst21|CLK_1HZ_CNT_BFR[7]  ; SIM_CLK    ; SIM_CLK  ; None                        ; None                      ; 13.400 ns               ;
; N/A                                     ; 57.47 MHz ( period = 17.400 ns )                    ; CLK_GEN:inst21|CLK_1HZ_CNT_BFR[19] ; CLK_GEN:inst21|CLK_1HZ_CNT_BFR[6]  ; SIM_CLK    ; SIM_CLK  ; None                        ; None                      ; 13.400 ns               ;
; N/A                                     ; 57.47 MHz ( period = 17.400 ns )                    ; CLK_GEN:inst21|CLK_1HZ_CNT_BFR[19] ; CLK_GEN:inst21|CLK_1HZ_CNT_BFR[12] ; SIM_CLK    ; SIM_CLK  ; None                        ; None                      ; 13.400 ns               ;
; N/A                                     ; 57.47 MHz ( period = 17.400 ns )                    ; CLK_GEN:inst21|CLK_1HZ_CNT_BFR[19] ; CLK_GEN:inst21|CLK_1HZ_CNT_BFR[10] ; SIM_CLK    ; SIM_CLK  ; None                        ; None                      ; 13.400 ns               ;
; N/A                                     ; 57.47 MHz ( period = 17.400 ns )                    ; CLK_GEN:inst21|CLK_1HZ_CNT_BFR[16] ; CLK_GEN:inst21|CLK_1HZ_CNT_BFR[13] ; SIM_CLK    ; SIM_CLK  ; None                        ; None                      ; 13.400 ns               ;
; N/A                                     ; 57.47 MHz ( period = 17.400 ns )                    ; CLK_GEN:inst21|CLK_1HZ_CNT_BFR[16] ; CLK_GEN:inst21|CLK_1HZ_CNT_BFR[4]  ; SIM_CLK    ; SIM_CLK  ; None                        ; None                      ; 13.400 ns               ;
; N/A                                     ; 57.47 MHz ( period = 17.400 ns )                    ; CLK_GEN:inst21|CLK_1HZ_CNT_BFR[16] ; CLK_GEN:inst21|CLK_1HZ_CNT_BFR[3]  ; SIM_CLK    ; SIM_CLK  ; None                        ; None                      ; 13.400 ns               ;
; N/A                                     ; 57.47 MHz ( period = 17.400 ns )                    ; CLK_GEN:inst21|CLK_1HZ_CNT_BFR[16] ; CLK_GEN:inst21|CLK_1HZ_CNT_BFR[2]  ; SIM_CLK    ; SIM_CLK  ; None                        ; None                      ; 13.400 ns               ;
; N/A                                     ; 57.47 MHz ( period = 17.400 ns )                    ; CLK_GEN:inst21|CLK_1HZ_CNT_BFR[16] ; CLK_GEN:inst21|CLK_1HZ_CNT_BFR[1]  ; SIM_CLK    ; SIM_CLK  ; None                        ; None                      ; 13.400 ns               ;
; N/A                                     ; 57.80 MHz ( period = 17.300 ns )                    ; CLK_GEN:inst21|CLK_1HZ_CNT_BFR[7]  ; CLK_GEN:inst21|CLK_1HZ_CNT_BFR[16] ; SIM_CLK    ; SIM_CLK  ; None                        ; None                      ; 13.300 ns               ;
; N/A                                     ; 57.80 MHz ( period = 17.300 ns )                    ; CLK_GEN:inst21|CLK_1HZ_CNT_BFR[2]  ; CLK_GEN:inst21|CLK_1HZ_CNT_BFR[15] ; SIM_CLK    ; SIM_CLK  ; None                        ; None                      ; 13.300 ns               ;
; N/A                                     ; 57.80 MHz ( period = 17.300 ns )                    ; CLK_GEN:inst21|CLK_1HZ_CNT_BFR[3]  ; CLK_GEN:inst21|CLK_1HZ_CNT_BFR[12] ; SIM_CLK    ; SIM_CLK  ; None                        ; None                      ; 13.300 ns               ;
; N/A                                     ; 57.80 MHz ( period = 17.300 ns )                    ; CLK_GEN:inst21|CLK_1HZ_CNT_BFR[1]  ; CLK_GEN:inst21|CLK_1HZ_CNT_BFR[14] ; SIM_CLK    ; SIM_CLK  ; None                        ; None                      ; 13.300 ns               ;
; Timing analysis restricted to 200 rows. ; To change the limit use Settings (Assignments menu) ;                                    ;                                    ;            ;          ;                             ;                           ;                         ;
+-----------------------------------------+-----------------------------------------------------+------------------------------------+------------------------------------+------------+----------+-----------------------------+---------------------------+-------------------------+


+-----------------------------------------------------------------------------------------------+
; tco                                                                                           ;
+-------+--------------+------------+------------------------------------+---------+------------+
; Slack ; Required tco ; Actual tco ; From                               ; To      ; From Clock ;
+-------+--------------+------------+------------------------------------+---------+------------+
; N/A   ; None         ; 30.500 ns  ; UP_CNT_TO_FIVE:inst11|\P1:COUNT[4] ; SS2[2]  ; SIM_CLK    ;
; N/A   ; None         ; 30.500 ns  ; UP_CNT_TO_NINE:inst|\P1:COUNT[3]   ; SS1[7]  ; SIM_CLK    ;
; N/A   ; None         ; 30.500 ns  ; UP_CNT_TO_NINE:inst|\P1:COUNT[4]   ; SS1[8]  ; SIM_CLK    ;
; N/A   ; None         ; 30.400 ns  ; UP_CNT_TO_FIVE:inst11|\P1:COUNT[4] ; SS2[3]  ; SIM_CLK    ;
; N/A   ; None         ; 30.300 ns  ; UP_CNT_TO_FIVE:inst11|\P1:COUNT[2] ; SS2[2]  ; SIM_CLK    ;
; N/A   ; None         ; 30.300 ns  ; UP_CNT_TO_NINE:inst|\P1:COUNT[2]   ; SS1[8]  ; SIM_CLK    ;
; N/A   ; None         ; 30.200 ns  ; UP_CNT_TO_FIVE:inst11|\P1:COUNT[1] ; SS2[2]  ; SIM_CLK    ;
; N/A   ; None         ; 30.200 ns  ; UP_CNT_TO_FIVE:inst11|\P1:COUNT[3] ; SS2[2]  ; SIM_CLK    ;
; N/A   ; None         ; 30.200 ns  ; UP_CNT_TO_NINE:inst|\P1:COUNT[1]   ; SS1[7]  ; SIM_CLK    ;
; N/A   ; None         ; 30.100 ns  ; UP_CNT_TO_FIVE:inst11|\P1:COUNT[1] ; SS2[3]  ; SIM_CLK    ;
; N/A   ; None         ; 30.100 ns  ; UP_CNT_TO_FIVE:inst11|\P1:COUNT[3] ; SS2[3]  ; SIM_CLK    ;
; N/A   ; None         ; 30.000 ns  ; UP_CNT_TO_FIVE:inst11|\P1:COUNT[2] ; SS2[3]  ; SIM_CLK    ;
; N/A   ; None         ; 29.400 ns  ; UP_CNT_TO_NINE:inst|\P1:COUNT[4]   ; SS1[2]  ; SIM_CLK    ;
; N/A   ; None         ; 29.400 ns  ; UP_CNT_TO_NINE:inst|\P1:COUNT[2]   ; SS1[5]  ; SIM_CLK    ;
; N/A   ; None         ; 29.400 ns  ; UP_CNT_TO_NINE:inst|\P1:COUNT[4]   ; SS1[5]  ; SIM_CLK    ;
; N/A   ; None         ; 29.300 ns  ; UP_CNT_TO_NINE:inst|\P1:COUNT[2]   ; SS1[2]  ; SIM_CLK    ;
; N/A   ; None         ; 29.200 ns  ; UP_CNT_TO_NINE:inst|\P1:COUNT[3]   ; SS1[2]  ; SIM_CLK    ;
; N/A   ; None         ; 29.100 ns  ; UP_CNT_TO_FIVE:inst11|\P1:COUNT[4] ; SS2[4]  ; SIM_CLK    ;
; N/A   ; None         ; 29.100 ns  ; UP_CNT_TO_FIVE:inst11|\P1:COUNT[4] ; SS2[5]  ; SIM_CLK    ;
; N/A   ; None         ; 29.100 ns  ; UP_CNT_TO_FIVE:inst11|\P1:COUNT[1] ; SS2[6]  ; SIM_CLK    ;
; N/A   ; None         ; 29.100 ns  ; UP_CNT_TO_FIVE:inst11|\P1:COUNT[4] ; SS2[6]  ; SIM_CLK    ;
; N/A   ; None         ; 29.100 ns  ; UP_CNT_TO_FIVE:inst11|\P1:COUNT[4] ; SS2[7]  ; SIM_CLK    ;
; N/A   ; None         ; 29.100 ns  ; UP_CNT_TO_FIVE:inst11|\P1:COUNT[4] ; SS2[8]  ; SIM_CLK    ;
; N/A   ; None         ; 29.100 ns  ; UP_CNT_TO_NINE:inst|\P1:COUNT[3]   ; SS1[5]  ; SIM_CLK    ;
; N/A   ; None         ; 29.000 ns  ; UP_CNT_TO_FIVE:inst11|\P1:COUNT[2] ; SS2[8]  ; SIM_CLK    ;
; N/A   ; None         ; 29.000 ns  ; UP_CNT_TO_NINE:inst|\P1:COUNT[3]   ; SS1[3]  ; SIM_CLK    ;
; N/A   ; None         ; 29.000 ns  ; UP_CNT_TO_NINE:inst|\P1:COUNT[3]   ; SS1[4]  ; SIM_CLK    ;
; N/A   ; None         ; 29.000 ns  ; UP_CNT_TO_NINE:inst|\P1:COUNT[1]   ; SS1[6]  ; SIM_CLK    ;
; N/A   ; None         ; 29.000 ns  ; UP_CNT_TO_NINE:inst|\P1:COUNT[3]   ; SS1[6]  ; SIM_CLK    ;
; N/A   ; None         ; 28.900 ns  ; UP_CNT_TO_FIVE:inst11|\P1:COUNT[3] ; SS2[8]  ; SIM_CLK    ;
; N/A   ; None         ; 28.900 ns  ; UP_CNT_TO_NINE:inst|\P1:COUNT[1]   ; SS1[2]  ; SIM_CLK    ;
; N/A   ; None         ; 28.800 ns  ; UP_CNT_TO_FIVE:inst11|\P1:COUNT[1] ; SS2[4]  ; SIM_CLK    ;
; N/A   ; None         ; 28.800 ns  ; UP_CNT_TO_FIVE:inst11|\P1:COUNT[3] ; SS2[4]  ; SIM_CLK    ;
; N/A   ; None         ; 28.800 ns  ; UP_CNT_TO_FIVE:inst11|\P1:COUNT[1] ; SS2[5]  ; SIM_CLK    ;
; N/A   ; None         ; 28.800 ns  ; UP_CNT_TO_FIVE:inst11|\P1:COUNT[3] ; SS2[5]  ; SIM_CLK    ;
; N/A   ; None         ; 28.800 ns  ; UP_CNT_TO_FIVE:inst11|\P1:COUNT[3] ; SS2[6]  ; SIM_CLK    ;
; N/A   ; None         ; 28.800 ns  ; UP_CNT_TO_FIVE:inst11|\P1:COUNT[1] ; SS2[7]  ; SIM_CLK    ;
; N/A   ; None         ; 28.800 ns  ; UP_CNT_TO_FIVE:inst11|\P1:COUNT[3] ; SS2[7]  ; SIM_CLK    ;
; N/A   ; None         ; 28.800 ns  ; UP_CNT_TO_FIVE:inst11|\P1:COUNT[1] ; SS2[8]  ; SIM_CLK    ;
; N/A   ; None         ; 28.800 ns  ; UP_CNT_TO_NINE:inst|\P1:COUNT[1]   ; SS1[5]  ; SIM_CLK    ;
; N/A   ; None         ; 28.700 ns  ; UP_CNT_TO_FIVE:inst11|\P1:COUNT[2] ; SS2[4]  ; SIM_CLK    ;
; N/A   ; None         ; 28.700 ns  ; UP_CNT_TO_FIVE:inst11|\P1:COUNT[2] ; SS2[5]  ; SIM_CLK    ;
; N/A   ; None         ; 28.700 ns  ; UP_CNT_TO_FIVE:inst11|\P1:COUNT[2] ; SS2[7]  ; SIM_CLK    ;
; N/A   ; None         ; 28.700 ns  ; UP_CNT_TO_NINE:inst|\P1:COUNT[1]   ; SS1[3]  ; SIM_CLK    ;
; N/A   ; None         ; 28.700 ns  ; UP_CNT_TO_NINE:inst|\P1:COUNT[1]   ; SS1[4]  ; SIM_CLK    ;
; N/A   ; None         ; 28.400 ns  ; UP_CNT_TO_FIVE:inst11|\P1:COUNT[2] ; SS2[6]  ; SIM_CLK    ;
; N/A   ; None         ; 28.000 ns  ; UP_CNT_TO_NINE:inst|\P1:COUNT[2]   ; SS1[7]  ; SIM_CLK    ;
; N/A   ; None         ; 28.000 ns  ; UP_CNT_TO_NINE:inst|\P1:COUNT[4]   ; SS1[7]  ; SIM_CLK    ;
; N/A   ; None         ; 27.900 ns  ; UP_CNT_TO_NINE:inst|\P1:COUNT[3]   ; SS1[8]  ; SIM_CLK    ;
; N/A   ; None         ; 27.600 ns  ; UP_CNT_TO_NINE:inst|\P1:COUNT[1]   ; SS1[8]  ; SIM_CLK    ;
; N/A   ; None         ; 26.900 ns  ; UP_CNT_TO_FIVE:inst13|\P1:COUNT[4] ; OUT2[3] ; SIM_CLK    ;
; N/A   ; None         ; 26.800 ns  ; UP_CNT_TO_FIVE:inst13|\P1:COUNT[2] ; OUT2[1] ; SIM_CLK    ;
; N/A   ; None         ; 26.800 ns  ; UP_CNT_TO_FIVE:inst13|\P1:COUNT[3] ; OUT2[2] ; SIM_CLK    ;
; N/A   ; None         ; 26.800 ns  ; UP_CNT_TO_NINE:inst12|\P1:COUNT[3] ; OUT1[2] ; SIM_CLK    ;
; N/A   ; None         ; 26.800 ns  ; UP_CNT_TO_NINE:inst12|\P1:COUNT[4] ; OUT1[3] ; SIM_CLK    ;
; N/A   ; None         ; 26.700 ns  ; UP_CNT_TO_NINE:inst12|\P1:COUNT[2] ; OUT1[1] ; SIM_CLK    ;
; N/A   ; None         ; 26.600 ns  ; UP_CNT_TO_FIVE:inst13|\P1:COUNT[1] ; OUT2[0] ; SIM_CLK    ;
; N/A   ; None         ; 26.500 ns  ; UP_CNT_TO_NINE:inst|\P1:COUNT[2]   ; SS1[3]  ; SIM_CLK    ;
; N/A   ; None         ; 26.500 ns  ; UP_CNT_TO_NINE:inst|\P1:COUNT[4]   ; SS1[3]  ; SIM_CLK    ;
; N/A   ; None         ; 26.500 ns  ; UP_CNT_TO_NINE:inst|\P1:COUNT[2]   ; SS1[4]  ; SIM_CLK    ;
; N/A   ; None         ; 26.500 ns  ; UP_CNT_TO_NINE:inst|\P1:COUNT[4]   ; SS1[4]  ; SIM_CLK    ;
; N/A   ; None         ; 26.500 ns  ; UP_CNT_TO_NINE:inst|\P1:COUNT[4]   ; SS1[6]  ; SIM_CLK    ;
; N/A   ; None         ; 26.200 ns  ; UP_CNT_TO_NINE:inst|\P1:COUNT[2]   ; SS1[6]  ; SIM_CLK    ;
; N/A   ; None         ; 26.000 ns  ; UP_CNT_TO_NINE:inst12|\P1:COUNT[1] ; OUT1[0] ; SIM_CLK    ;
+-------+--------------+------------+------------------------------------+---------+------------+


+--------------------------+
; Timing Analyzer Messages ;
+--------------------------+
Info: *******************************************************************
Info: Running Quartus II Classic Timing Analyzer
    Info: Version 9.0 Build 235 06/17/2009 Service Pack 2 SJ Web Edition
    Info: Processing started: Thu Jan 09 19:25:11 2014
Info: Command: quartus_tan --read_settings_files=off --write_settings_files=off Project4 -c Project4
Info: Started post-fitting delay annotation
Info: Delay annotation completed successfully
Warning: Found pins functioning as undefined clocks and/or memory enables
    Info: Assuming node "SIM_CLK" is an undefined clock
Warning: Found 1 node(s) in clock paths which may be acting as ripple and/or gated clocks -- node(s) analyzed as buffer(s) resulting in clock skew
    Info: Detected ripple clock "CLK_GEN:inst21|CLK_1HZ_BFR" as buffer
Info: Clock "SIM_CLK" has Internal fmax of 47.17 MHz between source register "CLK_GEN:inst21|CLK_1HZ_CNT_BFR[0]" and destination register "CLK_GEN:inst21|CLK_1HZ_CNT_BFR[16]" (period= 21.2 ns)
    Info: + Longest register to register delay is 17.200 ns
        Info: 1: + IC(0.000 ns) + CELL(0.000 ns) = 0.000 ns; Loc. = LC3_C15; Fanout = 3; REG Node = 'CLK_GEN:inst21|CLK_1HZ_CNT_BFR[0]'
        Info: 2: + IC(2.800 ns) + CELL(1.700 ns) = 4.500 ns; Loc. = LC2_C16; Fanout = 1; COMB Node = 'CLK_GEN:inst21|Equal0~24'
        Info: 3: + IC(0.000 ns) + CELL(2.000 ns) = 6.500 ns; Loc. = LC3_C16; Fanout = 1; COMB Node = 'CLK_GEN:inst21|Equal0~15'
        Info: 4: + IC(2.800 ns) + CELL(2.700 ns) = 12.000 ns; Loc. = LC1_C18; Fanout = 14; COMB Node = 'CLK_GEN:inst21|Equal0~3'
        Info: 5: + IC(3.200 ns) + CELL(2.000 ns) = 17.200 ns; Loc. = LC2_C20; Fanout = 3; REG Node = 'CLK_GEN:inst21|CLK_1HZ_CNT_BFR[16]'
        Info: Total cell delay = 8.400 ns ( 48.84 % )
        Info: Total interconnect delay = 8.800 ns ( 51.16 % )
    Info: - Smallest clock skew is 0.000 ns
        Info: + Shortest clock path from clock "SIM_CLK" to destination register is 7.000 ns
            Info: 1: + IC(0.000 ns) + CELL(2.900 ns) = 2.900 ns; Loc. = PIN_91; Fanout = 22; CLK Node = 'SIM_CLK'
            Info: 2: + IC(4.100 ns) + CELL(0.000 ns) = 7.000 ns; Loc. = LC2_C20; Fanout = 3; REG Node = 'CLK_GEN:inst21|CLK_1HZ_CNT_BFR[16]'
            Info: Total cell delay = 2.900 ns ( 41.43 % )
            Info: Total interconnect delay = 4.100 ns ( 58.57 % )
        Info: - Longest clock path from clock "SIM_CLK" to source register is 7.000 ns
            Info: 1: + IC(0.000 ns) + CELL(2.900 ns) = 2.900 ns; Loc. = PIN_91; Fanout = 22; CLK Node = 'SIM_CLK'
            Info: 2: + IC(4.100 ns) + CELL(0.000 ns) = 7.000 ns; Loc. = LC3_C15; Fanout = 3; REG Node = 'CLK_GEN:inst21|CLK_1HZ_CNT_BFR[0]'
            Info: Total cell delay = 2.900 ns ( 41.43 % )
            Info: Total interconnect delay = 4.100 ns ( 58.57 % )
    Info: + Micro clock to output delay of source is 1.400 ns
    Info: + Micro setup delay of destination is 2.600 ns
Info: tco from clock "SIM_CLK" to destination pin "SS2[2]" through register "UP_CNT_TO_FIVE:inst11|\P1:COUNT[4]" is 30.500 ns
    Info: + Longest clock path from clock "SIM_CLK" to source register is 14.300 ns
        Info: 1: + IC(0.000 ns) + CELL(2.900 ns) = 2.900 ns; Loc. = PIN_91; Fanout = 22; CLK Node = 'SIM_CLK'
        Info: 2: + IC(4.100 ns) + CELL(1.400 ns) = 8.400 ns; Loc. = LC1_C20; Fanout = 20; REG Node = 'CLK_GEN:inst21|CLK_1HZ_BFR'
        Info: 3: + IC(5.900 ns) + CELL(0.000 ns) = 14.300 ns; Loc. = LC8_A40; Fanout = 10; REG Node = 'UP_CNT_TO_FIVE:inst11|\P1:COUNT[4]'
        Info: Total cell delay = 4.300 ns ( 30.07 % )
        Info: Total interconnect delay = 10.000 ns ( 69.93 % )
    Info: + Micro clock to output delay of source is 1.400 ns
    Info: + Longest register to pin delay is 14.800 ns
        Info: 1: + IC(0.000 ns) + CELL(0.000 ns) = 0.000 ns; Loc. = LC8_A40; Fanout = 10; REG Node = 'UP_CNT_TO_FIVE:inst11|\P1:COUNT[4]'
        Info: 2: + IC(3.200 ns) + CELL(2.700 ns) = 5.900 ns; Loc. = LC3_A46; Fanout = 1; COMB Node = 'SEVENSEGTONINE:inst19|Mux6~0'
        Info: 3: + IC(3.900 ns) + CELL(5.000 ns) = 14.800 ns; Loc. = PIN_13; Fanout = 0; PIN Node = 'SS2[2]'
        Info: Total cell delay = 7.700 ns ( 52.03 % )
        Info: Total interconnect delay = 7.100 ns ( 47.97 % )
Info: Quartus II Classic Timing Analyzer was successful. 0 errors, 2 warnings
    Info: Peak virtual memory: 174 megabytes
    Info: Processing ended: Thu Jan 09 19:25:11 2014
    Info: Elapsed time: 00:00:00
    Info: Total CPU time (on all processors): 00:00:00


