Analysis & Synthesis report for LTM_DE270
Tue Feb 18 20:00:57 2014
Quartus II Version 9.0 Build 235 06/17/2009 Service Pack 2 SJ Web Edition


---------------------
; Table of Contents ;
---------------------
  1. Legal Notice
  2. Analysis & Synthesis Summary
  3. Analysis & Synthesis Settings
  4. Analysis & Synthesis Source Files Read
  5. Analysis & Synthesis Resource Usage Summary
  6. Analysis & Synthesis Resource Utilization by Entity
  7. User-Specified and Inferred Latches
  8. General Register Statistics
  9. Analysis & Synthesis Messages



----------------
; Legal Notice ;
----------------
Copyright (C) 1991-2009 Altera Corporation
Your use of Altera Corporation's design tools, logic functions 
and other software and tools, and its AMPP partner logic 
functions, and any output files from any of the foregoing 
(including device programming or simulation files), and any 
associated documentation or information are expressly subject 
to the terms and conditions of the Altera Program License 
Subscription Agreement, Altera MegaCore Function License 
Agreement, or other applicable license agreement, including, 
without limitation, that your use is for the sole purpose of 
programming logic devices manufactured by Altera and sold by 
Altera or its authorized distributors.  Please refer to the 
applicable agreement for further details.



+-----------------------------------------------------------------------------------+
; Analysis & Synthesis Summary                                                      ;
+------------------------------------+----------------------------------------------+
; Analysis & Synthesis Status        ; Successful - Tue Feb 18 20:00:57 2014        ;
; Quartus II Version                 ; 9.0 Build 235 06/17/2009 SP 2 SJ Web Edition ;
; Revision Name                      ; LTM_DE270                                    ;
; Top-level Entity Name              ; PULSE_EXT                                    ;
; Family                             ; Cyclone II                                   ;
; Total logic elements               ; 29                                           ;
;     Total combinational functions  ; 29                                           ;
;     Dedicated logic registers      ; 1                                            ;
; Total registers                    ; 1                                            ;
; Total pins                         ; 3                                            ;
; Total virtual pins                 ; 0                                            ;
; Total memory bits                  ; 0                                            ;
; Embedded Multiplier 9-bit elements ; 0                                            ;
; Total PLLs                         ; 0                                            ;
+------------------------------------+----------------------------------------------+


+--------------------------------------------------------------------------------------------------------+
; Analysis & Synthesis Settings                                                                          ;
+--------------------------------------------------------------+--------------------+--------------------+
; Option                                                       ; Setting            ; Default Value      ;
+--------------------------------------------------------------+--------------------+--------------------+
; Device                                                       ; EP2C70F896C6       ;                    ;
; Top-level entity name                                        ; PULSE_EXT          ; LTM_DE270          ;
; Family name                                                  ; Cyclone II         ; Stratix II         ;
; Optimization Technique                                       ; Speed              ; Balanced           ;
; Use Generated Physical Constraints File                      ; Off                ;                    ;
; Use smart compilation                                        ; Off                ; Off                ;
; Restructure Multiplexers                                     ; Auto               ; Auto               ;
; Create Debugging Nodes for IP Cores                          ; Off                ; Off                ;
; Preserve fewer node names                                    ; On                 ; On                 ;
; Disable OpenCore Plus hardware evaluation                    ; Off                ; Off                ;
; Verilog Version                                              ; Verilog_2001       ; Verilog_2001       ;
; VHDL Version                                                 ; VHDL93             ; VHDL93             ;
; State Machine Processing                                     ; Auto               ; Auto               ;
; Safe State Machine                                           ; Off                ; Off                ;
; Extract Verilog State Machines                               ; On                 ; On                 ;
; Extract VHDL State Machines                                  ; On                 ; On                 ;
; Ignore Verilog initial constructs                            ; Off                ; Off                ;
; Iteration limit for constant Verilog loops                   ; 5000               ; 5000               ;
; Iteration limit for non-constant Verilog loops               ; 250                ; 250                ;
; Add Pass-Through Logic to Inferred RAMs                      ; On                 ; On                 ;
; Parallel Synthesis                                           ; Off                ; Off                ;
; DSP Block Balancing                                          ; Auto               ; Auto               ;
; NOT Gate Push-Back                                           ; On                 ; On                 ;
; Power-Up Don't Care                                          ; On                 ; On                 ;
; Remove Redundant Logic Cells                                 ; Off                ; Off                ;
; Remove Duplicate Registers                                   ; On                 ; On                 ;
; Ignore CARRY Buffers                                         ; Off                ; Off                ;
; Ignore CASCADE Buffers                                       ; Off                ; Off                ;
; Ignore GLOBAL Buffers                                        ; Off                ; Off                ;
; Ignore ROW GLOBAL Buffers                                    ; Off                ; Off                ;
; Ignore LCELL Buffers                                         ; Off                ; Off                ;
; Ignore SOFT Buffers                                          ; On                 ; On                 ;
; Limit AHDL Integers to 32 Bits                               ; Off                ; Off                ;
; Carry Chain Length                                           ; 70                 ; 70                 ;
; Auto Carry Chains                                            ; On                 ; On                 ;
; Auto Open-Drain Pins                                         ; On                 ; On                 ;
; Perform WYSIWYG Primitive Resynthesis                        ; Off                ; Off                ;
; Auto ROM Replacement                                         ; On                 ; On                 ;
; Auto RAM Replacement                                         ; On                 ; On                 ;
; Auto Shift Register Replacement                              ; Auto               ; Auto               ;
; Auto Clock Enable Replacement                                ; On                 ; On                 ;
; Strict RAM Replacement                                       ; Off                ; Off                ;
; Allow Synchronous Control Signals                            ; On                 ; On                 ;
; Force Use of Synchronous Clear Signals                       ; Off                ; Off                ;
; Auto RAM to Logic Cell Conversion                            ; Off                ; Off                ;
; Auto Resource Sharing                                        ; Off                ; Off                ;
; Allow Any RAM Size For Recognition                           ; Off                ; Off                ;
; Allow Any ROM Size For Recognition                           ; Off                ; Off                ;
; Allow Any Shift Register Size For Recognition                ; Off                ; Off                ;
; Use LogicLock Constraints during Resource Balancing          ; On                 ; On                 ;
; Ignore translate_off and synthesis_off directives            ; Off                ; Off                ;
; Timing-Driven Synthesis                                      ; Off                ; Off                ;
; Show Parameter Settings Tables in Synthesis Report           ; On                 ; On                 ;
; Ignore Maximum Fan-Out Assignments                           ; Off                ; Off                ;
; Synchronization Register Chain Length                        ; 2                  ; 2                  ;
; PowerPlay Power Optimization                                 ; Normal compilation ; Normal compilation ;
; HDL message level                                            ; Level2             ; Level2             ;
; Suppress Register Optimization Related Messages              ; Off                ; Off                ;
; Number of Removed Registers Reported in Synthesis Report     ; 100                ; 100                ;
; Number of Inverted Registers Reported in Synthesis Report    ; 100                ; 100                ;
; Clock MUX Protection                                         ; On                 ; On                 ;
; Auto Gated Clock Conversion                                  ; Off                ; Off                ;
; Block Design Naming                                          ; Auto               ; Auto               ;
; SDC constraint protection                                    ; Off                ; Off                ;
; Synthesis Effort                                             ; Auto               ; Auto               ;
; Shift Register Replacement - Allow Asynchronous Clear Signal ; On                 ; On                 ;
; Analysis & Synthesis Message Level                           ; Medium             ; Medium             ;
+--------------------------------------------------------------+--------------------+--------------------+


+----------------------------------------------------------------------------------------------------------------------------------------+
; Analysis & Synthesis Source Files Read                                                                                                 ;
+----------------------------------+-----------------+-----------------+-----------------------------------------------------------------+
; File Name with User-Entered Path ; Used in Netlist ; File Type       ; File Name with Absolute Path                                    ;
+----------------------------------+-----------------+-----------------+-----------------------------------------------------------------+
; PULSE_EXT.vhd                    ; yes             ; User VHDL File  ; C:/Github/Quartus_Projects/ENGN_4070_FinalProject/PULSE_EXT.vhd ;
+----------------------------------+-----------------+-----------------+-----------------------------------------------------------------+


+---------------------------------------------------------------------+
; Analysis & Synthesis Resource Usage Summary                         ;
+---------------------------------------------+-----------------------+
; Resource                                    ; Usage                 ;
+---------------------------------------------+-----------------------+
; Estimated Total logic elements              ; 29                    ;
;                                             ;                       ;
; Total combinational functions               ; 29                    ;
; Logic element usage by number of LUT inputs ;                       ;
;     -- 4 input functions                    ; 10                    ;
;     -- 3 input functions                    ; 11                    ;
;     -- <=2 input functions                  ; 8                     ;
;                                             ;                       ;
; Logic elements by mode                      ;                       ;
;     -- normal mode                          ; 23                    ;
;     -- arithmetic mode                      ; 6                     ;
;                                             ;                       ;
; Total registers                             ; 1                     ;
;     -- Dedicated logic registers            ; 1                     ;
;     -- I/O registers                        ; 0                     ;
;                                             ;                       ;
; I/O pins                                    ; 3                     ;
; Maximum fan-out node                        ; \STATE_TABLE:COUNT[5] ;
; Maximum fan-out                             ; 11                    ;
; Total fan-out                               ; 91                    ;
; Average fan-out                             ; 2.76                  ;
+---------------------------------------------+-----------------------+


+-----------------------------------------------------------------------------------------------------------------------------------------------------------------------------+
; Analysis & Synthesis Resource Utilization by Entity                                                                                                                         ;
+----------------------------+-------------------+--------------+-------------+--------------+---------+-----------+------+--------------+---------------------+--------------+
; Compilation Hierarchy Node ; LC Combinationals ; LC Registers ; Memory Bits ; DSP Elements ; DSP 9x9 ; DSP 18x18 ; Pins ; Virtual Pins ; Full Hierarchy Name ; Library Name ;
+----------------------------+-------------------+--------------+-------------+--------------+---------+-----------+------+--------------+---------------------+--------------+
; |PULSE_EXT                 ; 29 (29)           ; 1 (1)        ; 0           ; 0            ; 0       ; 0         ; 3    ; 0            ; |PULSE_EXT          ; work         ;
+----------------------------+-------------------+--------------+-------------+--------------+---------+-----------+------+--------------+---------------------+--------------+
Note: For table entries with two numbers listed, the numbers in parentheses indicate the number of resources of the given type used by the specific entity alone. The numbers listed outside of parentheses indicate the total resources of the given type used by the specific entity and all of its sub-entities in the hierarchy.


+-------------------------------------------------------------------------------------------------------+
; User-Specified and Inferred Latches                                                                   ;
+----------------------------------------------------+-------------------------+------------------------+
; Latch Name                                         ; Latch Enable Signal     ; Free of Timing Hazards ;
+----------------------------------------------------+-------------------------+------------------------+
; NEXT_STATE                                         ; NEXT_STATE~1            ; yes                    ;
; \STATE_TABLE:COUNT[6]                              ; \STATE_TABLE:COUNT[1]~2 ; yes                    ;
; \STATE_TABLE:COUNT[5]                              ; \STATE_TABLE:COUNT[1]~2 ; yes                    ;
; \STATE_TABLE:COUNT[4]                              ; \STATE_TABLE:COUNT[1]~2 ; yes                    ;
; \STATE_TABLE:COUNT[3]                              ; \STATE_TABLE:COUNT[1]~2 ; yes                    ;
; \STATE_TABLE:COUNT[2]                              ; \STATE_TABLE:COUNT[1]~2 ; yes                    ;
; \STATE_TABLE:COUNT[1]                              ; \STATE_TABLE:COUNT[1]~2 ; yes                    ;
; \STATE_TABLE:COUNT[0]                              ; \STATE_TABLE:COUNT[1]~2 ; yes                    ;
; Number of user-specified and inferred latches = 8  ;                         ;                        ;
+----------------------------------------------------+-------------------------+------------------------+
Note: All latches listed above may not be present at the end of synthesis due to various synthesis optimizations.


+------------------------------------------------------+
; General Register Statistics                          ;
+----------------------------------------------+-------+
; Statistic                                    ; Value ;
+----------------------------------------------+-------+
; Total registers                              ; 1     ;
; Number of registers using Synchronous Clear  ; 0     ;
; Number of registers using Synchronous Load   ; 0     ;
; Number of registers using Asynchronous Clear ; 0     ;
; Number of registers using Asynchronous Load  ; 0     ;
; Number of registers using Clock Enable       ; 0     ;
; Number of registers using Preset             ; 0     ;
+----------------------------------------------+-------+


+-------------------------------+
; Analysis & Synthesis Messages ;
+-------------------------------+
Info: *******************************************************************
Info: Running Quartus II Analysis & Synthesis
    Info: Version 9.0 Build 235 06/17/2009 Service Pack 2 SJ Web Edition
    Info: Processing started: Tue Feb 18 20:00:56 2014
Info: Command: quartus_map --read_settings_files=on --write_settings_files=off LTM_DE270 -c LTM_DE270
Warning: Can't analyze file -- file Z:/AlteraWork/LTM_REV01/LTM_DE270.bdf is missing
Warning: Can't analyze file -- file Z:/AlteraWork/LTM_REV01/SEG7DEC.vhd is missing
Info: Found 1 design units, including 1 entities, in source file DE270_7SEG.bdf
    Info: Found entity 1: DE270_7SEG
Info: Found 2 design units, including 1 entities, in source file PULSE_EXT.vhd
    Info: Found design unit 1: PULSE_EXT-BEHAVIORAL
    Info: Found entity 1: PULSE_EXT
Info: Elaborating entity "PULSE_EXT" for the top level hierarchy
Warning (10492): VHDL Process Statement warning at PULSE_EXT.vhd(50): signal "START_Y" is read inside the Process Statement but isn't in the Process Statement's sensitivity list
Warning (10631): VHDL Process Statement warning at PULSE_EXT.vhd(43): inferring latch(es) for signal or variable "NEXT_STATE", which holds its previous value in one or more paths through the process
Warning (10631): VHDL Process Statement warning at PULSE_EXT.vhd(43): inferring latch(es) for signal or variable "COUNT", which holds its previous value in one or more paths through the process
Info (10041): Inferred latch for "STATE_TABLE:COUNT[0]" at PULSE_EXT.vhd(43)
Info (10041): Inferred latch for "STATE_TABLE:COUNT[1]" at PULSE_EXT.vhd(43)
Info (10041): Inferred latch for "STATE_TABLE:COUNT[2]" at PULSE_EXT.vhd(43)
Info (10041): Inferred latch for "STATE_TABLE:COUNT[3]" at PULSE_EXT.vhd(43)
Info (10041): Inferred latch for "STATE_TABLE:COUNT[4]" at PULSE_EXT.vhd(43)
Info (10041): Inferred latch for "STATE_TABLE:COUNT[5]" at PULSE_EXT.vhd(43)
Info (10041): Inferred latch for "STATE_TABLE:COUNT[6]" at PULSE_EXT.vhd(43)
Info (10041): Inferred latch for "NEXT_STATE" at PULSE_EXT.vhd(43)
Warning: Latch NEXT_STATE has unsafe behavior
    Warning: Ports D and ENA on the latch are fed by the same signal CURRENT_STATE
Warning: Latch \STATE_TABLE:COUNT[6] has unsafe behavior
    Warning: Ports D and ENA on the latch are fed by the same signal \STATE_TABLE:COUNT[6]
Warning: Latch \STATE_TABLE:COUNT[5] has unsafe behavior
    Warning: Ports D and ENA on the latch are fed by the same signal \STATE_TABLE:COUNT[6]
Warning: Latch \STATE_TABLE:COUNT[4] has unsafe behavior
    Warning: Ports D and ENA on the latch are fed by the same signal \STATE_TABLE:COUNT[6]
Warning: Latch \STATE_TABLE:COUNT[3] has unsafe behavior
    Warning: Ports D and ENA on the latch are fed by the same signal \STATE_TABLE:COUNT[6]
Warning: Latch \STATE_TABLE:COUNT[2] has unsafe behavior
    Warning: Ports D and ENA on the latch are fed by the same signal \STATE_TABLE:COUNT[6]
Warning: Latch \STATE_TABLE:COUNT[1] has unsafe behavior
    Warning: Ports D and ENA on the latch are fed by the same signal \STATE_TABLE:COUNT[6]
Warning: Latch \STATE_TABLE:COUNT[0] has unsafe behavior
    Warning: Ports D and ENA on the latch are fed by the same signal \STATE_TABLE:COUNT[6]
Info: Implemented 33 device resources after synthesis - the final resource count might be different
    Info: Implemented 2 input pins
    Info: Implemented 1 output pins
    Info: Implemented 30 logic cells
Info: Quartus II Analysis & Synthesis was successful. 0 errors, 21 warnings
    Info: Peak virtual memory: 235 megabytes
    Info: Processing ended: Tue Feb 18 20:00:57 2014
    Info: Elapsed time: 00:00:01
    Info: Total CPU time (on all processors): 00:00:01


