Analysis & Synthesis report for design2TN
Thu Sep 26 11:43:03 2013
Quartus II Version 9.0 Build 235 06/17/2009 Service Pack 2 SJ Web Edition


---------------------
; Table of Contents ;
---------------------
  1. Legal Notice
  2. Analysis & Synthesis Summary
  3. Analysis & Synthesis Settings
  4. Analysis & Synthesis Source Files Read
  5. Analysis & Synthesis Resource Usage Summary
  6. Analysis & Synthesis Resource Utilization by Entity
  7. General Register Statistics
  8. Source assignments for lpm_counter8:State_Selector|lpm_counter:lpm_counter_component
  9. Source assignments for lpm_add_sub0:inst3|lpm_add_sub:lpm_add_sub_component|addcore:adder
 10. Source assignments for lpm_counter6:inst|lpm_counter:lpm_counter_component
 11. Source assignments for lpm_counter3:inst48|lpm_counter:lpm_counter_component
 12. Source assignments for lpm_counter1:inst8|lpm_counter:lpm_counter_component
 13. Parameter Settings for User Entity Instance: lpm_counter8:State_Selector|lpm_counter:lpm_counter_component
 14. Parameter Settings for User Entity Instance: lpm_add_sub0:inst3|lpm_add_sub:lpm_add_sub_component
 15. Parameter Settings for User Entity Instance: lpm_counter6:inst|lpm_counter:lpm_counter_component
 16. Parameter Settings for User Entity Instance: lpm_mux2:inst75|LPM_MUX:lpm_mux_component
 17. Parameter Settings for User Entity Instance: lpm_compare1:inst79|lpm_compare:lpm_compare_component
 18. Parameter Settings for User Entity Instance: lpm_counter3:inst48|lpm_counter:lpm_counter_component
 19. Parameter Settings for User Entity Instance: lpm_compare0:inst77|lpm_compare:lpm_compare_component
 20. Parameter Settings for User Entity Instance: lpm_counter1:inst8|lpm_counter:lpm_counter_component
 21. Parameter Settings for User Entity Instance: lpm_constant0:inst5|lpm_constant:lpm_constant_component
 22. Parameter Settings for User Entity Instance: lpm_mux0:inst40|LPM_MUX:lpm_mux_component
 23. Analysis & Synthesis Messages



----------------
; Legal Notice ;
----------------
Copyright (C) 1991-2009 Altera Corporation
Your use of Altera Corporation's design tools, logic functions 
and other software and tools, and its AMPP partner logic 
functions, and any output files from any of the foregoing 
(including device programming or simulation files), and any 
associated documentation or information are expressly subject 
to the terms and conditions of the Altera Program License 
Subscription Agreement, Altera MegaCore Function License 
Agreement, or other applicable license agreement, including, 
without limitation, that your use is for the sole purpose of 
programming logic devices manufactured by Altera and sold by 
Altera or its authorized distributors.  Please refer to the 
applicable agreement for further details.



+----------------------------------------------------------------------------+
; Analysis & Synthesis Summary                                               ;
+-----------------------------+----------------------------------------------+
; Analysis & Synthesis Status ; Successful - Thu Sep 26 11:43:03 2013        ;
; Quartus II Version          ; 9.0 Build 235 06/17/2009 SP 2 SJ Web Edition ;
; Revision Name               ; design2TN                                    ;
; Top-level Entity Name       ; design2TN                                    ;
; Family                      ; Cyclone                                      ;
; Total logic elements        ; 97                                           ;
; Total pins                  ; 19                                           ;
; Total virtual pins          ; 0                                            ;
; Total memory bits           ; 0                                            ;
; Total PLLs                  ; 0                                            ;
+-----------------------------+----------------------------------------------+


+--------------------------------------------------------------------------------------------------------+
; Analysis & Synthesis Settings                                                                          ;
+--------------------------------------------------------------+--------------------+--------------------+
; Option                                                       ; Setting            ; Default Value      ;
+--------------------------------------------------------------+--------------------+--------------------+
; Device                                                       ; EP1C3T144C8        ;                    ;
; Top-level entity name                                        ; design2TN          ; design2TN          ;
; Family name                                                  ; Cyclone            ; Stratix II         ;
; Use Generated Physical Constraints File                      ; Off                ;                    ;
; Use smart compilation                                        ; Off                ; Off                ;
; Restructure Multiplexers                                     ; Auto               ; Auto               ;
; Create Debugging Nodes for IP Cores                          ; Off                ; Off                ;
; Preserve fewer node names                                    ; On                 ; On                 ;
; Disable OpenCore Plus hardware evaluation                    ; Off                ; Off                ;
; Verilog Version                                              ; Verilog_2001       ; Verilog_2001       ;
; VHDL Version                                                 ; VHDL93             ; VHDL93             ;
; State Machine Processing                                     ; Auto               ; Auto               ;
; Safe State Machine                                           ; Off                ; Off                ;
; Extract Verilog State Machines                               ; On                 ; On                 ;
; Extract VHDL State Machines                                  ; On                 ; On                 ;
; Ignore Verilog initial constructs                            ; Off                ; Off                ;
; Iteration limit for constant Verilog loops                   ; 5000               ; 5000               ;
; Iteration limit for non-constant Verilog loops               ; 250                ; 250                ;
; Add Pass-Through Logic to Inferred RAMs                      ; On                 ; On                 ;
; Parallel Synthesis                                           ; Off                ; Off                ;
; NOT Gate Push-Back                                           ; On                 ; On                 ;
; Power-Up Don't Care                                          ; On                 ; On                 ;
; Remove Redundant Logic Cells                                 ; Off                ; Off                ;
; Remove Duplicate Registers                                   ; On                 ; On                 ;
; Ignore CARRY Buffers                                         ; Off                ; Off                ;
; Ignore CASCADE Buffers                                       ; Off                ; Off                ;
; Ignore GLOBAL Buffers                                        ; Off                ; Off                ;
; Ignore ROW GLOBAL Buffers                                    ; Off                ; Off                ;
; Ignore LCELL Buffers                                         ; Off                ; Off                ;
; Ignore SOFT Buffers                                          ; On                 ; On                 ;
; Limit AHDL Integers to 32 Bits                               ; Off                ; Off                ;
; Optimization Technique                                       ; Balanced           ; Balanced           ;
; Carry Chain Length                                           ; 70                 ; 70                 ;
; Auto Carry Chains                                            ; On                 ; On                 ;
; Auto Open-Drain Pins                                         ; On                 ; On                 ;
; Perform WYSIWYG Primitive Resynthesis                        ; Off                ; Off                ;
; Auto ROM Replacement                                         ; On                 ; On                 ;
; Auto RAM Replacement                                         ; On                 ; On                 ;
; Auto Shift Register Replacement                              ; Auto               ; Auto               ;
; Auto Clock Enable Replacement                                ; On                 ; On                 ;
; Strict RAM Replacement                                       ; Off                ; Off                ;
; Allow Synchronous Control Signals                            ; On                 ; On                 ;
; Force Use of Synchronous Clear Signals                       ; Off                ; Off                ;
; Auto RAM Block Balancing                                     ; On                 ; On                 ;
; Auto RAM to Logic Cell Conversion                            ; Off                ; Off                ;
; Auto Resource Sharing                                        ; Off                ; Off                ;
; Allow Any RAM Size For Recognition                           ; Off                ; Off                ;
; Allow Any ROM Size For Recognition                           ; Off                ; Off                ;
; Allow Any Shift Register Size For Recognition                ; Off                ; Off                ;
; Use LogicLock Constraints during Resource Balancing          ; On                 ; On                 ;
; Ignore translate_off and synthesis_off directives            ; Off                ; Off                ;
; Show Parameter Settings Tables in Synthesis Report           ; On                 ; On                 ;
; Ignore Maximum Fan-Out Assignments                           ; Off                ; Off                ;
; Synchronization Register Chain Length                        ; 2                  ; 2                  ;
; PowerPlay Power Optimization                                 ; Normal compilation ; Normal compilation ;
; HDL message level                                            ; Level2             ; Level2             ;
; Suppress Register Optimization Related Messages              ; Off                ; Off                ;
; Number of Removed Registers Reported in Synthesis Report     ; 100                ; 100                ;
; Number of Inverted Registers Reported in Synthesis Report    ; 100                ; 100                ;
; Clock MUX Protection                                         ; On                 ; On                 ;
; Block Design Naming                                          ; Auto               ; Auto               ;
; Synthesis Effort                                             ; Auto               ; Auto               ;
; Shift Register Replacement - Allow Asynchronous Clear Signal ; On                 ; On                 ;
; Analysis & Synthesis Message Level                           ; Medium             ; Medium             ;
+--------------------------------------------------------------+--------------------+--------------------+


+-------------------------------------------------------------------------------------------------------------------------------------------------------------------+
; Analysis & Synthesis Source Files Read                                                                                                                            ;
+----------------------------------+-----------------+------------------------------------+-------------------------------------------------------------------------+
; File Name with User-Entered Path ; Used in Netlist ; File Type                          ; File Name with Absolute Path                                            ;
+----------------------------------+-----------------+------------------------------------+-------------------------------------------------------------------------+
; lpm_counter1.vhd                 ; yes             ; User Wizard-Generated File         ; C:/altera/90sp2/ENGN_3050_Project2/lpm_counter1.vhd                     ;
; design2TN.bdf                    ; yes             ; User Block Diagram/Schematic File  ; C:/altera/90sp2/ENGN_3050_Project2/design2TN.bdf                        ;
; lpm_mux0.vhd                     ; yes             ; User Wizard-Generated File         ; C:/altera/90sp2/ENGN_3050_Project2/lpm_mux0.vhd                         ;
; lpm_counter3.vhd                 ; yes             ; User Wizard-Generated File         ; C:/altera/90sp2/ENGN_3050_Project2/lpm_counter3.vhd                     ;
; lpm_mux2.vhd                     ; yes             ; User Wizard-Generated File         ; C:/altera/90sp2/ENGN_3050_Project2/lpm_mux2.vhd                         ;
; lpm_compare0.vhd                 ; yes             ; User Wizard-Generated File         ; C:/altera/90sp2/ENGN_3050_Project2/lpm_compare0.vhd                     ;
; lpm_compare1.vhd                 ; yes             ; User Wizard-Generated File         ; C:/altera/90sp2/ENGN_3050_Project2/lpm_compare1.vhd                     ;
; lpm_constant0.vhd                ; yes             ; User Wizard-Generated File         ; C:/altera/90sp2/ENGN_3050_Project2/lpm_constant0.vhd                    ;
; lpm_counter6.vhd                 ; yes             ; User Wizard-Generated File         ; C:/altera/90sp2/ENGN_3050_Project2/lpm_counter6.vhd                     ;
; lpm_add_sub0.vhd                 ; yes             ; User Wizard-Generated File         ; C:/altera/90sp2/ENGN_3050_Project2/lpm_add_sub0.vhd                     ;
; lpm_counter8.vhd                 ; yes             ; User Wizard-Generated File         ; C:/altera/90sp2/ENGN_3050_Project2/lpm_counter8.vhd                     ;
; 16dmux.bdf                       ; yes             ; Megafunction                       ; c:/altera/90sp2/quartus/libraries/others/maxplus2/16dmux.bdf            ;
; lpm_counter.tdf                  ; yes             ; Megafunction                       ; c:/altera/90sp2/quartus/libraries/megafunctions/lpm_counter.tdf         ;
; lpm_constant.inc                 ; yes             ; Megafunction                       ; c:/altera/90sp2/quartus/libraries/megafunctions/lpm_constant.inc        ;
; lpm_decode.inc                   ; yes             ; Megafunction                       ; c:/altera/90sp2/quartus/libraries/megafunctions/lpm_decode.inc          ;
; lpm_add_sub.inc                  ; yes             ; Megafunction                       ; c:/altera/90sp2/quartus/libraries/megafunctions/lpm_add_sub.inc         ;
; cmpconst.inc                     ; yes             ; Megafunction                       ; c:/altera/90sp2/quartus/libraries/megafunctions/cmpconst.inc            ;
; lpm_compare.inc                  ; yes             ; Megafunction                       ; c:/altera/90sp2/quartus/libraries/megafunctions/lpm_compare.inc         ;
; lpm_counter.inc                  ; yes             ; Megafunction                       ; c:/altera/90sp2/quartus/libraries/megafunctions/lpm_counter.inc         ;
; dffeea.inc                       ; yes             ; Megafunction                       ; c:/altera/90sp2/quartus/libraries/megafunctions/dffeea.inc              ;
; alt_synch_counter.inc            ; yes             ; Megafunction                       ; c:/altera/90sp2/quartus/libraries/megafunctions/alt_synch_counter.inc   ;
; alt_synch_counter_f.inc          ; yes             ; Megafunction                       ; c:/altera/90sp2/quartus/libraries/megafunctions/alt_synch_counter_f.inc ;
; alt_counter_f10ke.inc            ; yes             ; Megafunction                       ; c:/altera/90sp2/quartus/libraries/megafunctions/alt_counter_f10ke.inc   ;
; alt_counter_stratix.inc          ; yes             ; Megafunction                       ; c:/altera/90sp2/quartus/libraries/megafunctions/alt_counter_stratix.inc ;
; aglobal90.inc                    ; yes             ; Megafunction                       ; c:/altera/90sp2/quartus/libraries/megafunctions/aglobal90.inc           ;
; db/cntr_5vk.tdf                  ; yes             ; Auto-Generated Megafunction        ; C:/altera/90sp2/ENGN_3050_Project2/db/cntr_5vk.tdf                      ;
; db/cmpr_l4c.tdf                  ; yes             ; Auto-Generated Megafunction        ; C:/altera/90sp2/ENGN_3050_Project2/db/cmpr_l4c.tdf                      ;
; lpm_add_sub.tdf                  ; yes             ; Megafunction                       ; c:/altera/90sp2/quartus/libraries/megafunctions/lpm_add_sub.tdf         ;
; addcore.inc                      ; yes             ; Megafunction                       ; c:/altera/90sp2/quartus/libraries/megafunctions/addcore.inc             ;
; look_add.inc                     ; yes             ; Megafunction                       ; c:/altera/90sp2/quartus/libraries/megafunctions/look_add.inc            ;
; bypassff.inc                     ; yes             ; Megafunction                       ; c:/altera/90sp2/quartus/libraries/megafunctions/bypassff.inc            ;
; altshift.inc                     ; yes             ; Megafunction                       ; c:/altera/90sp2/quartus/libraries/megafunctions/altshift.inc            ;
; alt_stratix_add_sub.inc          ; yes             ; Megafunction                       ; c:/altera/90sp2/quartus/libraries/megafunctions/alt_stratix_add_sub.inc ;
; alt_mercury_add_sub.inc          ; yes             ; Megafunction                       ; c:/altera/90sp2/quartus/libraries/megafunctions/alt_mercury_add_sub.inc ;
; addcore.tdf                      ; yes             ; Megafunction                       ; c:/altera/90sp2/quartus/libraries/megafunctions/addcore.tdf             ;
; a_csnbuffer.inc                  ; yes             ; Megafunction                       ; c:/altera/90sp2/quartus/libraries/megafunctions/a_csnbuffer.inc         ;
; a_csnbuffer.tdf                  ; yes             ; Megafunction                       ; c:/altera/90sp2/quartus/libraries/megafunctions/a_csnbuffer.tdf         ;
; altshift.tdf                     ; yes             ; Megafunction                       ; c:/altera/90sp2/quartus/libraries/megafunctions/altshift.tdf            ;
; db/cntr_d3j.tdf                  ; yes             ; Auto-Generated Megafunction        ; C:/altera/90sp2/ENGN_3050_Project2/db/cntr_d3j.tdf                      ;
; db/cmpr_a6c.tdf                  ; yes             ; Auto-Generated Megafunction        ; C:/altera/90sp2/ENGN_3050_Project2/db/cmpr_a6c.tdf                      ;
; LPM_MUX.tdf                      ; yes             ; Megafunction                       ; c:/altera/90sp2/quartus/libraries/megafunctions/LPM_MUX.tdf             ;
; muxlut.inc                       ; yes             ; Megafunction                       ; c:/altera/90sp2/quartus/libraries/megafunctions/muxlut.inc              ;
; db/mux_mrd.tdf                   ; yes             ; Auto-Generated Megafunction        ; C:/altera/90sp2/ENGN_3050_Project2/db/mux_mrd.tdf                       ;
; lpm_compare.tdf                  ; yes             ; Megafunction                       ; c:/altera/90sp2/quartus/libraries/megafunctions/lpm_compare.tdf         ;
; comptree.inc                     ; yes             ; Megafunction                       ; c:/altera/90sp2/quartus/libraries/megafunctions/comptree.inc            ;
; db/cmpr_tvi.tdf                  ; yes             ; Auto-Generated Megafunction        ; C:/altera/90sp2/ENGN_3050_Project2/db/cmpr_tvi.tdf                      ;
; db/cntr_kqj.tdf                  ; yes             ; Auto-Generated Megafunction        ; C:/altera/90sp2/ENGN_3050_Project2/db/cntr_kqj.tdf                      ;
; lpm_constant.tdf                 ; yes             ; Megafunction                       ; c:/altera/90sp2/quartus/libraries/megafunctions/lpm_constant.tdf        ;
; db/mux_rrd.tdf                   ; yes             ; Auto-Generated Megafunction        ; C:/altera/90sp2/ENGN_3050_Project2/db/mux_rrd.tdf                       ;
+----------------------------------+-----------------+------------------------------------+-------------------------------------------------------------------------+


+-----------------------------------------------------+
; Analysis & Synthesis Resource Usage Summary         ;
+---------------------------------------------+-------+
; Resource                                    ; Usage ;
+---------------------------------------------+-------+
; Total logic elements                        ; 97    ;
;     -- Combinational with no register       ; 54    ;
;     -- Register only                        ; 2     ;
;     -- Combinational with a register        ; 41    ;
;                                             ;       ;
; Logic element usage by number of LUT inputs ;       ;
;     -- 4 input functions                    ; 17    ;
;     -- 3 input functions                    ; 19    ;
;     -- 2 input functions                    ; 54    ;
;     -- 1 input functions                    ; 4     ;
;     -- 0 input functions                    ; 1     ;
;                                             ;       ;
; Logic elements by mode                      ;       ;
;     -- normal mode                          ; 42    ;
;     -- arithmetic mode                      ; 55    ;
;     -- qfbk mode                            ; 0     ;
;     -- register cascade mode                ; 0     ;
;     -- synchronous clear/load mode          ; 34    ;
;     -- asynchronous clear/load mode         ; 4     ;
;                                             ;       ;
; Total registers                             ; 43    ;
; Total logic cells in carry chains           ; 60    ;
; I/O pins                                    ; 19    ;
; Maximum fan-out node                        ; ~GND  ;
; Maximum fan-out                             ; 32    ;
; Total fan-out                               ; 378   ;
; Average fan-out                             ; 3.26  ;
+---------------------------------------------+-------+


+----------------------------------------------------------------------------------------------------------------------------------------------------------------------------------------------------------------------------------------------------------------------------------------------------------------------------------+
; Analysis & Synthesis Resource Utilization by Entity                                                                                                                                                                                                                                                                              ;
+-------------------------------------------+-------------+--------------+-------------+------+--------------+--------------+-------------------+------------------+-----------------+------------+-----------------------------------------------------------------------------------------------------------------+--------------+
; Compilation Hierarchy Node                ; Logic Cells ; LC Registers ; Memory Bits ; Pins ; Virtual Pins ; LUT-Only LCs ; Register-Only LCs ; LUT/Register LCs ; Carry Chain LCs ; Packed LCs ; Full Hierarchy Name                                                                                             ; Library Name ;
+-------------------------------------------+-------------+--------------+-------------+------+--------------+--------------+-------------------+------------------+-----------------+------------+-----------------------------------------------------------------------------------------------------------------+--------------+
; |design2TN                                ; 97 (33)     ; 43           ; 0           ; 19   ; 0            ; 54 (25)      ; 2 (2)             ; 41 (6)           ; 60 (21)         ; 0 (0)      ; |design2TN                                                                                                      ; work         ;
;    |16dmux:inst68|                        ; 2 (2)       ; 0            ; 0           ; 0    ; 0            ; 2 (2)        ; 0 (0)             ; 0 (0)            ; 0 (0)           ; 0 (0)      ; |design2TN|16dmux:inst68                                                                                        ; work         ;
;    |lpm_compare0:inst77|                  ; 1 (0)       ; 0            ; 0           ; 0    ; 0            ; 1 (0)        ; 0 (0)             ; 0 (0)            ; 0 (0)           ; 0 (0)      ; |design2TN|lpm_compare0:inst77                                                                                  ; work         ;
;       |lpm_compare:lpm_compare_component| ; 1 (0)       ; 0            ; 0           ; 0    ; 0            ; 1 (0)        ; 0 (0)             ; 0 (0)            ; 0 (0)           ; 0 (0)      ; |design2TN|lpm_compare0:inst77|lpm_compare:lpm_compare_component                                                ; work         ;
;          |cmpr_tvi:auto_generated|        ; 1 (1)       ; 0            ; 0           ; 0    ; 0            ; 1 (1)        ; 0 (0)             ; 0 (0)            ; 0 (0)           ; 0 (0)      ; |design2TN|lpm_compare0:inst77|lpm_compare:lpm_compare_component|cmpr_tvi:auto_generated                        ; work         ;
;    |lpm_compare1:inst79|                  ; 1 (0)       ; 0            ; 0           ; 0    ; 0            ; 1 (0)        ; 0 (0)             ; 0 (0)            ; 0 (0)           ; 0 (0)      ; |design2TN|lpm_compare1:inst79                                                                                  ; work         ;
;       |lpm_compare:lpm_compare_component| ; 1 (0)       ; 0            ; 0           ; 0    ; 0            ; 1 (0)        ; 0 (0)             ; 0 (0)            ; 0 (0)           ; 0 (0)      ; |design2TN|lpm_compare1:inst79|lpm_compare:lpm_compare_component                                                ; work         ;
;          |cmpr_tvi:auto_generated|        ; 1 (1)       ; 0            ; 0           ; 0    ; 0            ; 1 (1)        ; 0 (0)             ; 0 (0)            ; 0 (0)           ; 0 (0)      ; |design2TN|lpm_compare1:inst79|lpm_compare:lpm_compare_component|cmpr_tvi:auto_generated                        ; work         ;
;    |lpm_counter1:inst8|                   ; 6 (0)       ; 3            ; 0           ; 0    ; 0            ; 3 (0)        ; 0 (0)             ; 3 (0)            ; 4 (0)           ; 0 (0)      ; |design2TN|lpm_counter1:inst8                                                                                   ; work         ;
;       |lpm_counter:lpm_counter_component| ; 6 (0)       ; 3            ; 0           ; 0    ; 0            ; 3 (0)        ; 0 (0)             ; 3 (0)            ; 4 (0)           ; 0 (0)      ; |design2TN|lpm_counter1:inst8|lpm_counter:lpm_counter_component                                                 ; work         ;
;          |cntr_kqj:auto_generated|        ; 6 (5)       ; 3            ; 0           ; 0    ; 0            ; 3 (2)        ; 0 (0)             ; 3 (3)            ; 4 (4)           ; 0 (0)      ; |design2TN|lpm_counter1:inst8|lpm_counter:lpm_counter_component|cntr_kqj:auto_generated                         ; work         ;
;             |cmpr_l4c:cmpr1|              ; 1 (1)       ; 0            ; 0           ; 0    ; 0            ; 1 (1)        ; 0 (0)             ; 0 (0)            ; 0 (0)           ; 0 (0)      ; |design2TN|lpm_counter1:inst8|lpm_counter:lpm_counter_component|cntr_kqj:auto_generated|cmpr_l4c:cmpr1          ; work         ;
;    |lpm_counter3:inst48|                  ; 6 (0)       ; 3            ; 0           ; 0    ; 0            ; 3 (0)        ; 0 (0)             ; 3 (0)            ; 4 (0)           ; 0 (0)      ; |design2TN|lpm_counter3:inst48                                                                                  ; work         ;
;       |lpm_counter:lpm_counter_component| ; 6 (0)       ; 3            ; 0           ; 0    ; 0            ; 3 (0)        ; 0 (0)             ; 3 (0)            ; 4 (0)           ; 0 (0)      ; |design2TN|lpm_counter3:inst48|lpm_counter:lpm_counter_component                                                ; work         ;
;          |cntr_kqj:auto_generated|        ; 6 (5)       ; 3            ; 0           ; 0    ; 0            ; 3 (2)        ; 0 (0)             ; 3 (3)            ; 4 (4)           ; 0 (0)      ; |design2TN|lpm_counter3:inst48|lpm_counter:lpm_counter_component|cntr_kqj:auto_generated                        ; work         ;
;             |cmpr_l4c:cmpr1|              ; 1 (1)       ; 0            ; 0           ; 0    ; 0            ; 1 (1)        ; 0 (0)             ; 0 (0)            ; 0 (0)           ; 0 (0)      ; |design2TN|lpm_counter3:inst48|lpm_counter:lpm_counter_component|cntr_kqj:auto_generated|cmpr_l4c:cmpr1         ; work         ;
;    |lpm_counter6:inst|                    ; 36 (0)      ; 26           ; 0           ; 0    ; 0            ; 10 (0)       ; 0 (0)             ; 26 (0)           ; 27 (0)          ; 0 (0)      ; |design2TN|lpm_counter6:inst                                                                                    ; work         ;
;       |lpm_counter:lpm_counter_component| ; 36 (0)      ; 26           ; 0           ; 0    ; 0            ; 10 (0)       ; 0 (0)             ; 26 (0)           ; 27 (0)          ; 0 (0)      ; |design2TN|lpm_counter6:inst|lpm_counter:lpm_counter_component                                                  ; work         ;
;          |cntr_d3j:auto_generated|        ; 36 (27)     ; 26           ; 0           ; 0    ; 0            ; 10 (1)       ; 0 (0)             ; 26 (26)          ; 27 (27)         ; 0 (0)      ; |design2TN|lpm_counter6:inst|lpm_counter:lpm_counter_component|cntr_d3j:auto_generated                          ; work         ;
;             |cmpr_a6c:cmpr1|              ; 9 (9)       ; 0            ; 0           ; 0    ; 0            ; 9 (9)        ; 0 (0)             ; 0 (0)            ; 0 (0)           ; 0 (0)      ; |design2TN|lpm_counter6:inst|lpm_counter:lpm_counter_component|cntr_d3j:auto_generated|cmpr_a6c:cmpr1           ; work         ;
;    |lpm_counter8:State_Selector|          ; 5 (0)       ; 3            ; 0           ; 0    ; 0            ; 2 (0)        ; 0 (0)             ; 3 (0)            ; 4 (0)           ; 0 (0)      ; |design2TN|lpm_counter8:State_Selector                                                                          ; work         ;
;       |lpm_counter:lpm_counter_component| ; 5 (0)       ; 3            ; 0           ; 0    ; 0            ; 2 (0)        ; 0 (0)             ; 3 (0)            ; 4 (0)           ; 0 (0)      ; |design2TN|lpm_counter8:State_Selector|lpm_counter:lpm_counter_component                                        ; work         ;
;          |cntr_5vk:auto_generated|        ; 5 (4)       ; 3            ; 0           ; 0    ; 0            ; 2 (1)        ; 0 (0)             ; 3 (3)            ; 4 (4)           ; 0 (0)      ; |design2TN|lpm_counter8:State_Selector|lpm_counter:lpm_counter_component|cntr_5vk:auto_generated                ; work         ;
;             |cmpr_l4c:cmpr1|              ; 1 (1)       ; 0            ; 0           ; 0    ; 0            ; 1 (1)        ; 0 (0)             ; 0 (0)            ; 0 (0)           ; 0 (0)      ; |design2TN|lpm_counter8:State_Selector|lpm_counter:lpm_counter_component|cntr_5vk:auto_generated|cmpr_l4c:cmpr1 ; work         ;
;    |lpm_mux0:inst40|                      ; 5 (0)       ; 0            ; 0           ; 0    ; 0            ; 5 (0)        ; 0 (0)             ; 0 (0)            ; 0 (0)           ; 0 (0)      ; |design2TN|lpm_mux0:inst40                                                                                      ; work         ;
;       |lpm_mux:lpm_mux_component|         ; 5 (0)       ; 0            ; 0           ; 0    ; 0            ; 5 (0)        ; 0 (0)             ; 0 (0)            ; 0 (0)           ; 0 (0)      ; |design2TN|lpm_mux0:inst40|lpm_mux:lpm_mux_component                                                            ; work         ;
;          |mux_rrd:auto_generated|         ; 5 (5)       ; 0            ; 0           ; 0    ; 0            ; 5 (5)        ; 0 (0)             ; 0 (0)            ; 0 (0)           ; 0 (0)      ; |design2TN|lpm_mux0:inst40|lpm_mux:lpm_mux_component|mux_rrd:auto_generated                                     ; work         ;
;    |lpm_mux2:inst75|                      ; 2 (0)       ; 0            ; 0           ; 0    ; 0            ; 2 (0)        ; 0 (0)             ; 0 (0)            ; 0 (0)           ; 0 (0)      ; |design2TN|lpm_mux2:inst75                                                                                      ; work         ;
;       |lpm_mux:lpm_mux_component|         ; 2 (0)       ; 0            ; 0           ; 0    ; 0            ; 2 (0)        ; 0 (0)             ; 0 (0)            ; 0 (0)           ; 0 (0)      ; |design2TN|lpm_mux2:inst75|lpm_mux:lpm_mux_component                                                            ; work         ;
;          |mux_mrd:auto_generated|         ; 2 (2)       ; 0            ; 0           ; 0    ; 0            ; 2 (2)        ; 0 (0)             ; 0 (0)            ; 0 (0)           ; 0 (0)      ; |design2TN|lpm_mux2:inst75|lpm_mux:lpm_mux_component|mux_mrd:auto_generated                                     ; work         ;
+-------------------------------------------+-------------+--------------+-------------+------+--------------+--------------+-------------------+------------------+-----------------+------------+-----------------------------------------------------------------------------------------------------------------+--------------+
Note: For table entries with two numbers listed, the numbers in parentheses indicate the number of resources of the given type used by the specific entity alone. The numbers listed outside of parentheses indicate the total resources of the given type used by the specific entity and all of its sub-entities in the hierarchy.


+------------------------------------------------------+
; General Register Statistics                          ;
+----------------------------------------------+-------+
; Statistic                                    ; Value ;
+----------------------------------------------+-------+
; Total registers                              ; 43    ;
; Number of registers using Synchronous Clear  ; 6     ;
; Number of registers using Synchronous Load   ; 34    ;
; Number of registers using Asynchronous Clear ; 1     ;
; Number of registers using Asynchronous Load  ; 3     ;
; Number of registers using Clock Enable       ; 3     ;
; Number of registers using Preset             ; 0     ;
+----------------------------------------------+-------+


+--------------------------------------------------------------------------------------+
; Source assignments for lpm_counter8:State_Selector|lpm_counter:lpm_counter_component ;
+---------------------------+-------+------+-------------------------------------------+
; Assignment                ; Value ; From ; To                                        ;
+---------------------------+-------+------+-------------------------------------------+
; SUPPRESS_DA_RULE_INTERNAL ; a101  ; -    ; -                                         ;
; SUPPRESS_DA_RULE_INTERNAL ; s102  ; -    ; -                                         ;
; SUPPRESS_DA_RULE_INTERNAL ; s103  ; -    ; -                                         ;
+---------------------------+-------+------+-------------------------------------------+


+-------------------------------------------------------------------------------------------+
; Source assignments for lpm_add_sub0:inst3|lpm_add_sub:lpm_add_sub_component|addcore:adder ;
+---------------------------+-------+------+------------------------------------------------+
; Assignment                ; Value ; From ; To                                             ;
+---------------------------+-------+------+------------------------------------------------+
; SUPPRESS_DA_RULE_INTERNAL ; A103  ; -    ; -                                              ;
+---------------------------+-------+------+------------------------------------------------+


+----------------------------------------------------------------------------+
; Source assignments for lpm_counter6:inst|lpm_counter:lpm_counter_component ;
+---------------------------+-------+------+---------------------------------+
; Assignment                ; Value ; From ; To                              ;
+---------------------------+-------+------+---------------------------------+
; SUPPRESS_DA_RULE_INTERNAL ; a101  ; -    ; -                               ;
; SUPPRESS_DA_RULE_INTERNAL ; s102  ; -    ; -                               ;
; SUPPRESS_DA_RULE_INTERNAL ; s103  ; -    ; -                               ;
+---------------------------+-------+------+---------------------------------+


+------------------------------------------------------------------------------+
; Source assignments for lpm_counter3:inst48|lpm_counter:lpm_counter_component ;
+---------------------------+-------+------+-----------------------------------+
; Assignment                ; Value ; From ; To                                ;
+---------------------------+-------+------+-----------------------------------+
; SUPPRESS_DA_RULE_INTERNAL ; a101  ; -    ; -                                 ;
; SUPPRESS_DA_RULE_INTERNAL ; s102  ; -    ; -                                 ;
; SUPPRESS_DA_RULE_INTERNAL ; s103  ; -    ; -                                 ;
+---------------------------+-------+------+-----------------------------------+


+-----------------------------------------------------------------------------+
; Source assignments for lpm_counter1:inst8|lpm_counter:lpm_counter_component ;
+---------------------------+-------+------+----------------------------------+
; Assignment                ; Value ; From ; To                               ;
+---------------------------+-------+------+----------------------------------+
; SUPPRESS_DA_RULE_INTERNAL ; a101  ; -    ; -                                ;
; SUPPRESS_DA_RULE_INTERNAL ; s102  ; -    ; -                                ;
; SUPPRESS_DA_RULE_INTERNAL ; s103  ; -    ; -                                ;
+---------------------------+-------+------+----------------------------------+


+------------------------------------------------------------------------------------------------------------+
; Parameter Settings for User Entity Instance: lpm_counter8:State_Selector|lpm_counter:lpm_counter_component ;
+------------------------+-------------+---------------------------------------------------------------------+
; Parameter Name         ; Value       ; Type                                                                ;
+------------------------+-------------+---------------------------------------------------------------------+
; AUTO_CARRY_CHAINS      ; ON          ; AUTO_CARRY                                                          ;
; IGNORE_CARRY_BUFFERS   ; OFF         ; IGNORE_CARRY                                                        ;
; AUTO_CASCADE_CHAINS    ; ON          ; AUTO_CASCADE                                                        ;
; IGNORE_CASCADE_BUFFERS ; OFF         ; IGNORE_CASCADE                                                      ;
; LPM_WIDTH              ; 3           ; Signed Integer                                                      ;
; LPM_DIRECTION          ; UP          ; Untyped                                                             ;
; LPM_MODULUS            ; 4           ; Signed Integer                                                      ;
; LPM_AVALUE             ; UNUSED      ; Untyped                                                             ;
; LPM_SVALUE             ; UNUSED      ; Untyped                                                             ;
; LPM_PORT_UPDOWN        ; PORT_UNUSED ; Untyped                                                             ;
; DEVICE_FAMILY          ; Cyclone     ; Untyped                                                             ;
; CARRY_CHAIN            ; MANUAL      ; Untyped                                                             ;
; CARRY_CHAIN_LENGTH     ; 48          ; CARRY_CHAIN_LENGTH                                                  ;
; NOT_GATE_PUSH_BACK     ; ON          ; NOT_GATE_PUSH_BACK                                                  ;
; CARRY_CNT_EN           ; SMART       ; Untyped                                                             ;
; LABWIDE_SCLR           ; ON          ; Untyped                                                             ;
; USE_NEW_VERSION        ; TRUE        ; Untyped                                                             ;
; CBXI_PARAMETER         ; cntr_5vk    ; Untyped                                                             ;
+------------------------+-------------+---------------------------------------------------------------------+
Note: In order to hide this table in the UI and the text report file, please set the "Show Parameter Settings Tables in Synthesis Report" option in "Analysis and Synthesis Settings -> More Settings" to "Off".


+---------------------------------------------------------------------------------------------------+
; Parameter Settings for User Entity Instance: lpm_add_sub0:inst3|lpm_add_sub:lpm_add_sub_component ;
+------------------------+-------------+------------------------------------------------------------+
; Parameter Name         ; Value       ; Type                                                       ;
+------------------------+-------------+------------------------------------------------------------+
; LPM_WIDTH              ; 26          ; Signed Integer                                             ;
; LPM_REPRESENTATION     ; UNSIGNED    ; Untyped                                                    ;
; LPM_DIRECTION          ; SUB         ; Untyped                                                    ;
; ONE_INPUT_IS_CONSTANT  ; YES         ; Untyped                                                    ;
; LPM_PIPELINE           ; 0           ; Untyped                                                    ;
; MAXIMIZE_SPEED         ; 5           ; Untyped                                                    ;
; REGISTERED_AT_END      ; 0           ; Untyped                                                    ;
; OPTIMIZE_FOR_SPEED     ; 5           ; Untyped                                                    ;
; USE_CS_BUFFERS         ; 1           ; Untyped                                                    ;
; CARRY_CHAIN            ; MANUAL      ; Untyped                                                    ;
; CARRY_CHAIN_LENGTH     ; 48          ; CARRY_CHAIN_LENGTH                                         ;
; DEVICE_FAMILY          ; Cyclone     ; Untyped                                                    ;
; USE_WYS                ; OFF         ; Untyped                                                    ;
; STYLE                  ; FAST        ; Untyped                                                    ;
; CBXI_PARAMETER         ; add_sub_q1i ; Untyped                                                    ;
; AUTO_CARRY_CHAINS      ; ON          ; AUTO_CARRY                                                 ;
; IGNORE_CARRY_BUFFERS   ; OFF         ; IGNORE_CARRY                                               ;
; AUTO_CASCADE_CHAINS    ; ON          ; AUTO_CASCADE                                               ;
; IGNORE_CASCADE_BUFFERS ; OFF         ; IGNORE_CASCADE                                             ;
+------------------------+-------------+------------------------------------------------------------+
Note: In order to hide this table in the UI and the text report file, please set the "Show Parameter Settings Tables in Synthesis Report" option in "Analysis and Synthesis Settings -> More Settings" to "Off".


+--------------------------------------------------------------------------------------------------+
; Parameter Settings for User Entity Instance: lpm_counter6:inst|lpm_counter:lpm_counter_component ;
+------------------------+-------------+-----------------------------------------------------------+
; Parameter Name         ; Value       ; Type                                                      ;
+------------------------+-------------+-----------------------------------------------------------+
; AUTO_CARRY_CHAINS      ; ON          ; AUTO_CARRY                                                ;
; IGNORE_CARRY_BUFFERS   ; OFF         ; IGNORE_CARRY                                              ;
; AUTO_CASCADE_CHAINS    ; ON          ; AUTO_CASCADE                                              ;
; IGNORE_CASCADE_BUFFERS ; OFF         ; IGNORE_CASCADE                                            ;
; LPM_WIDTH              ; 26          ; Signed Integer                                            ;
; LPM_DIRECTION          ; UP          ; Untyped                                                   ;
; LPM_MODULUS            ; 50000000    ; Signed Integer                                            ;
; LPM_AVALUE             ; UNUSED      ; Untyped                                                   ;
; LPM_SVALUE             ; UNUSED      ; Untyped                                                   ;
; LPM_PORT_UPDOWN        ; PORT_UNUSED ; Untyped                                                   ;
; DEVICE_FAMILY          ; Cyclone     ; Untyped                                                   ;
; CARRY_CHAIN            ; MANUAL      ; Untyped                                                   ;
; CARRY_CHAIN_LENGTH     ; 48          ; CARRY_CHAIN_LENGTH                                        ;
; NOT_GATE_PUSH_BACK     ; ON          ; NOT_GATE_PUSH_BACK                                        ;
; CARRY_CNT_EN           ; SMART       ; Untyped                                                   ;
; LABWIDE_SCLR           ; ON          ; Untyped                                                   ;
; USE_NEW_VERSION        ; TRUE        ; Untyped                                                   ;
; CBXI_PARAMETER         ; cntr_d3j    ; Untyped                                                   ;
+------------------------+-------------+-----------------------------------------------------------+
Note: In order to hide this table in the UI and the text report file, please set the "Show Parameter Settings Tables in Synthesis Report" option in "Analysis and Synthesis Settings -> More Settings" to "Off".


+----------------------------------------------------------------------------------------+
; Parameter Settings for User Entity Instance: lpm_mux2:inst75|LPM_MUX:lpm_mux_component ;
+------------------------+---------+-----------------------------------------------------+
; Parameter Name         ; Value   ; Type                                                ;
+------------------------+---------+-----------------------------------------------------+
; AUTO_CARRY_CHAINS      ; ON      ; AUTO_CARRY                                          ;
; IGNORE_CARRY_BUFFERS   ; OFF     ; IGNORE_CARRY                                        ;
; AUTO_CASCADE_CHAINS    ; ON      ; AUTO_CASCADE                                        ;
; IGNORE_CASCADE_BUFFERS ; OFF     ; IGNORE_CASCADE                                      ;
; LPM_WIDTH              ; 1       ; Signed Integer                                      ;
; LPM_SIZE               ; 8       ; Signed Integer                                      ;
; LPM_WIDTHS             ; 3       ; Signed Integer                                      ;
; LPM_PIPELINE           ; 0       ; Signed Integer                                      ;
; CBXI_PARAMETER         ; mux_mrd ; Untyped                                             ;
; DEVICE_FAMILY          ; Cyclone ; Untyped                                             ;
+------------------------+---------+-----------------------------------------------------+
Note: In order to hide this table in the UI and the text report file, please set the "Show Parameter Settings Tables in Synthesis Report" option in "Analysis and Synthesis Settings -> More Settings" to "Off".


+----------------------------------------------------------------------------------------------------+
; Parameter Settings for User Entity Instance: lpm_compare1:inst79|lpm_compare:lpm_compare_component ;
+------------------------+----------+----------------------------------------------------------------+
; Parameter Name         ; Value    ; Type                                                           ;
+------------------------+----------+----------------------------------------------------------------+
; lpm_width              ; 3        ; Signed Integer                                                 ;
; LPM_REPRESENTATION     ; UNSIGNED ; Untyped                                                        ;
; LPM_PIPELINE           ; 0        ; Untyped                                                        ;
; CHAIN_SIZE             ; 8        ; Untyped                                                        ;
; ONE_INPUT_IS_CONSTANT  ; YES      ; Untyped                                                        ;
; CARRY_CHAIN            ; MANUAL   ; Untyped                                                        ;
; CASCADE_CHAIN          ; MANUAL   ; Untyped                                                        ;
; CARRY_CHAIN_LENGTH     ; 48       ; CARRY_CHAIN_LENGTH                                             ;
; CASCADE_CHAIN_LENGTH   ; 2        ; CASCADE_CHAIN_LENGTH                                           ;
; DEVICE_FAMILY          ; Cyclone  ; Untyped                                                        ;
; CBXI_PARAMETER         ; cmpr_tvi ; Untyped                                                        ;
; AUTO_CARRY_CHAINS      ; ON       ; AUTO_CARRY                                                     ;
; IGNORE_CARRY_BUFFERS   ; OFF      ; IGNORE_CARRY                                                   ;
; AUTO_CASCADE_CHAINS    ; ON       ; AUTO_CASCADE                                                   ;
; IGNORE_CASCADE_BUFFERS ; OFF      ; IGNORE_CASCADE                                                 ;
+------------------------+----------+----------------------------------------------------------------+
Note: In order to hide this table in the UI and the text report file, please set the "Show Parameter Settings Tables in Synthesis Report" option in "Analysis and Synthesis Settings -> More Settings" to "Off".


+----------------------------------------------------------------------------------------------------+
; Parameter Settings for User Entity Instance: lpm_counter3:inst48|lpm_counter:lpm_counter_component ;
+------------------------+-------------+-------------------------------------------------------------+
; Parameter Name         ; Value       ; Type                                                        ;
+------------------------+-------------+-------------------------------------------------------------+
; AUTO_CARRY_CHAINS      ; ON          ; AUTO_CARRY                                                  ;
; IGNORE_CARRY_BUFFERS   ; OFF         ; IGNORE_CARRY                                                ;
; AUTO_CASCADE_CHAINS    ; ON          ; AUTO_CASCADE                                                ;
; IGNORE_CASCADE_BUFFERS ; OFF         ; IGNORE_CASCADE                                              ;
; LPM_WIDTH              ; 3           ; Signed Integer                                              ;
; LPM_DIRECTION          ; UP          ; Untyped                                                     ;
; LPM_MODULUS            ; 6           ; Signed Integer                                              ;
; LPM_AVALUE             ; UNUSED      ; Untyped                                                     ;
; LPM_SVALUE             ; UNUSED      ; Untyped                                                     ;
; LPM_PORT_UPDOWN        ; PORT_UNUSED ; Untyped                                                     ;
; DEVICE_FAMILY          ; Cyclone     ; Untyped                                                     ;
; CARRY_CHAIN            ; MANUAL      ; Untyped                                                     ;
; CARRY_CHAIN_LENGTH     ; 48          ; CARRY_CHAIN_LENGTH                                          ;
; NOT_GATE_PUSH_BACK     ; ON          ; NOT_GATE_PUSH_BACK                                          ;
; CARRY_CNT_EN           ; SMART       ; Untyped                                                     ;
; LABWIDE_SCLR           ; ON          ; Untyped                                                     ;
; USE_NEW_VERSION        ; TRUE        ; Untyped                                                     ;
; CBXI_PARAMETER         ; cntr_kqj    ; Untyped                                                     ;
+------------------------+-------------+-------------------------------------------------------------+
Note: In order to hide this table in the UI and the text report file, please set the "Show Parameter Settings Tables in Synthesis Report" option in "Analysis and Synthesis Settings -> More Settings" to "Off".


+----------------------------------------------------------------------------------------------------+
; Parameter Settings for User Entity Instance: lpm_compare0:inst77|lpm_compare:lpm_compare_component ;
+------------------------+----------+----------------------------------------------------------------+
; Parameter Name         ; Value    ; Type                                                           ;
+------------------------+----------+----------------------------------------------------------------+
; lpm_width              ; 3        ; Signed Integer                                                 ;
; LPM_REPRESENTATION     ; UNSIGNED ; Untyped                                                        ;
; LPM_PIPELINE           ; 0        ; Untyped                                                        ;
; CHAIN_SIZE             ; 8        ; Untyped                                                        ;
; ONE_INPUT_IS_CONSTANT  ; YES      ; Untyped                                                        ;
; CARRY_CHAIN            ; MANUAL   ; Untyped                                                        ;
; CASCADE_CHAIN          ; MANUAL   ; Untyped                                                        ;
; CARRY_CHAIN_LENGTH     ; 48       ; CARRY_CHAIN_LENGTH                                             ;
; CASCADE_CHAIN_LENGTH   ; 2        ; CASCADE_CHAIN_LENGTH                                           ;
; DEVICE_FAMILY          ; Cyclone  ; Untyped                                                        ;
; CBXI_PARAMETER         ; cmpr_tvi ; Untyped                                                        ;
; AUTO_CARRY_CHAINS      ; ON       ; AUTO_CARRY                                                     ;
; IGNORE_CARRY_BUFFERS   ; OFF      ; IGNORE_CARRY                                                   ;
; AUTO_CASCADE_CHAINS    ; ON       ; AUTO_CASCADE                                                   ;
; IGNORE_CASCADE_BUFFERS ; OFF      ; IGNORE_CASCADE                                                 ;
+------------------------+----------+----------------------------------------------------------------+
Note: In order to hide this table in the UI and the text report file, please set the "Show Parameter Settings Tables in Synthesis Report" option in "Analysis and Synthesis Settings -> More Settings" to "Off".


+---------------------------------------------------------------------------------------------------+
; Parameter Settings for User Entity Instance: lpm_counter1:inst8|lpm_counter:lpm_counter_component ;
+------------------------+-------------+------------------------------------------------------------+
; Parameter Name         ; Value       ; Type                                                       ;
+------------------------+-------------+------------------------------------------------------------+
; AUTO_CARRY_CHAINS      ; ON          ; AUTO_CARRY                                                 ;
; IGNORE_CARRY_BUFFERS   ; OFF         ; IGNORE_CARRY                                               ;
; AUTO_CASCADE_CHAINS    ; ON          ; AUTO_CASCADE                                               ;
; IGNORE_CASCADE_BUFFERS ; OFF         ; IGNORE_CASCADE                                             ;
; LPM_WIDTH              ; 3           ; Signed Integer                                             ;
; LPM_DIRECTION          ; UP          ; Untyped                                                    ;
; LPM_MODULUS            ; 6           ; Signed Integer                                             ;
; LPM_AVALUE             ; UNUSED      ; Untyped                                                    ;
; LPM_SVALUE             ; UNUSED      ; Untyped                                                    ;
; LPM_PORT_UPDOWN        ; PORT_UNUSED ; Untyped                                                    ;
; DEVICE_FAMILY          ; Cyclone     ; Untyped                                                    ;
; CARRY_CHAIN            ; MANUAL      ; Untyped                                                    ;
; CARRY_CHAIN_LENGTH     ; 48          ; CARRY_CHAIN_LENGTH                                         ;
; NOT_GATE_PUSH_BACK     ; ON          ; NOT_GATE_PUSH_BACK                                         ;
; CARRY_CNT_EN           ; SMART       ; Untyped                                                    ;
; LABWIDE_SCLR           ; ON          ; Untyped                                                    ;
; USE_NEW_VERSION        ; TRUE        ; Untyped                                                    ;
; CBXI_PARAMETER         ; cntr_kqj    ; Untyped                                                    ;
+------------------------+-------------+------------------------------------------------------------+
Note: In order to hide this table in the UI and the text report file, please set the "Show Parameter Settings Tables in Synthesis Report" option in "Analysis and Synthesis Settings -> More Settings" to "Off".


+------------------------------------------------------------------------------------------------------+
; Parameter Settings for User Entity Instance: lpm_constant0:inst5|lpm_constant:lpm_constant_component ;
+--------------------+------------------+--------------------------------------------------------------+
; Parameter Name     ; Value            ; Type                                                         ;
+--------------------+------------------+--------------------------------------------------------------+
; LPM_WIDTH          ; 3                ; Signed Integer                                               ;
; LPM_CVALUE         ; 7                ; Signed Integer                                               ;
; ENABLE_RUNTIME_MOD ; NO               ; Untyped                                                      ;
; CBXI_PARAMETER     ; lpm_constant_ce6 ; Untyped                                                      ;
+--------------------+------------------+--------------------------------------------------------------+
Note: In order to hide this table in the UI and the text report file, please set the "Show Parameter Settings Tables in Synthesis Report" option in "Analysis and Synthesis Settings -> More Settings" to "Off".


+----------------------------------------------------------------------------------------+
; Parameter Settings for User Entity Instance: lpm_mux0:inst40|LPM_MUX:lpm_mux_component ;
+------------------------+---------+-----------------------------------------------------+
; Parameter Name         ; Value   ; Type                                                ;
+------------------------+---------+-----------------------------------------------------+
; AUTO_CARRY_CHAINS      ; ON      ; AUTO_CARRY                                          ;
; IGNORE_CARRY_BUFFERS   ; OFF     ; IGNORE_CARRY                                        ;
; AUTO_CASCADE_CHAINS    ; ON      ; AUTO_CASCADE                                        ;
; IGNORE_CASCADE_BUFFERS ; OFF     ; IGNORE_CASCADE                                      ;
; LPM_WIDTH              ; 6       ; Signed Integer                                      ;
; LPM_SIZE               ; 8       ; Signed Integer                                      ;
; LPM_WIDTHS             ; 3       ; Signed Integer                                      ;
; LPM_PIPELINE           ; 0       ; Signed Integer                                      ;
; CBXI_PARAMETER         ; mux_rrd ; Untyped                                             ;
; DEVICE_FAMILY          ; Cyclone ; Untyped                                             ;
+------------------------+---------+-----------------------------------------------------+
Note: In order to hide this table in the UI and the text report file, please set the "Show Parameter Settings Tables in Synthesis Report" option in "Analysis and Synthesis Settings -> More Settings" to "Off".


+-------------------------------+
; Analysis & Synthesis Messages ;
+-------------------------------+
Info: *******************************************************************
Info: Running Quartus II Analysis & Synthesis
    Info: Version 9.0 Build 235 06/17/2009 Service Pack 2 SJ Web Edition
    Info: Processing started: Thu Sep 26 11:43:00 2013
Info: Command: quartus_map --read_settings_files=on --write_settings_files=off design2TN -c design2TN
Info: Found 2 design units, including 1 entities, in source file lpm_counter0.vhd
    Info: Found design unit 1: lpm_counter0-SYN
    Info: Found entity 1: lpm_counter0
Info: Found 2 design units, including 1 entities, in source file lpm_counter1.vhd
    Info: Found design unit 1: lpm_counter1-SYN
    Info: Found entity 1: lpm_counter1
Info: Found 1 design units, including 1 entities, in source file design2TN.bdf
    Info: Found entity 1: design2TN
Info: Found 2 design units, including 1 entities, in source file lpm_counter2.vhd
    Info: Found design unit 1: lpm_counter2-SYN
    Info: Found entity 1: lpm_counter2
Info: Found 2 design units, including 1 entities, in source file lpm_bustri0.vhd
    Info: Found design unit 1: lpm_bustri0-SYN
    Info: Found entity 1: lpm_bustri0
Info: Found 2 design units, including 1 entities, in source file lpm_mux0.vhd
    Info: Found design unit 1: lpm_mux0-SYN
    Info: Found entity 1: lpm_mux0
Info: Found 2 design units, including 1 entities, in source file lpm_counter3.vhd
    Info: Found design unit 1: lpm_counter3-SYN
    Info: Found entity 1: lpm_counter3
Info: Found 2 design units, including 1 entities, in source file lpm_counter4.vhd
    Info: Found design unit 1: lpm_counter4-SYN
    Info: Found entity 1: lpm_counter4
Info: Found 2 design units, including 1 entities, in source file lpm_mux1.vhd
    Info: Found design unit 1: lpm_mux1-SYN
    Info: Found entity 1: lpm_mux1
Info: Found 2 design units, including 1 entities, in source file lpm_mux2.vhd
    Info: Found design unit 1: lpm_mux2-SYN
    Info: Found entity 1: lpm_mux2
Info: Found 2 design units, including 1 entities, in source file lpm_compare0.vhd
    Info: Found design unit 1: lpm_compare0-SYN
    Info: Found entity 1: lpm_compare0
Info: Found 2 design units, including 1 entities, in source file lpm_compare1.vhd
    Info: Found design unit 1: lpm_compare1-SYN
    Info: Found entity 1: lpm_compare1
Info: Found 2 design units, including 1 entities, in source file lpm_counter5.vhd
    Info: Found design unit 1: lpm_counter5-SYN
    Info: Found entity 1: lpm_counter5
Info: Found 2 design units, including 1 entities, in source file lpm_constant0.vhd
    Info: Found design unit 1: lpm_constant0-SYN
    Info: Found entity 1: lpm_constant0
Info: Found 1 design units, including 1 entities, in source file LPMCounterwDFF.bdf
    Info: Found entity 1: LPMCounterwDFF
Info: Found 2 design units, including 1 entities, in source file lpm_counter6.vhd
    Info: Found design unit 1: lpm_counter6-SYN
    Info: Found entity 1: lpm_counter6
Info: Found 2 design units, including 1 entities, in source file lpm_add_sub0.vhd
    Info: Found design unit 1: lpm_add_sub0-SYN
    Info: Found entity 1: lpm_add_sub0
Info: Found 2 design units, including 1 entities, in source file lpm_counter7.vhd
    Info: Found design unit 1: lpm_counter7-SYN
    Info: Found entity 1: lpm_counter7
Info: Found 2 design units, including 1 entities, in source file lpm_counter8.vhd
    Info: Found design unit 1: lpm_counter8-SYN
    Info: Found entity 1: lpm_counter8
Info: Found 2 design units, including 1 entities, in source file lpm_counter9.vhd
    Info: Found design unit 1: lpm_counter9-SYN
    Info: Found entity 1: lpm_counter9
Info: Found 2 design units, including 1 entities, in source file lpm_compare2.vhd
    Info: Found design unit 1: lpm_compare2-SYN
    Info: Found entity 1: lpm_compare2
Info: Elaborating entity "design2TN" for the top level hierarchy
Warning: Block or symbol "NOT" of instance "inst7" overlaps another block or symbol
Warning: Block or symbol "NOT" of instance "inst19" overlaps another block or symbol
Warning: Block or symbol "NOT" of instance "inst20" overlaps another block or symbol
Warning: Block or symbol "WIRE" of instance "inst29" overlaps another block or symbol
Warning: Block or symbol "WIRE" of instance "inst31" overlaps another block or symbol
Warning: Block or symbol "DFF" of instance "inst54" overlaps another block or symbol
Warning: Block or symbol "DFF" of instance "inst57" overlaps another block or symbol
Info: Elaborating entity "16dmux" for hierarchy "16dmux:inst68"
Info: Elaborated megafunction instantiation "16dmux:inst68"
Info: Elaborating entity "lpm_counter8" for hierarchy "lpm_counter8:State_Selector"
Info: Elaborating entity "lpm_counter" for hierarchy "lpm_counter8:State_Selector|lpm_counter:lpm_counter_component"
Info: Elaborated megafunction instantiation "lpm_counter8:State_Selector|lpm_counter:lpm_counter_component"
Info: Instantiated megafunction "lpm_counter8:State_Selector|lpm_counter:lpm_counter_component" with the following parameter:
    Info: Parameter "lpm_direction" = "UP"
    Info: Parameter "lpm_modulus" = "4"
    Info: Parameter "lpm_port_updown" = "PORT_UNUSED"
    Info: Parameter "lpm_type" = "LPM_COUNTER"
    Info: Parameter "lpm_width" = "3"
Info: Found 1 design units, including 1 entities, in source file db/cntr_5vk.tdf
    Info: Found entity 1: cntr_5vk
Info: Elaborating entity "cntr_5vk" for hierarchy "lpm_counter8:State_Selector|lpm_counter:lpm_counter_component|cntr_5vk:auto_generated"
Info: Found 1 design units, including 1 entities, in source file db/cmpr_l4c.tdf
    Info: Found entity 1: cmpr_l4c
Info: Elaborating entity "cmpr_l4c" for hierarchy "lpm_counter8:State_Selector|lpm_counter:lpm_counter_component|cntr_5vk:auto_generated|cmpr_l4c:cmpr1"
Info: Elaborating entity "lpm_add_sub0" for hierarchy "lpm_add_sub0:inst3"
Info: Elaborating entity "lpm_add_sub" for hierarchy "lpm_add_sub0:inst3|lpm_add_sub:lpm_add_sub_component"
Info: Elaborated megafunction instantiation "lpm_add_sub0:inst3|lpm_add_sub:lpm_add_sub_component"
Info: Instantiated megafunction "lpm_add_sub0:inst3|lpm_add_sub:lpm_add_sub_component" with the following parameter:
    Info: Parameter "lpm_direction" = "SUB"
    Info: Parameter "lpm_hint" = "ONE_INPUT_IS_CONSTANT=YES,CIN_USED=NO"
    Info: Parameter "lpm_representation" = "UNSIGNED"
    Info: Parameter "lpm_type" = "LPM_ADD_SUB"
    Info: Parameter "lpm_width" = "26"
Info: Elaborating entity "addcore" for hierarchy "lpm_add_sub0:inst3|lpm_add_sub:lpm_add_sub_component|addcore:adder"
Info: Elaborated megafunction instantiation "lpm_add_sub0:inst3|lpm_add_sub:lpm_add_sub_component|addcore:adder", which is child of megafunction instantiation "lpm_add_sub0:inst3|lpm_add_sub:lpm_add_sub_component"
Info: Elaborating entity "a_csnbuffer" for hierarchy "lpm_add_sub0:inst3|lpm_add_sub:lpm_add_sub_component|addcore:adder|a_csnbuffer:oflow_node"
Info: Elaborated megafunction instantiation "lpm_add_sub0:inst3|lpm_add_sub:lpm_add_sub_component|addcore:adder|a_csnbuffer:oflow_node", which is child of megafunction instantiation "lpm_add_sub0:inst3|lpm_add_sub:lpm_add_sub_component"
Info: Elaborating entity "a_csnbuffer" for hierarchy "lpm_add_sub0:inst3|lpm_add_sub:lpm_add_sub_component|addcore:adder|a_csnbuffer:result_node"
Info: Elaborated megafunction instantiation "lpm_add_sub0:inst3|lpm_add_sub:lpm_add_sub_component|addcore:adder|a_csnbuffer:result_node", which is child of megafunction instantiation "lpm_add_sub0:inst3|lpm_add_sub:lpm_add_sub_component"
Info: Elaborating entity "altshift" for hierarchy "lpm_add_sub0:inst3|lpm_add_sub:lpm_add_sub_component|altshift:result_ext_latency_ffs"
Info: Elaborated megafunction instantiation "lpm_add_sub0:inst3|lpm_add_sub:lpm_add_sub_component|altshift:result_ext_latency_ffs", which is child of megafunction instantiation "lpm_add_sub0:inst3|lpm_add_sub:lpm_add_sub_component"
Info: Elaborating entity "altshift" for hierarchy "lpm_add_sub0:inst3|lpm_add_sub:lpm_add_sub_component|altshift:carry_ext_latency_ffs"
Info: Elaborated megafunction instantiation "lpm_add_sub0:inst3|lpm_add_sub:lpm_add_sub_component|altshift:carry_ext_latency_ffs", which is child of megafunction instantiation "lpm_add_sub0:inst3|lpm_add_sub:lpm_add_sub_component"
Info: Elaborating entity "lpm_counter6" for hierarchy "lpm_counter6:inst"
Info: Elaborating entity "lpm_counter" for hierarchy "lpm_counter6:inst|lpm_counter:lpm_counter_component"
Info: Elaborated megafunction instantiation "lpm_counter6:inst|lpm_counter:lpm_counter_component"
Info: Instantiated megafunction "lpm_counter6:inst|lpm_counter:lpm_counter_component" with the following parameter:
    Info: Parameter "lpm_direction" = "UP"
    Info: Parameter "lpm_modulus" = "50000000"
    Info: Parameter "lpm_port_updown" = "PORT_UNUSED"
    Info: Parameter "lpm_type" = "LPM_COUNTER"
    Info: Parameter "lpm_width" = "26"
Info: Found 1 design units, including 1 entities, in source file db/cntr_d3j.tdf
    Info: Found entity 1: cntr_d3j
Info: Elaborating entity "cntr_d3j" for hierarchy "lpm_counter6:inst|lpm_counter:lpm_counter_component|cntr_d3j:auto_generated"
Info: Found 1 design units, including 1 entities, in source file db/cmpr_a6c.tdf
    Info: Found entity 1: cmpr_a6c
Info: Elaborating entity "cmpr_a6c" for hierarchy "lpm_counter6:inst|lpm_counter:lpm_counter_component|cntr_d3j:auto_generated|cmpr_a6c:cmpr1"
Info: Elaborating entity "lpm_mux2" for hierarchy "lpm_mux2:inst75"
Info: Elaborating entity "LPM_MUX" for hierarchy "lpm_mux2:inst75|LPM_MUX:lpm_mux_component"
Info: Elaborated megafunction instantiation "lpm_mux2:inst75|LPM_MUX:lpm_mux_component"
Info: Instantiated megafunction "lpm_mux2:inst75|LPM_MUX:lpm_mux_component" with the following parameter:
    Info: Parameter "LPM_WIDTH" = "1"
    Info: Parameter "LPM_SIZE" = "8"
    Info: Parameter "LPM_WIDTHS" = "3"
    Info: Parameter "LPM_PIPELINE" = "0"
    Info: Parameter "LPM_TYPE" = "LPM_MUX"
    Info: Parameter "LPM_HINT" = "UNUSED"
Info: Found 1 design units, including 1 entities, in source file db/mux_mrd.tdf
    Info: Found entity 1: mux_mrd
Info: Elaborating entity "mux_mrd" for hierarchy "lpm_mux2:inst75|LPM_MUX:lpm_mux_component|mux_mrd:auto_generated"
Info: Elaborating entity "lpm_compare1" for hierarchy "lpm_compare1:inst79"
Info: Elaborating entity "lpm_compare" for hierarchy "lpm_compare1:inst79|lpm_compare:lpm_compare_component"
Info: Elaborated megafunction instantiation "lpm_compare1:inst79|lpm_compare:lpm_compare_component"
Info: Instantiated megafunction "lpm_compare1:inst79|lpm_compare:lpm_compare_component" with the following parameter:
    Info: Parameter "lpm_hint" = "ONE_INPUT_IS_CONSTANT=YES"
    Info: Parameter "lpm_representation" = "UNSIGNED"
    Info: Parameter "lpm_type" = "LPM_COMPARE"
    Info: Parameter "lpm_width" = "3"
Info: Found 1 design units, including 1 entities, in source file db/cmpr_tvi.tdf
    Info: Found entity 1: cmpr_tvi
Info: Elaborating entity "cmpr_tvi" for hierarchy "lpm_compare1:inst79|lpm_compare:lpm_compare_component|cmpr_tvi:auto_generated"
Info: Elaborating entity "lpm_counter3" for hierarchy "lpm_counter3:inst48"
Info: Elaborating entity "lpm_counter" for hierarchy "lpm_counter3:inst48|lpm_counter:lpm_counter_component"
Info: Elaborated megafunction instantiation "lpm_counter3:inst48|lpm_counter:lpm_counter_component"
Info: Instantiated megafunction "lpm_counter3:inst48|lpm_counter:lpm_counter_component" with the following parameter:
    Info: Parameter "lpm_direction" = "UP"
    Info: Parameter "lpm_modulus" = "6"
    Info: Parameter "lpm_port_updown" = "PORT_UNUSED"
    Info: Parameter "lpm_type" = "LPM_COUNTER"
    Info: Parameter "lpm_width" = "3"
Info: Found 1 design units, including 1 entities, in source file db/cntr_kqj.tdf
    Info: Found entity 1: cntr_kqj
Info: Elaborating entity "cntr_kqj" for hierarchy "lpm_counter3:inst48|lpm_counter:lpm_counter_component|cntr_kqj:auto_generated"
Info: Elaborating entity "lpm_compare0" for hierarchy "lpm_compare0:inst77"
Info: Elaborating entity "lpm_counter1" for hierarchy "lpm_counter1:inst8"
Info: Elaborating entity "lpm_constant0" for hierarchy "lpm_constant0:inst5"
Info: Elaborating entity "lpm_constant" for hierarchy "lpm_constant0:inst5|lpm_constant:lpm_constant_component"
Info: Elaborated megafunction instantiation "lpm_constant0:inst5|lpm_constant:lpm_constant_component"
Info: Instantiated megafunction "lpm_constant0:inst5|lpm_constant:lpm_constant_component" with the following parameter:
    Info: Parameter "lpm_cvalue" = "7"
    Info: Parameter "lpm_hint" = "ENABLE_RUNTIME_MOD=NO"
    Info: Parameter "lpm_type" = "LPM_CONSTANT"
    Info: Parameter "lpm_width" = "3"
Info: Elaborating entity "lpm_mux0" for hierarchy "lpm_mux0:inst40"
Info: Elaborating entity "LPM_MUX" for hierarchy "lpm_mux0:inst40|LPM_MUX:lpm_mux_component"
Info: Elaborated megafunction instantiation "lpm_mux0:inst40|LPM_MUX:lpm_mux_component"
Info: Instantiated megafunction "lpm_mux0:inst40|LPM_MUX:lpm_mux_component" with the following parameter:
    Info: Parameter "LPM_WIDTH" = "6"
    Info: Parameter "LPM_SIZE" = "8"
    Info: Parameter "LPM_WIDTHS" = "3"
    Info: Parameter "LPM_PIPELINE" = "0"
    Info: Parameter "LPM_TYPE" = "LPM_MUX"
    Info: Parameter "LPM_HINT" = "UNUSED"
Info: Found 1 design units, including 1 entities, in source file db/mux_rrd.tdf
    Info: Found entity 1: mux_rrd
Info: Elaborating entity "mux_rrd" for hierarchy "lpm_mux0:inst40|LPM_MUX:lpm_mux_component|mux_rrd:auto_generated"
Info: Ignored 1 buffer(s)
    Info: Ignored 1 SOFT buffer(s)
Info: Implemented 116 device resources after synthesis - the final resource count might be different
    Info: Implemented 2 input pins
    Info: Implemented 17 output pins
    Info: Implemented 97 logic cells
Info: Quartus II Analysis & Synthesis was successful. 0 errors, 7 warnings
    Info: Peak virtual memory: 248 megabytes
    Info: Processing ended: Thu Sep 26 11:43:03 2013
    Info: Elapsed time: 00:00:03
    Info: Total CPU time (on all processors): 00:00:02


