Fitter report for design2TN
Thu Sep 26 11:43:04 2013
Quartus II Version 9.0 Build 235 06/17/2009 Service Pack 2 SJ Web Edition


---------------------
; Table of Contents ;
---------------------
  1. Legal Notice
  2. Fitter Summary
  3. Fitter Settings
  4. Parallel Compilation
  5. Pin-Out File
  6. Fitter Resource Usage Summary
  7. Input Pins
  8. Output Pins
  9. I/O Bank Usage
 10. All Package Pins
 11. Output Pin Default Load For Reported TCO
 12. Fitter Resource Utilization by Entity
 13. Delay Chain Summary
 14. Pad To Core Delay Chain Fanout
 15. Control Signals
 16. Global & Other Fast Signals
 17. Non-Global High Fan-Out Signals
 18. Interconnect Usage Summary
 19. LAB Logic Elements
 20. LAB-wide Signals
 21. LAB Signals Sourced
 22. LAB Signals Sourced Out
 23. LAB Distinct Inputs
 24. Fitter Device Options
 25. Estimated Delay Added for Hold Timing
 26. Fitter Messages



----------------
; Legal Notice ;
----------------
Copyright (C) 1991-2009 Altera Corporation
Your use of Altera Corporation's design tools, logic functions 
and other software and tools, and its AMPP partner logic 
functions, and any output files from any of the foregoing 
(including device programming or simulation files), and any 
associated documentation or information are expressly subject 
to the terms and conditions of the Altera Program License 
Subscription Agreement, Altera MegaCore Function License 
Agreement, or other applicable license agreement, including, 
without limitation, that your use is for the sole purpose of 
programming logic devices manufactured by Altera and sold by 
Altera or its authorized distributors.  Please refer to the 
applicable agreement for further details.



+----------------------------------------------------------------------+
; Fitter Summary                                                       ;
+-----------------------+----------------------------------------------+
; Fitter Status         ; Successful - Thu Sep 26 11:43:04 2013        ;
; Quartus II Version    ; 9.0 Build 235 06/17/2009 SP 2 SJ Web Edition ;
; Revision Name         ; design2TN                                    ;
; Top-level Entity Name ; design2TN                                    ;
; Family                ; Cyclone                                      ;
; Device                ; EP1C3T144C8                                  ;
; Timing Models         ; Final                                        ;
; Total logic elements  ; 96 / 2,910 ( 3 % )                           ;
; Total pins            ; 19 / 104 ( 18 % )                            ;
; Total virtual pins    ; 0                                            ;
; Total memory bits     ; 0 / 59,904 ( 0 % )                           ;
; Total PLLs            ; 0 / 1 ( 0 % )                                ;
+-----------------------+----------------------------------------------+


+--------------------------------------------------------------------------------------------------------------------------------------+
; Fitter Settings                                                                                                                      ;
+--------------------------------------------------------------------+--------------------------------+--------------------------------+
; Option                                                             ; Setting                        ; Default Value                  ;
+--------------------------------------------------------------------+--------------------------------+--------------------------------+
; Device                                                             ; EP1C3T144C8                    ;                                ;
; Fit Attempts to Skip                                               ; 0                              ; 0.0                            ;
; Device I/O Standard                                                ; 3.3-V LVTTL                    ;                                ;
; Use smart compilation                                              ; Off                            ; Off                            ;
; Use TimeQuest Timing Analyzer                                      ; Off                            ; Off                            ;
; Router Timing Optimization Level                                   ; Normal                         ; Normal                         ;
; Placement Effort Multiplier                                        ; 1.0                            ; 1.0                            ;
; Router Effort Multiplier                                           ; 1.0                            ; 1.0                            ;
; Optimize Hold Timing                                               ; IO Paths and Minimum TPD Paths ; IO Paths and Minimum TPD Paths ;
; Optimize Multi-Corner Timing                                       ; Off                            ; Off                            ;
; Optimize Timing                                                    ; Normal compilation             ; Normal compilation             ;
; Optimize Timing for ECOs                                           ; Off                            ; Off                            ;
; Regenerate full fit report during ECO compiles                     ; Off                            ; Off                            ;
; Optimize IOC Register Placement for Timing                         ; On                             ; On                             ;
; Limit to One Fitting Attempt                                       ; Off                            ; Off                            ;
; Final Placement Optimizations                                      ; Automatically                  ; Automatically                  ;
; Fitter Aggressive Routability Optimizations                        ; Automatically                  ; Automatically                  ;
; Fitter Initial Placement Seed                                      ; 1                              ; 1                              ;
; Slow Slew Rate                                                     ; Off                            ; Off                            ;
; PCI I/O                                                            ; Off                            ; Off                            ;
; Weak Pull-Up Resistor                                              ; Off                            ; Off                            ;
; Enable Bus-Hold Circuitry                                          ; Off                            ; Off                            ;
; Auto Global Memory Control Signals                                 ; Off                            ; Off                            ;
; Auto Packed Registers                                              ; Auto                           ; Auto                           ;
; Auto Delay Chains                                                  ; On                             ; On                             ;
; Auto Merge PLLs                                                    ; On                             ; On                             ;
; Perform Physical Synthesis for Combinational Logic for Performance ; Off                            ; Off                            ;
; Perform Register Duplication for Performance                       ; Off                            ; Off                            ;
; Perform Register Retiming for Performance                          ; Off                            ; Off                            ;
; Perform Asynchronous Signal Pipelining                             ; Off                            ; Off                            ;
; Fitter Effort                                                      ; Auto Fit                       ; Auto Fit                       ;
; Physical Synthesis Effort Level                                    ; Normal                         ; Normal                         ;
; Logic Cell Insertion - Logic Duplication                           ; Auto                           ; Auto                           ;
; Auto Register Duplication                                          ; Auto                           ; Auto                           ;
; Auto Global Clock                                                  ; On                             ; On                             ;
; Auto Global Register Control Signals                               ; On                             ; On                             ;
; Stop After Congestion Map Generation                               ; Off                            ; Off                            ;
; Save Intermediate Fitting Results                                  ; Off                            ; Off                            ;
; Force Fitter to Avoid Periphery Placement Warnings                 ; Off                            ; Off                            ;
+--------------------------------------------------------------------+--------------------------------+--------------------------------+


Parallel compilation was disabled, but you have multiple processors available. Enable parallel compilation to reduce compilation time.
+-------------------------------------+
; Parallel Compilation                ;
+----------------------------+--------+
; Processors                 ; Number ;
+----------------------------+--------+
; Number detected on machine ; 2      ;
; Maximum allowed            ; 1      ;
+----------------------------+--------+


+--------------+
; Pin-Out File ;
+--------------+
The pin-out file can be found in C:/altera/90sp2/ENGN_3050_Project2/design2TN.pin.


+------------------------------------------------------------------+
; Fitter Resource Usage Summary                                    ;
+---------------------------------------------+--------------------+
; Resource                                    ; Usage              ;
+---------------------------------------------+--------------------+
; Total logic elements                        ; 96 / 2,910 ( 3 % ) ;
;     -- Combinational with no register       ; 53                 ;
;     -- Register only                        ; 1                  ;
;     -- Combinational with a register        ; 42                 ;
;                                             ;                    ;
; Logic element usage by number of LUT inputs ;                    ;
;     -- 4 input functions                    ; 17                 ;
;     -- 3 input functions                    ; 19                 ;
;     -- 2 input functions                    ; 54                 ;
;     -- 1 input functions                    ; 4                  ;
;     -- 0 input functions                    ; 1                  ;
;                                             ;                    ;
; Logic elements by mode                      ;                    ;
;     -- normal mode                          ; 41                 ;
;     -- arithmetic mode                      ; 55                 ;
;     -- qfbk mode                            ; 0                  ;
;     -- register cascade mode                ; 0                  ;
;     -- synchronous clear/load mode          ; 35                 ;
;     -- asynchronous clear/load mode         ; 4                  ;
;                                             ;                    ;
; Total registers                             ; 43 / 3,210 ( 1 % ) ;
; Total LABs                                  ; 13 / 291 ( 4 % )   ;
; Logic elements in carry chains              ; 60                 ;
; User inserted logic elements                ; 0                  ;
; Virtual pins                                ; 0                  ;
; I/O pins                                    ; 19 / 104 ( 18 % )  ;
;     -- Clock pins                           ; 1 / 2 ( 50 % )     ;
; Global signals                              ; 3                  ;
; M4Ks                                        ; 0 / 13 ( 0 % )     ;
; Total memory bits                           ; 0 / 59,904 ( 0 % ) ;
; Total RAM block bits                        ; 0 / 59,904 ( 0 % ) ;
; PLLs                                        ; 0 / 1 ( 0 % )      ;
; Global clocks                               ; 3 / 8 ( 38 % )     ;
; JTAGs                                       ; 0 / 1 ( 0 % )      ;
; ASMI Blocks                                 ; 0 / 1 ( 0 % )      ;
; CRC blocks                                  ; 0 / 1 ( 0 % )      ;
; Average interconnect usage (total/H/V)      ; 1% / 1% / 1%       ;
; Peak interconnect usage (total/H/V)         ; 1% / 1% / 2%       ;
; Maximum fan-out node                        ; ~GND               ;
; Maximum fan-out                             ; 32                 ;
; Highest non-global fan-out signal           ; ~GND               ;
; Highest non-global fan-out                  ; 32                 ;
; Total fan-out                               ; 408                ;
; Average fan-out                             ; 3.49               ;
+---------------------------------------------+--------------------+


+---------------------------------------------------------------------------------------------------------------------------------------------------------------------------------------------------------------------------------------------------------------+
; Input Pins                                                                                                                                                                                                                                                    ;
+---------+-------+----------+--------------+--------------+-------------+-----------------------+--------------------+--------+----------------+---------------+-----------------+----------+--------------+--------------+-------------+----------------------+
; Name    ; Pin # ; I/O Bank ; X coordinate ; Y coordinate ; Cell number ; Combinational Fan-Out ; Registered Fan-Out ; Global ; Input Register ; Power Up High ; PCI I/O Enabled ; Bus Hold ; Weak Pull Up ; I/O Standard ; Termination ; Location assigned by ;
+---------+-------+----------+--------------+--------------+-------------+-----------------------+--------------------+--------+----------------+---------------+-----------------+----------+--------------+--------------+-------------+----------------------+
; RESET_Y ; 67    ; 4        ; 22           ; 0            ; 1           ; 6                     ; 0                  ; yes    ; no             ; no            ; no              ; no       ; Off          ; 3.3-V LVTTL  ; Off         ; User                 ;
; XTAL_Y  ; 92    ; 3        ; 27           ; 8            ; 4           ; 27                    ; 0                  ; yes    ; no             ; no            ; no              ; no       ; Off          ; 3.3-V LVTTL  ; Off         ; User                 ;
+---------+-------+----------+--------------+--------------+-------------+-----------------------+--------------------+--------+----------------+---------------+-----------------+----------+--------------+--------------+-------------+----------------------+


+---------------------------------------------------------------------------------------------------------------------------------------------------------------------------------------------------------------------------------------------------------------------------------------------------------------+
; Output Pins                                                                                                                                                                                                                                                                                                   ;
+------------+-------+----------+--------------+--------------+-------------+-----------------+------------------------+---------------+----------------+-----------------+------------+---------------+----------+--------------+--------------+------------------+-------------+----------------------+-------+
; Name       ; Pin # ; I/O Bank ; X coordinate ; Y coordinate ; Cell number ; Output Register ; Output Enable Register ; Power Up High ; Slow Slew Rate ; PCI I/O Enabled ; Open Drain ; TRI Primitive ; Bus Hold ; Weak Pull Up ; I/O Standard ; Current Strength ; Termination ; Location assigned by ; Load  ;
+------------+-------+----------+--------------+--------------+-------------+-----------------+------------------------+---------------+----------------+-----------------+------------+---------------+----------+--------------+--------------+------------------+-------------+----------------------+-------+
; EWGreen_Z  ; 52    ; 4        ; 12           ; 0            ; 2           ; no              ; no                     ; no            ; no             ; no              ; no         ; no            ; no       ; Off          ; 3.3-V LVTTL  ; 24mA             ; Off         ; User                 ; 10 pF ;
; EWRed_Z    ; 57    ; 4        ; 16           ; 0            ; 0           ; no              ; no                     ; no            ; no             ; no              ; no         ; no            ; no       ; Off          ; 3.3-V LVTTL  ; 24mA             ; Off         ; User                 ; 10 pF ;
; EWYellow_Z ; 55    ; 4        ; 16           ; 0            ; 2           ; no              ; no                     ; no            ; no             ; no              ; no         ; no            ; no       ; Off          ; 3.3-V LVTTL  ; 24mA             ; Off         ; User                 ; 10 pF ;
; NSGreen_Z  ; 42    ; 4        ; 6            ; 0            ; 0           ; no              ; no                     ; no            ; no             ; no              ; no         ; no            ; no       ; Off          ; 3.3-V LVTTL  ; 24mA             ; Off         ; User                 ; 10 pF ;
; NSRed_Z    ; 49    ; 4        ; 8            ; 0            ; 0           ; no              ; no                     ; no            ; no             ; no              ; no         ; no            ; no       ; Off          ; 3.3-V LVTTL  ; 24mA             ; Off         ; User                 ; 10 pF ;
; NSYellow_Z ; 47    ; 4        ; 8            ; 0            ; 2           ; no              ; no                     ; no            ; no             ; no              ; no         ; no            ; no       ; Off          ; 3.3-V LVTTL  ; 24mA             ; Off         ; User                 ; 10 pF ;
; STATE001   ; 53    ; 4        ; 12           ; 0            ; 1           ; no              ; no                     ; no            ; no             ; no              ; no         ; no            ; no       ; Off          ; 3.3-V LVTTL  ; 24mA             ; Off         ; Fitter               ; 10 pF ;
; STATE010   ; 11    ; 1        ; 0            ; 9            ; 0           ; no              ; no                     ; no            ; no             ; no              ; no         ; no            ; no       ; Off          ; 3.3-V LVTTL  ; 24mA             ; Off         ; Fitter               ; 10 pF ;
; STATE011   ; 125   ; 2        ; 16           ; 14           ; 1           ; no              ; no                     ; no            ; no             ; no              ; no         ; no            ; no       ; Off          ; 3.3-V LVTTL  ; 24mA             ; Off         ; Fitter               ; 10 pF ;
; STATE111   ; 27    ; 1        ; 0            ; 4            ; 0           ; no              ; no                     ; no            ; no             ; no              ; no         ; no            ; no       ; Off          ; 3.3-V LVTTL  ; 24mA             ; Off         ; Fitter               ; 10 pF ;
; Sel0       ; 32    ; 1        ; 0            ; 3            ; 1           ; no              ; no                     ; no            ; no             ; no              ; no         ; no            ; no       ; Off          ; 3.3-V LVTTL  ; 24mA             ; Off         ; Fitter               ; 10 pF ;
; Sel1       ; 48    ; 4        ; 8            ; 0            ; 1           ; no              ; no                     ; no            ; no             ; no              ; no         ; no            ; no       ; Off          ; 3.3-V LVTTL  ; 24mA             ; Off         ; Fitter               ; 10 pF ;
; Sel2       ; 76    ; 3        ; 27           ; 2            ; 0           ; no              ; no                     ; no            ; no             ; no              ; no         ; no            ; no       ; Off          ; 3.3-V LVTTL  ; 24mA             ; Off         ; Fitter               ; 10 pF ;
; clock1Hz   ; 83    ; 3        ; 27           ; 5            ; 1           ; no              ; no                     ; no            ; no             ; no              ; no         ; no            ; no       ; Off          ; 3.3-V LVTTL  ; 24mA             ; Off         ; Fitter               ; 10 pF ;
; tc0        ; 7     ; 1        ; 0            ; 10           ; 0           ; no              ; no                     ; no            ; no             ; no              ; no         ; no            ; no       ; Off          ; 3.3-V LVTTL  ; 24mA             ; Off         ; Fitter               ; 10 pF ;
; tc1        ; 33    ; 1        ; 0            ; 2            ; 0           ; no              ; no                     ; no            ; no             ; no              ; no         ; no            ; no       ; Off          ; 3.3-V LVTTL  ; 24mA             ; Off         ; Fitter               ; 10 pF ;
; tc2        ; 96    ; 3        ; 27           ; 8            ; 0           ; no              ; no                     ; no            ; no             ; no              ; no         ; no            ; no       ; Off          ; 3.3-V LVTTL  ; 24mA             ; Off         ; Fitter               ; 10 pF ;
+------------+-------+----------+--------------+--------------+-------------+-----------------+------------------------+---------------+----------------+-----------------+------------+---------------+----------+--------------+--------------+------------------+-------------+----------------------+-------+


+-----------------------------------------------------------+
; I/O Bank Usage                                            ;
+----------+-----------------+---------------+--------------+
; I/O Bank ; Usage           ; VCCIO Voltage ; VREF Voltage ;
+----------+-----------------+---------------+--------------+
; 1        ; 7 / 22 ( 32 % ) ; 3.3V          ; --           ;
; 2        ; 1 / 28 ( 4 % )  ; 3.3V          ; --           ;
; 3        ; 4 / 26 ( 15 % ) ; 3.3V          ; --           ;
; 4        ; 9 / 28 ( 32 % ) ; 3.3V          ; --           ;
+----------+-----------------+---------------+--------------+


+------------------------------------------------------------------------------------------------------------------------------------------------------------------------+
; All Package Pins                                                                                                                                                       ;
+----------+------------+----------+------------------------------------------+--------+--------------+---------+------------+-----------------+----------+--------------+
; Location ; Pad Number ; I/O Bank ; Pin Name/Usage                           ; Dir.   ; I/O Standard ; Voltage ; I/O Type   ; User Assignment ; Bus Hold ; Weak Pull Up ;
+----------+------------+----------+------------------------------------------+--------+--------------+---------+------------+-----------------+----------+--------------+
; 1        ; 0          ; 1        ; RESERVED_INPUT                           ;        ;              ;         ; Row I/O    ;                 ; no       ; Off          ;
; 2        ; 1          ; 1        ; RESERVED_INPUT                           ;        ;              ;         ; Row I/O    ;                 ; no       ; Off          ;
; 3        ; 2          ; 1        ; RESERVED_INPUT                           ;        ;              ;         ; Row I/O    ;                 ; no       ; Off          ;
; 4        ; 3          ; 1        ; RESERVED_INPUT                           ;        ;              ;         ; Row I/O    ;                 ; no       ; Off          ;
; 5        ; 4          ; 1        ; RESERVED_INPUT                           ;        ;              ;         ; Row I/O    ;                 ; no       ; Off          ;
; 6        ; 5          ; 1        ; RESERVED_INPUT                           ;        ;              ;         ; Row I/O    ;                 ; no       ; Off          ;
; 7        ; 6          ; 1        ; tc0                                      ; output ; 3.3-V LVTTL  ;         ; Row I/O    ; N               ; no       ; Off          ;
; 8        ;            ; 1        ; VCCIO1                                   ; power  ;              ; 3.3V    ; --         ;                 ; --       ; --           ;
; 9        ;            ;          ; GND                                      ; gnd    ;              ;         ; --         ;                 ; --       ; --           ;
; 10       ; 7          ; 1        ; RESERVED_INPUT                           ;        ;              ;         ; Row I/O    ;                 ; no       ; Off          ;
; 11       ; 8          ; 1        ; STATE010                                 ; output ; 3.3-V LVTTL  ;         ; Row I/O    ; N               ; no       ; Off          ;
; 12       ; 9          ; 1        ; ~nCSO~ / RESERVED_INPUT_WITH_WEAK_PULLUP ; input  ; 3.3-V LVTTL  ;         ; Row I/O    ; N               ; no       ; On           ;
; 13       ; 10         ; 1        ; ^DATA0                                   ; input  ;              ;         ; --         ;                 ; --       ; --           ;
; 14       ; 11         ; 1        ; ^nCONFIG                                 ;        ;              ;         ; --         ;                 ; --       ; --           ;
; 15       ;            ;          ; VCCA_PLL1                                ; power  ;              ; 1.5V    ; --         ;                 ; --       ; --           ;
; 16       ; 12         ; 1        ; GND+                                     ;        ;              ;         ; Row I/O    ;                 ; --       ; --           ;
; 17       ; 13         ; 1        ; GND+                                     ;        ;              ;         ; Row I/O    ;                 ; --       ; --           ;
; 18       ;            ;          ; GNDA_PLL1                                ; gnd    ;              ;         ; --         ;                 ; --       ; --           ;
; 19       ;            ;          ; GNDG_PLL1                                ; gnd    ;              ;         ; --         ;                 ; --       ; --           ;
; 20       ; 14         ; 1        ; ^nCEO                                    ;        ;              ;         ; --         ;                 ; --       ; --           ;
; 21       ; 15         ; 1        ; ^nCE                                     ;        ;              ;         ; --         ;                 ; --       ; --           ;
; 22       ; 16         ; 1        ; ^MSEL0                                   ;        ;              ;         ; --         ;                 ; --       ; --           ;
; 23       ; 17         ; 1        ; ^MSEL1                                   ;        ;              ;         ; --         ;                 ; --       ; --           ;
; 24       ; 18         ; 1        ; ^DCLK                                    ; bidir  ;              ;         ; --         ;                 ; --       ; --           ;
; 25       ; 19         ; 1        ; ~ASDO~ / RESERVED_INPUT_WITH_WEAK_PULLUP ; input  ; 3.3-V LVTTL  ;         ; Row I/O    ; N               ; no       ; On           ;
; 26       ; 20         ; 1        ; RESERVED_INPUT                           ;        ;              ;         ; Row I/O    ;                 ; no       ; Off          ;
; 27       ; 21         ; 1        ; STATE111                                 ; output ; 3.3-V LVTTL  ;         ; Row I/O    ; N               ; no       ; Off          ;
; 28       ; 22         ; 1        ; RESERVED_INPUT                           ;        ;              ;         ; Row I/O    ;                 ; no       ; Off          ;
; 29       ;            ; 1        ; VCCIO1                                   ; power  ;              ; 3.3V    ; --         ;                 ; --       ; --           ;
; 30       ;            ;          ; GND                                      ; gnd    ;              ;         ; --         ;                 ; --       ; --           ;
; 31       ; 23         ; 1        ; RESERVED_INPUT                           ;        ;              ;         ; Row I/O    ;                 ; no       ; Off          ;
; 32       ; 24         ; 1        ; Sel0                                     ; output ; 3.3-V LVTTL  ;         ; Row I/O    ; N               ; no       ; Off          ;
; 33       ; 25         ; 1        ; tc1                                      ; output ; 3.3-V LVTTL  ;         ; Row I/O    ; N               ; no       ; Off          ;
; 34       ; 26         ; 1        ; RESERVED_INPUT                           ;        ;              ;         ; Row I/O    ;                 ; no       ; Off          ;
; 35       ; 27         ; 1        ; RESERVED_INPUT                           ;        ;              ;         ; Row I/O    ;                 ; no       ; Off          ;
; 36       ; 28         ; 1        ; RESERVED_INPUT                           ;        ;              ;         ; Row I/O    ;                 ; no       ; Off          ;
; 37       ; 29         ; 4        ; RESERVED_INPUT                           ;        ;              ;         ; Column I/O ;                 ; no       ; Off          ;
; 38       ; 30         ; 4        ; RESERVED_INPUT                           ;        ;              ;         ; Column I/O ;                 ; no       ; Off          ;
; 39       ; 31         ; 4        ; RESERVED_INPUT                           ;        ;              ;         ; Column I/O ;                 ; no       ; Off          ;
; 40       ; 32         ; 4        ; RESERVED_INPUT                           ;        ;              ;         ; Column I/O ;                 ; no       ; Off          ;
; 41       ; 33         ; 4        ; RESERVED_INPUT                           ;        ;              ;         ; Column I/O ;                 ; no       ; Off          ;
; 42       ; 34         ; 4        ; NSGreen_Z                                ; output ; 3.3-V LVTTL  ;         ; Column I/O ; Y               ; no       ; Off          ;
; 43       ;            ;          ; GND                                      ; gnd    ;              ;         ; --         ;                 ; --       ; --           ;
; 44       ;            ; 4        ; VCCIO4                                   ; power  ;              ; 3.3V    ; --         ;                 ; --       ; --           ;
; 45       ;            ;          ; GND                                      ; gnd    ;              ;         ; --         ;                 ; --       ; --           ;
; 46       ;            ;          ; VCCINT                                   ; power  ;              ; 1.5V    ; --         ;                 ; --       ; --           ;
; 47       ; 35         ; 4        ; NSYellow_Z                               ; output ; 3.3-V LVTTL  ;         ; Column I/O ; Y               ; no       ; Off          ;
; 48       ; 36         ; 4        ; Sel1                                     ; output ; 3.3-V LVTTL  ;         ; Column I/O ; N               ; no       ; Off          ;
; 49       ; 37         ; 4        ; NSRed_Z                                  ; output ; 3.3-V LVTTL  ;         ; Column I/O ; Y               ; no       ; Off          ;
; 50       ; 38         ; 4        ; RESERVED_INPUT                           ;        ;              ;         ; Column I/O ;                 ; no       ; Off          ;
; 51       ; 39         ; 4        ; RESERVED_INPUT                           ;        ;              ;         ; Column I/O ;                 ; no       ; Off          ;
; 52       ; 40         ; 4        ; EWGreen_Z                                ; output ; 3.3-V LVTTL  ;         ; Column I/O ; Y               ; no       ; Off          ;
; 53       ; 41         ; 4        ; STATE001                                 ; output ; 3.3-V LVTTL  ;         ; Column I/O ; N               ; no       ; Off          ;
; 54       ; 42         ; 4        ; RESERVED_INPUT                           ;        ;              ;         ; Column I/O ;                 ; no       ; Off          ;
; 55       ; 43         ; 4        ; EWYellow_Z                               ; output ; 3.3-V LVTTL  ;         ; Column I/O ; Y               ; no       ; Off          ;
; 56       ; 44         ; 4        ; RESERVED_INPUT                           ;        ;              ;         ; Column I/O ;                 ; no       ; Off          ;
; 57       ; 45         ; 4        ; EWRed_Z                                  ; output ; 3.3-V LVTTL  ;         ; Column I/O ; Y               ; no       ; Off          ;
; 58       ; 46         ; 4        ; RESERVED_INPUT                           ;        ;              ;         ; Column I/O ;                 ; no       ; Off          ;
; 59       ; 47         ; 4        ; RESERVED_INPUT                           ;        ;              ;         ; Column I/O ;                 ; no       ; Off          ;
; 60       ; 48         ; 4        ; RESERVED_INPUT                           ;        ;              ;         ; Column I/O ;                 ; no       ; Off          ;
; 61       ; 49         ; 4        ; RESERVED_INPUT                           ;        ;              ;         ; Column I/O ;                 ; no       ; Off          ;
; 62       ; 50         ; 4        ; RESERVED_INPUT                           ;        ;              ;         ; Column I/O ;                 ; no       ; Off          ;
; 63       ;            ;          ; GND                                      ; gnd    ;              ;         ; --         ;                 ; --       ; --           ;
; 64       ;            ;          ; VCCINT                                   ; power  ;              ; 1.5V    ; --         ;                 ; --       ; --           ;
; 65       ;            ;          ; GND                                      ; gnd    ;              ;         ; --         ;                 ; --       ; --           ;
; 66       ;            ; 4        ; VCCIO4                                   ; power  ;              ; 3.3V    ; --         ;                 ; --       ; --           ;
; 67       ; 51         ; 4        ; RESET_Y                                  ; input  ; 3.3-V LVTTL  ;         ; Column I/O ; Y               ; no       ; Off          ;
; 68       ; 52         ; 4        ; RESERVED_INPUT                           ;        ;              ;         ; Column I/O ;                 ; no       ; Off          ;
; 69       ; 53         ; 4        ; RESERVED_INPUT                           ;        ;              ;         ; Column I/O ;                 ; no       ; Off          ;
; 70       ; 54         ; 4        ; RESERVED_INPUT                           ;        ;              ;         ; Column I/O ;                 ; no       ; Off          ;
; 71       ; 55         ; 4        ; RESERVED_INPUT                           ;        ;              ;         ; Column I/O ;                 ; no       ; Off          ;
; 72       ; 56         ; 4        ; RESERVED_INPUT                           ;        ;              ;         ; Column I/O ;                 ; no       ; Off          ;
; 73       ; 57         ; 3        ; RESERVED_INPUT                           ;        ;              ;         ; Row I/O    ;                 ; no       ; Off          ;
; 74       ; 58         ; 3        ; RESERVED_INPUT                           ;        ;              ;         ; Row I/O    ;                 ; no       ; Off          ;
; 75       ; 59         ; 3        ; RESERVED_INPUT                           ;        ;              ;         ; Row I/O    ;                 ; no       ; Off          ;
; 76       ; 60         ; 3        ; Sel2                                     ; output ; 3.3-V LVTTL  ;         ; Row I/O    ; N               ; no       ; Off          ;
; 77       ; 61         ; 3        ; RESERVED_INPUT                           ;        ;              ;         ; Row I/O    ;                 ; no       ; Off          ;
; 78       ; 62         ; 3        ; RESERVED_INPUT                           ;        ;              ;         ; Row I/O    ;                 ; no       ; Off          ;
; 79       ; 63         ; 3        ; RESERVED_INPUT                           ;        ;              ;         ; Row I/O    ;                 ; no       ; Off          ;
; 80       ;            ;          ; GND                                      ; gnd    ;              ;         ; --         ;                 ; --       ; --           ;
; 81       ;            ; 3        ; VCCIO3                                   ; power  ;              ; 3.3V    ; --         ;                 ; --       ; --           ;
; 82       ; 64         ; 3        ; RESERVED_INPUT                           ;        ;              ;         ; Row I/O    ;                 ; no       ; Off          ;
; 83       ; 65         ; 3        ; clock1Hz                                 ; output ; 3.3-V LVTTL  ;         ; Row I/O    ; N               ; no       ; Off          ;
; 84       ; 66         ; 3        ; RESERVED_INPUT                           ;        ;              ;         ; Row I/O    ;                 ; no       ; Off          ;
; 85       ; 67         ; 3        ; RESERVED_INPUT                           ;        ;              ;         ; Row I/O    ;                 ; no       ; Off          ;
; 86       ; 68         ; 3        ; ^CONF_DONE                               ;        ;              ;         ; --         ;                 ; --       ; --           ;
; 87       ; 69         ; 3        ; ^nSTATUS                                 ;        ;              ;         ; --         ;                 ; --       ; --           ;
; 88       ; 70         ; 3        ; #TCK                                     ; input  ;              ;         ; --         ;                 ; --       ; --           ;
; 89       ; 71         ; 3        ; #TMS                                     ; input  ;              ;         ; --         ;                 ; --       ; --           ;
; 90       ; 72         ; 3        ; #TDO                                     ; output ;              ;         ; --         ;                 ; --       ; --           ;
; 91       ; 73         ; 3        ; RESERVED_INPUT                           ;        ;              ;         ; Row I/O    ;                 ; no       ; Off          ;
; 92       ; 74         ; 3        ; XTAL_Y                                   ; input  ; 3.3-V LVTTL  ;         ; Row I/O    ; Y               ; no       ; Off          ;
; 93       ; 75         ; 3        ; GND+                                     ;        ;              ;         ; Row I/O    ;                 ; --       ; --           ;
; 94       ; 76         ; 3        ; RESERVED_INPUT                           ;        ;              ;         ; Row I/O    ;                 ; no       ; Off          ;
; 95       ; 77         ; 3        ; #TDI                                     ; input  ;              ;         ; --         ;                 ; --       ; --           ;
; 96       ; 78         ; 3        ; tc2                                      ; output ; 3.3-V LVTTL  ;         ; Row I/O    ; N               ; no       ; Off          ;
; 97       ; 79         ; 3        ; RESERVED_INPUT                           ;        ;              ;         ; Row I/O    ;                 ; no       ; Off          ;
; 98       ; 80         ; 3        ; RESERVED_INPUT                           ;        ;              ;         ; Row I/O    ;                 ; no       ; Off          ;
; 99       ; 81         ; 3        ; RESERVED_INPUT                           ;        ;              ;         ; Row I/O    ;                 ; no       ; Off          ;
; 100      ; 82         ; 3        ; RESERVED_INPUT                           ;        ;              ;         ; Row I/O    ;                 ; no       ; Off          ;
; 101      ;            ;          ; GND                                      ; gnd    ;              ;         ; --         ;                 ; --       ; --           ;
; 102      ;            ; 3        ; VCCIO3                                   ; power  ;              ; 3.3V    ; --         ;                 ; --       ; --           ;
; 103      ; 83         ; 3        ; RESERVED_INPUT                           ;        ;              ;         ; Row I/O    ;                 ; no       ; Off          ;
; 104      ; 84         ; 3        ; RESERVED_INPUT                           ;        ;              ;         ; Row I/O    ;                 ; no       ; Off          ;
; 105      ; 85         ; 3        ; RESERVED_INPUT                           ;        ;              ;         ; Row I/O    ;                 ; no       ; Off          ;
; 106      ; 86         ; 3        ; RESERVED_INPUT                           ;        ;              ;         ; Row I/O    ;                 ; no       ; Off          ;
; 107      ; 87         ; 3        ; RESERVED_INPUT                           ;        ;              ;         ; Row I/O    ;                 ; no       ; Off          ;
; 108      ; 88         ; 3        ; RESERVED_INPUT                           ;        ;              ;         ; Row I/O    ;                 ; no       ; Off          ;
; 109      ; 89         ; 2        ; RESERVED_INPUT                           ;        ;              ;         ; Column I/O ;                 ; no       ; Off          ;
; 110      ; 90         ; 2        ; RESERVED_INPUT                           ;        ;              ;         ; Column I/O ;                 ; no       ; Off          ;
; 111      ; 91         ; 2        ; RESERVED_INPUT                           ;        ;              ;         ; Column I/O ;                 ; no       ; Off          ;
; 112      ; 92         ; 2        ; RESERVED_INPUT                           ;        ;              ;         ; Column I/O ;                 ; no       ; Off          ;
; 113      ; 93         ; 2        ; RESERVED_INPUT                           ;        ;              ;         ; Column I/O ;                 ; no       ; Off          ;
; 114      ; 94         ; 2        ; RESERVED_INPUT                           ;        ;              ;         ; Column I/O ;                 ; no       ; Off          ;
; 115      ;            ; 2        ; VCCIO2                                   ; power  ;              ; 3.3V    ; --         ;                 ; --       ; --           ;
; 116      ;            ;          ; GND                                      ; gnd    ;              ;         ; --         ;                 ; --       ; --           ;
; 117      ;            ;          ; VCCINT                                   ; power  ;              ; 1.5V    ; --         ;                 ; --       ; --           ;
; 118      ;            ;          ; GND                                      ; gnd    ;              ;         ; --         ;                 ; --       ; --           ;
; 119      ; 95         ; 2        ; RESERVED_INPUT                           ;        ;              ;         ; Column I/O ;                 ; no       ; Off          ;
; 120      ; 96         ; 2        ; RESERVED_INPUT                           ;        ;              ;         ; Column I/O ;                 ; no       ; Off          ;
; 121      ; 97         ; 2        ; RESERVED_INPUT                           ;        ;              ;         ; Column I/O ;                 ; no       ; Off          ;
; 122      ; 98         ; 2        ; RESERVED_INPUT                           ;        ;              ;         ; Column I/O ;                 ; no       ; Off          ;
; 123      ; 99         ; 2        ; RESERVED_INPUT                           ;        ;              ;         ; Column I/O ;                 ; no       ; Off          ;
; 124      ; 100        ; 2        ; RESERVED_INPUT                           ;        ;              ;         ; Column I/O ;                 ; no       ; Off          ;
; 125      ; 101        ; 2        ; STATE011                                 ; output ; 3.3-V LVTTL  ;         ; Column I/O ; N               ; no       ; Off          ;
; 126      ; 102        ; 2        ; RESERVED_INPUT                           ;        ;              ;         ; Column I/O ;                 ; no       ; Off          ;
; 127      ; 103        ; 2        ; RESERVED_INPUT                           ;        ;              ;         ; Column I/O ;                 ; no       ; Off          ;
; 128      ; 104        ; 2        ; RESERVED_INPUT                           ;        ;              ;         ; Column I/O ;                 ; no       ; Off          ;
; 129      ; 105        ; 2        ; RESERVED_INPUT                           ;        ;              ;         ; Column I/O ;                 ; no       ; Off          ;
; 130      ; 106        ; 2        ; RESERVED_INPUT                           ;        ;              ;         ; Column I/O ;                 ; no       ; Off          ;
; 131      ; 107        ; 2        ; RESERVED_INPUT                           ;        ;              ;         ; Column I/O ;                 ; no       ; Off          ;
; 132      ; 108        ; 2        ; RESERVED_INPUT                           ;        ;              ;         ; Column I/O ;                 ; no       ; Off          ;
; 133      ; 109        ; 2        ; RESERVED_INPUT                           ;        ;              ;         ; Column I/O ;                 ; no       ; Off          ;
; 134      ; 110        ; 2        ; RESERVED_INPUT                           ;        ;              ;         ; Column I/O ;                 ; no       ; Off          ;
; 135      ;            ;          ; VCCINT                                   ; power  ;              ; 1.5V    ; --         ;                 ; --       ; --           ;
; 136      ;            ;          ; GND                                      ; gnd    ;              ;         ; --         ;                 ; --       ; --           ;
; 137      ;            ; 2        ; VCCIO2                                   ; power  ;              ; 3.3V    ; --         ;                 ; --       ; --           ;
; 138      ;            ;          ; GND                                      ; gnd    ;              ;         ; --         ;                 ; --       ; --           ;
; 139      ; 111        ; 2        ; RESERVED_INPUT                           ;        ;              ;         ; Column I/O ;                 ; no       ; Off          ;
; 140      ; 112        ; 2        ; RESERVED_INPUT                           ;        ;              ;         ; Column I/O ;                 ; no       ; Off          ;
; 141      ; 113        ; 2        ; RESERVED_INPUT                           ;        ;              ;         ; Column I/O ;                 ; no       ; Off          ;
; 142      ; 114        ; 2        ; RESERVED_INPUT                           ;        ;              ;         ; Column I/O ;                 ; no       ; Off          ;
; 143      ; 115        ; 2        ; RESERVED_INPUT                           ;        ;              ;         ; Column I/O ;                 ; no       ; Off          ;
; 144      ; 116        ; 2        ; RESERVED_INPUT                           ;        ;              ;         ; Column I/O ;                 ; no       ; Off          ;
+----------+------------+----------+------------------------------------------+--------+--------------+---------+------------+-----------------+----------+--------------+
Note: Pin directions (input, output or bidir) are based on device operating in user mode.


+------------------------------------------------------------------+
; Output Pin Default Load For Reported TCO                         ;
+---------------------+-------+------------------------------------+
; I/O Standard        ; Load  ; Termination Resistance             ;
+---------------------+-------+------------------------------------+
; 3.3-V LVTTL         ; 10 pF ; Not Available                      ;
; 3.3-V LVCMOS        ; 10 pF ; Not Available                      ;
; 2.5 V               ; 10 pF ; Not Available                      ;
; 1.8 V               ; 10 pF ; Not Available                      ;
; 1.5 V               ; 10 pF ; Not Available                      ;
; SSTL-3 Class I      ; 30 pF ; 50 Ohm (Parallel), 25 Ohm (Serial) ;
; SSTL-3 Class II     ; 30 pF ; 25 Ohm (Parallel), 25 Ohm (Serial) ;
; SSTL-2 Class I      ; 30 pF ; 50 Ohm (Parallel), 25 Ohm (Serial) ;
; SSTL-2 Class II     ; 30 pF ; 25 Ohm (Parallel), 25 Ohm (Serial) ;
; Differential SSTL-2 ; 10 pF ; (See SSTL-2)                       ;
; LVDS                ; 4 pF  ; 100 Ohm (Differential)             ;
; RSDS                ; 10 pF ; 100 Ohm (Differential)             ;
+---------------------+-------+------------------------------------+
Note: User assignments will override these defaults. The user specified values are listed in the Output Pins and Bidir Pins tables.


+-----------------------------------------------------------------------------------------------------------------------------------------------------------------------------------------------------------------------------------------------------------------------------------------------------------------------------------------+
; Fitter Resource Utilization by Entity                                                                                                                                                                                                                                                                                                   ;
+-------------------------------------------+-------------+--------------+-------------+------+------+--------------+--------------+-------------------+------------------+-----------------+------------+-----------------------------------------------------------------------------------------------------------------+--------------+
; Compilation Hierarchy Node                ; Logic Cells ; LC Registers ; Memory Bits ; M4Ks ; Pins ; Virtual Pins ; LUT-Only LCs ; Register-Only LCs ; LUT/Register LCs ; Carry Chain LCs ; Packed LCs ; Full Hierarchy Name                                                                                             ; Library Name ;
+-------------------------------------------+-------------+--------------+-------------+------+------+--------------+--------------+-------------------+------------------+-----------------+------------+-----------------------------------------------------------------------------------------------------------------+--------------+
; |design2TN                                ; 96 (33)     ; 43           ; 0           ; 0    ; 19   ; 0            ; 53 (25)      ; 1 (1)             ; 42 (7)           ; 60 (21)         ; 0 (0)      ; |design2TN                                                                                                      ; work         ;
;    |16dmux:inst68|                        ; 2 (2)       ; 0            ; 0           ; 0    ; 0    ; 0            ; 2 (2)        ; 0 (0)             ; 0 (0)            ; 0 (0)           ; 0 (0)      ; |design2TN|16dmux:inst68                                                                                        ; work         ;
;    |lpm_compare0:inst77|                  ; 1 (0)       ; 0            ; 0           ; 0    ; 0    ; 0            ; 1 (0)        ; 0 (0)             ; 0 (0)            ; 0 (0)           ; 0 (0)      ; |design2TN|lpm_compare0:inst77                                                                                  ; work         ;
;       |lpm_compare:lpm_compare_component| ; 1 (0)       ; 0            ; 0           ; 0    ; 0    ; 0            ; 1 (0)        ; 0 (0)             ; 0 (0)            ; 0 (0)           ; 0 (0)      ; |design2TN|lpm_compare0:inst77|lpm_compare:lpm_compare_component                                                ; work         ;
;          |cmpr_tvi:auto_generated|        ; 1 (1)       ; 0            ; 0           ; 0    ; 0    ; 0            ; 1 (1)        ; 0 (0)             ; 0 (0)            ; 0 (0)           ; 0 (0)      ; |design2TN|lpm_compare0:inst77|lpm_compare:lpm_compare_component|cmpr_tvi:auto_generated                        ; work         ;
;    |lpm_compare1:inst79|                  ; 1 (0)       ; 0            ; 0           ; 0    ; 0    ; 0            ; 1 (0)        ; 0 (0)             ; 0 (0)            ; 0 (0)           ; 0 (0)      ; |design2TN|lpm_compare1:inst79                                                                                  ; work         ;
;       |lpm_compare:lpm_compare_component| ; 1 (0)       ; 0            ; 0           ; 0    ; 0    ; 0            ; 1 (0)        ; 0 (0)             ; 0 (0)            ; 0 (0)           ; 0 (0)      ; |design2TN|lpm_compare1:inst79|lpm_compare:lpm_compare_component                                                ; work         ;
;          |cmpr_tvi:auto_generated|        ; 1 (1)       ; 0            ; 0           ; 0    ; 0    ; 0            ; 1 (1)        ; 0 (0)             ; 0 (0)            ; 0 (0)           ; 0 (0)      ; |design2TN|lpm_compare1:inst79|lpm_compare:lpm_compare_component|cmpr_tvi:auto_generated                        ; work         ;
;    |lpm_counter1:inst8|                   ; 6 (0)       ; 3            ; 0           ; 0    ; 0    ; 0            ; 3 (0)        ; 0 (0)             ; 3 (0)            ; 4 (0)           ; 0 (0)      ; |design2TN|lpm_counter1:inst8                                                                                   ; work         ;
;       |lpm_counter:lpm_counter_component| ; 6 (0)       ; 3            ; 0           ; 0    ; 0    ; 0            ; 3 (0)        ; 0 (0)             ; 3 (0)            ; 4 (0)           ; 0 (0)      ; |design2TN|lpm_counter1:inst8|lpm_counter:lpm_counter_component                                                 ; work         ;
;          |cntr_kqj:auto_generated|        ; 6 (5)       ; 3            ; 0           ; 0    ; 0    ; 0            ; 3 (2)        ; 0 (0)             ; 3 (3)            ; 4 (4)           ; 0 (0)      ; |design2TN|lpm_counter1:inst8|lpm_counter:lpm_counter_component|cntr_kqj:auto_generated                         ; work         ;
;             |cmpr_l4c:cmpr1|              ; 1 (1)       ; 0            ; 0           ; 0    ; 0    ; 0            ; 1 (1)        ; 0 (0)             ; 0 (0)            ; 0 (0)           ; 0 (0)      ; |design2TN|lpm_counter1:inst8|lpm_counter:lpm_counter_component|cntr_kqj:auto_generated|cmpr_l4c:cmpr1          ; work         ;
;    |lpm_counter3:inst48|                  ; 6 (0)       ; 3            ; 0           ; 0    ; 0    ; 0            ; 3 (0)        ; 0 (0)             ; 3 (0)            ; 4 (0)           ; 0 (0)      ; |design2TN|lpm_counter3:inst48                                                                                  ; work         ;
;       |lpm_counter:lpm_counter_component| ; 6 (0)       ; 3            ; 0           ; 0    ; 0    ; 0            ; 3 (0)        ; 0 (0)             ; 3 (0)            ; 4 (0)           ; 0 (0)      ; |design2TN|lpm_counter3:inst48|lpm_counter:lpm_counter_component                                                ; work         ;
;          |cntr_kqj:auto_generated|        ; 6 (5)       ; 3            ; 0           ; 0    ; 0    ; 0            ; 3 (2)        ; 0 (0)             ; 3 (3)            ; 4 (4)           ; 0 (0)      ; |design2TN|lpm_counter3:inst48|lpm_counter:lpm_counter_component|cntr_kqj:auto_generated                        ; work         ;
;             |cmpr_l4c:cmpr1|              ; 1 (1)       ; 0            ; 0           ; 0    ; 0    ; 0            ; 1 (1)        ; 0 (0)             ; 0 (0)            ; 0 (0)           ; 0 (0)      ; |design2TN|lpm_counter3:inst48|lpm_counter:lpm_counter_component|cntr_kqj:auto_generated|cmpr_l4c:cmpr1         ; work         ;
;    |lpm_counter6:inst|                    ; 36 (0)      ; 26           ; 0           ; 0    ; 0    ; 0            ; 10 (0)       ; 0 (0)             ; 26 (0)           ; 27 (0)          ; 0 (0)      ; |design2TN|lpm_counter6:inst                                                                                    ; work         ;
;       |lpm_counter:lpm_counter_component| ; 36 (0)      ; 26           ; 0           ; 0    ; 0    ; 0            ; 10 (0)       ; 0 (0)             ; 26 (0)           ; 27 (0)          ; 0 (0)      ; |design2TN|lpm_counter6:inst|lpm_counter:lpm_counter_component                                                  ; work         ;
;          |cntr_d3j:auto_generated|        ; 36 (27)     ; 26           ; 0           ; 0    ; 0    ; 0            ; 10 (1)       ; 0 (0)             ; 26 (26)          ; 27 (27)         ; 0 (0)      ; |design2TN|lpm_counter6:inst|lpm_counter:lpm_counter_component|cntr_d3j:auto_generated                          ; work         ;
;             |cmpr_a6c:cmpr1|              ; 9 (9)       ; 0            ; 0           ; 0    ; 0    ; 0            ; 9 (9)        ; 0 (0)             ; 0 (0)            ; 0 (0)           ; 0 (0)      ; |design2TN|lpm_counter6:inst|lpm_counter:lpm_counter_component|cntr_d3j:auto_generated|cmpr_a6c:cmpr1           ; work         ;
;    |lpm_counter8:State_Selector|          ; 5 (0)       ; 3            ; 0           ; 0    ; 0    ; 0            ; 2 (0)        ; 0 (0)             ; 3 (0)            ; 4 (0)           ; 0 (0)      ; |design2TN|lpm_counter8:State_Selector                                                                          ; work         ;
;       |lpm_counter:lpm_counter_component| ; 5 (0)       ; 3            ; 0           ; 0    ; 0    ; 0            ; 2 (0)        ; 0 (0)             ; 3 (0)            ; 4 (0)           ; 0 (0)      ; |design2TN|lpm_counter8:State_Selector|lpm_counter:lpm_counter_component                                        ; work         ;
;          |cntr_5vk:auto_generated|        ; 5 (4)       ; 3            ; 0           ; 0    ; 0    ; 0            ; 2 (1)        ; 0 (0)             ; 3 (3)            ; 4 (4)           ; 0 (0)      ; |design2TN|lpm_counter8:State_Selector|lpm_counter:lpm_counter_component|cntr_5vk:auto_generated                ; work         ;
;             |cmpr_l4c:cmpr1|              ; 1 (1)       ; 0            ; 0           ; 0    ; 0    ; 0            ; 1 (1)        ; 0 (0)             ; 0 (0)            ; 0 (0)           ; 0 (0)      ; |design2TN|lpm_counter8:State_Selector|lpm_counter:lpm_counter_component|cntr_5vk:auto_generated|cmpr_l4c:cmpr1 ; work         ;
;    |lpm_mux0:inst40|                      ; 4 (0)       ; 0            ; 0           ; 0    ; 0    ; 0            ; 4 (0)        ; 0 (0)             ; 0 (0)            ; 0 (0)           ; 0 (0)      ; |design2TN|lpm_mux0:inst40                                                                                      ; work         ;
;       |lpm_mux:lpm_mux_component|         ; 4 (0)       ; 0            ; 0           ; 0    ; 0    ; 0            ; 4 (0)        ; 0 (0)             ; 0 (0)            ; 0 (0)           ; 0 (0)      ; |design2TN|lpm_mux0:inst40|lpm_mux:lpm_mux_component                                                            ; work         ;
;          |mux_rrd:auto_generated|         ; 4 (4)       ; 0            ; 0           ; 0    ; 0    ; 0            ; 4 (4)        ; 0 (0)             ; 0 (0)            ; 0 (0)           ; 0 (0)      ; |design2TN|lpm_mux0:inst40|lpm_mux:lpm_mux_component|mux_rrd:auto_generated                                     ; work         ;
;    |lpm_mux2:inst75|                      ; 2 (0)       ; 0            ; 0           ; 0    ; 0    ; 0            ; 2 (0)        ; 0 (0)             ; 0 (0)            ; 0 (0)           ; 0 (0)      ; |design2TN|lpm_mux2:inst75                                                                                      ; work         ;
;       |lpm_mux:lpm_mux_component|         ; 2 (0)       ; 0            ; 0           ; 0    ; 0    ; 0            ; 2 (0)        ; 0 (0)             ; 0 (0)            ; 0 (0)           ; 0 (0)      ; |design2TN|lpm_mux2:inst75|lpm_mux:lpm_mux_component                                                            ; work         ;
;          |mux_mrd:auto_generated|         ; 2 (2)       ; 0            ; 0           ; 0    ; 0    ; 0            ; 2 (2)        ; 0 (0)             ; 0 (0)            ; 0 (0)           ; 0 (0)      ; |design2TN|lpm_mux2:inst75|lpm_mux:lpm_mux_component|mux_mrd:auto_generated                                     ; work         ;
+-------------------------------------------+-------------+--------------+-------------+------+------+--------------+--------------+-------------------+------------------+-----------------+------------+-----------------------------------------------------------------------------------------------------------------+--------------+
Note: For table entries with two numbers listed, the numbers in parentheses indicate the number of resources of the given type used by the specific entity alone. The numbers listed outside of parentheses indicate the total resources of the given type used by the specific entity and all of its sub-entities in the hierarchy.


+-------------------------------------------------------------------------------------+
; Delay Chain Summary                                                                 ;
+------------+----------+---------------+---------------+-----------------------+-----+
; Name       ; Pin Type ; Pad to Core 0 ; Pad to Core 1 ; Pad to Input Register ; TCO ;
+------------+----------+---------------+---------------+-----------------------+-----+
; RESET_Y    ; Input    ; OFF           ; ON            ; --                    ; --  ;
; XTAL_Y     ; Input    ; OFF           ; OFF           ; --                    ; --  ;
; STATE001   ; Output   ; --            ; --            ; --                    ; --  ;
; tc1        ; Output   ; --            ; --            ; --                    ; --  ;
; tc2        ; Output   ; --            ; --            ; --                    ; --  ;
; tc0        ; Output   ; --            ; --            ; --                    ; --  ;
; STATE010   ; Output   ; --            ; --            ; --                    ; --  ;
; STATE011   ; Output   ; --            ; --            ; --                    ; --  ;
; Sel1       ; Output   ; --            ; --            ; --                    ; --  ;
; Sel0       ; Output   ; --            ; --            ; --                    ; --  ;
; Sel2       ; Output   ; --            ; --            ; --                    ; --  ;
; STATE111   ; Output   ; --            ; --            ; --                    ; --  ;
; clock1Hz   ; Output   ; --            ; --            ; --                    ; --  ;
; NSRed_Z    ; Output   ; --            ; --            ; --                    ; --  ;
; NSYellow_Z ; Output   ; --            ; --            ; --                    ; --  ;
; NSGreen_Z  ; Output   ; --            ; --            ; --                    ; --  ;
; EWGreen_Z  ; Output   ; --            ; --            ; --                    ; --  ;
; EWYellow_Z ; Output   ; --            ; --            ; --                    ; --  ;
; EWRed_Z    ; Output   ; --            ; --            ; --                    ; --  ;
+------------+----------+---------------+---------------+-----------------------+-----+


+-------------------------------------------------------------------------------------------------------------------------------------------+
; Pad To Core Delay Chain Fanout                                                                                                            ;
+-------------------------------------------------------------------------------------------------------------+-------------------+---------+
; Source Pin / Fanout                                                                                         ; Pad To Core Index ; Setting ;
+-------------------------------------------------------------------------------------------------------------+-------------------+---------+
; RESET_Y                                                                                                     ;                   ;         ;
;      - lpm_counter8:State_Selector|lpm_counter:lpm_counter_component|cntr_5vk:auto_generated|counter_cella0 ; 0                 ; OFF     ;
;      - lpm_counter8:State_Selector|lpm_counter:lpm_counter_component|cntr_5vk:auto_generated|counter_cella1 ; 0                 ; OFF     ;
;      - lpm_counter8:State_Selector|lpm_counter:lpm_counter_component|cntr_5vk:auto_generated|counter_cella2 ; 0                 ; OFF     ;
;      - inst6                                                                                                ; 1                 ; ON      ;
;      - inst39                                                                                               ; 1                 ; ON      ;
;      - inst41                                                                                               ; 1                 ; ON      ;
; XTAL_Y                                                                                                      ;                   ;         ;
+-------------------------------------------------------------------------------------------------------------+-------------------+---------+


+--------------------------------------------------------------------------------------------------------------------------------------------------------------------------------------------+
; Control Signals                                                                                                                                                                            ;
+-------------------------------------------------------------------------------------------------+--------------+---------+--------------+--------+----------------------+------------------+
; Name                                                                                            ; Location     ; Fan-Out ; Usage        ; Global ; Global Resource Used ; Global Line Name ;
+-------------------------------------------------------------------------------------------------+--------------+---------+--------------+--------+----------------------+------------------+
; RESET_Y                                                                                         ; PIN_67       ; 6       ; Async. load  ; yes    ; Global Clock         ; GCLK7            ;
; XTAL_Y                                                                                          ; PIN_92       ; 27      ; Clock        ; yes    ; Global Clock         ; GCLK5            ;
; inst2                                                                                           ; LC_X18_Y3_N5 ; 17      ; Clock        ; yes    ; Global Clock         ; GCLK6            ;
; inst39                                                                                          ; LC_X17_Y4_N3 ; 3       ; Sync. clear  ; no     ; --                   ; --               ;
; inst41                                                                                          ; LC_X18_Y1_N5 ; 3       ; Sync. clear  ; no     ; --                   ; --               ;
; inst6                                                                                           ; LC_X16_Y6_N6 ; 3       ; Async. clear ; no     ; --                   ; --               ;
; lpm_counter1:inst8|lpm_counter:lpm_counter_component|cntr_kqj:auto_generated|_~22               ; LC_X18_Y1_N4 ; 3       ; Sync. load   ; no     ; --                   ; --               ;
; lpm_counter3:inst48|lpm_counter:lpm_counter_component|cntr_kqj:auto_generated|_~22              ; LC_X17_Y4_N4 ; 3       ; Sync. load   ; no     ; --                   ; --               ;
; lpm_counter6:inst|lpm_counter:lpm_counter_component|cntr_d3j:auto_generated|modulus_trigger     ; LC_X17_Y5_N8 ; 26      ; Sync. load   ; no     ; --                   ; --               ;
; lpm_counter8:State_Selector|lpm_counter:lpm_counter_component|cntr_5vk:auto_generated|safe_q[2] ; LC_X15_Y6_N2 ; 17      ; Sync. load   ; no     ; --                   ; --               ;
; lpm_mux2:inst75|lpm_mux:lpm_mux_component|mux_mrd:auto_generated|result_node[0]~3               ; LC_X17_Y4_N2 ; 3       ; Clock enable ; no     ; --                   ; --               ;
+-------------------------------------------------------------------------------------------------+--------------+---------+--------------+--------+----------------------+------------------+


+----------------------------------------------------------------------------+
; Global & Other Fast Signals                                                ;
+---------+--------------+---------+----------------------+------------------+
; Name    ; Location     ; Fan-Out ; Global Resource Used ; Global Line Name ;
+---------+--------------+---------+----------------------+------------------+
; RESET_Y ; PIN_67       ; 6       ; Global Clock         ; GCLK7            ;
; XTAL_Y  ; PIN_92       ; 27      ; Global Clock         ; GCLK5            ;
; inst2   ; LC_X18_Y3_N5 ; 17      ; Global Clock         ; GCLK6            ;
+---------+--------------+---------+----------------------+------------------+


+-----------------------------------------------------------------------------------------------------------------+
; Non-Global High Fan-Out Signals                                                                                 ;
+-------------------------------------------------------------------------------------------------------+---------+
; Name                                                                                                  ; Fan-Out ;
+-------------------------------------------------------------------------------------------------------+---------+
; ~GND                                                                                                  ; 32      ;
; lpm_counter6:inst|lpm_counter:lpm_counter_component|cntr_d3j:auto_generated|modulus_trigger           ; 26      ;
; lpm_counter8:State_Selector|lpm_counter:lpm_counter_component|cntr_5vk:auto_generated|safe_q[2]       ; 19      ;
; lpm_counter8:State_Selector|lpm_counter:lpm_counter_component|cntr_5vk:auto_generated|safe_q[0]       ; 17      ;
; lpm_counter8:State_Selector|lpm_counter:lpm_counter_component|cntr_5vk:auto_generated|safe_q[1]       ; 15      ;
; inst2~49                                                                                              ; 5       ;
; inst2~34                                                                                              ; 5       ;
; inst2~19                                                                                              ; 5       ;
; lpm_counter6:inst|lpm_counter:lpm_counter_component|cntr_d3j:auto_generated|counter_cella2~COUT       ; 5       ;
; lpm_counter6:inst|lpm_counter:lpm_counter_component|cntr_d3j:auto_generated|counter_cella17~COUT      ; 5       ;
; lpm_counter6:inst|lpm_counter:lpm_counter_component|cntr_d3j:auto_generated|counter_cella12~COUT      ; 5       ;
; lpm_counter6:inst|lpm_counter:lpm_counter_component|cntr_d3j:auto_generated|counter_cella7~COUT       ; 5       ;
; lpm_counter6:inst|lpm_counter:lpm_counter_component|cntr_d3j:auto_generated|counter_cella22~COUT      ; 4       ;
; 16dmux:inst68|33~1                                                                                    ; 4       ;
; lpm_counter1:inst8|lpm_counter:lpm_counter_component|cntr_kqj:auto_generated|safe_q[1]                ; 4       ;
; lpm_counter1:inst8|lpm_counter:lpm_counter_component|cntr_kqj:auto_generated|safe_q[0]                ; 4       ;
; lpm_counter1:inst8|lpm_counter:lpm_counter_component|cntr_kqj:auto_generated|safe_q[2]                ; 4       ;
; lpm_counter3:inst48|lpm_counter:lpm_counter_component|cntr_kqj:auto_generated|safe_q[1]               ; 4       ;
; lpm_counter3:inst48|lpm_counter:lpm_counter_component|cntr_kqj:auto_generated|safe_q[0]               ; 4       ;
; lpm_counter3:inst48|lpm_counter:lpm_counter_component|cntr_kqj:auto_generated|safe_q[2]               ; 4       ;
; 16dmux:inst68|33~0                                                                                    ; 4       ;
; lpm_counter6:inst|lpm_counter:lpm_counter_component|cntr_d3j:auto_generated|safe_q[23]                ; 3       ;
; lpm_counter6:inst|lpm_counter:lpm_counter_component|cntr_d3j:auto_generated|safe_q[22]                ; 3       ;
; lpm_counter6:inst|lpm_counter:lpm_counter_component|cntr_d3j:auto_generated|safe_q[21]                ; 3       ;
; lpm_counter6:inst|lpm_counter:lpm_counter_component|cntr_d3j:auto_generated|safe_q[20]                ; 3       ;
; lpm_counter6:inst|lpm_counter:lpm_counter_component|cntr_d3j:auto_generated|safe_q[19]                ; 3       ;
; lpm_counter6:inst|lpm_counter:lpm_counter_component|cntr_d3j:auto_generated|safe_q[17]                ; 3       ;
; lpm_counter6:inst|lpm_counter:lpm_counter_component|cntr_d3j:auto_generated|safe_q[18]                ; 3       ;
; lpm_counter6:inst|lpm_counter:lpm_counter_component|cntr_d3j:auto_generated|safe_q[16]                ; 3       ;
; lpm_counter6:inst|lpm_counter:lpm_counter_component|cntr_d3j:auto_generated|safe_q[15]                ; 3       ;
; lpm_counter6:inst|lpm_counter:lpm_counter_component|cntr_d3j:auto_generated|safe_q[14]                ; 3       ;
; lpm_counter6:inst|lpm_counter:lpm_counter_component|cntr_d3j:auto_generated|safe_q[13]                ; 3       ;
; lpm_counter6:inst|lpm_counter:lpm_counter_component|cntr_d3j:auto_generated|safe_q[12]                ; 3       ;
; lpm_counter6:inst|lpm_counter:lpm_counter_component|cntr_d3j:auto_generated|safe_q[6]                 ; 3       ;
; lpm_counter6:inst|lpm_counter:lpm_counter_component|cntr_d3j:auto_generated|safe_q[11]                ; 3       ;
; lpm_counter6:inst|lpm_counter:lpm_counter_component|cntr_d3j:auto_generated|safe_q[10]                ; 3       ;
; lpm_counter6:inst|lpm_counter:lpm_counter_component|cntr_d3j:auto_generated|safe_q[9]                 ; 3       ;
; lpm_counter6:inst|lpm_counter:lpm_counter_component|cntr_d3j:auto_generated|safe_q[8]                 ; 3       ;
; lpm_counter6:inst|lpm_counter:lpm_counter_component|cntr_d3j:auto_generated|safe_q[7]                 ; 3       ;
; lpm_counter6:inst|lpm_counter:lpm_counter_component|cntr_d3j:auto_generated|safe_q[24]                ; 3       ;
; lpm_counter6:inst|lpm_counter:lpm_counter_component|cntr_d3j:auto_generated|safe_q[25]                ; 3       ;
; inst34                                                                                                ; 3       ;
; lpm_counter1:inst8|lpm_counter:lpm_counter_component|cntr_kqj:auto_generated|_~22                     ; 3       ;
; inst41                                                                                                ; 3       ;
; lpm_counter3:inst48|lpm_counter:lpm_counter_component|cntr_kqj:auto_generated|_~22                    ; 3       ;
; inst39                                                                                                ; 3       ;
; lpm_mux2:inst75|lpm_mux:lpm_mux_component|mux_mrd:auto_generated|result_node[0]~3                     ; 3       ;
; lpm_mux0:inst40|lpm_mux:lpm_mux_component|mux_rrd:auto_generated|result_node[1]~12                    ; 3       ;
; lpm_counter8:State_Selector|lpm_counter:lpm_counter_component|cntr_5vk:auto_generated|modulus_trigger ; 3       ;
; inst6                                                                                                 ; 3       ;
+-------------------------------------------------------------------------------------------------------+---------+


+-----------------------------------------------------+
; Interconnect Usage Summary                          ;
+----------------------------+------------------------+
; Interconnect Resource Type ; Usage                  ;
+----------------------------+------------------------+
; C4s                        ; 90 / 8,840 ( 1 % )     ;
; Direct links               ; 16 / 11,506 ( < 1 % )  ;
; Global clocks              ; 3 / 8 ( 38 % )         ;
; LAB clocks                 ; 8 / 156 ( 5 % )        ;
; LUT chains                 ; 4 / 2,619 ( < 1 % )    ;
; Local interconnects        ; 113 / 11,506 ( < 1 % ) ;
; M4K buffers                ; 0 / 468 ( 0 % )        ;
; R4s                        ; 81 / 7,520 ( 1 % )     ;
+----------------------------+------------------------+


+---------------------------------------------------------------------------+
; LAB Logic Elements                                                        ;
+--------------------------------------------+------------------------------+
; Number of Logic Elements  (Average = 7.38) ; Number of LABs  (Total = 13) ;
+--------------------------------------------+------------------------------+
; 1                                          ; 3                            ;
; 2                                          ; 0                            ;
; 3                                          ; 0                            ;
; 4                                          ; 0                            ;
; 5                                          ; 1                            ;
; 6                                          ; 0                            ;
; 7                                          ; 0                            ;
; 8                                          ; 1                            ;
; 9                                          ; 0                            ;
; 10                                         ; 8                            ;
+--------------------------------------------+------------------------------+


+-------------------------------------------------------------------+
; LAB-wide Signals                                                  ;
+------------------------------------+------------------------------+
; LAB-wide Signals  (Average = 0.92) ; Number of LABs  (Total = 13) ;
+------------------------------------+------------------------------+
; 1 Async. load                      ; 1                            ;
; 1 Clock                            ; 8                            ;
; 1 Clock enable                     ; 1                            ;
; 1 Sync. load                       ; 2                            ;
+------------------------------------+------------------------------+


+----------------------------------------------------------------------------+
; LAB Signals Sourced                                                        ;
+---------------------------------------------+------------------------------+
; Number of Signals Sourced  (Average = 6.08) ; Number of LABs  (Total = 13) ;
+---------------------------------------------+------------------------------+
; 0                                           ; 2                            ;
; 1                                           ; 3                            ;
; 2                                           ; 0                            ;
; 3                                           ; 0                            ;
; 4                                           ; 0                            ;
; 5                                           ; 1                            ;
; 6                                           ; 0                            ;
; 7                                           ; 0                            ;
; 8                                           ; 0                            ;
; 9                                           ; 1                            ;
; 10                                          ; 5                            ;
; 11                                          ; 0                            ;
; 12                                          ; 1                            ;
+---------------------------------------------+------------------------------+


+--------------------------------------------------------------------------------+
; LAB Signals Sourced Out                                                        ;
+-------------------------------------------------+------------------------------+
; Number of Signals Sourced Out  (Average = 3.77) ; Number of LABs  (Total = 13) ;
+-------------------------------------------------+------------------------------+
; 0                                               ; 2                            ;
; 1                                               ; 3                            ;
; 2                                               ; 1                            ;
; 3                                               ; 3                            ;
; 4                                               ; 0                            ;
; 5                                               ; 0                            ;
; 6                                               ; 0                            ;
; 7                                               ; 0                            ;
; 8                                               ; 2                            ;
; 9                                               ; 1                            ;
; 10                                              ; 1                            ;
+-------------------------------------------------+------------------------------+


+----------------------------------------------------------------------------+
; LAB Distinct Inputs                                                        ;
+---------------------------------------------+------------------------------+
; Number of Distinct Inputs  (Average = 6.38) ; Number of LABs  (Total = 13) ;
+---------------------------------------------+------------------------------+
; 0                                           ; 0                            ;
; 1                                           ; 0                            ;
; 2                                           ; 0                            ;
; 3                                           ; 0                            ;
; 4                                           ; 4                            ;
; 5                                           ; 2                            ;
; 6                                           ; 1                            ;
; 7                                           ; 1                            ;
; 8                                           ; 1                            ;
; 9                                           ; 0                            ;
; 10                                          ; 0                            ;
; 11                                          ; 2                            ;
; 12                                          ; 0                            ;
; 13                                          ; 0                            ;
; 14                                          ; 1                            ;
+---------------------------------------------+------------------------------+


+--------------------------------------------------------------------+
; Fitter Device Options                                              ;
+----------------------------------------------+---------------------+
; Option                                       ; Setting             ;
+----------------------------------------------+---------------------+
; Enable user-supplied start-up clock (CLKUSR) ; Off                 ;
; Enable device-wide reset (DEV_CLRn)          ; Off                 ;
; Enable device-wide output enable (DEV_OE)    ; Off                 ;
; Enable INIT_DONE output                      ; Off                 ;
; Configuration scheme                         ; Active Serial       ;
; Error detection CRC                          ; Off                 ;
; ASDO,nCSO                                    ; As input tri-stated ;
; Reserve all unused pins                      ; As input tri-stated ;
; Base pin-out file on sameframe device        ; Off                 ;
+----------------------------------------------+---------------------+


+------------------------------------------------------------+
; Estimated Delay Added for Hold Timing                      ;
+-----------------+----------------------+-------------------+
; Source Clock(s) ; Destination Clock(s) ; Delay Added in ns ;
+-----------------+----------------------+-------------------+


+-----------------+
; Fitter Messages ;
+-----------------+
Info: *******************************************************************
Info: Running Quartus II Fitter
    Info: Version 9.0 Build 235 06/17/2009 Service Pack 2 SJ Web Edition
    Info: Processing started: Thu Sep 26 11:43:03 2013
Info: Command: quartus_fit --read_settings_files=off --write_settings_files=off design2TN -c design2TN
Info: Selected device EP1C3T144C8 for design "design2TN"
Info: Fitter is performing an Auto Fit compilation, which may decrease Fitter effort to reduce compilation time
Warning: Feature LogicLock is not available with your current license
Info: Device migration not selected. If you intend to use device migration later, you may need to change the pin assignments as they may be incompatible with other devices
    Info: Device EP1C3T144A8 is compatible
    Info: Device EP1C6T144C8 is compatible
Info: Fitter converted 2 user pins into dedicated programming pins
    Info: Pin ~nCSO~ is reserved at location 12
    Info: Pin ~ASDO~ is reserved at location 25
Warning: No exact pin location assignment(s) for 11 pins of 19 total pins
    Info: Pin STATE001 not assigned to an exact location on the device
    Info: Pin tc1 not assigned to an exact location on the device
    Info: Pin tc2 not assigned to an exact location on the device
    Info: Pin tc0 not assigned to an exact location on the device
    Info: Pin STATE010 not assigned to an exact location on the device
    Info: Pin STATE011 not assigned to an exact location on the device
    Info: Pin Sel1 not assigned to an exact location on the device
    Info: Pin Sel0 not assigned to an exact location on the device
    Info: Pin Sel2 not assigned to an exact location on the device
    Info: Pin STATE111 not assigned to an exact location on the device
    Info: Pin clock1Hz not assigned to an exact location on the device
Info: Fitter is using the Classic Timing Analyzer
Info: Timing requirements not specified -- quality metrics such as performance and power consumption may be sacrificed to reduce compilation time.
Extra Info: Performing register packing on registers with non-logic cell location assignments
Extra Info: Completed register packing on registers with non-logic cell location assignments
Info: Completed User Assigned Global Signals Promotion Operation
Info: DQS I/O pins require 0 global routing resources
Info: Automatically promoted signal "XTAL_Y" to use Global clock in PIN 92
Info: Automatically promoted some destinations of signal "inst2" to use Global clock
    Info: Destination "clock1Hz" may be non-global or may not use global clock
Info: Automatically promoted some destinations of signal "RESET_Y" to use Global clock
    Info: Destination "inst6" may be non-global or may not use global clock
    Info: Destination "inst39" may be non-global or may not use global clock
    Info: Destination "inst41" may be non-global or may not use global clock
Info: Pin "RESET_Y" drives global clock, but is not placed in a dedicated clock pin position
Info: Completed Auto Global Promotion Operation
Info: Starting register packing
Extra Info: Started Fast Input/Output/OE register processing
Extra Info: Finished Fast Input/Output/OE register processing
Info: Fitter is using Normal packing mode for logic elements with Auto setting for Auto Packed Registers logic option
Extra Info: Moving registers into I/O cells, LUTs, and RAM blocks to improve timing and density
Info: Finished moving registers into I/O cells, LUTs, and RAM blocks
Info: Finished register packing
Info: Statistics of I/O pins that need to be placed that use the same VCCIO and VREF, before I/O pin placement
    Info: Number of I/O pins in group: 11 (unused VREF, 3.3V VCCIO, 0 input, 11 output, 0 bidirectional)
        Info: I/O standards used: 3.3-V LVTTL.
Info: I/O bank details before I/O pin placement
    Info: Statistics of I/O banks
        Info: I/O bank number 1 does not use VREF pins and has undetermined VCCIO pins. 2 total pin(s) used --  20 pins available
        Info: I/O bank number 2 does not use VREF pins and has undetermined VCCIO pins. 0 total pin(s) used --  28 pins available
        Info: I/O bank number 3 does not use VREF pins and has undetermined VCCIO pins. 1 total pin(s) used --  25 pins available
        Info: I/O bank number 4 does not use VREF pins and has 3.3V VCCIO pins. 7 total pin(s) used --  21 pins available
Info: Fitter preparation operations ending: elapsed time is 00:00:01
Info: Fitter placement preparation operations beginning
Info: Fitter placement preparation operations ending: elapsed time is 00:00:00
Info: Fitter placement operations beginning
Info: Fitter placement was successful
Info: Fitter placement operations ending: elapsed time is 00:00:00
Info: Estimated most critical path is register to register delay of 7.257 ns
    Info: 1: + IC(0.000 ns) + CELL(0.000 ns) = 0.000 ns; Loc. = LAB_X17_Y5; Fanout = 6; REG Node = 'lpm_counter6:inst|lpm_counter:lpm_counter_component|cntr_d3j:auto_generated|safe_q[23]'
    Info: 2: + IC(1.327 ns) + CELL(0.114 ns) = 1.441 ns; Loc. = LAB_X18_Y3; Fanout = 1; COMB Node = 'lpm_counter6:inst|lpm_counter:lpm_counter_component|cntr_d3j:auto_generated|cmpr_a6c:cmpr1|result_wire[0]~6'
    Info: 3: + IC(0.792 ns) + CELL(0.590 ns) = 2.823 ns; Loc. = LAB_X17_Y7; Fanout = 1; COMB Node = 'lpm_counter6:inst|lpm_counter:lpm_counter_component|cntr_d3j:auto_generated|cmpr_a6c:cmpr1|result_wire[0]~8'
    Info: 4: + IC(1.250 ns) + CELL(0.114 ns) = 4.187 ns; Loc. = LAB_X17_Y5; Fanout = 1; COMB Node = 'lpm_counter6:inst|lpm_counter:lpm_counter_component|cntr_d3j:auto_generated|cmpr_a6c:cmpr1|result_wire[0]'
    Info: 5: + IC(0.265 ns) + CELL(0.442 ns) = 4.894 ns; Loc. = LAB_X17_Y5; Fanout = 26; COMB Node = 'lpm_counter6:inst|lpm_counter:lpm_counter_component|cntr_d3j:auto_generated|modulus_trigger'
    Info: 6: + IC(1.138 ns) + CELL(1.225 ns) = 7.257 ns; Loc. = LAB_X17_Y7; Fanout = 5; REG Node = 'lpm_counter6:inst|lpm_counter:lpm_counter_component|cntr_d3j:auto_generated|safe_q[7]'
    Info: Total cell delay = 2.485 ns ( 34.24 % )
    Info: Total interconnect delay = 4.772 ns ( 65.76 % )
Info: Fitter routing operations beginning
Info: Average interconnect usage is 1% of the available device resources
    Info: Peak interconnect usage is 1% of the available device resources in the region that extends from location X14_Y0 to location X27_Y14
Info: Fitter routing operations ending: elapsed time is 00:00:00
Info: The Fitter performed an Auto Fit compilation.  Optimizations were skipped to reduce compilation time.
    Info: Optimizations that may affect the design's routability were skipped
    Info: Optimizations that may affect the design's timing were skipped
Info: Completed Fixed Delay Chain Operation
Info: Started post-fitting delay annotation
Info: Delay annotation completed successfully
Info: Completed Auto Delay Chain Operation
Info: Quartus II Fitter was successful. 0 errors, 2 warnings
    Info: Peak virtual memory: 224 megabytes
    Info: Processing ended: Thu Sep 26 11:43:04 2013
    Info: Elapsed time: 00:00:01
    Info: Total CPU time (on all processors): 00:00:01


