Flow report for design2TN
Thu Sep 26 11:43:06 2013
Quartus II Version 9.0 Build 235 06/17/2009 Service Pack 2 SJ Web Edition


---------------------
; Table of Contents ;
---------------------
  1. Legal Notice
  2. Flow Summary
  3. Flow Settings
  4. Flow Non-Default Global Settings
  5. Flow Elapsed Time
  6. Flow OS Summary
  7. Flow Log



----------------
; Legal Notice ;
----------------
Copyright (C) 1991-2009 Altera Corporation
Your use of Altera Corporation's design tools, logic functions 
and other software and tools, and its AMPP partner logic 
functions, and any output files from any of the foregoing 
(including device programming or simulation files), and any 
associated documentation or information are expressly subject 
to the terms and conditions of the Altera Program License 
Subscription Agreement, Altera MegaCore Function License 
Agreement, or other applicable license agreement, including, 
without limitation, that your use is for the sole purpose of 
programming logic devices manufactured by Altera and sold by 
Altera or its authorized distributors.  Please refer to the 
applicable agreement for further details.



+------------------------------------------------------------------------+
; Flow Summary                                                           ;
+-------------------------+----------------------------------------------+
; Flow Status             ; Successful - Thu Sep 26 11:43:06 2013        ;
; Quartus II Version      ; 9.0 Build 235 06/17/2009 SP 2 SJ Web Edition ;
; Revision Name           ; design2TN                                    ;
; Top-level Entity Name   ; design2TN                                    ;
; Family                  ; Cyclone                                      ;
; Device                  ; EP1C3T144C8                                  ;
; Timing Models           ; Final                                        ;
; Met timing requirements ; Yes                                          ;
; Total logic elements    ; 96 / 2,910 ( 3 % )                           ;
; Total pins              ; 19 / 104 ( 18 % )                            ;
; Total virtual pins      ; 0                                            ;
; Total memory bits       ; 0 / 59,904 ( 0 % )                           ;
; Total PLLs              ; 0 / 1 ( 0 % )                                ;
+-------------------------+----------------------------------------------+


+-----------------------------------------+
; Flow Settings                           ;
+-------------------+---------------------+
; Option            ; Setting             ;
+-------------------+---------------------+
; Start date & time ; 09/26/2013 11:43:01 ;
; Main task         ; Compilation         ;
; Revision Name     ; design2TN           ;
+-------------------+---------------------+


+-------------------------------------------------------------------------------------------------------------------------------------------------------------+
; Flow Non-Default Global Settings                                                                                                                            ;
+------------------------------------+----------------------------------------------------------+------------------------------+-------------+----------------+
; Assignment Name                    ; Value                                                    ; Default Value                ; Entity Name ; Section Id     ;
+------------------------------------+----------------------------------------------------------+------------------------------+-------------+----------------+
; COMPILER_SIGNATURE_ID              ; 105788762728902.138021018100376                          ; --                           ; --          ; --             ;
; FLEX10K_OPTIMIZATION_TECHNIQUE     ; Speed                                                    ; Area                         ; --          ; --             ;
; INCREMENTAL_COMPILATION            ; Off                                                      ; FULL_INCREMENTAL_COMPILATION ; --          ; --             ;
; IP_TOOL_NAME                       ; LPM_COUNTER                                              ; --                           ; --          ; --             ;
; IP_TOOL_NAME                       ; LPM_COUNTER                                              ; --                           ; --          ; --             ;
; IP_TOOL_NAME                       ; LPM_COUNTER                                              ; --                           ; --          ; --             ;
; IP_TOOL_NAME                       ; LPM_BUSTRI                                               ; --                           ; --          ; --             ;
; IP_TOOL_NAME                       ; LPM_MUX                                                  ; --                           ; --          ; --             ;
; IP_TOOL_NAME                       ; LPM_COUNTER                                              ; --                           ; --          ; --             ;
; IP_TOOL_NAME                       ; LPM_COUNTER                                              ; --                           ; --          ; --             ;
; IP_TOOL_NAME                       ; LPM_MUX                                                  ; --                           ; --          ; --             ;
; IP_TOOL_NAME                       ; LPM_MUX                                                  ; --                           ; --          ; --             ;
; IP_TOOL_NAME                       ; LPM_COMPARE                                              ; --                           ; --          ; --             ;
; IP_TOOL_NAME                       ; LPM_COMPARE                                              ; --                           ; --          ; --             ;
; IP_TOOL_NAME                       ; LPM_COUNTER                                              ; --                           ; --          ; --             ;
; IP_TOOL_NAME                       ; LPM_CONSTANT                                             ; --                           ; --          ; --             ;
; IP_TOOL_NAME                       ; LPM_COUNTER                                              ; --                           ; --          ; --             ;
; IP_TOOL_NAME                       ; LPM_ADD_SUB                                              ; --                           ; --          ; --             ;
; IP_TOOL_NAME                       ; LPM_COUNTER                                              ; --                           ; --          ; --             ;
; IP_TOOL_NAME                       ; LPM_COUNTER                                              ; --                           ; --          ; --             ;
; IP_TOOL_NAME                       ; LPM_COUNTER                                              ; --                           ; --          ; --             ;
; IP_TOOL_NAME                       ; LPM_COMPARE                                              ; --                           ; --          ; --             ;
; IP_TOOL_VERSION                    ; 9.0                                                      ; --                           ; --          ; --             ;
; IP_TOOL_VERSION                    ; 9.0                                                      ; --                           ; --          ; --             ;
; IP_TOOL_VERSION                    ; 9.0                                                      ; --                           ; --          ; --             ;
; IP_TOOL_VERSION                    ; 9.0                                                      ; --                           ; --          ; --             ;
; IP_TOOL_VERSION                    ; 9.0                                                      ; --                           ; --          ; --             ;
; IP_TOOL_VERSION                    ; 9.0                                                      ; --                           ; --          ; --             ;
; IP_TOOL_VERSION                    ; 9.0                                                      ; --                           ; --          ; --             ;
; IP_TOOL_VERSION                    ; 9.0                                                      ; --                           ; --          ; --             ;
; IP_TOOL_VERSION                    ; 9.0                                                      ; --                           ; --          ; --             ;
; IP_TOOL_VERSION                    ; 9.0                                                      ; --                           ; --          ; --             ;
; IP_TOOL_VERSION                    ; 9.0                                                      ; --                           ; --          ; --             ;
; IP_TOOL_VERSION                    ; 9.0                                                      ; --                           ; --          ; --             ;
; IP_TOOL_VERSION                    ; 9.0                                                      ; --                           ; --          ; --             ;
; IP_TOOL_VERSION                    ; 9.0                                                      ; --                           ; --          ; --             ;
; IP_TOOL_VERSION                    ; 9.0                                                      ; --                           ; --          ; --             ;
; IP_TOOL_VERSION                    ; 9.0                                                      ; --                           ; --          ; --             ;
; IP_TOOL_VERSION                    ; 9.0                                                      ; --                           ; --          ; --             ;
; IP_TOOL_VERSION                    ; 9.0                                                      ; --                           ; --          ; --             ;
; IP_TOOL_VERSION                    ; 9.0                                                      ; --                           ; --          ; --             ;
; MISC_FILE                          ; lpm_counter0.bsf                                         ; --                           ; --          ; --             ;
; MISC_FILE                          ; lpm_counter0.cmp                                         ; --                           ; --          ; --             ;
; MISC_FILE                          ; lpm_counter1.bsf                                         ; --                           ; --          ; --             ;
; MISC_FILE                          ; lpm_counter1.cmp                                         ; --                           ; --          ; --             ;
; MISC_FILE                          ; lpm_counter2.bsf                                         ; --                           ; --          ; --             ;
; MISC_FILE                          ; lpm_counter2.cmp                                         ; --                           ; --          ; --             ;
; MISC_FILE                          ; lpm_bustri0.bsf                                          ; --                           ; --          ; --             ;
; MISC_FILE                          ; lpm_bustri0.cmp                                          ; --                           ; --          ; --             ;
; MISC_FILE                          ; lpm_mux0.bsf                                             ; --                           ; --          ; --             ;
; MISC_FILE                          ; lpm_mux0.cmp                                             ; --                           ; --          ; --             ;
; MISC_FILE                          ; lpm_counter3.bsf                                         ; --                           ; --          ; --             ;
; MISC_FILE                          ; lpm_counter3.cmp                                         ; --                           ; --          ; --             ;
; MISC_FILE                          ; lpm_counter4.bsf                                         ; --                           ; --          ; --             ;
; MISC_FILE                          ; lpm_counter4.cmp                                         ; --                           ; --          ; --             ;
; MISC_FILE                          ; lpm_mux1.bsf                                             ; --                           ; --          ; --             ;
; MISC_FILE                          ; lpm_mux1.cmp                                             ; --                           ; --          ; --             ;
; MISC_FILE                          ; lpm_mux2.bsf                                             ; --                           ; --          ; --             ;
; MISC_FILE                          ; lpm_mux2.cmp                                             ; --                           ; --          ; --             ;
; MISC_FILE                          ; lpm_compare0.bsf                                         ; --                           ; --          ; --             ;
; MISC_FILE                          ; lpm_compare0.cmp                                         ; --                           ; --          ; --             ;
; MISC_FILE                          ; lpm_compare1.bsf                                         ; --                           ; --          ; --             ;
; MISC_FILE                          ; lpm_compare1.cmp                                         ; --                           ; --          ; --             ;
; MISC_FILE                          ; lpm_counter5.bsf                                         ; --                           ; --          ; --             ;
; MISC_FILE                          ; lpm_counter5.cmp                                         ; --                           ; --          ; --             ;
; MISC_FILE                          ; lpm_constant0.bsf                                        ; --                           ; --          ; --             ;
; MISC_FILE                          ; lpm_constant0.cmp                                        ; --                           ; --          ; --             ;
; MISC_FILE                          ; lpm_counter6.bsf                                         ; --                           ; --          ; --             ;
; MISC_FILE                          ; lpm_counter6.cmp                                         ; --                           ; --          ; --             ;
; MISC_FILE                          ; lpm_add_sub0.bsf                                         ; --                           ; --          ; --             ;
; MISC_FILE                          ; lpm_add_sub0.cmp                                         ; --                           ; --          ; --             ;
; MISC_FILE                          ; C:/altera/90sp2/ENGN_3050_Project2/design2TN.dpf         ; --                           ; --          ; --             ;
; MISC_FILE                          ; lpm_counter7.bsf                                         ; --                           ; --          ; --             ;
; MISC_FILE                          ; lpm_counter7.cmp                                         ; --                           ; --          ; --             ;
; MISC_FILE                          ; lpm_counter8.bsf                                         ; --                           ; --          ; --             ;
; MISC_FILE                          ; lpm_counter8.cmp                                         ; --                           ; --          ; --             ;
; MISC_FILE                          ; lpm_counter9.bsf                                         ; --                           ; --          ; --             ;
; MISC_FILE                          ; lpm_counter9.cmp                                         ; --                           ; --          ; --             ;
; MISC_FILE                          ; lpm_compare2.bsf                                         ; --                           ; --          ; --             ;
; MISC_FILE                          ; lpm_compare2.cmp                                         ; --                           ; --          ; --             ;
; MISC_FILE                          ; C:/Users/tjn412/Desktop/ENGN_3050_Project2/design2TN.dpf ; --                           ; --          ; --             ;
; USE_GENERATED_PHYSICAL_CONSTRAINTS ; Off                                                      ; --                           ; --          ; eda_blast_fpga ;
+------------------------------------+----------------------------------------------------------+------------------------------+-------------+----------------+


+-----------------------------------------------------------------------------------------------------------------------------+
; Flow Elapsed Time                                                                                                           ;
+-------------------------+--------------+-------------------------+---------------------+------------------------------------+
; Module Name             ; Elapsed Time ; Average Processors Used ; Peak Virtual Memory ; Total CPU Time (on all processors) ;
+-------------------------+--------------+-------------------------+---------------------+------------------------------------+
; Analysis & Synthesis    ; 00:00:03     ; 1.0                     ; 248 MB              ; 00:00:02                           ;
; Fitter                  ; 00:00:01     ; 1.0                     ; 206 MB              ; 00:00:01                           ;
; Assembler               ; 00:00:00     ; 1.0                     ; 188 MB              ; 00:00:00                           ;
; Classic Timing Analyzer ; 00:00:00     ; 1.0                     ; 156 MB              ; 00:00:00                           ;
; Total                   ; 00:00:04     ; --                      ; --                  ; 00:00:03                           ;
+-------------------------+--------------+-------------------------+---------------------+------------------------------------+


+------------------------------------------------------------------------------------------+
; Flow OS Summary                                                                          ;
+-------------------------+------------------+---------------+------------+----------------+
; Module Name             ; Machine Hostname ; OS Name       ; OS Version ; Processor type ;
+-------------------------+------------------+---------------+------------+----------------+
; Analysis & Synthesis    ; Cortana          ; Windows Vista ; 6.2        ; x86_64         ;
; Fitter                  ; Cortana          ; Windows Vista ; 6.2        ; x86_64         ;
; Assembler               ; Cortana          ; Windows Vista ; 6.2        ; x86_64         ;
; Classic Timing Analyzer ; Cortana          ; Windows Vista ; 6.2        ; x86_64         ;
+-------------------------+------------------+---------------+------------+----------------+


------------
; Flow Log ;
------------
quartus_map --read_settings_files=on --write_settings_files=off design2TN -c design2TN
quartus_fit --read_settings_files=off --write_settings_files=off design2TN -c design2TN
quartus_asm --read_settings_files=off --write_settings_files=off design2TN -c design2TN
quartus_tan --read_settings_files=off --write_settings_files=off design2TN -c design2TN --timing_analysis_only



