Analysis & Synthesis report for project5
Thu Oct 24 12:55:34 2013
Quartus II Version 9.0 Build 235 06/17/2009 Service Pack 2 SJ Web Edition


---------------------
; Table of Contents ;
---------------------
  1. Legal Notice
  2. Analysis & Synthesis Summary
  3. Analysis & Synthesis Settings
  4. Analysis & Synthesis Source Files Read
  5. Analysis & Synthesis Resource Usage Summary
  6. Analysis & Synthesis Resource Utilization by Entity
  7. Registers Removed During Synthesis
  8. Removed Registers Triggering Further Register Optimizations
  9. General Register Statistics
 10. Source assignments for design4TJN:inst|lpm_add_sub0:inst2|lpm_add_sub:lpm_add_sub_component|addcore:adder
 11. Source assignments for design4TJN:inst|lpm_counter0:inst1|lpm_counter:lpm_counter_component
 12. Parameter Settings for User Entity Instance: design4TJN:inst|lpm_latch0:inst54|lpm_latch:lpm_latch_component
 13. Parameter Settings for User Entity Instance: design4TJN:inst|lpm_add_sub0:inst2|lpm_add_sub:lpm_add_sub_component
 14. Parameter Settings for User Entity Instance: design4TJN:inst|lpm_counter0:inst1|lpm_counter:lpm_counter_component
 15. Parameter Settings for User Entity Instance: design4TJN:inst|lpm_mux0:inst40|LPM_MUX:lpm_mux_component
 16. Parameter Settings for User Entity Instance: design4TJN:inst|lpm_latch1:inst55|lpm_latch:lpm_latch_component
 17. Analysis & Synthesis Messages



----------------
; Legal Notice ;
----------------
Copyright (C) 1991-2009 Altera Corporation
Your use of Altera Corporation's design tools, logic functions 
and other software and tools, and its AMPP partner logic 
functions, and any output files from any of the foregoing 
(including device programming or simulation files), and any 
associated documentation or information are expressly subject 
to the terms and conditions of the Altera Program License 
Subscription Agreement, Altera MegaCore Function License 
Agreement, or other applicable license agreement, including, 
without limitation, that your use is for the sole purpose of 
programming logic devices manufactured by Altera and sold by 
Altera or its authorized distributors.  Please refer to the 
applicable agreement for further details.



+----------------------------------------------------------------------------+
; Analysis & Synthesis Summary                                               ;
+-----------------------------+----------------------------------------------+
; Analysis & Synthesis Status ; Successful - Thu Oct 24 12:55:34 2013        ;
; Quartus II Version          ; 9.0 Build 235 06/17/2009 SP 2 SJ Web Edition ;
; Revision Name               ; project5                                     ;
; Top-level Entity Name       ; project5                                     ;
; Family                      ; FLEX10K                                      ;
; Total logic elements        ; 2                                            ;
; Total pins                  ; 10                                           ;
; Total memory bits           ; 0                                            ;
+-----------------------------+----------------------------------------------+


+------------------------------------------------------------------------------------------------+
; Analysis & Synthesis Settings                                                                  ;
+--------------------------------------------------------------+-----------------+---------------+
; Option                                                       ; Setting         ; Default Value ;
+--------------------------------------------------------------+-----------------+---------------+
; Device                                                       ; EPF10K70RC240-4 ;               ;
; Top-level entity name                                        ; project5        ; project5      ;
; Family name                                                  ; FLEX10K         ; Stratix II    ;
; Use Generated Physical Constraints File                      ; Off             ;               ;
; Use smart compilation                                        ; Off             ; Off           ;
; Create Debugging Nodes for IP Cores                          ; Off             ; Off           ;
; Preserve fewer node names                                    ; On              ; On            ;
; Disable OpenCore Plus hardware evaluation                    ; Off             ; Off           ;
; Verilog Version                                              ; Verilog_2001    ; Verilog_2001  ;
; VHDL Version                                                 ; VHDL93          ; VHDL93        ;
; State Machine Processing                                     ; Auto            ; Auto          ;
; Safe State Machine                                           ; Off             ; Off           ;
; Extract Verilog State Machines                               ; On              ; On            ;
; Extract VHDL State Machines                                  ; On              ; On            ;
; Ignore Verilog initial constructs                            ; Off             ; Off           ;
; Iteration limit for constant Verilog loops                   ; 5000            ; 5000          ;
; Iteration limit for non-constant Verilog loops               ; 250             ; 250           ;
; Add Pass-Through Logic to Inferred RAMs                      ; On              ; On            ;
; Parallel Synthesis                                           ; Off             ; Off           ;
; NOT Gate Push-Back                                           ; On              ; On            ;
; Power-Up Don't Care                                          ; On              ; On            ;
; Remove Redundant Logic Cells                                 ; Off             ; Off           ;
; Remove Duplicate Registers                                   ; On              ; On            ;
; Ignore CARRY Buffers                                         ; Off             ; Off           ;
; Ignore CASCADE Buffers                                       ; Off             ; Off           ;
; Ignore GLOBAL Buffers                                        ; Off             ; Off           ;
; Ignore ROW GLOBAL Buffers                                    ; Off             ; Off           ;
; Ignore LCELL Buffers                                         ; Off             ; Off           ;
; Ignore SOFT Buffers                                          ; On              ; On            ;
; Limit AHDL Integers to 32 Bits                               ; Off             ; Off           ;
; Auto Implement in ROM                                        ; Off             ; Off           ;
; Optimization Technique                                       ; Area            ; Area          ;
; Carry Chain Length                                           ; 32              ; 32            ;
; Cascade Chain Length                                         ; 2               ; 2             ;
; Auto Carry Chains                                            ; On              ; On            ;
; Auto Open-Drain Pins                                         ; On              ; On            ;
; Auto ROM Replacement                                         ; On              ; On            ;
; Auto RAM Replacement                                         ; On              ; On            ;
; Auto Clock Enable Replacement                                ; On              ; On            ;
; Strict RAM Replacement                                       ; Off             ; Off           ;
; Auto Resource Sharing                                        ; Off             ; Off           ;
; Allow Any RAM Size For Recognition                           ; Off             ; Off           ;
; Allow Any ROM Size For Recognition                           ; Off             ; Off           ;
; Use LogicLock Constraints during Resource Balancing          ; On              ; On            ;
; Ignore translate_off and synthesis_off directives            ; Off             ; Off           ;
; Show Parameter Settings Tables in Synthesis Report           ; On              ; On            ;
; HDL message level                                            ; Level2          ; Level2        ;
; Suppress Register Optimization Related Messages              ; Off             ; Off           ;
; Number of Removed Registers Reported in Synthesis Report     ; 100             ; 100           ;
; Number of Inverted Registers Reported in Synthesis Report    ; 100             ; 100           ;
; Block Design Naming                                          ; Auto            ; Auto          ;
; Synthesis Effort                                             ; Auto            ; Auto          ;
; Shift Register Replacement - Allow Asynchronous Clear Signal ; On              ; On            ;
; Analysis & Synthesis Message Level                           ; Medium          ; Medium        ;
+--------------------------------------------------------------+-----------------+---------------+


+-------------------------------------------------------------------------------------------------------------------------------------------------------------------------+
; Analysis & Synthesis Source Files Read                                                                                                                                  ;
+----------------------------------+-----------------+------------------------------------------+-------------------------------------------------------------------------+
; File Name with User-Entered Path ; Used in Netlist ; File Type                                ; File Name with Absolute Path                                            ;
+----------------------------------+-----------------+------------------------------------------+-------------------------------------------------------------------------+
; project5.bdf                     ; yes             ; User Block Diagram/Schematic File        ; C:/Github/Quartus_Projects/ENGN_3050_Project5/project5.bdf              ;
; design4TJN.bdf                   ; yes             ; Auto-Found Block Diagram/Schematic File  ; C:/Github/Quartus_Projects/ENGN_3050_Project5/design4TJN.bdf            ;
; lpm_latch0.vhd                   ; yes             ; Auto-Found Wizard-Generated File         ; C:/Github/Quartus_Projects/ENGN_3050_Project5/lpm_latch0.vhd            ;
; lpm_latch.tdf                    ; yes             ; Megafunction                             ; c:/altera/90sp2/quartus/libraries/megafunctions/lpm_latch.tdf           ;
; lpm_constant.inc                 ; yes             ; Megafunction                             ; c:/altera/90sp2/quartus/libraries/megafunctions/lpm_constant.inc        ;
; Delay_Function.bdf               ; yes             ; Auto-Found Block Diagram/Schematic File  ; C:/Github/Quartus_Projects/ENGN_3050_Project5/Delay_Function.bdf        ;
; lpm_add_sub0.vhd                 ; yes             ; Auto-Found Wizard-Generated File         ; C:/Github/Quartus_Projects/ENGN_3050_Project5/lpm_add_sub0.vhd          ;
; lpm_add_sub.tdf                  ; yes             ; Megafunction                             ; c:/altera/90sp2/quartus/libraries/megafunctions/lpm_add_sub.tdf         ;
; addcore.inc                      ; yes             ; Megafunction                             ; c:/altera/90sp2/quartus/libraries/megafunctions/addcore.inc             ;
; look_add.inc                     ; yes             ; Megafunction                             ; c:/altera/90sp2/quartus/libraries/megafunctions/look_add.inc            ;
; bypassff.inc                     ; yes             ; Megafunction                             ; c:/altera/90sp2/quartus/libraries/megafunctions/bypassff.inc            ;
; altshift.inc                     ; yes             ; Megafunction                             ; c:/altera/90sp2/quartus/libraries/megafunctions/altshift.inc            ;
; alt_stratix_add_sub.inc          ; yes             ; Megafunction                             ; c:/altera/90sp2/quartus/libraries/megafunctions/alt_stratix_add_sub.inc ;
; alt_mercury_add_sub.inc          ; yes             ; Megafunction                             ; c:/altera/90sp2/quartus/libraries/megafunctions/alt_mercury_add_sub.inc ;
; aglobal90.inc                    ; yes             ; Megafunction                             ; c:/altera/90sp2/quartus/libraries/megafunctions/aglobal90.inc           ;
; addcore.tdf                      ; yes             ; Megafunction                             ; c:/altera/90sp2/quartus/libraries/megafunctions/addcore.tdf             ;
; a_csnbuffer.inc                  ; yes             ; Megafunction                             ; c:/altera/90sp2/quartus/libraries/megafunctions/a_csnbuffer.inc         ;
; a_csnbuffer.tdf                  ; yes             ; Megafunction                             ; c:/altera/90sp2/quartus/libraries/megafunctions/a_csnbuffer.tdf         ;
; altshift.tdf                     ; yes             ; Megafunction                             ; c:/altera/90sp2/quartus/libraries/megafunctions/altshift.tdf            ;
; lpm_counter0.vhd                 ; yes             ; Auto-Found Wizard-Generated File         ; C:/Github/Quartus_Projects/ENGN_3050_Project5/lpm_counter0.vhd          ;
; lpm_counter.tdf                  ; yes             ; Megafunction                             ; c:/altera/90sp2/quartus/libraries/megafunctions/lpm_counter.tdf         ;
; lpm_decode.inc                   ; yes             ; Megafunction                             ; c:/altera/90sp2/quartus/libraries/megafunctions/lpm_decode.inc          ;
; lpm_add_sub.inc                  ; yes             ; Megafunction                             ; c:/altera/90sp2/quartus/libraries/megafunctions/lpm_add_sub.inc         ;
; cmpconst.inc                     ; yes             ; Megafunction                             ; c:/altera/90sp2/quartus/libraries/megafunctions/cmpconst.inc            ;
; lpm_compare.inc                  ; yes             ; Megafunction                             ; c:/altera/90sp2/quartus/libraries/megafunctions/lpm_compare.inc         ;
; lpm_counter.inc                  ; yes             ; Megafunction                             ; c:/altera/90sp2/quartus/libraries/megafunctions/lpm_counter.inc         ;
; dffeea.inc                       ; yes             ; Megafunction                             ; c:/altera/90sp2/quartus/libraries/megafunctions/dffeea.inc              ;
; alt_synch_counter.inc            ; yes             ; Megafunction                             ; c:/altera/90sp2/quartus/libraries/megafunctions/alt_synch_counter.inc   ;
; alt_synch_counter_f.inc          ; yes             ; Megafunction                             ; c:/altera/90sp2/quartus/libraries/megafunctions/alt_synch_counter_f.inc ;
; alt_counter_f10ke.inc            ; yes             ; Megafunction                             ; c:/altera/90sp2/quartus/libraries/megafunctions/alt_counter_f10ke.inc   ;
; alt_counter_stratix.inc          ; yes             ; Megafunction                             ; c:/altera/90sp2/quartus/libraries/megafunctions/alt_counter_stratix.inc ;
; alt_counter_f10ke.tdf            ; yes             ; Megafunction                             ; c:/altera/90sp2/quartus/libraries/megafunctions/alt_counter_f10ke.tdf   ;
; flex10ke_lcell.inc               ; yes             ; Megafunction                             ; c:/altera/90sp2/quartus/libraries/megafunctions/flex10ke_lcell.inc      ;
; lpm_constant.tdf                 ; yes             ; Megafunction                             ; c:/altera/90sp2/quartus/libraries/megafunctions/lpm_constant.tdf        ;
; lpm_compare.tdf                  ; yes             ; Megafunction                             ; c:/altera/90sp2/quartus/libraries/megafunctions/lpm_compare.tdf         ;
; comptree.inc                     ; yes             ; Megafunction                             ; c:/altera/90sp2/quartus/libraries/megafunctions/comptree.inc            ;
; comptree.tdf                     ; yes             ; Megafunction                             ; c:/altera/90sp2/quartus/libraries/megafunctions/comptree.tdf            ;
; cmpchain.inc                     ; yes             ; Megafunction                             ; c:/altera/90sp2/quartus/libraries/megafunctions/cmpchain.inc            ;
; cmpchain.tdf                     ; yes             ; Megafunction                             ; c:/altera/90sp2/quartus/libraries/megafunctions/cmpchain.tdf            ;
; lpm_mux0.vhd                     ; yes             ; Auto-Found Wizard-Generated File         ; C:/Github/Quartus_Projects/ENGN_3050_Project5/lpm_mux0.vhd              ;
; LPM_MUX.tdf                      ; yes             ; Megafunction                             ; c:/altera/90sp2/quartus/libraries/megafunctions/LPM_MUX.tdf             ;
; muxlut.inc                       ; yes             ; Megafunction                             ; c:/altera/90sp2/quartus/libraries/megafunctions/muxlut.inc              ;
; muxlut.tdf                       ; yes             ; Megafunction                             ; c:/altera/90sp2/quartus/libraries/megafunctions/muxlut.tdf              ;
; lpm_latch1.vhd                   ; yes             ; Auto-Found Wizard-Generated File         ; C:/Github/Quartus_Projects/ENGN_3050_Project5/lpm_latch1.vhd            ;
; 7_Segment_Decoder.bdf            ; yes             ; Auto-Found Block Diagram/Schematic File  ; C:/Github/Quartus_Projects/ENGN_3050_Project5/7_Segment_Decoder.bdf     ;
+----------------------------------+-----------------+------------------------------------------+-------------------------------------------------------------------------+


+---------------------------------------------+
; Analysis & Synthesis Resource Usage Summary ;
+--------------------------------+------------+
; Resource                       ; Usage      ;
+--------------------------------+------------+
; Total logic elements           ; 2          ;
; Total combinational functions  ; 2          ;
;     -- Total 4-input functions ; 0          ;
;     -- Total 3-input functions ; 0          ;
;     -- Total 2-input functions ; 2          ;
;     -- Total 1-input functions ; 0          ;
;     -- Total 0-input functions ; 0          ;
; Total registers                ; 0          ;
; I/O pins                       ; 10         ;
; Maximum fan-out node           ; inst17     ;
; Maximum fan-out                ; 2          ;
; Total fan-out                  ; 8          ;
; Average fan-out                ; 0.67       ;
+--------------------------------+------------+


+--------------------------------------------------------------------------------------------------------------------------------------------------------------------------------------------------------+
; Analysis & Synthesis Resource Utilization by Entity                                                                                                                                                    ;
+----------------------------+-------------+--------------+-------------+------+--------------+-------------------+------------------+-----------------+------------+---------------------+--------------+
; Compilation Hierarchy Node ; Logic Cells ; LC Registers ; Memory Bits ; Pins ; LUT-Only LCs ; Register-Only LCs ; LUT/Register LCs ; Carry Chain LCs ; Packed LCs ; Full Hierarchy Name ; Library Name ;
+----------------------------+-------------+--------------+-------------+------+--------------+-------------------+------------------+-----------------+------------+---------------------+--------------+
; |project5                  ; 2 (2)       ; 0            ; 0           ; 10   ; 2 (2)        ; 0 (0)             ; 0 (0)            ; 0 (0)           ; 0 (0)      ; |project5           ; work         ;
+----------------------------+-------------+--------------+-------------+------+--------------+-------------------+------------------+-----------------+------------+---------------------+--------------+
Note: For table entries with two numbers listed, the numbers in parentheses indicate the number of resources of the given type used by the specific entity alone. The numbers listed outside of parentheses indicate the total resources of the given type used by the specific entity and all of its sub-entities in the hierarchy.


+----------------------------------------------------------------------------------------------------------------------------------+
; Registers Removed During Synthesis                                                                                               ;
+-------------------------------------------------------------------------------------------------------------+--------------------+
; Register name                                                                                               ; Reason for Removal ;
+-------------------------------------------------------------------------------------------------------------+--------------------+
; design4TJN:inst|lpm_counter0:inst1|lpm_counter:lpm_counter_component|alt_counter_f10ke:wysi_counter|q[0..6] ; Lost fanout        ;
; Total Number of Removed Registers = 7                                                                       ;                    ;
+-------------------------------------------------------------------------------------------------------------+--------------------+


+-------------------------------------------------------------------------------------------------------------------------------------------------------------------------------------------------------------------------------------------+
; Removed Registers Triggering Further Register Optimizations                                                                                                                                                                               ;
+----------------------------------------------------------------------------------------------------------+--------------------+-----------------------------------------------------------------------------------------------------------+
; Register name                                                                                            ; Reason for Removal ; Registers Removed due to This Register                                                                    ;
+----------------------------------------------------------------------------------------------------------+--------------------+-----------------------------------------------------------------------------------------------------------+
; design4TJN:inst|lpm_counter0:inst1|lpm_counter:lpm_counter_component|alt_counter_f10ke:wysi_counter|q[6] ; Lost Fanouts       ; design4TJN:inst|lpm_counter0:inst1|lpm_counter:lpm_counter_component|alt_counter_f10ke:wysi_counter|q[5], ;
;                                                                                                          ;                    ; design4TJN:inst|lpm_counter0:inst1|lpm_counter:lpm_counter_component|alt_counter_f10ke:wysi_counter|q[4], ;
;                                                                                                          ;                    ; design4TJN:inst|lpm_counter0:inst1|lpm_counter:lpm_counter_component|alt_counter_f10ke:wysi_counter|q[3], ;
;                                                                                                          ;                    ; design4TJN:inst|lpm_counter0:inst1|lpm_counter:lpm_counter_component|alt_counter_f10ke:wysi_counter|q[2], ;
;                                                                                                          ;                    ; design4TJN:inst|lpm_counter0:inst1|lpm_counter:lpm_counter_component|alt_counter_f10ke:wysi_counter|q[1], ;
;                                                                                                          ;                    ; design4TJN:inst|lpm_counter0:inst1|lpm_counter:lpm_counter_component|alt_counter_f10ke:wysi_counter|q[0]  ;
+----------------------------------------------------------------------------------------------------------+--------------------+-----------------------------------------------------------------------------------------------------------+


+------------------------------------------------------+
; General Register Statistics                          ;
+----------------------------------------------+-------+
; Statistic                                    ; Value ;
+----------------------------------------------+-------+
; Total registers                              ; 0     ;
; Number of registers using Synchronous Clear  ; 0     ;
; Number of registers using Synchronous Load   ; 0     ;
; Number of registers using Asynchronous Clear ; 0     ;
; Number of registers using Asynchronous Load  ; 0     ;
; Number of registers using Clock Enable       ; 0     ;
; Number of registers using Preset             ; 0     ;
+----------------------------------------------+-------+


+-----------------------------------------------------------------------------------------------------------+
; Source assignments for design4TJN:inst|lpm_add_sub0:inst2|lpm_add_sub:lpm_add_sub_component|addcore:adder ;
+---------------------------+-------+------+----------------------------------------------------------------+
; Assignment                ; Value ; From ; To                                                             ;
+---------------------------+-------+------+----------------------------------------------------------------+
; SUPPRESS_DA_RULE_INTERNAL ; A103  ; -    ; -                                                              ;
+---------------------------+-------+------+----------------------------------------------------------------+


+---------------------------------------------------------------------------------------------+
; Source assignments for design4TJN:inst|lpm_counter0:inst1|lpm_counter:lpm_counter_component ;
+---------------------------+-------+------+--------------------------------------------------+
; Assignment                ; Value ; From ; To                                               ;
+---------------------------+-------+------+--------------------------------------------------+
; SUPPRESS_DA_RULE_INTERNAL ; a101  ; -    ; -                                                ;
; SUPPRESS_DA_RULE_INTERNAL ; s102  ; -    ; -                                                ;
; SUPPRESS_DA_RULE_INTERNAL ; s103  ; -    ; -                                                ;
+---------------------------+-------+------+--------------------------------------------------+


+--------------------------------------------------------------------------------------------------------------+
; Parameter Settings for User Entity Instance: design4TJN:inst|lpm_latch0:inst54|lpm_latch:lpm_latch_component ;
+----------------+--------+------------------------------------------------------------------------------------+
; Parameter Name ; Value  ; Type                                                                               ;
+----------------+--------+------------------------------------------------------------------------------------+
; LPM_WIDTH      ; 4      ; Signed Integer                                                                     ;
; LPM_AVALUE     ; UNUSED ; Untyped                                                                            ;
+----------------+--------+------------------------------------------------------------------------------------+
Note: In order to hide this table in the UI and the text report file, please set the "Show Parameter Settings Tables in Synthesis Report" option in "Analysis and Synthesis Settings -> More Settings" to "Off".


+-------------------------------------------------------------------------------------------------------------------+
; Parameter Settings for User Entity Instance: design4TJN:inst|lpm_add_sub0:inst2|lpm_add_sub:lpm_add_sub_component ;
+------------------------+-------------+----------------------------------------------------------------------------+
; Parameter Name         ; Value       ; Type                                                                       ;
+------------------------+-------------+----------------------------------------------------------------------------+
; LPM_WIDTH              ; 7           ; Signed Integer                                                             ;
; LPM_REPRESENTATION     ; UNSIGNED    ; Untyped                                                                    ;
; LPM_DIRECTION          ; SUB         ; Untyped                                                                    ;
; ONE_INPUT_IS_CONSTANT  ; YES         ; Untyped                                                                    ;
; LPM_PIPELINE           ; 0           ; Untyped                                                                    ;
; MAXIMIZE_SPEED         ; 5           ; Untyped                                                                    ;
; REGISTERED_AT_END      ; 0           ; Untyped                                                                    ;
; OPTIMIZE_FOR_SPEED     ; 1           ; Untyped                                                                    ;
; USE_CS_BUFFERS         ; 1           ; Untyped                                                                    ;
; CARRY_CHAIN            ; MANUAL      ; Untyped                                                                    ;
; CARRY_CHAIN_LENGTH     ; 48          ; CARRY_CHAIN_LENGTH                                                         ;
; DEVICE_FAMILY          ; FLEX10K     ; Untyped                                                                    ;
; USE_WYS                ; OFF         ; Untyped                                                                    ;
; STYLE                  ; FAST        ; Untyped                                                                    ;
; CBXI_PARAMETER         ; add_sub_gsh ; Untyped                                                                    ;
; AUTO_CARRY_CHAINS      ; ON          ; AUTO_CARRY                                                                 ;
; IGNORE_CARRY_BUFFERS   ; OFF         ; IGNORE_CARRY                                                               ;
; AUTO_CASCADE_CHAINS    ; ON          ; AUTO_CASCADE                                                               ;
; IGNORE_CASCADE_BUFFERS ; OFF         ; IGNORE_CASCADE                                                             ;
+------------------------+-------------+----------------------------------------------------------------------------+
Note: In order to hide this table in the UI and the text report file, please set the "Show Parameter Settings Tables in Synthesis Report" option in "Analysis and Synthesis Settings -> More Settings" to "Off".


+-------------------------------------------------------------------------------------------------------------------+
; Parameter Settings for User Entity Instance: design4TJN:inst|lpm_counter0:inst1|lpm_counter:lpm_counter_component ;
+------------------------+-------------+----------------------------------------------------------------------------+
; Parameter Name         ; Value       ; Type                                                                       ;
+------------------------+-------------+----------------------------------------------------------------------------+
; AUTO_CARRY_CHAINS      ; ON          ; AUTO_CARRY                                                                 ;
; IGNORE_CARRY_BUFFERS   ; OFF         ; IGNORE_CARRY                                                               ;
; AUTO_CASCADE_CHAINS    ; ON          ; AUTO_CASCADE                                                               ;
; IGNORE_CASCADE_BUFFERS ; OFF         ; IGNORE_CASCADE                                                             ;
; LPM_WIDTH              ; 7           ; Signed Integer                                                             ;
; LPM_DIRECTION          ; UP          ; Untyped                                                                    ;
; LPM_MODULUS            ; 82          ; Signed Integer                                                             ;
; LPM_AVALUE             ; UNUSED      ; Untyped                                                                    ;
; LPM_SVALUE             ; UNUSED      ; Untyped                                                                    ;
; LPM_PORT_UPDOWN        ; PORT_UNUSED ; Untyped                                                                    ;
; DEVICE_FAMILY          ; FLEX10K     ; Untyped                                                                    ;
; CARRY_CHAIN            ; MANUAL      ; Untyped                                                                    ;
; CARRY_CHAIN_LENGTH     ; 48          ; CARRY_CHAIN_LENGTH                                                         ;
; NOT_GATE_PUSH_BACK     ; ON          ; NOT_GATE_PUSH_BACK                                                         ;
; CARRY_CNT_EN           ; SMART       ; Untyped                                                                    ;
; LABWIDE_SCLR           ; ON          ; Untyped                                                                    ;
; USE_NEW_VERSION        ; TRUE        ; Untyped                                                                    ;
; CBXI_PARAMETER         ; NOTHING     ; Untyped                                                                    ;
+------------------------+-------------+----------------------------------------------------------------------------+
Note: In order to hide this table in the UI and the text report file, please set the "Show Parameter Settings Tables in Synthesis Report" option in "Analysis and Synthesis Settings -> More Settings" to "Off".


+--------------------------------------------------------------------------------------------------------+
; Parameter Settings for User Entity Instance: design4TJN:inst|lpm_mux0:inst40|LPM_MUX:lpm_mux_component ;
+------------------------+---------+---------------------------------------------------------------------+
; Parameter Name         ; Value   ; Type                                                                ;
+------------------------+---------+---------------------------------------------------------------------+
; AUTO_CARRY_CHAINS      ; ON      ; AUTO_CARRY                                                          ;
; IGNORE_CARRY_BUFFERS   ; OFF     ; IGNORE_CARRY                                                        ;
; AUTO_CASCADE_CHAINS    ; ON      ; AUTO_CASCADE                                                        ;
; IGNORE_CASCADE_BUFFERS ; OFF     ; IGNORE_CASCADE                                                      ;
; LPM_WIDTH              ; 1       ; Signed Integer                                                      ;
; LPM_SIZE               ; 2       ; Signed Integer                                                      ;
; LPM_WIDTHS             ; 1       ; Signed Integer                                                      ;
; LPM_PIPELINE           ; 0       ; Signed Integer                                                      ;
; CBXI_PARAMETER         ; mux_snd ; Untyped                                                             ;
; DEVICE_FAMILY          ; FLEX10K ; Untyped                                                             ;
+------------------------+---------+---------------------------------------------------------------------+
Note: In order to hide this table in the UI and the text report file, please set the "Show Parameter Settings Tables in Synthesis Report" option in "Analysis and Synthesis Settings -> More Settings" to "Off".


+--------------------------------------------------------------------------------------------------------------+
; Parameter Settings for User Entity Instance: design4TJN:inst|lpm_latch1:inst55|lpm_latch:lpm_latch_component ;
+----------------+--------+------------------------------------------------------------------------------------+
; Parameter Name ; Value  ; Type                                                                               ;
+----------------+--------+------------------------------------------------------------------------------------+
; LPM_WIDTH      ; 4      ; Signed Integer                                                                     ;
; LPM_AVALUE     ; UNUSED ; Untyped                                                                            ;
+----------------+--------+------------------------------------------------------------------------------------+
Note: In order to hide this table in the UI and the text report file, please set the "Show Parameter Settings Tables in Synthesis Report" option in "Analysis and Synthesis Settings -> More Settings" to "Off".


+-------------------------------+
; Analysis & Synthesis Messages ;
+-------------------------------+
Info: *******************************************************************
Info: Running Quartus II Analysis & Synthesis
    Info: Version 9.0 Build 235 06/17/2009 Service Pack 2 SJ Web Edition
    Info: Processing started: Thu Oct 24 12:55:33 2013
Info: Command: quartus_map --read_settings_files=on --write_settings_files=off project5 -c project5
Info: Found 1 design units, including 1 entities, in source file project5.bdf
    Info: Found entity 1: project5
Info: Elaborating entity "project5" for the top level hierarchy
Warning: Using design file design4TJN.bdf, which is not specified as a design file for the current project, but contains definitions for 1 design units and 1 entities in project
    Info: Found entity 1: design4TJN
Info: Elaborating entity "design4TJN" for hierarchy "design4TJN:inst"
Warning: Block or symbol "NOT" of instance "inst4" overlaps another block or symbol
Warning: Block or symbol "NOT" of instance "inst5" overlaps another block or symbol
Warning: Pin "UART_Clock" not connected
Warning: Using design file lpm_latch0.vhd, which is not specified as a design file for the current project, but contains definitions for 2 design units and 1 entities in project
    Info: Found design unit 1: lpm_latch0-SYN
    Info: Found entity 1: lpm_latch0
Info: Elaborating entity "lpm_latch0" for hierarchy "design4TJN:inst|lpm_latch0:inst54"
Info: Elaborating entity "lpm_latch" for hierarchy "design4TJN:inst|lpm_latch0:inst54|lpm_latch:lpm_latch_component"
Info: Elaborated megafunction instantiation "design4TJN:inst|lpm_latch0:inst54|lpm_latch:lpm_latch_component"
Info: Instantiated megafunction "design4TJN:inst|lpm_latch0:inst54|lpm_latch:lpm_latch_component" with the following parameter:
    Info: Parameter "lpm_type" = "LPM_LATCH"
    Info: Parameter "lpm_width" = "4"
Warning: Using design file Delay_Function.bdf, which is not specified as a design file for the current project, but contains definitions for 1 design units and 1 entities in project
    Info: Found entity 1: Delay_Function
Info: Elaborating entity "Delay_Function" for hierarchy "design4TJN:inst|Delay_Function:inst28"
Warning: Using design file lpm_add_sub0.vhd, which is not specified as a design file for the current project, but contains definitions for 2 design units and 1 entities in project
    Info: Found design unit 1: lpm_add_sub0-SYN
    Info: Found entity 1: lpm_add_sub0
Info: Elaborating entity "lpm_add_sub0" for hierarchy "design4TJN:inst|lpm_add_sub0:inst2"
Info: Elaborating entity "lpm_add_sub" for hierarchy "design4TJN:inst|lpm_add_sub0:inst2|lpm_add_sub:lpm_add_sub_component"
Info: Elaborated megafunction instantiation "design4TJN:inst|lpm_add_sub0:inst2|lpm_add_sub:lpm_add_sub_component"
Info: Instantiated megafunction "design4TJN:inst|lpm_add_sub0:inst2|lpm_add_sub:lpm_add_sub_component" with the following parameter:
    Info: Parameter "lpm_direction" = "SUB"
    Info: Parameter "lpm_hint" = "ONE_INPUT_IS_CONSTANT=YES,CIN_USED=NO"
    Info: Parameter "lpm_representation" = "UNSIGNED"
    Info: Parameter "lpm_type" = "LPM_ADD_SUB"
    Info: Parameter "lpm_width" = "7"
Info: Elaborating entity "addcore" for hierarchy "design4TJN:inst|lpm_add_sub0:inst2|lpm_add_sub:lpm_add_sub_component|addcore:adder"
Info: Elaborated megafunction instantiation "design4TJN:inst|lpm_add_sub0:inst2|lpm_add_sub:lpm_add_sub_component|addcore:adder", which is child of megafunction instantiation "design4TJN:inst|lpm_add_sub0:inst2|lpm_add_sub:lpm_add_sub_component"
Info: Elaborating entity "a_csnbuffer" for hierarchy "design4TJN:inst|lpm_add_sub0:inst2|lpm_add_sub:lpm_add_sub_component|addcore:adder|a_csnbuffer:oflow_node"
Info: Elaborated megafunction instantiation "design4TJN:inst|lpm_add_sub0:inst2|lpm_add_sub:lpm_add_sub_component|addcore:adder|a_csnbuffer:oflow_node", which is child of megafunction instantiation "design4TJN:inst|lpm_add_sub0:inst2|lpm_add_sub:lpm_add_sub_component"
Info: Elaborating entity "a_csnbuffer" for hierarchy "design4TJN:inst|lpm_add_sub0:inst2|lpm_add_sub:lpm_add_sub_component|addcore:adder|a_csnbuffer:result_node"
Info: Elaborated megafunction instantiation "design4TJN:inst|lpm_add_sub0:inst2|lpm_add_sub:lpm_add_sub_component|addcore:adder|a_csnbuffer:result_node", which is child of megafunction instantiation "design4TJN:inst|lpm_add_sub0:inst2|lpm_add_sub:lpm_add_sub_component"
Info: Elaborating entity "altshift" for hierarchy "design4TJN:inst|lpm_add_sub0:inst2|lpm_add_sub:lpm_add_sub_component|altshift:result_ext_latency_ffs"
Info: Elaborated megafunction instantiation "design4TJN:inst|lpm_add_sub0:inst2|lpm_add_sub:lpm_add_sub_component|altshift:result_ext_latency_ffs", which is child of megafunction instantiation "design4TJN:inst|lpm_add_sub0:inst2|lpm_add_sub:lpm_add_sub_component"
Info: Elaborating entity "altshift" for hierarchy "design4TJN:inst|lpm_add_sub0:inst2|lpm_add_sub:lpm_add_sub_component|altshift:carry_ext_latency_ffs"
Info: Elaborated megafunction instantiation "design4TJN:inst|lpm_add_sub0:inst2|lpm_add_sub:lpm_add_sub_component|altshift:carry_ext_latency_ffs", which is child of megafunction instantiation "design4TJN:inst|lpm_add_sub0:inst2|lpm_add_sub:lpm_add_sub_component"
Warning: Using design file lpm_counter0.vhd, which is not specified as a design file for the current project, but contains definitions for 2 design units and 1 entities in project
    Info: Found design unit 1: lpm_counter0-SYN
    Info: Found entity 1: lpm_counter0
Info: Elaborating entity "lpm_counter0" for hierarchy "design4TJN:inst|lpm_counter0:inst1"
Info: Elaborating entity "lpm_counter" for hierarchy "design4TJN:inst|lpm_counter0:inst1|lpm_counter:lpm_counter_component"
Info: Elaborated megafunction instantiation "design4TJN:inst|lpm_counter0:inst1|lpm_counter:lpm_counter_component"
Info: Instantiated megafunction "design4TJN:inst|lpm_counter0:inst1|lpm_counter:lpm_counter_component" with the following parameter:
    Info: Parameter "lpm_direction" = "UP"
    Info: Parameter "lpm_modulus" = "82"
    Info: Parameter "lpm_port_updown" = "PORT_UNUSED"
    Info: Parameter "lpm_type" = "LPM_COUNTER"
    Info: Parameter "lpm_width" = "7"
Info: Elaborating entity "alt_counter_f10ke" for hierarchy "design4TJN:inst|lpm_counter0:inst1|lpm_counter:lpm_counter_component|alt_counter_f10ke:wysi_counter"
Info: Elaborated megafunction instantiation "design4TJN:inst|lpm_counter0:inst1|lpm_counter:lpm_counter_component|alt_counter_f10ke:wysi_counter", which is child of megafunction instantiation "design4TJN:inst|lpm_counter0:inst1|lpm_counter:lpm_counter_component"
Info: Elaborating entity "lpm_constant" for hierarchy "design4TJN:inst|lpm_counter0:inst1|lpm_counter:lpm_counter_component|alt_counter_f10ke:wysi_counter|lpm_constant:$00012"
Info: Elaborated megafunction instantiation "design4TJN:inst|lpm_counter0:inst1|lpm_counter:lpm_counter_component|alt_counter_f10ke:wysi_counter|lpm_constant:$00012", which is child of megafunction instantiation "design4TJN:inst|lpm_counter0:inst1|lpm_counter:lpm_counter_component"
Info: Elaborating entity "lpm_compare" for hierarchy "design4TJN:inst|lpm_counter0:inst1|lpm_counter:lpm_counter_component|alt_counter_f10ke:wysi_counter|lpm_compare:$00014"
Info: Elaborated megafunction instantiation "design4TJN:inst|lpm_counter0:inst1|lpm_counter:lpm_counter_component|alt_counter_f10ke:wysi_counter|lpm_compare:$00014", which is child of megafunction instantiation "design4TJN:inst|lpm_counter0:inst1|lpm_counter:lpm_counter_component"
Info: Elaborating entity "comptree" for hierarchy "design4TJN:inst|lpm_counter0:inst1|lpm_counter:lpm_counter_component|alt_counter_f10ke:wysi_counter|lpm_compare:$00014|comptree:comparator"
Info: Elaborated megafunction instantiation "design4TJN:inst|lpm_counter0:inst1|lpm_counter:lpm_counter_component|alt_counter_f10ke:wysi_counter|lpm_compare:$00014|comptree:comparator", which is child of megafunction instantiation "design4TJN:inst|lpm_counter0:inst1|lpm_counter:lpm_counter_component"
Info: Elaborating entity "cmpchain" for hierarchy "design4TJN:inst|lpm_counter0:inst1|lpm_counter:lpm_counter_component|alt_counter_f10ke:wysi_counter|lpm_compare:$00014|comptree:comparator|cmpchain:cmp_end"
Info: Elaborated megafunction instantiation "design4TJN:inst|lpm_counter0:inst1|lpm_counter:lpm_counter_component|alt_counter_f10ke:wysi_counter|lpm_compare:$00014|comptree:comparator|cmpchain:cmp_end", which is child of megafunction instantiation "design4TJN:inst|lpm_counter0:inst1|lpm_counter:lpm_counter_component"
Info: Elaborating entity "comptree" for hierarchy "design4TJN:inst|lpm_counter0:inst1|lpm_counter:lpm_counter_component|alt_counter_f10ke:wysi_counter|lpm_compare:$00014|comptree:comparator|cmpchain:cmp_end|comptree:comp"
Info: Elaborated megafunction instantiation "design4TJN:inst|lpm_counter0:inst1|lpm_counter:lpm_counter_component|alt_counter_f10ke:wysi_counter|lpm_compare:$00014|comptree:comparator|cmpchain:cmp_end|comptree:comp", which is child of megafunction instantiation "design4TJN:inst|lpm_counter0:inst1|lpm_counter:lpm_counter_component"
Info: Elaborating entity "cmpchain" for hierarchy "design4TJN:inst|lpm_counter0:inst1|lpm_counter:lpm_counter_component|alt_counter_f10ke:wysi_counter|lpm_compare:$00014|comptree:comparator|cmpchain:cmp_end|comptree:comp|cmpchain:cmp[0]"
Info: Elaborated megafunction instantiation "design4TJN:inst|lpm_counter0:inst1|lpm_counter:lpm_counter_component|alt_counter_f10ke:wysi_counter|lpm_compare:$00014|comptree:comparator|cmpchain:cmp_end|comptree:comp|cmpchain:cmp[0]", which is child of megafunction instantiation "design4TJN:inst|lpm_counter0:inst1|lpm_counter:lpm_counter_component"
Info: Elaborating entity "cmpchain" for hierarchy "design4TJN:inst|lpm_counter0:inst1|lpm_counter:lpm_counter_component|alt_counter_f10ke:wysi_counter|lpm_compare:$00014|comptree:comparator|cmpchain:cmp_end|comptree:comp|cmpchain:cmp_end"
Info: Elaborated megafunction instantiation "design4TJN:inst|lpm_counter0:inst1|lpm_counter:lpm_counter_component|alt_counter_f10ke:wysi_counter|lpm_compare:$00014|comptree:comparator|cmpchain:cmp_end|comptree:comp|cmpchain:cmp_end", which is child of megafunction instantiation "design4TJN:inst|lpm_counter0:inst1|lpm_counter:lpm_counter_component"
Info: Elaborating entity "comptree" for hierarchy "design4TJN:inst|lpm_counter0:inst1|lpm_counter:lpm_counter_component|alt_counter_f10ke:wysi_counter|lpm_compare:$00014|comptree:comparator|cmpchain:cmp_end|comptree:comp|comptree:sub_comptree"
Info: Elaborated megafunction instantiation "design4TJN:inst|lpm_counter0:inst1|lpm_counter:lpm_counter_component|alt_counter_f10ke:wysi_counter|lpm_compare:$00014|comptree:comparator|cmpchain:cmp_end|comptree:comp|comptree:sub_comptree", which is child of megafunction instantiation "design4TJN:inst|lpm_counter0:inst1|lpm_counter:lpm_counter_component"
Info: Elaborating entity "cmpchain" for hierarchy "design4TJN:inst|lpm_counter0:inst1|lpm_counter:lpm_counter_component|alt_counter_f10ke:wysi_counter|lpm_compare:$00014|comptree:comparator|cmpchain:cmp_end|comptree:comp|comptree:sub_comptree|cmpchain:cmp_end"
Info: Elaborated megafunction instantiation "design4TJN:inst|lpm_counter0:inst1|lpm_counter:lpm_counter_component|alt_counter_f10ke:wysi_counter|lpm_compare:$00014|comptree:comparator|cmpchain:cmp_end|comptree:comp|comptree:sub_comptree|cmpchain:cmp_end", which is child of megafunction instantiation "design4TJN:inst|lpm_counter0:inst1|lpm_counter:lpm_counter_component"
Warning: Using design file lpm_mux0.vhd, which is not specified as a design file for the current project, but contains definitions for 2 design units and 1 entities in project
    Info: Found design unit 1: lpm_mux0-SYN
    Info: Found entity 1: lpm_mux0
Info: Elaborating entity "lpm_mux0" for hierarchy "design4TJN:inst|lpm_mux0:inst40"
Info: Elaborating entity "LPM_MUX" for hierarchy "design4TJN:inst|lpm_mux0:inst40|LPM_MUX:lpm_mux_component"
Info: Elaborated megafunction instantiation "design4TJN:inst|lpm_mux0:inst40|LPM_MUX:lpm_mux_component"
Info: Instantiated megafunction "design4TJN:inst|lpm_mux0:inst40|LPM_MUX:lpm_mux_component" with the following parameter:
    Info: Parameter "LPM_WIDTH" = "1"
    Info: Parameter "LPM_SIZE" = "2"
    Info: Parameter "LPM_WIDTHS" = "1"
    Info: Parameter "LPM_PIPELINE" = "0"
    Info: Parameter "LPM_TYPE" = "LPM_MUX"
    Info: Parameter "LPM_HINT" = "UNUSED"
Info: Elaborating entity "muxlut" for hierarchy "design4TJN:inst|lpm_mux0:inst40|LPM_MUX:lpm_mux_component|muxlut:$00009"
Info: Elaborated megafunction instantiation "design4TJN:inst|lpm_mux0:inst40|LPM_MUX:lpm_mux_component|muxlut:$00009", which is child of megafunction instantiation "design4TJN:inst|lpm_mux0:inst40|LPM_MUX:lpm_mux_component"
Warning: Using design file lpm_latch1.vhd, which is not specified as a design file for the current project, but contains definitions for 2 design units and 1 entities in project
    Info: Found design unit 1: lpm_latch1-SYN
    Info: Found entity 1: lpm_latch1
Info: Elaborating entity "lpm_latch1" for hierarchy "design4TJN:inst|lpm_latch1:inst55"
Warning: Using design file 7_Segment_Decoder.bdf, which is not specified as a design file for the current project, but contains definitions for 1 design units and 1 entities in project
    Info: Found entity 1: 7_Segment_Decoder
Info: Elaborating entity "7_Segment_Decoder" for hierarchy "design4TJN:inst|7_Segment_Decoder:inst24"
Warning: Block or symbol "NOT" of instance "inst9" overlaps another block or symbol
Warning: Block or symbol "NOT" of instance "inst39" overlaps another block or symbol
Warning: Block or symbol "NOT" of instance "inst40" overlaps another block or symbol
Warning: Synthesized away the following node(s):
    Warning: Synthesized away the following LCELL buffer node(s):
        Warning (14320): Synthesized away node "design4TJN:inst|lpm_counter0:inst1|lpm_counter:lpm_counter_component|alt_counter_f10ke:wysi_counter|lpm_compare:$00014|comptree:comparator|cmpchain:cmp_end|comptree:comp|comptree:sub_comptree|cmpchain:cmp_end|aeb_out"
        Warning (14320): Synthesized away node "design4TJN:inst|lpm_counter0:inst1|lpm_counter:lpm_counter_component|alt_counter_f10ke:wysi_counter|lpm_compare:$00014|comptree:comparator|cmpchain:cmp_end|comptree:comp|cmpchain:cmp_end|aeb_out"
        Warning (14320): Synthesized away node "design4TJN:inst|lpm_counter0:inst1|lpm_counter:lpm_counter_component|alt_counter_f10ke:wysi_counter|lpm_compare:$00014|comptree:comparator|cmpchain:cmp_end|comptree:comp|cmpchain:cmp[0]|aeb_out"
Info: 7 registers lost all their fanouts during netlist optimizations. The first 7 are displayed below.
    Info: Register "design4TJN:inst|lpm_counter0:inst1|lpm_counter:lpm_counter_component|alt_counter_f10ke:wysi_counter|q[6]" lost all its fanouts during netlist optimizations.
    Info: Register "design4TJN:inst|lpm_counter0:inst1|lpm_counter:lpm_counter_component|alt_counter_f10ke:wysi_counter|q[5]" lost all its fanouts during netlist optimizations.
    Info: Register "design4TJN:inst|lpm_counter0:inst1|lpm_counter:lpm_counter_component|alt_counter_f10ke:wysi_counter|q[4]" lost all its fanouts during netlist optimizations.
    Info: Register "design4TJN:inst|lpm_counter0:inst1|lpm_counter:lpm_counter_component|alt_counter_f10ke:wysi_counter|q[3]" lost all its fanouts during netlist optimizations.
    Info: Register "design4TJN:inst|lpm_counter0:inst1|lpm_counter:lpm_counter_component|alt_counter_f10ke:wysi_counter|q[2]" lost all its fanouts during netlist optimizations.
    Info: Register "design4TJN:inst|lpm_counter0:inst1|lpm_counter:lpm_counter_component|alt_counter_f10ke:wysi_counter|q[1]" lost all its fanouts during netlist optimizations.
    Info: Register "design4TJN:inst|lpm_counter0:inst1|lpm_counter:lpm_counter_component|alt_counter_f10ke:wysi_counter|q[0]" lost all its fanouts during netlist optimizations.
Warning: Design contains 4 input pin(s) that do not drive logic
    Warning (15610): No output dependent on input pin "Rst_UART"
    Warning (15610): No output dependent on input pin "UART_CLK_SIM"
    Warning (15610): No output dependent on input pin "Sys_CLK"
    Warning (15610): No output dependent on input pin "UART_Recieve"
Info: Implemented 12 device resources after synthesis - the final resource count might be different
    Info: Implemented 6 input pins
    Info: Implemented 4 output pins
    Info: Implemented 2 logic cells
Info: Quartus II Analysis & Synthesis was successful. 0 errors, 24 warnings
    Info: Peak virtual memory: 238 megabytes
    Info: Processing ended: Thu Oct 24 12:55:34 2013
    Info: Elapsed time: 00:00:01
    Info: Total CPU time (on all processors): 00:00:01


