Fitter report for tjn_design3
Tue Oct 01 17:46:58 2013
Quartus II Version 9.0 Build 235 06/17/2009 Service Pack 2 SJ Web Edition


---------------------
; Table of Contents ;
---------------------
  1. Legal Notice
  2. Fitter Summary
  3. Fitter Settings
  4. Parallel Compilation
  5. Fitter Device Options
  6. Input Pins
  7. Output Pins
  8. All Package Pins
  9. Control Signals
 10. Global & Other Fast Signals
 11. Carry Chains
 12. Non-Global High Fan-Out Signals
 13. Peripheral Signals
 14. LAB
 15. Local Routing Interconnect
 16. LAB External Interconnect
 17. Row Interconnect
 18. LAB Column Interconnect
 19. LAB Column Interconnect
 20. Fitter Resource Usage Summary
 21. Fitter Resource Utilization by Entity
 22. Delay Chain Summary
 23. Pin-Out File
 24. Fitter Messages



----------------
; Legal Notice ;
----------------
Copyright (C) 1991-2009 Altera Corporation
Your use of Altera Corporation's design tools, logic functions 
and other software and tools, and its AMPP partner logic 
functions, and any output files from any of the foregoing 
(including device programming or simulation files), and any 
associated documentation or information are expressly subject 
to the terms and conditions of the Altera Program License 
Subscription Agreement, Altera MegaCore Function License 
Agreement, or other applicable license agreement, including, 
without limitation, that your use is for the sole purpose of 
programming logic devices manufactured by Altera and sold by 
Altera or its authorized distributors.  Please refer to the 
applicable agreement for further details.



+----------------------------------------------------------------------+
; Fitter Summary                                                       ;
+-----------------------+----------------------------------------------+
; Fitter Status         ; Successful - Tue Oct 01 17:46:58 2013        ;
; Quartus II Version    ; 9.0 Build 235 06/17/2009 SP 2 SJ Web Edition ;
; Revision Name         ; tjn_design3                                  ;
; Top-level Entity Name ; tjn_design3                                  ;
; Family                ; FLEX10K                                      ;
; Device                ; EPF10K70RC240-4                              ;
; Timing Models         ; Final                                        ;
; Total logic elements  ; 56 / 3,744 ( 1 % )                           ;
; Total pins            ; 15 / 189 ( 8 % )                             ;
; Total memory bits     ; 0 / 18,432 ( 0 % )                           ;
+-----------------------+----------------------------------------------+


+------------------------------------------------------------------------------------------------------+
; Fitter Settings                                                                                      ;
+------------------------------------------------------------+--------------------+--------------------+
; Option                                                     ; Setting            ; Default Value      ;
+------------------------------------------------------------+--------------------+--------------------+
; Device                                                     ; EPF10K70RC240-4    ;                    ;
; Fitter Effort                                              ; Standard Fit       ; Auto Fit           ;
; Use smart compilation                                      ; Off                ; Off                ;
; Use TimeQuest Timing Analyzer                              ; Off                ; Off                ;
; Router Timing Optimization Level                           ; Normal             ; Normal             ;
; Placement Effort Multiplier                                ; 1.0                ; 1.0                ;
; Router Effort Multiplier                                   ; 1.0                ; 1.0                ;
; Optimize Timing                                            ; Normal compilation ; Normal compilation ;
; Optimize Timing for ECOs                                   ; Off                ; Off                ;
; Regenerate full fit report during ECO compiles             ; Off                ; Off                ;
; Optimize IOC Register Placement for Timing                 ; On                 ; On                 ;
; Limit to One Fitting Attempt                               ; Off                ; Off                ;
; Final Placement Optimizations                              ; Automatically      ; Automatically      ;
; Fitter Aggressive Routability Optimizations                ; Automatically      ; Automatically      ;
; Fitter Initial Placement Seed                              ; 1                  ; 1                  ;
; Slow Slew Rate                                             ; Off                ; Off                ;
; Auto Global Memory Control Signals                         ; Off                ; Off                ;
; Logic Cell Insertion - Individual Logic Cells              ; On                 ; On                 ;
; Logic Cell Insertion - I/Os Fed By Carry or Cascade Chains ; On                 ; On                 ;
; Auto Global Clock                                          ; On                 ; On                 ;
; Auto Global Output Enable                                  ; On                 ; On                 ;
; Auto Global Register Control Signals                       ; On                 ; On                 ;
; Force Fitter to Avoid Periphery Placement Warnings         ; Off                ; Off                ;
+------------------------------------------------------------+--------------------+--------------------+


Parallel compilation was disabled, but you have multiple processors available. Enable parallel compilation to reduce compilation time.
+-------------------------------------+
; Parallel Compilation                ;
+----------------------------+--------+
; Processors                 ; Number ;
+----------------------------+--------+
; Number detected on machine ; 2      ;
; Maximum allowed            ; 1      ;
+----------------------------+--------+


+-------------------------------------------------------------------------+
; Fitter Device Options                                                   ;
+----------------------------------------------+--------------------------+
; Option                                       ; Setting                  ;
+----------------------------------------------+--------------------------+
; Enable user-supplied start-up clock (CLKUSR) ; Off                      ;
; Enable device-wide reset (DEV_CLRn)          ; Off                      ;
; Enable device-wide output enable (DEV_OE)    ; Off                      ;
; Enable INIT_DONE output                      ; Off                      ;
; Configuration scheme                         ; Passive Serial           ;
; nWS, nRS, nCS, CS                            ; Unreserved               ;
; RDYnBUSY                                     ; Unreserved               ;
; Data[7..1]                                   ; Unreserved               ;
; Reserve all unused pins                      ; As output driving ground ;
; Base pin-out file on sameframe device        ; Off                      ;
+----------------------------------------------+--------------------------+


+-------------------------------------------------------------------------------------------------------------------------------------------+
; Input Pins                                                                                                                                ;
+-----------+-------+-----+------+---------+--------+--------------+-------------------------+---------------+---------------+--------------+
; Name      ; Pin # ; Row ; Col. ; Fan-Out ; Global ; I/O Register ; Use Local Routing Input ; Power Up High ; Single-Pin CE ; I/O Standard ;
+-----------+-------+-----+------+---------+--------+--------------+-------------------------+---------------+---------------+--------------+
; XTAL_Y    ; 91    ; --  ; --   ; 13      ; yes    ; no           ; no                      ; no            ; no            ; TTL          ;
; Button_10 ; 29    ;  D  ; --   ; 3       ; no     ; no           ; no                      ; no            ; no            ; TTL          ;
; Button_01 ; 28    ;  D  ; --   ; 3       ; no     ; no           ; no                      ; no            ; no            ; TTL          ;
+-----------+-------+-----+------+---------+--------+--------------+-------------------------+---------------+---------------+--------------+


+------------------------------------------------------------------------------------------------------------------------------------------------------------------------------------------+
; Output Pins                                                                                                                                                                              ;
+--------------+-------+-----+------+--------------+--------------------------+---------------+----------------+---------------+---------------+------------+---------------+--------------+
; Name         ; Pin # ; Row ; Col. ; I/O Register ; Use Local Routing Output ; Power Up High ; Slow Slew Rate ; Single-Pin OE ; Single-Pin CE ; Open Drain ; TRI Primitive ; I/O Standard ;
+--------------+-------+-----+------+--------------+--------------------------+---------------+----------------+---------------+---------------+------------+---------------+--------------+
; b1_1         ; 23    ;  C  ; --   ; no           ; no                       ; no            ; no             ; no            ; no            ; no         ; no            ; TTL          ;
; b1_2         ; 20    ;  C  ; --   ; no           ; no                       ; no            ; no             ; no            ; no            ; no         ; no            ; TTL          ;
; b1_9         ; 24    ;  C  ; --   ; no           ; no                       ; no            ; no             ; no            ; no            ; no         ; no            ; TTL          ;
; out          ; 48    ;  H  ; --   ; no           ; no                       ; no            ; no             ; no            ; no            ; no         ; no            ; TTL          ;
; enable_state ; 21    ;  C  ; --   ; no           ; no                       ; no            ; no             ; no            ; no            ; no         ; no            ; TTL          ;
; b1_0         ; 156   ;  D  ; --   ; no           ; no                       ; no            ; no             ; no            ; no            ; no         ; no            ; TTL          ;
; b1_3         ; 226   ; --  ; 38   ; no           ; no                       ; no            ; no             ; no            ; no            ; no         ; no            ; TTL          ;
; b1_4         ; 137   ;  H  ; --   ; no           ; no                       ; no            ; no             ; no            ; no            ; no         ; no            ; TTL          ;
; b1_5         ; 215   ; --  ; 29   ; no           ; no                       ; no            ; no             ; no            ; no            ; no         ; no            ; TTL          ;
; b1_6         ; 196   ; --  ; 16   ; no           ; no                       ; no            ; no             ; no            ; no            ; no         ; no            ; TTL          ;
; b1_7         ; 169   ;  B  ; --   ; no           ; no                       ; no            ; no             ; no            ; no            ; no         ; no            ; TTL          ;
; b1_8         ; 208   ; --  ; 25   ; no           ; no                       ; no            ; no             ; no            ; no            ; no         ; no            ; TTL          ;
+--------------+-------+-----+------+--------------+--------------------------+---------------+----------------+---------------+---------------+------------+---------------+--------------+


+-------------------------------------+
; All Package Pins                    ;
+-------+--------------+--------------+
; Pin # ; Usage        ; I/O Standard ;
+-------+--------------+--------------+
; 1     ; #TCK         ;              ;
; 2     ; ^CONF_DONE   ;              ;
; 3     ; ^nCEO        ;              ;
; 4     ; #TDO         ;              ;
; 5     ; VCC_INT      ;              ;
; 6     ; GND*         ;              ;
; 7     ; GND*         ;              ;
; 8     ; GND*         ;              ;
; 9     ; GND*         ;              ;
; 10    ; GND_INT      ;              ;
; 11    ; GND*         ;              ;
; 12    ; GND*         ;              ;
; 13    ; GND*         ;              ;
; 14    ; GND*         ;              ;
; 15    ; GND*         ;              ;
; 16    ; VCC_INT      ;              ;
; 17    ; GND*         ;              ;
; 18    ; GND*         ;              ;
; 19    ; GND*         ;              ;
; 20    ; b1_2         ; TTL          ;
; 21    ; enable_state ; TTL          ;
; 22    ; GND_INT      ;              ;
; 23    ; b1_1         ; TTL          ;
; 24    ; b1_9         ; TTL          ;
; 25    ; GND*         ;              ;
; 26    ; GND*         ;              ;
; 27    ; VCC_INT      ;              ;
; 28    ; Button_01    ; TTL          ;
; 29    ; Button_10    ; TTL          ;
; 30    ; GND*         ;              ;
; 31    ; GND*         ;              ;
; 32    ; GND_INT      ;              ;
; 33    ; GND*         ;              ;
; 34    ; GND*         ;              ;
; 35    ; GND*         ;              ;
; 36    ; GND*         ;              ;
; 37    ; VCC_INT      ;              ;
; 38    ; GND*         ;              ;
; 39    ; GND*         ;              ;
; 40    ; GND*         ;              ;
; 41    ; GND*         ;              ;
; 42    ; GND_INT      ;              ;
; 43    ; GND*         ;              ;
; 44    ; GND*         ;              ;
; 45    ; GND*         ;              ;
; 46    ; GND*         ;              ;
; 47    ; VCC_INT      ;              ;
; 48    ; out          ; TTL          ;
; 49    ; GND*         ;              ;
; 50    ; GND*         ;              ;
; 51    ; GND*         ;              ;
; 52    ; GND_INT      ;              ;
; 53    ; GND*         ;              ;
; 54    ; GND*         ;              ;
; 55    ; GND*         ;              ;
; 56    ; GND*         ;              ;
; 57    ; VCC_INT      ;              ;
; 58    ; #TMS         ;              ;
; 59    ; #TRST        ;              ;
; 60    ; ^nSTATUS     ;              ;
; 61    ; GND*         ;              ;
; 62    ; GND*         ;              ;
; 63    ; GND*         ;              ;
; 64    ; GND*         ;              ;
; 65    ; GND*         ;              ;
; 66    ; GND*         ;              ;
; 67    ; GND*         ;              ;
; 68    ; GND*         ;              ;
; 69    ; GND_INT      ;              ;
; 70    ; GND*         ;              ;
; 71    ; GND*         ;              ;
; 72    ; GND*         ;              ;
; 73    ; GND*         ;              ;
; 74    ; GND*         ;              ;
; 75    ; GND*         ;              ;
; 76    ; GND*         ;              ;
; 77    ; VCC_INT      ;              ;
; 78    ; GND*         ;              ;
; 79    ; GND*         ;              ;
; 80    ; GND*         ;              ;
; 81    ; GND*         ;              ;
; 82    ; GND*         ;              ;
; 83    ; GND*         ;              ;
; 84    ; GND*         ;              ;
; 85    ; GND_INT      ;              ;
; 86    ; GND*         ;              ;
; 87    ; GND*         ;              ;
; 88    ; GND*         ;              ;
; 89    ; VCC_INT      ;              ;
; 90    ; GND+         ;              ;
; 91    ; XTAL_Y       ; TTL          ;
; 92    ; GND+         ;              ;
; 93    ; GND_INT      ;              ;
; 94    ; GND*         ;              ;
; 95    ; GND*         ;              ;
; 96    ; VCC_INT      ;              ;
; 97    ; GND*         ;              ;
; 98    ; GND*         ;              ;
; 99    ; GND*         ;              ;
; 100   ; GND*         ;              ;
; 101   ; GND*         ;              ;
; 102   ; GND*         ;              ;
; 103   ; GND*         ;              ;
; 104   ; GND_INT      ;              ;
; 105   ; GND*         ;              ;
; 106   ; GND*         ;              ;
; 107   ; GND*         ;              ;
; 108   ; GND*         ;              ;
; 109   ; GND*         ;              ;
; 110   ; GND*         ;              ;
; 111   ; GND*         ;              ;
; 112   ; VCC_INT      ;              ;
; 113   ; GND*         ;              ;
; 114   ; GND*         ;              ;
; 115   ; GND*         ;              ;
; 116   ; GND*         ;              ;
; 117   ; GND*         ;              ;
; 118   ; GND*         ;              ;
; 119   ; GND*         ;              ;
; 120   ; GND*         ;              ;
; 121   ; ^nCONFIG     ;              ;
; 122   ; VCC_INT      ;              ;
; 123   ; ^MSEL1       ;              ;
; 124   ; ^MSEL0       ;              ;
; 125   ; GND_INT      ;              ;
; 126   ; GND*         ;              ;
; 127   ; GND*         ;              ;
; 128   ; GND*         ;              ;
; 129   ; GND*         ;              ;
; 130   ; VCC_INT      ;              ;
; 131   ; GND*         ;              ;
; 132   ; GND*         ;              ;
; 133   ; GND*         ;              ;
; 134   ; GND*         ;              ;
; 135   ; GND_INT      ;              ;
; 136   ; GND*         ;              ;
; 137   ; b1_4         ; TTL          ;
; 138   ; GND*         ;              ;
; 139   ; GND*         ;              ;
; 140   ; VCC_INT      ;              ;
; 141   ; GND*         ;              ;
; 142   ; GND*         ;              ;
; 143   ; GND*         ;              ;
; 144   ; GND*         ;              ;
; 145   ; GND_INT      ;              ;
; 146   ; GND*         ;              ;
; 147   ; GND*         ;              ;
; 148   ; GND*         ;              ;
; 149   ; GND*         ;              ;
; 150   ; VCC_INT      ;              ;
; 151   ; GND*         ;              ;
; 152   ; GND*         ;              ;
; 153   ; GND*         ;              ;
; 154   ; GND*         ;              ;
; 155   ; GND_INT      ;              ;
; 156   ; b1_0         ; TTL          ;
; 157   ; GND*         ;              ;
; 158   ; GND*         ;              ;
; 159   ; GND*         ;              ;
; 160   ; VCC_INT      ;              ;
; 161   ; GND*         ;              ;
; 162   ; GND*         ;              ;
; 163   ; GND*         ;              ;
; 164   ; GND*         ;              ;
; 165   ; GND_INT      ;              ;
; 166   ; GND*         ;              ;
; 167   ; GND*         ;              ;
; 168   ; GND*         ;              ;
; 169   ; b1_7         ; TTL          ;
; 170   ; VCC_INT      ;              ;
; 171   ; GND*         ;              ;
; 172   ; GND*         ;              ;
; 173   ; GND*         ;              ;
; 174   ; GND*         ;              ;
; 175   ; GND*         ;              ;
; 176   ; GND_INT      ;              ;
; 177   ; #TDI         ;              ;
; 178   ; ^nCE         ;              ;
; 179   ; ^DCLK        ;              ;
; 180   ; ^DATA0       ;              ;
; 181   ; GND*         ;              ;
; 182   ; GND*         ;              ;
; 183   ; GND*         ;              ;
; 184   ; GND*         ;              ;
; 185   ; GND*         ;              ;
; 186   ; GND*         ;              ;
; 187   ; GND*         ;              ;
; 188   ; GND*         ;              ;
; 189   ; VCC_INT      ;              ;
; 190   ; GND*         ;              ;
; 191   ; GND*         ;              ;
; 192   ; GND*         ;              ;
; 193   ; GND*         ;              ;
; 194   ; GND*         ;              ;
; 195   ; GND*         ;              ;
; 196   ; b1_6         ; TTL          ;
; 197   ; GND_INT      ;              ;
; 198   ; GND*         ;              ;
; 199   ; GND*         ;              ;
; 200   ; GND*         ;              ;
; 201   ; GND*         ;              ;
; 202   ; GND*         ;              ;
; 203   ; GND*         ;              ;
; 204   ; GND*         ;              ;
; 205   ; VCC_INT      ;              ;
; 206   ; GND*         ;              ;
; 207   ; GND*         ;              ;
; 208   ; b1_8         ; TTL          ;
; 209   ; GND*         ;              ;
; 210   ; GND+         ;              ;
; 211   ; GND+         ;              ;
; 212   ; GND+         ;              ;
; 213   ; GND*         ;              ;
; 214   ; GND*         ;              ;
; 215   ; b1_5         ; TTL          ;
; 216   ; GND_INT      ;              ;
; 217   ; GND*         ;              ;
; 218   ; GND*         ;              ;
; 219   ; GND*         ;              ;
; 220   ; GND*         ;              ;
; 221   ; GND*         ;              ;
; 222   ; GND*         ;              ;
; 223   ; GND*         ;              ;
; 224   ; VCC_INT      ;              ;
; 225   ; GND*         ;              ;
; 226   ; b1_3         ; TTL          ;
; 227   ; GND*         ;              ;
; 228   ; GND*         ;              ;
; 229   ; GND*         ;              ;
; 230   ; GND*         ;              ;
; 231   ; GND*         ;              ;
; 232   ; GND_INT      ;              ;
; 233   ; GND*         ;              ;
; 234   ; GND*         ;              ;
; 235   ; GND*         ;              ;
; 236   ; GND*         ;              ;
; 237   ; GND*         ;              ;
; 238   ; GND*         ;              ;
; 239   ; GND*         ;              ;
; 240   ; GND*         ;              ;
+-------+--------------+--------------+


+----------------------------------------------------------------------------------------------------------------------------------------------------------------------------------------------------------------------------------------------------------------------------+
; Control Signals                                                                                                                                                                                                                                                            ;
+----------------------------------------------------------------------------------------------------------------------------------------------------------------------------------------------------------------------------+---------+---------+------------+--------------+
; Name                                                                                                                                                                                                                       ; Pin #   ; Fan-Out ; Usage      ; Global Usage ;
+----------------------------------------------------------------------------------------------------------------------------------------------------------------------------------------------------------------------------+---------+---------+------------+--------------+
; XTAL_Y                                                                                                                                                                                                                     ; 91      ; 13      ; Clock      ; Pin          ;
; ClockBlock:inst1|inst67                                                                                                                                                                                                    ; LC1_E21 ; 22      ; Clock      ; Internal     ;
; ClockBlock:inst1|lpm_counter0:inst65|lpm_counter:lpm_counter_component|alt_counter_f10ke:wysi_counter|lpm_compare:$00019|comptree:comparator|cmpchain:cmp_end|comptree:comp|comptree:sub_comptree|cmpchain:cmp_end|aeb_out ; LC1_E18 ; 12      ; Sync. load ; Non-global   ;
+----------------------------------------------------------------------------------------------------------------------------------------------------------------------------------------------------------------------------+---------+---------+------------+--------------+


+------------------------------------------------------+
; Global & Other Fast Signals                          ;
+-------------------------+---------+---------+--------+
; Name                    ; Pin #   ; Fan-Out ; Global ;
+-------------------------+---------+---------+--------+
; XTAL_Y                  ; 91      ; 13      ; yes    ;
; ClockBlock:inst1|inst67 ; LC1_E21 ; 22      ; yes    ;
+-------------------------+---------+---------+--------+


+---------------------------------------------+
; Carry Chains                                ;
+--------------------+------------------------+
; Carry Chain Length ; Number of Carry Chains ;
+--------------------+------------------------+
; 0                  ; 0                      ;
; 1                  ; 0                      ;
; 2                  ; 0                      ;
; 3                  ; 0                      ;
; 4                  ; 0                      ;
; 5                  ; 0                      ;
; 6                  ; 0                      ;
; 7                  ; 0                      ;
; 8                  ; 0                      ;
; 9                  ; 0                      ;
; 10                 ; 0                      ;
; 11                 ; 0                      ;
; 12                 ; 1                      ;
; 13                 ; 1                      ;
+--------------------+------------------------+


+----------------------------------------------------------------------------------------------------------------------------------------------------------------------------------------------------------------------------------------+
; Non-Global High Fan-Out Signals                                                                                                                                                                                                        ;
+------------------------------------------------------------------------------------------------------------------------------------------------------------------------------------------------------------------------------+---------+
; Name                                                                                                                                                                                                                         ; Fan-Out ;
+------------------------------------------------------------------------------------------------------------------------------------------------------------------------------------------------------------------------------+---------+
; ClockBlock:inst1|lpm_counter0:inst65|lpm_counter:lpm_counter_component|alt_counter_f10ke:wysi_counter|lpm_compare:$00019|comptree:comparator|cmpchain:cmp_end|comptree:comp|comptree:sub_comptree|cmpchain:cmp_end|aeb_out~2 ; 12      ;
; ~GND~0                                                                                                                                                                                                                       ; 12      ;
; ClockBlock:inst1|lpm_counter0:inst65|lpm_counter:lpm_counter_component|alt_counter_f10ke:wysi_counter|counter_cell[0]~COUT                                                                                                   ; 3       ;
; ClockBlock:inst1|lpm_counter0:inst65|lpm_counter:lpm_counter_component|alt_counter_f10ke:wysi_counter|counter_cell[1]~COUT                                                                                                   ; 3       ;
; inst15~1                                                                                                                                                                                                                     ; 3       ;
; ClockBlock:inst1|lpm_counter0:inst65|lpm_counter:lpm_counter_component|alt_counter_f10ke:wysi_counter|counter_cell[10]~COUT                                                                                                  ; 3       ;
; ClockBlock:inst1|lpm_counter0:inst65|lpm_counter:lpm_counter_component|alt_counter_f10ke:wysi_counter|counter_cell[3]~COUT                                                                                                   ; 3       ;
; ClockBlock:inst1|lpm_counter0:inst65|lpm_counter:lpm_counter_component|alt_counter_f10ke:wysi_counter|counter_cell[2]~COUT                                                                                                   ; 3       ;
; inst14~1                                                                                                                                                                                                                     ; 3       ;
; ClockBlock:inst1|lpm_counter0:inst65|lpm_counter:lpm_counter_component|alt_counter_f10ke:wysi_counter|counter_cell[9]~COUT                                                                                                   ; 3       ;
; ClockBlock:inst1|lpm_counter0:inst65|lpm_counter:lpm_counter_component|alt_counter_f10ke:wysi_counter|counter_cell[7]~COUT                                                                                                   ; 3       ;
; ClockBlock:inst1|lpm_counter0:inst65|lpm_counter:lpm_counter_component|alt_counter_f10ke:wysi_counter|counter_cell[6]~COUT                                                                                                   ; 3       ;
; Button_01                                                                                                                                                                                                                    ; 3       ;
; ClockBlock:inst1|lpm_counter0:inst65|lpm_counter:lpm_counter_component|alt_counter_f10ke:wysi_counter|counter_cell[8]~COUT                                                                                                   ; 3       ;
; Button_10                                                                                                                                                                                                                    ; 3       ;
; ClockBlock:inst1|lpm_counter0:inst65|lpm_counter:lpm_counter_component|alt_counter_f10ke:wysi_counter|counter_cell[5]~COUT                                                                                                   ; 3       ;
; ClockBlock:inst1|lpm_counter0:inst65|lpm_counter:lpm_counter_component|alt_counter_f10ke:wysi_counter|counter_cell[4]~COUT                                                                                                   ; 3       ;
; ClockBlock:inst1|lpm_counter0:inst65|lpm_counter:lpm_counter_component|alt_counter_f10ke:wysi_counter|q[11]~0                                                                                                                ; 2       ;
; inst21~1                                                                                                                                                                                                                     ; 2       ;
; inst12~1                                                                                                                                                                                                                     ; 2       ;
; inst11~0                                                                                                                                                                                                                     ; 2       ;
; ButtonFSMBlock:inst|inst~1                                                                                                                                                                                                   ; 2       ;
; inst60~0                                                                                                                                                                                                                     ; 2       ;
; ButtonFSMBlock:inst|inst82~1                                                                                                                                                                                                 ; 2       ;
; ButtonFSMBlock:inst|inst13~0                                                                                                                                                                                                 ; 2       ;
; inst35~0                                                                                                                                                                                                                     ; 2       ;
; inst17~1                                                                                                                                                                                                                     ; 2       ;
; inst16~1                                                                                                                                                                                                                     ; 2       ;
; inst20~1                                                                                                                                                                                                                     ; 2       ;
; inst19~1                                                                                                                                                                                                                     ; 2       ;
; inst18~1                                                                                                                                                                                                                     ; 2       ;
; inst22~1                                                                                                                                                                                                                     ; 2       ;
; inst57~1                                                                                                                                                                                                                     ; 1       ;
; ClockBlock:inst1|lpm_add_sub0:inst66|lpm_add_sub:lpm_add_sub_component|addcore:adder|a_csnbuffer:result_node|cout[1]                                                                                                         ; 1       ;
; ClockBlock:inst1|lpm_add_sub0:inst66|lpm_add_sub:lpm_add_sub_component|addcore:adder|a_csnbuffer:result_node|cout[5]                                                                                                         ; 1       ;
; inst48~1                                                                                                                                                                                                                     ; 1       ;
; ClockBlock:inst1|lpm_add_sub0:inst66|lpm_add_sub:lpm_add_sub_component|addcore:adder|a_csnbuffer:result_node|cout[7]                                                                                                         ; 1       ;
; inst63~0                                                                                                                                                                                                                     ; 1       ;
; inst56~1                                                                                                                                                                                                                     ; 1       ;
; ClockBlock:inst1|lpm_counter0:inst65|lpm_counter:lpm_counter_component|alt_counter_f10ke:wysi_counter|lpm_compare:$00019|comptree:comparator|cmpchain:cmp_end|comptree:comp|cmpchain:cmp[1]|aeb_out~2                        ; 1       ;
; ClockBlock:inst1|lpm_add_sub0:inst66|lpm_add_sub:lpm_add_sub_component|addcore:adder|a_csnbuffer:result_node|cout[10]                                                                                                        ; 1       ;
; ClockBlock:inst1|lpm_add_sub0:inst66|lpm_add_sub:lpm_add_sub_component|addcore:adder|a_csnbuffer:result_node|cout[11]                                                                                                        ; 1       ;
; ClockBlock:inst1|lpm_add_sub0:inst66|lpm_add_sub:lpm_add_sub_component|addcore:adder|a_csnbuffer:result_node|cout[2]                                                                                                         ; 1       ;
; ClockBlock:inst1|lpm_add_sub0:inst66|lpm_add_sub:lpm_add_sub_component|addcore:adder|a_csnbuffer:result_node|cout[4]                                                                                                         ; 1       ;
; ClockBlock:inst1|lpm_counter0:inst65|lpm_counter:lpm_counter_component|alt_counter_f10ke:wysi_counter|lpm_compare:$00019|comptree:comparator|cmpchain:cmp_end|comptree:comp|cmpchain:cmp[2]|aeb_out~2                        ; 1       ;
; ClockBlock:inst1|lpm_add_sub0:inst66|lpm_add_sub:lpm_add_sub_component|addcore:adder|a_csnbuffer:result_node|cout[0]                                                                                                         ; 1       ;
; inst58~1                                                                                                                                                                                                                     ; 1       ;
; inst55~4                                                                                                                                                                                                                     ; 1       ;
; ClockBlock:inst1|lpm_counter0:inst65|lpm_counter:lpm_counter_component|alt_counter_f10ke:wysi_counter|lpm_compare:$00019|comptree:comparator|cmpchain:cmp_end|comptree:comp|cmpchain:cmp[0]|aeb_out~2                        ; 1       ;
; ClockBlock:inst1|lpm_add_sub0:inst66|lpm_add_sub:lpm_add_sub_component|addcore:adder|a_csnbuffer:result_node|cout[9]                                                                                                         ; 1       ;
+------------------------------------------------------------------------------------------------------------------------------------------------------------------------------------------------------------------------------+---------+


+----------------------------------------------------------------------------------------------------+
; Peripheral Signals                                                                                 ;
+-------------------------+---------+-------+-----------------+---------------------------+----------+
; Peripheral Signal       ; Source  ; Usage ; Dedicated Clock ; Peripheral Control Signal ; Polarity ;
+-------------------------+---------+-------+-----------------+---------------------------+----------+
; ClockBlock:inst1|inst67 ; LC1_E21 ; Clock ; no              ; yes                       ; +ve      ;
+-------------------------+---------+-------+-----------------+---------------------------+----------+


+-------------------------------------------+
; LAB                                       ;
+--------------------------+----------------+
; Number of Logic Elements ; Number of LABs ;
+--------------------------+----------------+
; 0                        ; 458            ;
; 1                        ; 2              ;
; 2                        ; 0              ;
; 3                        ; 0              ;
; 4                        ; 1              ;
; 5                        ; 1              ;
; 6                        ; 0              ;
; 7                        ; 3              ;
; 8                        ; 3              ;
+--------------------------+----------------+


+----------------------------------------------+
; Local Routing Interconnect                   ;
+-----------------------------+----------------+
; Local Routing Interconnects ; Number of LABs ;
+-----------------------------+----------------+
; 0                           ; 462            ;
; 1                           ; 0              ;
; 2                           ; 0              ;
; 3                           ; 1              ;
; 4                           ; 3              ;
; 5                           ; 0              ;
; 6                           ; 2              ;
+-----------------------------+----------------+


+---------------------------------------------+
; LAB External Interconnect                   ;
+----------------------------+----------------+
; LAB External Interconnects ; Number of LABs ;
+----------------------------+----------------+
; 0                          ; 460            ;
; 1                          ; 0              ;
; 2                          ; 3              ;
; 3                          ; 1              ;
; 4                          ; 1              ;
; 5                          ; 1              ;
; 6                          ; 1              ;
; 7                          ; 0              ;
; 8                          ; 1              ;
+----------------------------+----------------+


+------------------------------------------------------------------------------------------+
; Row Interconnect                                                                         ;
+-------+---------------------+-----------------------------+------------------------------+
; Row   ; Interconnect Used   ; Left Half Interconnect Used ; Right Half Interconnect Used ;
+-------+---------------------+-----------------------------+------------------------------+
;  A    ;  0 / 208 ( 0 % )    ;  0 / 104 ( 0 % )            ;  0 / 104 ( 0 % )             ;
;  B    ;  0 / 208 ( 0 % )    ;  0 / 104 ( 0 % )            ;  0 / 104 ( 0 % )             ;
;  C    ;  0 / 208 ( 0 % )    ;  0 / 104 ( 0 % )            ;  13 / 104 ( 13 % )           ;
;  D    ;  2 / 208 ( < 1 % )  ;  0 / 104 ( 0 % )            ;  0 / 104 ( 0 % )             ;
;  E    ;  1 / 208 ( < 1 % )  ;  16 / 104 ( 15 % )          ;  0 / 104 ( 0 % )             ;
;  F    ;  0 / 208 ( 0 % )    ;  0 / 104 ( 0 % )            ;  0 / 104 ( 0 % )             ;
;  G    ;  0 / 208 ( 0 % )    ;  0 / 104 ( 0 % )            ;  0 / 104 ( 0 % )             ;
;  H    ;  0 / 208 ( 0 % )    ;  0 / 104 ( 0 % )            ;  1 / 104 ( < 1 % )           ;
;  I    ;  0 / 208 ( 0 % )    ;  0 / 104 ( 0 % )            ;  0 / 104 ( 0 % )             ;
; Total ;  3 / 1872 ( < 1 % ) ;  16 / 936 ( 2 % )           ;  14 / 936 ( 1 % )            ;
+-------+---------------------+-----------------------------+------------------------------+


+-----------------------------+
; LAB Column Interconnect     ;
+-------+---------------------+
; Col.  ; Interconnect Used   ;
+-------+---------------------+
; 1     ;  0 / 24 ( 0 % )     ;
; 2     ;  0 / 24 ( 0 % )     ;
; 3     ;  0 / 24 ( 0 % )     ;
; 4     ;  0 / 24 ( 0 % )     ;
; 5     ;  0 / 24 ( 0 % )     ;
; 6     ;  0 / 24 ( 0 % )     ;
; 7     ;  0 / 24 ( 0 % )     ;
; 8     ;  0 / 24 ( 0 % )     ;
; 9     ;  0 / 24 ( 0 % )     ;
; 10    ;  0 / 24 ( 0 % )     ;
; 11    ;  0 / 24 ( 0 % )     ;
; 12    ;  0 / 24 ( 0 % )     ;
; 13    ;  0 / 24 ( 0 % )     ;
; 14    ;  0 / 24 ( 0 % )     ;
; 15    ;  0 / 24 ( 0 % )     ;
; 16    ;  0 / 24 ( 0 % )     ;
; 17    ;  0 / 24 ( 0 % )     ;
; 18    ;  0 / 24 ( 0 % )     ;
; 19    ;  0 / 24 ( 0 % )     ;
; 20    ;  0 / 24 ( 0 % )     ;
; 21    ;  0 / 24 ( 0 % )     ;
; 22    ;  0 / 24 ( 0 % )     ;
; 23    ;  0 / 24 ( 0 % )     ;
; 24    ;  0 / 24 ( 0 % )     ;
; 25    ;  0 / 24 ( 0 % )     ;
; 26    ;  0 / 24 ( 0 % )     ;
; 27    ;  0 / 24 ( 0 % )     ;
; 28    ;  0 / 24 ( 0 % )     ;
; 29    ;  0 / 24 ( 0 % )     ;
; 30    ;  0 / 24 ( 0 % )     ;
; 31    ;  0 / 24 ( 0 % )     ;
; 32    ;  0 / 24 ( 0 % )     ;
; 33    ;  0 / 24 ( 0 % )     ;
; 34    ;  1 / 24 ( 4 % )     ;
; 35    ;  0 / 24 ( 0 % )     ;
; 36    ;  0 / 24 ( 0 % )     ;
; 37    ;  0 / 24 ( 0 % )     ;
; 38    ;  0 / 24 ( 0 % )     ;
; 39    ;  0 / 24 ( 0 % )     ;
; 40    ;  0 / 24 ( 0 % )     ;
; 41    ;  0 / 24 ( 0 % )     ;
; 42    ;  0 / 24 ( 0 % )     ;
; 43    ;  0 / 24 ( 0 % )     ;
; 44    ;  0 / 24 ( 0 % )     ;
; 45    ;  0 / 24 ( 0 % )     ;
; 46    ;  0 / 24 ( 0 % )     ;
; 47    ;  0 / 24 ( 0 % )     ;
; 48    ;  1 / 24 ( 4 % )     ;
; 49    ;  1 / 24 ( 4 % )     ;
; 50    ;  0 / 24 ( 0 % )     ;
; 51    ;  0 / 24 ( 0 % )     ;
; 52    ;  0 / 24 ( 0 % )     ;
; Total ;  3 / 1248 ( < 1 % ) ;
+-------+---------------------+


+---------------------------+
; LAB Column Interconnect   ;
+-------+-------------------+
; Col.  ; Interconnect Used ;
+-------+-------------------+
; 1     ;  0 / 24 ( 0 % )   ;
; Total ;  0 / 24 ( 0 % )   ;
+-------+-------------------+


+----------------------------------------------------------------------------------------------------------------------------------------------------------------------------------------------------------------------------------------------------------------+
; Fitter Resource Usage Summary                                                                                                                                                                                                                                  ;
+-----------------------------------+----------------------------------------------------------------------------------------------------------------------------------------------------------------------------------------------------------------------------+
; Resource                          ; Usage                                                                                                                                                                                                                      ;
+-----------------------------------+----------------------------------------------------------------------------------------------------------------------------------------------------------------------------------------------------------------------------+
; Total logic elements              ; 56 / 3,744 ( 1 % )                                                                                                                                                                                                         ;
; Registers                         ; 35 / 3,744 ( < 1 % )                                                                                                                                                                                                       ;
; Logic elements in carry chains    ; 25                                                                                                                                                                                                                         ;
; User inserted logic elements      ; 0                                                                                                                                                                                                                          ;
; I/O pins                          ; 15 / 189 ( 8 % )                                                                                                                                                                                                           ;
;     -- Clock pins                 ; 1 / 2 ( 50 % )                                                                                                                                                                                                             ;
;     -- Dedicated input pins       ; 0 / 4 ( 0 % )                                                                                                                                                                                                              ;
; Global signals                    ; 2                                                                                                                                                                                                                          ;
; EABs                              ; 0 / 9 ( 0 % )                                                                                                                                                                                                              ;
; Total memory bits                 ; 0 / 18,432 ( 0 % )                                                                                                                                                                                                         ;
; Total RAM block bits              ; 0 / 18,432 ( 0 % )                                                                                                                                                                                                         ;
; Maximum fan-out node              ; ClockBlock:inst1|inst67                                                                                                                                                                                                    ;
; Maximum fan-out                   ; 22                                                                                                                                                                                                                         ;
; Highest non-global fan-out signal ; ClockBlock:inst1|lpm_counter0:inst65|lpm_counter:lpm_counter_component|alt_counter_f10ke:wysi_counter|lpm_compare:$00019|comptree:comparator|cmpchain:cmp_end|comptree:comp|comptree:sub_comptree|cmpchain:cmp_end|aeb_out ;
; Highest non-global fan-out        ; 12                                                                                                                                                                                                                         ;
; Total fan-out                     ; 159                                                                                                                                                                                                                        ;
; Average fan-out                   ; 2.24                                                                                                                                                                                                                       ;
+-----------------------------------+----------------------------------------------------------------------------------------------------------------------------------------------------------------------------------------------------------------------------+


+--------------------------------------------------------------------------------------------------------------------------------------------------------------------------------------------------------------------------------------------------------------------------------------------------------------------------------------------------------------------------------------------------------------------------------------------+
; Fitter Resource Utilization by Entity                                                                                                                                                                                                                                                                                                                                                                                                      ;
+----------------------------------------------------+-------------+--------------+-------------+------+--------------+-------------------+------------------+-----------------+------------+---------------------------------------------------------------------------------------------------------------------------------------------------------------------------------------------------------------------------------+--------------+
; Compilation Hierarchy Node                         ; Logic Cells ; LC Registers ; Memory Bits ; Pins ; LUT-Only LCs ; Register-Only LCs ; LUT/Register LCs ; Carry Chain LCs ; Packed LCs ; Full Hierarchy Name                                                                                                                                                                                                             ; Library Name ;
+----------------------------------------------------+-------------+--------------+-------------+------+--------------+-------------------+------------------+-----------------+------------+---------------------------------------------------------------------------------------------------------------------------------------------------------------------------------------------------------------------------------+--------------+
; |tjn_design3                                       ; 56 (24)     ; 35           ; 0           ; 15   ; 21 (5)       ; 15 (15)           ; 20 (4)           ; 25 (0)          ; 0 (0)      ; |tjn_design3                                                                                                                                                                                                                    ; work         ;
;    |ButtonFSMBlock:inst|                           ; 3 (3)       ; 3            ; 0           ; 0    ; 0 (0)        ; 0 (0)             ; 3 (3)            ; 0 (0)           ; 0 (0)      ; |tjn_design3|ButtonFSMBlock:inst                                                                                                                                                                                                ; work         ;
;    |ClockBlock:inst1|                              ; 29 (1)      ; 13           ; 0           ; 0    ; 16 (0)       ; 0 (0)             ; 13 (1)           ; 25 (1)          ; 0 (0)      ; |tjn_design3|ClockBlock:inst1                                                                                                                                                                                                   ; work         ;
;       |lpm_add_sub0:inst66|                        ; 12 (0)      ; 0            ; 0           ; 0    ; 12 (0)       ; 0 (0)             ; 0 (0)            ; 12 (0)          ; 0 (0)      ; |tjn_design3|ClockBlock:inst1|lpm_add_sub0:inst66                                                                                                                                                                               ; work         ;
;          |lpm_add_sub:lpm_add_sub_component|       ; 12 (0)      ; 0            ; 0           ; 0    ; 12 (0)       ; 0 (0)             ; 0 (0)            ; 12 (0)          ; 0 (0)      ; |tjn_design3|ClockBlock:inst1|lpm_add_sub0:inst66|lpm_add_sub:lpm_add_sub_component                                                                                                                                             ; work         ;
;             |addcore:adder|                        ; 12 (0)      ; 0            ; 0           ; 0    ; 12 (0)       ; 0 (0)             ; 0 (0)            ; 12 (0)          ; 0 (0)      ; |tjn_design3|ClockBlock:inst1|lpm_add_sub0:inst66|lpm_add_sub:lpm_add_sub_component|addcore:adder                                                                                                                               ; work         ;
;                |a_csnbuffer:result_node|           ; 12 (12)     ; 0            ; 0           ; 0    ; 12 (12)      ; 0 (0)             ; 0 (0)            ; 12 (12)         ; 0 (0)      ; |tjn_design3|ClockBlock:inst1|lpm_add_sub0:inst66|lpm_add_sub:lpm_add_sub_component|addcore:adder|a_csnbuffer:result_node                                                                                                       ; work         ;
;       |lpm_counter0:inst65|                        ; 16 (0)      ; 12           ; 0           ; 0    ; 4 (0)        ; 0 (0)             ; 12 (0)           ; 12 (0)          ; 0 (0)      ; |tjn_design3|ClockBlock:inst1|lpm_counter0:inst65                                                                                                                                                                               ; work         ;
;          |lpm_counter:lpm_counter_component|       ; 16 (0)      ; 12           ; 0           ; 0    ; 4 (0)        ; 0 (0)             ; 12 (0)           ; 12 (0)          ; 0 (0)      ; |tjn_design3|ClockBlock:inst1|lpm_counter0:inst65|lpm_counter:lpm_counter_component                                                                                                                                             ; work         ;
;             |alt_counter_f10ke:wysi_counter|       ; 16 (12)     ; 12           ; 0           ; 0    ; 4 (0)        ; 0 (0)             ; 12 (12)          ; 12 (12)         ; 0 (0)      ; |tjn_design3|ClockBlock:inst1|lpm_counter0:inst65|lpm_counter:lpm_counter_component|alt_counter_f10ke:wysi_counter                                                                                                              ; work         ;
;                |lpm_compare:$00019|                ; 4 (0)       ; 0            ; 0           ; 0    ; 4 (0)        ; 0 (0)             ; 0 (0)            ; 0 (0)           ; 0 (0)      ; |tjn_design3|ClockBlock:inst1|lpm_counter0:inst65|lpm_counter:lpm_counter_component|alt_counter_f10ke:wysi_counter|lpm_compare:$00019                                                                                           ; work         ;
;                   |comptree:comparator|            ; 4 (0)       ; 0            ; 0           ; 0    ; 4 (0)        ; 0 (0)             ; 0 (0)            ; 0 (0)           ; 0 (0)      ; |tjn_design3|ClockBlock:inst1|lpm_counter0:inst65|lpm_counter:lpm_counter_component|alt_counter_f10ke:wysi_counter|lpm_compare:$00019|comptree:comparator                                                                       ; work         ;
;                      |cmpchain:cmp_end|            ; 4 (0)       ; 0            ; 0           ; 0    ; 4 (0)        ; 0 (0)             ; 0 (0)            ; 0 (0)           ; 0 (0)      ; |tjn_design3|ClockBlock:inst1|lpm_counter0:inst65|lpm_counter:lpm_counter_component|alt_counter_f10ke:wysi_counter|lpm_compare:$00019|comptree:comparator|cmpchain:cmp_end                                                      ; work         ;
;                         |comptree:comp|            ; 4 (0)       ; 0            ; 0           ; 0    ; 4 (0)        ; 0 (0)             ; 0 (0)            ; 0 (0)           ; 0 (0)      ; |tjn_design3|ClockBlock:inst1|lpm_counter0:inst65|lpm_counter:lpm_counter_component|alt_counter_f10ke:wysi_counter|lpm_compare:$00019|comptree:comparator|cmpchain:cmp_end|comptree:comp                                        ; work         ;
;                            |cmpchain:cmp[0]|       ; 1 (1)       ; 0            ; 0           ; 0    ; 1 (1)        ; 0 (0)             ; 0 (0)            ; 0 (0)           ; 0 (0)      ; |tjn_design3|ClockBlock:inst1|lpm_counter0:inst65|lpm_counter:lpm_counter_component|alt_counter_f10ke:wysi_counter|lpm_compare:$00019|comptree:comparator|cmpchain:cmp_end|comptree:comp|cmpchain:cmp[0]                        ; work         ;
;                            |cmpchain:cmp[1]|       ; 1 (1)       ; 0            ; 0           ; 0    ; 1 (1)        ; 0 (0)             ; 0 (0)            ; 0 (0)           ; 0 (0)      ; |tjn_design3|ClockBlock:inst1|lpm_counter0:inst65|lpm_counter:lpm_counter_component|alt_counter_f10ke:wysi_counter|lpm_compare:$00019|comptree:comparator|cmpchain:cmp_end|comptree:comp|cmpchain:cmp[1]                        ; work         ;
;                            |cmpchain:cmp[2]|       ; 1 (1)       ; 0            ; 0           ; 0    ; 1 (1)        ; 0 (0)             ; 0 (0)            ; 0 (0)           ; 0 (0)      ; |tjn_design3|ClockBlock:inst1|lpm_counter0:inst65|lpm_counter:lpm_counter_component|alt_counter_f10ke:wysi_counter|lpm_compare:$00019|comptree:comparator|cmpchain:cmp_end|comptree:comp|cmpchain:cmp[2]                        ; work         ;
;                            |comptree:sub_comptree| ; 1 (0)       ; 0            ; 0           ; 0    ; 1 (0)        ; 0 (0)             ; 0 (0)            ; 0 (0)           ; 0 (0)      ; |tjn_design3|ClockBlock:inst1|lpm_counter0:inst65|lpm_counter:lpm_counter_component|alt_counter_f10ke:wysi_counter|lpm_compare:$00019|comptree:comparator|cmpchain:cmp_end|comptree:comp|comptree:sub_comptree                  ; work         ;
;                               |cmpchain:cmp_end|   ; 1 (1)       ; 0            ; 0           ; 0    ; 1 (1)        ; 0 (0)             ; 0 (0)            ; 0 (0)           ; 0 (0)      ; |tjn_design3|ClockBlock:inst1|lpm_counter0:inst65|lpm_counter:lpm_counter_component|alt_counter_f10ke:wysi_counter|lpm_compare:$00019|comptree:comparator|cmpchain:cmp_end|comptree:comp|comptree:sub_comptree|cmpchain:cmp_end ; work         ;
+----------------------------------------------------+-------------+--------------+-------------+------+--------------+-------------------+------------------+-----------------+------------+---------------------------------------------------------------------------------------------------------------------------------------------------------------------------------------------------------------------------------+--------------+
Note: For table entries with two numbers listed, the numbers in parentheses indicate the number of resources of the given type used by the specific entity alone. The numbers listed outside of parentheses indicate the total resources of the given type used by the specific entity and all of its sub-entities in the hierarchy.


+---------------------------------------+
; Delay Chain Summary                   ;
+--------------+----------+-------------+
; Name         ; Pin Type ; Pad to Core ;
+--------------+----------+-------------+
; XTAL_Y       ; Input    ; OFF         ;
; Button_10    ; Input    ; OFF         ;
; Button_01    ; Input    ; OFF         ;
; b1_0         ; Output   ; OFF         ;
; b1_1         ; Output   ; OFF         ;
; b1_2         ; Output   ; OFF         ;
; b1_3         ; Output   ; OFF         ;
; b1_4         ; Output   ; OFF         ;
; b1_5         ; Output   ; OFF         ;
; b1_6         ; Output   ; OFF         ;
; b1_7         ; Output   ; OFF         ;
; b1_8         ; Output   ; OFF         ;
; b1_9         ; Output   ; OFF         ;
; out          ; Output   ; OFF         ;
; enable_state ; Output   ; OFF         ;
+--------------+----------+-------------+


+--------------+
; Pin-Out File ;
+--------------+
The pin-out file can be found in C:/altera/90sp2/ENGN_3050_Project3/tjn_design3.pin.


+-----------------+
; Fitter Messages ;
+-----------------+
Info: *******************************************************************
Info: Running Quartus II Fitter
    Info: Version 9.0 Build 235 06/17/2009 Service Pack 2 SJ Web Edition
    Info: Processing started: Tue Oct 01 17:46:56 2013
Info: Command: quartus_fit --read_settings_files=off --write_settings_files=off tjn_design3 -c tjn_design3
Info: Selected device EPF10K70RC240-4 for design "tjn_design3"
Warning: Feature SignalProbe is not available with your current license
Info: Fitter is using the Classic Timing Analyzer
Info: Timing requirements not specified -- optimizing circuit to achieve the following default global requirements
    Info: Assuming a global fmax requirement of 1000 MHz
    Info: Not setting a global tsu requirement
    Info: Not setting a global tco requirement
    Info: Not setting a global tpd requirement
Info: Inserted 0 logic cells in first fitting attempt
Warning: Ignored locations or region assignments to the following nodes
    Warning: Node "output_clk" is assigned to location or region, but does not exist in design
Info: Started fitting attempt 1 on Tue Oct 01 2013 at 17:46:56
Info: Fitter placement preparation operations beginning
Info: Fitter placement preparation operations ending: elapsed time is 00:00:00
Info: Fitter placement operations beginning
Info: Fitter placement operations ending: elapsed time is 00:00:00
Info: Fitter routing operations beginning
Info: Fitter routing operations ending: elapsed time is 00:00:00
Info: Quartus II Fitter was successful. 0 errors, 3 warnings
    Info: Peak virtual memory: 211 megabytes
    Info: Processing ended: Tue Oct 01 17:46:58 2013
    Info: Elapsed time: 00:00:02
    Info: Total CPU time (on all processors): 00:00:02


