Classic Timing Analyzer report for tjn_design3
Tue Oct 01 17:47:00 2013
Quartus II Version 9.0 Build 235 06/17/2009 Service Pack 2 SJ Web Edition


---------------------
; Table of Contents ;
---------------------
  1. Legal Notice
  2. Timing Analyzer Summary
  3. Timing Analyzer Settings
  4. Clock Settings Summary
  5. Parallel Compilation
  6. Clock Setup: 'XTAL_Y'
  7. tsu
  8. tco
  9. th
 10. Timing Analyzer Messages



----------------
; Legal Notice ;
----------------
Copyright (C) 1991-2009 Altera Corporation
Your use of Altera Corporation's design tools, logic functions 
and other software and tools, and its AMPP partner logic 
functions, and any output files from any of the foregoing 
(including device programming or simulation files), and any 
associated documentation or information are expressly subject 
to the terms and conditions of the Altera Program License 
Subscription Agreement, Altera MegaCore Function License 
Agreement, or other applicable license agreement, including, 
without limitation, that your use is for the sole purpose of 
programming logic devices manufactured by Altera and sold by 
Altera or its authorized distributors.  Please refer to the 
applicable agreement for further details.



+----------------------------------------------------------------------------------------------------------------------------------------------------------------------------------------------------------------------------------------------------------------------------------------------------------------------------------------------------------+
; Timing Analyzer Summary                                                                                                                                                                                                                                                                                                                                  ;
+------------------------------+-------+---------------+----------------------------------+------------------------------------------------------------------------------------------------------------+------------------------------------------------------------------------------------------------------------+------------+----------+--------------+
; Type                         ; Slack ; Required Time ; Actual Time                      ; From                                                                                                       ; To                                                                                                         ; From Clock ; To Clock ; Failed Paths ;
+------------------------------+-------+---------------+----------------------------------+------------------------------------------------------------------------------------------------------------+------------------------------------------------------------------------------------------------------------+------------+----------+--------------+
; Worst-case tsu               ; N/A   ; None          ; 7.800 ns                         ; Button_10                                                                                                  ; ButtonFSMBlock:inst|inst13                                                                                 ; --         ; XTAL_Y   ; 0            ;
; Worst-case tco               ; N/A   ; None          ; 26.800 ns                        ; inst15                                                                                                     ; b1_2                                                                                                       ; XTAL_Y     ; --       ; 0            ;
; Worst-case th                ; N/A   ; None          ; -1.800 ns                        ; Button_01                                                                                                  ; ButtonFSMBlock:inst|inst                                                                                   ; --         ; XTAL_Y   ; 0            ;
; Clock Setup: 'XTAL_Y'        ; N/A   ; None          ; 51.55 MHz ( period = 19.400 ns ) ; ClockBlock:inst1|lpm_counter0:inst65|lpm_counter:lpm_counter_component|alt_counter_f10ke:wysi_counter|q[0] ; ClockBlock:inst1|lpm_counter0:inst65|lpm_counter:lpm_counter_component|alt_counter_f10ke:wysi_counter|q[6] ; XTAL_Y     ; XTAL_Y   ; 0            ;
; Total number of failed paths ;       ;               ;                                  ;                                                                                                            ;                                                                                                            ;            ;          ; 0            ;
+------------------------------+-------+---------------+----------------------------------+------------------------------------------------------------------------------------------------------------+------------------------------------------------------------------------------------------------------------+------------+----------+--------------+


+--------------------------------------------------------------------------------------------------------------------+
; Timing Analyzer Settings                                                                                           ;
+---------------------------------------------------------------------+--------------------+------+----+-------------+
; Option                                                              ; Setting            ; From ; To ; Entity Name ;
+---------------------------------------------------------------------+--------------------+------+----+-------------+
; Device Name                                                         ; EPF10K70RC240-4    ;      ;    ;             ;
; Timing Models                                                       ; Final              ;      ;    ;             ;
; Default hold multicycle                                             ; Same as Multicycle ;      ;    ;             ;
; Cut paths between unrelated clock domains                           ; On                 ;      ;    ;             ;
; Cut off read during write signal paths                              ; On                 ;      ;    ;             ;
; Cut off feedback from I/O pins                                      ; On                 ;      ;    ;             ;
; Report Combined Fast/Slow Timing                                    ; Off                ;      ;    ;             ;
; Ignore Clock Settings                                               ; Off                ;      ;    ;             ;
; Analyze latches as synchronous elements                             ; On                 ;      ;    ;             ;
; Enable Recovery/Removal analysis                                    ; Off                ;      ;    ;             ;
; Enable Clock Latency                                                ; Off                ;      ;    ;             ;
; Use TimeQuest Timing Analyzer                                       ; Off                ;      ;    ;             ;
; Number of source nodes to report per destination node               ; 10                 ;      ;    ;             ;
; Number of destination nodes to report                               ; 10                 ;      ;    ;             ;
; Number of paths to report                                           ; 200                ;      ;    ;             ;
; Report Minimum Timing Checks                                        ; Off                ;      ;    ;             ;
; Use Fast Timing Models                                              ; Off                ;      ;    ;             ;
; Report IO Paths Separately                                          ; Off                ;      ;    ;             ;
; Perform Multicorner Analysis                                        ; Off                ;      ;    ;             ;
; Reports the worst-case path for each clock domain and analysis      ; Off                ;      ;    ;             ;
; Removes common clock path pessimism (CCPP) during slack computation ; Off                ;      ;    ;             ;
; Output I/O Timing Endpoint                                          ; Near End           ;      ;    ;             ;
+---------------------------------------------------------------------+--------------------+------+----+-------------+


+------------------------------------------------------------------------------------------------------------------------------------------------------------------------------------+
; Clock Settings Summary                                                                                                                                                             ;
+-----------------+--------------------+----------+------------------+---------------+--------------+----------+-----------------------+---------------------+--------+--------------+
; Clock Node Name ; Clock Setting Name ; Type     ; Fmax Requirement ; Early Latency ; Late Latency ; Based on ; Multiply Base Fmax by ; Divide Base Fmax by ; Offset ; Phase offset ;
+-----------------+--------------------+----------+------------------+---------------+--------------+----------+-----------------------+---------------------+--------+--------------+
; XTAL_Y          ;                    ; User Pin ; None             ; 0.000 ns      ; 0.000 ns     ; --       ; N/A                   ; N/A                 ; N/A    ;              ;
+-----------------+--------------------+----------+------------------+---------------+--------------+----------+-----------------------+---------------------+--------+--------------+


Parallel compilation was disabled, but you have multiple processors available. Enable parallel compilation to reduce compilation time.
+-------------------------------------+
; Parallel Compilation                ;
+----------------------------+--------+
; Processors                 ; Number ;
+----------------------------+--------+
; Number detected on machine ; 2      ;
; Maximum allowed            ; 1      ;
+----------------------------+--------+


+------------------------------------------------------------------------------------------------------------------------------------------------------------------------------------------------------------------------------------------------------------------------------------------------------------------------------------------------------------------------------------------------+
; Clock Setup: 'XTAL_Y'                                                                                                                                                                                                                                                                                                                                                                          ;
+-------+------------------------------------------------+-------------------------------------------------------------------------------------------------------------+-------------------------------------------------------------------------------------------------------------+------------+----------+-----------------------------+---------------------------+-------------------------+
; Slack ; Actual fmax (period)                           ; From                                                                                                        ; To                                                                                                          ; From Clock ; To Clock ; Required Setup Relationship ; Required Longest P2P Time ; Actual Longest P2P Time ;
+-------+------------------------------------------------+-------------------------------------------------------------------------------------------------------------+-------------------------------------------------------------------------------------------------------------+------------+----------+-----------------------------+---------------------------+-------------------------+
; N/A   ; 51.55 MHz ( period = 19.400 ns )               ; ClockBlock:inst1|lpm_counter0:inst65|lpm_counter:lpm_counter_component|alt_counter_f10ke:wysi_counter|q[3]  ; ClockBlock:inst1|lpm_counter0:inst65|lpm_counter:lpm_counter_component|alt_counter_f10ke:wysi_counter|q[11] ; XTAL_Y     ; XTAL_Y   ; None                        ; None                      ; 15.400 ns               ;
; N/A   ; 51.55 MHz ( period = 19.400 ns )               ; ClockBlock:inst1|lpm_counter0:inst65|lpm_counter:lpm_counter_component|alt_counter_f10ke:wysi_counter|q[2]  ; ClockBlock:inst1|lpm_counter0:inst65|lpm_counter:lpm_counter_component|alt_counter_f10ke:wysi_counter|q[11] ; XTAL_Y     ; XTAL_Y   ; None                        ; None                      ; 15.400 ns               ;
; N/A   ; 51.55 MHz ( period = 19.400 ns )               ; ClockBlock:inst1|lpm_counter0:inst65|lpm_counter:lpm_counter_component|alt_counter_f10ke:wysi_counter|q[0]  ; ClockBlock:inst1|lpm_counter0:inst65|lpm_counter:lpm_counter_component|alt_counter_f10ke:wysi_counter|q[11] ; XTAL_Y     ; XTAL_Y   ; None                        ; None                      ; 15.400 ns               ;
; N/A   ; 51.55 MHz ( period = 19.400 ns )               ; ClockBlock:inst1|lpm_counter0:inst65|lpm_counter:lpm_counter_component|alt_counter_f10ke:wysi_counter|q[3]  ; ClockBlock:inst1|lpm_counter0:inst65|lpm_counter:lpm_counter_component|alt_counter_f10ke:wysi_counter|q[10] ; XTAL_Y     ; XTAL_Y   ; None                        ; None                      ; 15.400 ns               ;
; N/A   ; 51.55 MHz ( period = 19.400 ns )               ; ClockBlock:inst1|lpm_counter0:inst65|lpm_counter:lpm_counter_component|alt_counter_f10ke:wysi_counter|q[2]  ; ClockBlock:inst1|lpm_counter0:inst65|lpm_counter:lpm_counter_component|alt_counter_f10ke:wysi_counter|q[10] ; XTAL_Y     ; XTAL_Y   ; None                        ; None                      ; 15.400 ns               ;
; N/A   ; 51.55 MHz ( period = 19.400 ns )               ; ClockBlock:inst1|lpm_counter0:inst65|lpm_counter:lpm_counter_component|alt_counter_f10ke:wysi_counter|q[0]  ; ClockBlock:inst1|lpm_counter0:inst65|lpm_counter:lpm_counter_component|alt_counter_f10ke:wysi_counter|q[10] ; XTAL_Y     ; XTAL_Y   ; None                        ; None                      ; 15.400 ns               ;
; N/A   ; 51.55 MHz ( period = 19.400 ns )               ; ClockBlock:inst1|lpm_counter0:inst65|lpm_counter:lpm_counter_component|alt_counter_f10ke:wysi_counter|q[3]  ; ClockBlock:inst1|lpm_counter0:inst65|lpm_counter:lpm_counter_component|alt_counter_f10ke:wysi_counter|q[9]  ; XTAL_Y     ; XTAL_Y   ; None                        ; None                      ; 15.400 ns               ;
; N/A   ; 51.55 MHz ( period = 19.400 ns )               ; ClockBlock:inst1|lpm_counter0:inst65|lpm_counter:lpm_counter_component|alt_counter_f10ke:wysi_counter|q[2]  ; ClockBlock:inst1|lpm_counter0:inst65|lpm_counter:lpm_counter_component|alt_counter_f10ke:wysi_counter|q[9]  ; XTAL_Y     ; XTAL_Y   ; None                        ; None                      ; 15.400 ns               ;
; N/A   ; 51.55 MHz ( period = 19.400 ns )               ; ClockBlock:inst1|lpm_counter0:inst65|lpm_counter:lpm_counter_component|alt_counter_f10ke:wysi_counter|q[0]  ; ClockBlock:inst1|lpm_counter0:inst65|lpm_counter:lpm_counter_component|alt_counter_f10ke:wysi_counter|q[9]  ; XTAL_Y     ; XTAL_Y   ; None                        ; None                      ; 15.400 ns               ;
; N/A   ; 51.55 MHz ( period = 19.400 ns )               ; ClockBlock:inst1|lpm_counter0:inst65|lpm_counter:lpm_counter_component|alt_counter_f10ke:wysi_counter|q[3]  ; ClockBlock:inst1|lpm_counter0:inst65|lpm_counter:lpm_counter_component|alt_counter_f10ke:wysi_counter|q[8]  ; XTAL_Y     ; XTAL_Y   ; None                        ; None                      ; 15.400 ns               ;
; N/A   ; 51.55 MHz ( period = 19.400 ns )               ; ClockBlock:inst1|lpm_counter0:inst65|lpm_counter:lpm_counter_component|alt_counter_f10ke:wysi_counter|q[2]  ; ClockBlock:inst1|lpm_counter0:inst65|lpm_counter:lpm_counter_component|alt_counter_f10ke:wysi_counter|q[8]  ; XTAL_Y     ; XTAL_Y   ; None                        ; None                      ; 15.400 ns               ;
; N/A   ; 51.55 MHz ( period = 19.400 ns )               ; ClockBlock:inst1|lpm_counter0:inst65|lpm_counter:lpm_counter_component|alt_counter_f10ke:wysi_counter|q[0]  ; ClockBlock:inst1|lpm_counter0:inst65|lpm_counter:lpm_counter_component|alt_counter_f10ke:wysi_counter|q[8]  ; XTAL_Y     ; XTAL_Y   ; None                        ; None                      ; 15.400 ns               ;
; N/A   ; 51.55 MHz ( period = 19.400 ns )               ; ClockBlock:inst1|lpm_counter0:inst65|lpm_counter:lpm_counter_component|alt_counter_f10ke:wysi_counter|q[3]  ; ClockBlock:inst1|lpm_counter0:inst65|lpm_counter:lpm_counter_component|alt_counter_f10ke:wysi_counter|q[7]  ; XTAL_Y     ; XTAL_Y   ; None                        ; None                      ; 15.400 ns               ;
; N/A   ; 51.55 MHz ( period = 19.400 ns )               ; ClockBlock:inst1|lpm_counter0:inst65|lpm_counter:lpm_counter_component|alt_counter_f10ke:wysi_counter|q[2]  ; ClockBlock:inst1|lpm_counter0:inst65|lpm_counter:lpm_counter_component|alt_counter_f10ke:wysi_counter|q[7]  ; XTAL_Y     ; XTAL_Y   ; None                        ; None                      ; 15.400 ns               ;
; N/A   ; 51.55 MHz ( period = 19.400 ns )               ; ClockBlock:inst1|lpm_counter0:inst65|lpm_counter:lpm_counter_component|alt_counter_f10ke:wysi_counter|q[0]  ; ClockBlock:inst1|lpm_counter0:inst65|lpm_counter:lpm_counter_component|alt_counter_f10ke:wysi_counter|q[7]  ; XTAL_Y     ; XTAL_Y   ; None                        ; None                      ; 15.400 ns               ;
; N/A   ; 51.55 MHz ( period = 19.400 ns )               ; ClockBlock:inst1|lpm_counter0:inst65|lpm_counter:lpm_counter_component|alt_counter_f10ke:wysi_counter|q[3]  ; ClockBlock:inst1|lpm_counter0:inst65|lpm_counter:lpm_counter_component|alt_counter_f10ke:wysi_counter|q[6]  ; XTAL_Y     ; XTAL_Y   ; None                        ; None                      ; 15.400 ns               ;
; N/A   ; 51.55 MHz ( period = 19.400 ns )               ; ClockBlock:inst1|lpm_counter0:inst65|lpm_counter:lpm_counter_component|alt_counter_f10ke:wysi_counter|q[2]  ; ClockBlock:inst1|lpm_counter0:inst65|lpm_counter:lpm_counter_component|alt_counter_f10ke:wysi_counter|q[6]  ; XTAL_Y     ; XTAL_Y   ; None                        ; None                      ; 15.400 ns               ;
; N/A   ; 51.55 MHz ( period = 19.400 ns )               ; ClockBlock:inst1|lpm_counter0:inst65|lpm_counter:lpm_counter_component|alt_counter_f10ke:wysi_counter|q[0]  ; ClockBlock:inst1|lpm_counter0:inst65|lpm_counter:lpm_counter_component|alt_counter_f10ke:wysi_counter|q[6]  ; XTAL_Y     ; XTAL_Y   ; None                        ; None                      ; 15.400 ns               ;
; N/A   ; 52.36 MHz ( period = 19.100 ns )               ; ClockBlock:inst1|lpm_counter0:inst65|lpm_counter:lpm_counter_component|alt_counter_f10ke:wysi_counter|q[1]  ; ClockBlock:inst1|lpm_counter0:inst65|lpm_counter:lpm_counter_component|alt_counter_f10ke:wysi_counter|q[11] ; XTAL_Y     ; XTAL_Y   ; None                        ; None                      ; 15.100 ns               ;
; N/A   ; 52.36 MHz ( period = 19.100 ns )               ; ClockBlock:inst1|lpm_counter0:inst65|lpm_counter:lpm_counter_component|alt_counter_f10ke:wysi_counter|q[1]  ; ClockBlock:inst1|lpm_counter0:inst65|lpm_counter:lpm_counter_component|alt_counter_f10ke:wysi_counter|q[10] ; XTAL_Y     ; XTAL_Y   ; None                        ; None                      ; 15.100 ns               ;
; N/A   ; 52.36 MHz ( period = 19.100 ns )               ; ClockBlock:inst1|lpm_counter0:inst65|lpm_counter:lpm_counter_component|alt_counter_f10ke:wysi_counter|q[1]  ; ClockBlock:inst1|lpm_counter0:inst65|lpm_counter:lpm_counter_component|alt_counter_f10ke:wysi_counter|q[9]  ; XTAL_Y     ; XTAL_Y   ; None                        ; None                      ; 15.100 ns               ;
; N/A   ; 52.36 MHz ( period = 19.100 ns )               ; ClockBlock:inst1|lpm_counter0:inst65|lpm_counter:lpm_counter_component|alt_counter_f10ke:wysi_counter|q[1]  ; ClockBlock:inst1|lpm_counter0:inst65|lpm_counter:lpm_counter_component|alt_counter_f10ke:wysi_counter|q[8]  ; XTAL_Y     ; XTAL_Y   ; None                        ; None                      ; 15.100 ns               ;
; N/A   ; 52.36 MHz ( period = 19.100 ns )               ; ClockBlock:inst1|lpm_counter0:inst65|lpm_counter:lpm_counter_component|alt_counter_f10ke:wysi_counter|q[1]  ; ClockBlock:inst1|lpm_counter0:inst65|lpm_counter:lpm_counter_component|alt_counter_f10ke:wysi_counter|q[7]  ; XTAL_Y     ; XTAL_Y   ; None                        ; None                      ; 15.100 ns               ;
; N/A   ; 52.36 MHz ( period = 19.100 ns )               ; ClockBlock:inst1|lpm_counter0:inst65|lpm_counter:lpm_counter_component|alt_counter_f10ke:wysi_counter|q[1]  ; ClockBlock:inst1|lpm_counter0:inst65|lpm_counter:lpm_counter_component|alt_counter_f10ke:wysi_counter|q[6]  ; XTAL_Y     ; XTAL_Y   ; None                        ; None                      ; 15.100 ns               ;
; N/A   ; 58.48 MHz ( period = 17.100 ns )               ; ClockBlock:inst1|lpm_counter0:inst65|lpm_counter:lpm_counter_component|alt_counter_f10ke:wysi_counter|q[11] ; ClockBlock:inst1|lpm_counter0:inst65|lpm_counter:lpm_counter_component|alt_counter_f10ke:wysi_counter|q[11] ; XTAL_Y     ; XTAL_Y   ; None                        ; None                      ; 13.100 ns               ;
; N/A   ; 58.48 MHz ( period = 17.100 ns )               ; ClockBlock:inst1|lpm_counter0:inst65|lpm_counter:lpm_counter_component|alt_counter_f10ke:wysi_counter|q[10] ; ClockBlock:inst1|lpm_counter0:inst65|lpm_counter:lpm_counter_component|alt_counter_f10ke:wysi_counter|q[11] ; XTAL_Y     ; XTAL_Y   ; None                        ; None                      ; 13.100 ns               ;
; N/A   ; 58.48 MHz ( period = 17.100 ns )               ; ClockBlock:inst1|lpm_counter0:inst65|lpm_counter:lpm_counter_component|alt_counter_f10ke:wysi_counter|q[9]  ; ClockBlock:inst1|lpm_counter0:inst65|lpm_counter:lpm_counter_component|alt_counter_f10ke:wysi_counter|q[11] ; XTAL_Y     ; XTAL_Y   ; None                        ; None                      ; 13.100 ns               ;
; N/A   ; 58.48 MHz ( period = 17.100 ns )               ; ClockBlock:inst1|lpm_counter0:inst65|lpm_counter:lpm_counter_component|alt_counter_f10ke:wysi_counter|q[11] ; ClockBlock:inst1|lpm_counter0:inst65|lpm_counter:lpm_counter_component|alt_counter_f10ke:wysi_counter|q[10] ; XTAL_Y     ; XTAL_Y   ; None                        ; None                      ; 13.100 ns               ;
; N/A   ; 58.48 MHz ( period = 17.100 ns )               ; ClockBlock:inst1|lpm_counter0:inst65|lpm_counter:lpm_counter_component|alt_counter_f10ke:wysi_counter|q[10] ; ClockBlock:inst1|lpm_counter0:inst65|lpm_counter:lpm_counter_component|alt_counter_f10ke:wysi_counter|q[10] ; XTAL_Y     ; XTAL_Y   ; None                        ; None                      ; 13.100 ns               ;
; N/A   ; 58.48 MHz ( period = 17.100 ns )               ; ClockBlock:inst1|lpm_counter0:inst65|lpm_counter:lpm_counter_component|alt_counter_f10ke:wysi_counter|q[9]  ; ClockBlock:inst1|lpm_counter0:inst65|lpm_counter:lpm_counter_component|alt_counter_f10ke:wysi_counter|q[10] ; XTAL_Y     ; XTAL_Y   ; None                        ; None                      ; 13.100 ns               ;
; N/A   ; 58.48 MHz ( period = 17.100 ns )               ; ClockBlock:inst1|lpm_counter0:inst65|lpm_counter:lpm_counter_component|alt_counter_f10ke:wysi_counter|q[11] ; ClockBlock:inst1|lpm_counter0:inst65|lpm_counter:lpm_counter_component|alt_counter_f10ke:wysi_counter|q[9]  ; XTAL_Y     ; XTAL_Y   ; None                        ; None                      ; 13.100 ns               ;
; N/A   ; 58.48 MHz ( period = 17.100 ns )               ; ClockBlock:inst1|lpm_counter0:inst65|lpm_counter:lpm_counter_component|alt_counter_f10ke:wysi_counter|q[10] ; ClockBlock:inst1|lpm_counter0:inst65|lpm_counter:lpm_counter_component|alt_counter_f10ke:wysi_counter|q[9]  ; XTAL_Y     ; XTAL_Y   ; None                        ; None                      ; 13.100 ns               ;
; N/A   ; 58.48 MHz ( period = 17.100 ns )               ; ClockBlock:inst1|lpm_counter0:inst65|lpm_counter:lpm_counter_component|alt_counter_f10ke:wysi_counter|q[9]  ; ClockBlock:inst1|lpm_counter0:inst65|lpm_counter:lpm_counter_component|alt_counter_f10ke:wysi_counter|q[9]  ; XTAL_Y     ; XTAL_Y   ; None                        ; None                      ; 13.100 ns               ;
; N/A   ; 58.48 MHz ( period = 17.100 ns )               ; ClockBlock:inst1|lpm_counter0:inst65|lpm_counter:lpm_counter_component|alt_counter_f10ke:wysi_counter|q[11] ; ClockBlock:inst1|lpm_counter0:inst65|lpm_counter:lpm_counter_component|alt_counter_f10ke:wysi_counter|q[8]  ; XTAL_Y     ; XTAL_Y   ; None                        ; None                      ; 13.100 ns               ;
; N/A   ; 58.48 MHz ( period = 17.100 ns )               ; ClockBlock:inst1|lpm_counter0:inst65|lpm_counter:lpm_counter_component|alt_counter_f10ke:wysi_counter|q[10] ; ClockBlock:inst1|lpm_counter0:inst65|lpm_counter:lpm_counter_component|alt_counter_f10ke:wysi_counter|q[8]  ; XTAL_Y     ; XTAL_Y   ; None                        ; None                      ; 13.100 ns               ;
; N/A   ; 58.48 MHz ( period = 17.100 ns )               ; ClockBlock:inst1|lpm_counter0:inst65|lpm_counter:lpm_counter_component|alt_counter_f10ke:wysi_counter|q[9]  ; ClockBlock:inst1|lpm_counter0:inst65|lpm_counter:lpm_counter_component|alt_counter_f10ke:wysi_counter|q[8]  ; XTAL_Y     ; XTAL_Y   ; None                        ; None                      ; 13.100 ns               ;
; N/A   ; 58.48 MHz ( period = 17.100 ns )               ; ClockBlock:inst1|lpm_counter0:inst65|lpm_counter:lpm_counter_component|alt_counter_f10ke:wysi_counter|q[11] ; ClockBlock:inst1|lpm_counter0:inst65|lpm_counter:lpm_counter_component|alt_counter_f10ke:wysi_counter|q[7]  ; XTAL_Y     ; XTAL_Y   ; None                        ; None                      ; 13.100 ns               ;
; N/A   ; 58.48 MHz ( period = 17.100 ns )               ; ClockBlock:inst1|lpm_counter0:inst65|lpm_counter:lpm_counter_component|alt_counter_f10ke:wysi_counter|q[10] ; ClockBlock:inst1|lpm_counter0:inst65|lpm_counter:lpm_counter_component|alt_counter_f10ke:wysi_counter|q[7]  ; XTAL_Y     ; XTAL_Y   ; None                        ; None                      ; 13.100 ns               ;
; N/A   ; 58.48 MHz ( period = 17.100 ns )               ; ClockBlock:inst1|lpm_counter0:inst65|lpm_counter:lpm_counter_component|alt_counter_f10ke:wysi_counter|q[9]  ; ClockBlock:inst1|lpm_counter0:inst65|lpm_counter:lpm_counter_component|alt_counter_f10ke:wysi_counter|q[7]  ; XTAL_Y     ; XTAL_Y   ; None                        ; None                      ; 13.100 ns               ;
; N/A   ; 58.48 MHz ( period = 17.100 ns )               ; ClockBlock:inst1|lpm_counter0:inst65|lpm_counter:lpm_counter_component|alt_counter_f10ke:wysi_counter|q[11] ; ClockBlock:inst1|lpm_counter0:inst65|lpm_counter:lpm_counter_component|alt_counter_f10ke:wysi_counter|q[6]  ; XTAL_Y     ; XTAL_Y   ; None                        ; None                      ; 13.100 ns               ;
; N/A   ; 58.48 MHz ( period = 17.100 ns )               ; ClockBlock:inst1|lpm_counter0:inst65|lpm_counter:lpm_counter_component|alt_counter_f10ke:wysi_counter|q[10] ; ClockBlock:inst1|lpm_counter0:inst65|lpm_counter:lpm_counter_component|alt_counter_f10ke:wysi_counter|q[6]  ; XTAL_Y     ; XTAL_Y   ; None                        ; None                      ; 13.100 ns               ;
; N/A   ; 58.48 MHz ( period = 17.100 ns )               ; ClockBlock:inst1|lpm_counter0:inst65|lpm_counter:lpm_counter_component|alt_counter_f10ke:wysi_counter|q[9]  ; ClockBlock:inst1|lpm_counter0:inst65|lpm_counter:lpm_counter_component|alt_counter_f10ke:wysi_counter|q[6]  ; XTAL_Y     ; XTAL_Y   ; None                        ; None                      ; 13.100 ns               ;
; N/A   ; 58.48 MHz ( period = 17.100 ns )               ; ClockBlock:inst1|lpm_counter0:inst65|lpm_counter:lpm_counter_component|alt_counter_f10ke:wysi_counter|q[3]  ; ClockBlock:inst1|lpm_counter0:inst65|lpm_counter:lpm_counter_component|alt_counter_f10ke:wysi_counter|q[5]  ; XTAL_Y     ; XTAL_Y   ; None                        ; None                      ; 13.100 ns               ;
; N/A   ; 58.48 MHz ( period = 17.100 ns )               ; ClockBlock:inst1|lpm_counter0:inst65|lpm_counter:lpm_counter_component|alt_counter_f10ke:wysi_counter|q[2]  ; ClockBlock:inst1|lpm_counter0:inst65|lpm_counter:lpm_counter_component|alt_counter_f10ke:wysi_counter|q[5]  ; XTAL_Y     ; XTAL_Y   ; None                        ; None                      ; 13.100 ns               ;
; N/A   ; 58.48 MHz ( period = 17.100 ns )               ; ClockBlock:inst1|lpm_counter0:inst65|lpm_counter:lpm_counter_component|alt_counter_f10ke:wysi_counter|q[0]  ; ClockBlock:inst1|lpm_counter0:inst65|lpm_counter:lpm_counter_component|alt_counter_f10ke:wysi_counter|q[5]  ; XTAL_Y     ; XTAL_Y   ; None                        ; None                      ; 13.100 ns               ;
; N/A   ; 58.48 MHz ( period = 17.100 ns )               ; ClockBlock:inst1|lpm_counter0:inst65|lpm_counter:lpm_counter_component|alt_counter_f10ke:wysi_counter|q[3]  ; ClockBlock:inst1|lpm_counter0:inst65|lpm_counter:lpm_counter_component|alt_counter_f10ke:wysi_counter|q[4]  ; XTAL_Y     ; XTAL_Y   ; None                        ; None                      ; 13.100 ns               ;
; N/A   ; 58.48 MHz ( period = 17.100 ns )               ; ClockBlock:inst1|lpm_counter0:inst65|lpm_counter:lpm_counter_component|alt_counter_f10ke:wysi_counter|q[2]  ; ClockBlock:inst1|lpm_counter0:inst65|lpm_counter:lpm_counter_component|alt_counter_f10ke:wysi_counter|q[4]  ; XTAL_Y     ; XTAL_Y   ; None                        ; None                      ; 13.100 ns               ;
; N/A   ; 58.48 MHz ( period = 17.100 ns )               ; ClockBlock:inst1|lpm_counter0:inst65|lpm_counter:lpm_counter_component|alt_counter_f10ke:wysi_counter|q[0]  ; ClockBlock:inst1|lpm_counter0:inst65|lpm_counter:lpm_counter_component|alt_counter_f10ke:wysi_counter|q[4]  ; XTAL_Y     ; XTAL_Y   ; None                        ; None                      ; 13.100 ns               ;
; N/A   ; 58.48 MHz ( period = 17.100 ns )               ; ClockBlock:inst1|lpm_counter0:inst65|lpm_counter:lpm_counter_component|alt_counter_f10ke:wysi_counter|q[3]  ; ClockBlock:inst1|lpm_counter0:inst65|lpm_counter:lpm_counter_component|alt_counter_f10ke:wysi_counter|q[3]  ; XTAL_Y     ; XTAL_Y   ; None                        ; None                      ; 13.100 ns               ;
; N/A   ; 58.48 MHz ( period = 17.100 ns )               ; ClockBlock:inst1|lpm_counter0:inst65|lpm_counter:lpm_counter_component|alt_counter_f10ke:wysi_counter|q[2]  ; ClockBlock:inst1|lpm_counter0:inst65|lpm_counter:lpm_counter_component|alt_counter_f10ke:wysi_counter|q[3]  ; XTAL_Y     ; XTAL_Y   ; None                        ; None                      ; 13.100 ns               ;
; N/A   ; 58.48 MHz ( period = 17.100 ns )               ; ClockBlock:inst1|lpm_counter0:inst65|lpm_counter:lpm_counter_component|alt_counter_f10ke:wysi_counter|q[0]  ; ClockBlock:inst1|lpm_counter0:inst65|lpm_counter:lpm_counter_component|alt_counter_f10ke:wysi_counter|q[3]  ; XTAL_Y     ; XTAL_Y   ; None                        ; None                      ; 13.100 ns               ;
; N/A   ; 58.48 MHz ( period = 17.100 ns )               ; ClockBlock:inst1|lpm_counter0:inst65|lpm_counter:lpm_counter_component|alt_counter_f10ke:wysi_counter|q[3]  ; ClockBlock:inst1|lpm_counter0:inst65|lpm_counter:lpm_counter_component|alt_counter_f10ke:wysi_counter|q[2]  ; XTAL_Y     ; XTAL_Y   ; None                        ; None                      ; 13.100 ns               ;
; N/A   ; 58.48 MHz ( period = 17.100 ns )               ; ClockBlock:inst1|lpm_counter0:inst65|lpm_counter:lpm_counter_component|alt_counter_f10ke:wysi_counter|q[2]  ; ClockBlock:inst1|lpm_counter0:inst65|lpm_counter:lpm_counter_component|alt_counter_f10ke:wysi_counter|q[2]  ; XTAL_Y     ; XTAL_Y   ; None                        ; None                      ; 13.100 ns               ;
; N/A   ; 58.48 MHz ( period = 17.100 ns )               ; ClockBlock:inst1|lpm_counter0:inst65|lpm_counter:lpm_counter_component|alt_counter_f10ke:wysi_counter|q[0]  ; ClockBlock:inst1|lpm_counter0:inst65|lpm_counter:lpm_counter_component|alt_counter_f10ke:wysi_counter|q[2]  ; XTAL_Y     ; XTAL_Y   ; None                        ; None                      ; 13.100 ns               ;
; N/A   ; 58.48 MHz ( period = 17.100 ns )               ; ClockBlock:inst1|lpm_counter0:inst65|lpm_counter:lpm_counter_component|alt_counter_f10ke:wysi_counter|q[3]  ; ClockBlock:inst1|lpm_counter0:inst65|lpm_counter:lpm_counter_component|alt_counter_f10ke:wysi_counter|q[1]  ; XTAL_Y     ; XTAL_Y   ; None                        ; None                      ; 13.100 ns               ;
; N/A   ; 58.48 MHz ( period = 17.100 ns )               ; ClockBlock:inst1|lpm_counter0:inst65|lpm_counter:lpm_counter_component|alt_counter_f10ke:wysi_counter|q[2]  ; ClockBlock:inst1|lpm_counter0:inst65|lpm_counter:lpm_counter_component|alt_counter_f10ke:wysi_counter|q[1]  ; XTAL_Y     ; XTAL_Y   ; None                        ; None                      ; 13.100 ns               ;
; N/A   ; 58.48 MHz ( period = 17.100 ns )               ; ClockBlock:inst1|lpm_counter0:inst65|lpm_counter:lpm_counter_component|alt_counter_f10ke:wysi_counter|q[0]  ; ClockBlock:inst1|lpm_counter0:inst65|lpm_counter:lpm_counter_component|alt_counter_f10ke:wysi_counter|q[1]  ; XTAL_Y     ; XTAL_Y   ; None                        ; None                      ; 13.100 ns               ;
; N/A   ; 58.48 MHz ( period = 17.100 ns )               ; ClockBlock:inst1|lpm_counter0:inst65|lpm_counter:lpm_counter_component|alt_counter_f10ke:wysi_counter|q[3]  ; ClockBlock:inst1|lpm_counter0:inst65|lpm_counter:lpm_counter_component|alt_counter_f10ke:wysi_counter|q[0]  ; XTAL_Y     ; XTAL_Y   ; None                        ; None                      ; 13.100 ns               ;
; N/A   ; 58.48 MHz ( period = 17.100 ns )               ; ClockBlock:inst1|lpm_counter0:inst65|lpm_counter:lpm_counter_component|alt_counter_f10ke:wysi_counter|q[2]  ; ClockBlock:inst1|lpm_counter0:inst65|lpm_counter:lpm_counter_component|alt_counter_f10ke:wysi_counter|q[0]  ; XTAL_Y     ; XTAL_Y   ; None                        ; None                      ; 13.100 ns               ;
; N/A   ; 58.48 MHz ( period = 17.100 ns )               ; ClockBlock:inst1|lpm_counter0:inst65|lpm_counter:lpm_counter_component|alt_counter_f10ke:wysi_counter|q[0]  ; ClockBlock:inst1|lpm_counter0:inst65|lpm_counter:lpm_counter_component|alt_counter_f10ke:wysi_counter|q[0]  ; XTAL_Y     ; XTAL_Y   ; None                        ; None                      ; 13.100 ns               ;
; N/A   ; 59.17 MHz ( period = 16.900 ns )               ; ClockBlock:inst1|lpm_counter0:inst65|lpm_counter:lpm_counter_component|alt_counter_f10ke:wysi_counter|q[7]  ; ClockBlock:inst1|lpm_counter0:inst65|lpm_counter:lpm_counter_component|alt_counter_f10ke:wysi_counter|q[11] ; XTAL_Y     ; XTAL_Y   ; None                        ; None                      ; 12.900 ns               ;
; N/A   ; 59.17 MHz ( period = 16.900 ns )               ; ClockBlock:inst1|lpm_counter0:inst65|lpm_counter:lpm_counter_component|alt_counter_f10ke:wysi_counter|q[7]  ; ClockBlock:inst1|lpm_counter0:inst65|lpm_counter:lpm_counter_component|alt_counter_f10ke:wysi_counter|q[10] ; XTAL_Y     ; XTAL_Y   ; None                        ; None                      ; 12.900 ns               ;
; N/A   ; 59.17 MHz ( period = 16.900 ns )               ; ClockBlock:inst1|lpm_counter0:inst65|lpm_counter:lpm_counter_component|alt_counter_f10ke:wysi_counter|q[7]  ; ClockBlock:inst1|lpm_counter0:inst65|lpm_counter:lpm_counter_component|alt_counter_f10ke:wysi_counter|q[9]  ; XTAL_Y     ; XTAL_Y   ; None                        ; None                      ; 12.900 ns               ;
; N/A   ; 59.17 MHz ( period = 16.900 ns )               ; ClockBlock:inst1|lpm_counter0:inst65|lpm_counter:lpm_counter_component|alt_counter_f10ke:wysi_counter|q[7]  ; ClockBlock:inst1|lpm_counter0:inst65|lpm_counter:lpm_counter_component|alt_counter_f10ke:wysi_counter|q[8]  ; XTAL_Y     ; XTAL_Y   ; None                        ; None                      ; 12.900 ns               ;
; N/A   ; 59.17 MHz ( period = 16.900 ns )               ; ClockBlock:inst1|lpm_counter0:inst65|lpm_counter:lpm_counter_component|alt_counter_f10ke:wysi_counter|q[7]  ; ClockBlock:inst1|lpm_counter0:inst65|lpm_counter:lpm_counter_component|alt_counter_f10ke:wysi_counter|q[7]  ; XTAL_Y     ; XTAL_Y   ; None                        ; None                      ; 12.900 ns               ;
; N/A   ; 59.17 MHz ( period = 16.900 ns )               ; ClockBlock:inst1|lpm_counter0:inst65|lpm_counter:lpm_counter_component|alt_counter_f10ke:wysi_counter|q[7]  ; ClockBlock:inst1|lpm_counter0:inst65|lpm_counter:lpm_counter_component|alt_counter_f10ke:wysi_counter|q[6]  ; XTAL_Y     ; XTAL_Y   ; None                        ; None                      ; 12.900 ns               ;
; N/A   ; 59.52 MHz ( period = 16.800 ns )               ; ClockBlock:inst1|lpm_counter0:inst65|lpm_counter:lpm_counter_component|alt_counter_f10ke:wysi_counter|q[8]  ; ClockBlock:inst1|lpm_counter0:inst65|lpm_counter:lpm_counter_component|alt_counter_f10ke:wysi_counter|q[11] ; XTAL_Y     ; XTAL_Y   ; None                        ; None                      ; 12.800 ns               ;
; N/A   ; 59.52 MHz ( period = 16.800 ns )               ; ClockBlock:inst1|lpm_counter0:inst65|lpm_counter:lpm_counter_component|alt_counter_f10ke:wysi_counter|q[8]  ; ClockBlock:inst1|lpm_counter0:inst65|lpm_counter:lpm_counter_component|alt_counter_f10ke:wysi_counter|q[10] ; XTAL_Y     ; XTAL_Y   ; None                        ; None                      ; 12.800 ns               ;
; N/A   ; 59.52 MHz ( period = 16.800 ns )               ; ClockBlock:inst1|lpm_counter0:inst65|lpm_counter:lpm_counter_component|alt_counter_f10ke:wysi_counter|q[8]  ; ClockBlock:inst1|lpm_counter0:inst65|lpm_counter:lpm_counter_component|alt_counter_f10ke:wysi_counter|q[9]  ; XTAL_Y     ; XTAL_Y   ; None                        ; None                      ; 12.800 ns               ;
; N/A   ; 59.52 MHz ( period = 16.800 ns )               ; ClockBlock:inst1|lpm_counter0:inst65|lpm_counter:lpm_counter_component|alt_counter_f10ke:wysi_counter|q[8]  ; ClockBlock:inst1|lpm_counter0:inst65|lpm_counter:lpm_counter_component|alt_counter_f10ke:wysi_counter|q[8]  ; XTAL_Y     ; XTAL_Y   ; None                        ; None                      ; 12.800 ns               ;
; N/A   ; 59.52 MHz ( period = 16.800 ns )               ; ClockBlock:inst1|lpm_counter0:inst65|lpm_counter:lpm_counter_component|alt_counter_f10ke:wysi_counter|q[8]  ; ClockBlock:inst1|lpm_counter0:inst65|lpm_counter:lpm_counter_component|alt_counter_f10ke:wysi_counter|q[7]  ; XTAL_Y     ; XTAL_Y   ; None                        ; None                      ; 12.800 ns               ;
; N/A   ; 59.52 MHz ( period = 16.800 ns )               ; ClockBlock:inst1|lpm_counter0:inst65|lpm_counter:lpm_counter_component|alt_counter_f10ke:wysi_counter|q[8]  ; ClockBlock:inst1|lpm_counter0:inst65|lpm_counter:lpm_counter_component|alt_counter_f10ke:wysi_counter|q[6]  ; XTAL_Y     ; XTAL_Y   ; None                        ; None                      ; 12.800 ns               ;
; N/A   ; 59.52 MHz ( period = 16.800 ns )               ; ClockBlock:inst1|lpm_counter0:inst65|lpm_counter:lpm_counter_component|alt_counter_f10ke:wysi_counter|q[1]  ; ClockBlock:inst1|lpm_counter0:inst65|lpm_counter:lpm_counter_component|alt_counter_f10ke:wysi_counter|q[5]  ; XTAL_Y     ; XTAL_Y   ; None                        ; None                      ; 12.800 ns               ;
; N/A   ; 59.52 MHz ( period = 16.800 ns )               ; ClockBlock:inst1|lpm_counter0:inst65|lpm_counter:lpm_counter_component|alt_counter_f10ke:wysi_counter|q[1]  ; ClockBlock:inst1|lpm_counter0:inst65|lpm_counter:lpm_counter_component|alt_counter_f10ke:wysi_counter|q[4]  ; XTAL_Y     ; XTAL_Y   ; None                        ; None                      ; 12.800 ns               ;
; N/A   ; 59.52 MHz ( period = 16.800 ns )               ; ClockBlock:inst1|lpm_counter0:inst65|lpm_counter:lpm_counter_component|alt_counter_f10ke:wysi_counter|q[1]  ; ClockBlock:inst1|lpm_counter0:inst65|lpm_counter:lpm_counter_component|alt_counter_f10ke:wysi_counter|q[3]  ; XTAL_Y     ; XTAL_Y   ; None                        ; None                      ; 12.800 ns               ;
; N/A   ; 59.52 MHz ( period = 16.800 ns )               ; ClockBlock:inst1|lpm_counter0:inst65|lpm_counter:lpm_counter_component|alt_counter_f10ke:wysi_counter|q[1]  ; ClockBlock:inst1|lpm_counter0:inst65|lpm_counter:lpm_counter_component|alt_counter_f10ke:wysi_counter|q[2]  ; XTAL_Y     ; XTAL_Y   ; None                        ; None                      ; 12.800 ns               ;
; N/A   ; 59.52 MHz ( period = 16.800 ns )               ; ClockBlock:inst1|lpm_counter0:inst65|lpm_counter:lpm_counter_component|alt_counter_f10ke:wysi_counter|q[1]  ; ClockBlock:inst1|lpm_counter0:inst65|lpm_counter:lpm_counter_component|alt_counter_f10ke:wysi_counter|q[1]  ; XTAL_Y     ; XTAL_Y   ; None                        ; None                      ; 12.800 ns               ;
; N/A   ; 59.52 MHz ( period = 16.800 ns )               ; ClockBlock:inst1|lpm_counter0:inst65|lpm_counter:lpm_counter_component|alt_counter_f10ke:wysi_counter|q[1]  ; ClockBlock:inst1|lpm_counter0:inst65|lpm_counter:lpm_counter_component|alt_counter_f10ke:wysi_counter|q[0]  ; XTAL_Y     ; XTAL_Y   ; None                        ; None                      ; 12.800 ns               ;
; N/A   ; 60.24 MHz ( period = 16.600 ns )               ; ClockBlock:inst1|lpm_counter0:inst65|lpm_counter:lpm_counter_component|alt_counter_f10ke:wysi_counter|q[6]  ; ClockBlock:inst1|lpm_counter0:inst65|lpm_counter:lpm_counter_component|alt_counter_f10ke:wysi_counter|q[11] ; XTAL_Y     ; XTAL_Y   ; None                        ; None                      ; 12.600 ns               ;
; N/A   ; 60.24 MHz ( period = 16.600 ns )               ; ClockBlock:inst1|lpm_counter0:inst65|lpm_counter:lpm_counter_component|alt_counter_f10ke:wysi_counter|q[6]  ; ClockBlock:inst1|lpm_counter0:inst65|lpm_counter:lpm_counter_component|alt_counter_f10ke:wysi_counter|q[10] ; XTAL_Y     ; XTAL_Y   ; None                        ; None                      ; 12.600 ns               ;
; N/A   ; 60.24 MHz ( period = 16.600 ns )               ; ClockBlock:inst1|lpm_counter0:inst65|lpm_counter:lpm_counter_component|alt_counter_f10ke:wysi_counter|q[6]  ; ClockBlock:inst1|lpm_counter0:inst65|lpm_counter:lpm_counter_component|alt_counter_f10ke:wysi_counter|q[9]  ; XTAL_Y     ; XTAL_Y   ; None                        ; None                      ; 12.600 ns               ;
; N/A   ; 60.24 MHz ( period = 16.600 ns )               ; ClockBlock:inst1|lpm_counter0:inst65|lpm_counter:lpm_counter_component|alt_counter_f10ke:wysi_counter|q[6]  ; ClockBlock:inst1|lpm_counter0:inst65|lpm_counter:lpm_counter_component|alt_counter_f10ke:wysi_counter|q[8]  ; XTAL_Y     ; XTAL_Y   ; None                        ; None                      ; 12.600 ns               ;
; N/A   ; 60.24 MHz ( period = 16.600 ns )               ; ClockBlock:inst1|lpm_counter0:inst65|lpm_counter:lpm_counter_component|alt_counter_f10ke:wysi_counter|q[6]  ; ClockBlock:inst1|lpm_counter0:inst65|lpm_counter:lpm_counter_component|alt_counter_f10ke:wysi_counter|q[7]  ; XTAL_Y     ; XTAL_Y   ; None                        ; None                      ; 12.600 ns               ;
; N/A   ; 60.24 MHz ( period = 16.600 ns )               ; ClockBlock:inst1|lpm_counter0:inst65|lpm_counter:lpm_counter_component|alt_counter_f10ke:wysi_counter|q[6]  ; ClockBlock:inst1|lpm_counter0:inst65|lpm_counter:lpm_counter_component|alt_counter_f10ke:wysi_counter|q[6]  ; XTAL_Y     ; XTAL_Y   ; None                        ; None                      ; 12.600 ns               ;
; N/A   ; 67.57 MHz ( period = 14.800 ns )               ; ClockBlock:inst1|lpm_counter0:inst65|lpm_counter:lpm_counter_component|alt_counter_f10ke:wysi_counter|q[11] ; ClockBlock:inst1|lpm_counter0:inst65|lpm_counter:lpm_counter_component|alt_counter_f10ke:wysi_counter|q[5]  ; XTAL_Y     ; XTAL_Y   ; None                        ; None                      ; 10.800 ns               ;
; N/A   ; 67.57 MHz ( period = 14.800 ns )               ; ClockBlock:inst1|lpm_counter0:inst65|lpm_counter:lpm_counter_component|alt_counter_f10ke:wysi_counter|q[10] ; ClockBlock:inst1|lpm_counter0:inst65|lpm_counter:lpm_counter_component|alt_counter_f10ke:wysi_counter|q[5]  ; XTAL_Y     ; XTAL_Y   ; None                        ; None                      ; 10.800 ns               ;
; N/A   ; 67.57 MHz ( period = 14.800 ns )               ; ClockBlock:inst1|lpm_counter0:inst65|lpm_counter:lpm_counter_component|alt_counter_f10ke:wysi_counter|q[9]  ; ClockBlock:inst1|lpm_counter0:inst65|lpm_counter:lpm_counter_component|alt_counter_f10ke:wysi_counter|q[5]  ; XTAL_Y     ; XTAL_Y   ; None                        ; None                      ; 10.800 ns               ;
; N/A   ; 67.57 MHz ( period = 14.800 ns )               ; ClockBlock:inst1|lpm_counter0:inst65|lpm_counter:lpm_counter_component|alt_counter_f10ke:wysi_counter|q[11] ; ClockBlock:inst1|lpm_counter0:inst65|lpm_counter:lpm_counter_component|alt_counter_f10ke:wysi_counter|q[4]  ; XTAL_Y     ; XTAL_Y   ; None                        ; None                      ; 10.800 ns               ;
; N/A   ; 67.57 MHz ( period = 14.800 ns )               ; ClockBlock:inst1|lpm_counter0:inst65|lpm_counter:lpm_counter_component|alt_counter_f10ke:wysi_counter|q[10] ; ClockBlock:inst1|lpm_counter0:inst65|lpm_counter:lpm_counter_component|alt_counter_f10ke:wysi_counter|q[4]  ; XTAL_Y     ; XTAL_Y   ; None                        ; None                      ; 10.800 ns               ;
; N/A   ; 67.57 MHz ( period = 14.800 ns )               ; ClockBlock:inst1|lpm_counter0:inst65|lpm_counter:lpm_counter_component|alt_counter_f10ke:wysi_counter|q[9]  ; ClockBlock:inst1|lpm_counter0:inst65|lpm_counter:lpm_counter_component|alt_counter_f10ke:wysi_counter|q[4]  ; XTAL_Y     ; XTAL_Y   ; None                        ; None                      ; 10.800 ns               ;
; N/A   ; 67.57 MHz ( period = 14.800 ns )               ; ClockBlock:inst1|lpm_counter0:inst65|lpm_counter:lpm_counter_component|alt_counter_f10ke:wysi_counter|q[11] ; ClockBlock:inst1|lpm_counter0:inst65|lpm_counter:lpm_counter_component|alt_counter_f10ke:wysi_counter|q[3]  ; XTAL_Y     ; XTAL_Y   ; None                        ; None                      ; 10.800 ns               ;
; N/A   ; 67.57 MHz ( period = 14.800 ns )               ; ClockBlock:inst1|lpm_counter0:inst65|lpm_counter:lpm_counter_component|alt_counter_f10ke:wysi_counter|q[10] ; ClockBlock:inst1|lpm_counter0:inst65|lpm_counter:lpm_counter_component|alt_counter_f10ke:wysi_counter|q[3]  ; XTAL_Y     ; XTAL_Y   ; None                        ; None                      ; 10.800 ns               ;
; N/A   ; 67.57 MHz ( period = 14.800 ns )               ; ClockBlock:inst1|lpm_counter0:inst65|lpm_counter:lpm_counter_component|alt_counter_f10ke:wysi_counter|q[9]  ; ClockBlock:inst1|lpm_counter0:inst65|lpm_counter:lpm_counter_component|alt_counter_f10ke:wysi_counter|q[3]  ; XTAL_Y     ; XTAL_Y   ; None                        ; None                      ; 10.800 ns               ;
; N/A   ; 67.57 MHz ( period = 14.800 ns )               ; ClockBlock:inst1|lpm_counter0:inst65|lpm_counter:lpm_counter_component|alt_counter_f10ke:wysi_counter|q[11] ; ClockBlock:inst1|lpm_counter0:inst65|lpm_counter:lpm_counter_component|alt_counter_f10ke:wysi_counter|q[2]  ; XTAL_Y     ; XTAL_Y   ; None                        ; None                      ; 10.800 ns               ;
; N/A   ; 67.57 MHz ( period = 14.800 ns )               ; ClockBlock:inst1|lpm_counter0:inst65|lpm_counter:lpm_counter_component|alt_counter_f10ke:wysi_counter|q[10] ; ClockBlock:inst1|lpm_counter0:inst65|lpm_counter:lpm_counter_component|alt_counter_f10ke:wysi_counter|q[2]  ; XTAL_Y     ; XTAL_Y   ; None                        ; None                      ; 10.800 ns               ;
; N/A   ; 67.57 MHz ( period = 14.800 ns )               ; ClockBlock:inst1|lpm_counter0:inst65|lpm_counter:lpm_counter_component|alt_counter_f10ke:wysi_counter|q[9]  ; ClockBlock:inst1|lpm_counter0:inst65|lpm_counter:lpm_counter_component|alt_counter_f10ke:wysi_counter|q[2]  ; XTAL_Y     ; XTAL_Y   ; None                        ; None                      ; 10.800 ns               ;
; N/A   ; 67.57 MHz ( period = 14.800 ns )               ; ClockBlock:inst1|lpm_counter0:inst65|lpm_counter:lpm_counter_component|alt_counter_f10ke:wysi_counter|q[11] ; ClockBlock:inst1|lpm_counter0:inst65|lpm_counter:lpm_counter_component|alt_counter_f10ke:wysi_counter|q[1]  ; XTAL_Y     ; XTAL_Y   ; None                        ; None                      ; 10.800 ns               ;
; N/A   ; 67.57 MHz ( period = 14.800 ns )               ; ClockBlock:inst1|lpm_counter0:inst65|lpm_counter:lpm_counter_component|alt_counter_f10ke:wysi_counter|q[10] ; ClockBlock:inst1|lpm_counter0:inst65|lpm_counter:lpm_counter_component|alt_counter_f10ke:wysi_counter|q[1]  ; XTAL_Y     ; XTAL_Y   ; None                        ; None                      ; 10.800 ns               ;
; N/A   ; 67.57 MHz ( period = 14.800 ns )               ; ClockBlock:inst1|lpm_counter0:inst65|lpm_counter:lpm_counter_component|alt_counter_f10ke:wysi_counter|q[9]  ; ClockBlock:inst1|lpm_counter0:inst65|lpm_counter:lpm_counter_component|alt_counter_f10ke:wysi_counter|q[1]  ; XTAL_Y     ; XTAL_Y   ; None                        ; None                      ; 10.800 ns               ;
; N/A   ; 67.57 MHz ( period = 14.800 ns )               ; ClockBlock:inst1|lpm_counter0:inst65|lpm_counter:lpm_counter_component|alt_counter_f10ke:wysi_counter|q[11] ; ClockBlock:inst1|lpm_counter0:inst65|lpm_counter:lpm_counter_component|alt_counter_f10ke:wysi_counter|q[0]  ; XTAL_Y     ; XTAL_Y   ; None                        ; None                      ; 10.800 ns               ;
; N/A   ; 67.57 MHz ( period = 14.800 ns )               ; ClockBlock:inst1|lpm_counter0:inst65|lpm_counter:lpm_counter_component|alt_counter_f10ke:wysi_counter|q[10] ; ClockBlock:inst1|lpm_counter0:inst65|lpm_counter:lpm_counter_component|alt_counter_f10ke:wysi_counter|q[0]  ; XTAL_Y     ; XTAL_Y   ; None                        ; None                      ; 10.800 ns               ;
; N/A   ; 67.57 MHz ( period = 14.800 ns )               ; ClockBlock:inst1|lpm_counter0:inst65|lpm_counter:lpm_counter_component|alt_counter_f10ke:wysi_counter|q[9]  ; ClockBlock:inst1|lpm_counter0:inst65|lpm_counter:lpm_counter_component|alt_counter_f10ke:wysi_counter|q[0]  ; XTAL_Y     ; XTAL_Y   ; None                        ; None                      ; 10.800 ns               ;
; N/A   ; 68.49 MHz ( period = 14.600 ns )               ; ClockBlock:inst1|lpm_counter0:inst65|lpm_counter:lpm_counter_component|alt_counter_f10ke:wysi_counter|q[5]  ; ClockBlock:inst1|lpm_counter0:inst65|lpm_counter:lpm_counter_component|alt_counter_f10ke:wysi_counter|q[11] ; XTAL_Y     ; XTAL_Y   ; None                        ; None                      ; 10.600 ns               ;
; N/A   ; 68.49 MHz ( period = 14.600 ns )               ; ClockBlock:inst1|lpm_counter0:inst65|lpm_counter:lpm_counter_component|alt_counter_f10ke:wysi_counter|q[4]  ; ClockBlock:inst1|lpm_counter0:inst65|lpm_counter:lpm_counter_component|alt_counter_f10ke:wysi_counter|q[11] ; XTAL_Y     ; XTAL_Y   ; None                        ; None                      ; 10.600 ns               ;
; N/A   ; 68.49 MHz ( period = 14.600 ns )               ; ClockBlock:inst1|lpm_counter0:inst65|lpm_counter:lpm_counter_component|alt_counter_f10ke:wysi_counter|q[5]  ; ClockBlock:inst1|lpm_counter0:inst65|lpm_counter:lpm_counter_component|alt_counter_f10ke:wysi_counter|q[10] ; XTAL_Y     ; XTAL_Y   ; None                        ; None                      ; 10.600 ns               ;
; N/A   ; 68.49 MHz ( period = 14.600 ns )               ; ClockBlock:inst1|lpm_counter0:inst65|lpm_counter:lpm_counter_component|alt_counter_f10ke:wysi_counter|q[4]  ; ClockBlock:inst1|lpm_counter0:inst65|lpm_counter:lpm_counter_component|alt_counter_f10ke:wysi_counter|q[10] ; XTAL_Y     ; XTAL_Y   ; None                        ; None                      ; 10.600 ns               ;
; N/A   ; 68.49 MHz ( period = 14.600 ns )               ; ClockBlock:inst1|lpm_counter0:inst65|lpm_counter:lpm_counter_component|alt_counter_f10ke:wysi_counter|q[5]  ; ClockBlock:inst1|lpm_counter0:inst65|lpm_counter:lpm_counter_component|alt_counter_f10ke:wysi_counter|q[9]  ; XTAL_Y     ; XTAL_Y   ; None                        ; None                      ; 10.600 ns               ;
; N/A   ; 68.49 MHz ( period = 14.600 ns )               ; ClockBlock:inst1|lpm_counter0:inst65|lpm_counter:lpm_counter_component|alt_counter_f10ke:wysi_counter|q[4]  ; ClockBlock:inst1|lpm_counter0:inst65|lpm_counter:lpm_counter_component|alt_counter_f10ke:wysi_counter|q[9]  ; XTAL_Y     ; XTAL_Y   ; None                        ; None                      ; 10.600 ns               ;
; N/A   ; 68.49 MHz ( period = 14.600 ns )               ; ClockBlock:inst1|lpm_counter0:inst65|lpm_counter:lpm_counter_component|alt_counter_f10ke:wysi_counter|q[5]  ; ClockBlock:inst1|lpm_counter0:inst65|lpm_counter:lpm_counter_component|alt_counter_f10ke:wysi_counter|q[8]  ; XTAL_Y     ; XTAL_Y   ; None                        ; None                      ; 10.600 ns               ;
; N/A   ; 68.49 MHz ( period = 14.600 ns )               ; ClockBlock:inst1|lpm_counter0:inst65|lpm_counter:lpm_counter_component|alt_counter_f10ke:wysi_counter|q[4]  ; ClockBlock:inst1|lpm_counter0:inst65|lpm_counter:lpm_counter_component|alt_counter_f10ke:wysi_counter|q[8]  ; XTAL_Y     ; XTAL_Y   ; None                        ; None                      ; 10.600 ns               ;
; N/A   ; 68.49 MHz ( period = 14.600 ns )               ; ClockBlock:inst1|lpm_counter0:inst65|lpm_counter:lpm_counter_component|alt_counter_f10ke:wysi_counter|q[5]  ; ClockBlock:inst1|lpm_counter0:inst65|lpm_counter:lpm_counter_component|alt_counter_f10ke:wysi_counter|q[7]  ; XTAL_Y     ; XTAL_Y   ; None                        ; None                      ; 10.600 ns               ;
; N/A   ; 68.49 MHz ( period = 14.600 ns )               ; ClockBlock:inst1|lpm_counter0:inst65|lpm_counter:lpm_counter_component|alt_counter_f10ke:wysi_counter|q[4]  ; ClockBlock:inst1|lpm_counter0:inst65|lpm_counter:lpm_counter_component|alt_counter_f10ke:wysi_counter|q[7]  ; XTAL_Y     ; XTAL_Y   ; None                        ; None                      ; 10.600 ns               ;
; N/A   ; 68.49 MHz ( period = 14.600 ns )               ; ClockBlock:inst1|lpm_counter0:inst65|lpm_counter:lpm_counter_component|alt_counter_f10ke:wysi_counter|q[5]  ; ClockBlock:inst1|lpm_counter0:inst65|lpm_counter:lpm_counter_component|alt_counter_f10ke:wysi_counter|q[6]  ; XTAL_Y     ; XTAL_Y   ; None                        ; None                      ; 10.600 ns               ;
; N/A   ; 68.49 MHz ( period = 14.600 ns )               ; ClockBlock:inst1|lpm_counter0:inst65|lpm_counter:lpm_counter_component|alt_counter_f10ke:wysi_counter|q[4]  ; ClockBlock:inst1|lpm_counter0:inst65|lpm_counter:lpm_counter_component|alt_counter_f10ke:wysi_counter|q[6]  ; XTAL_Y     ; XTAL_Y   ; None                        ; None                      ; 10.600 ns               ;
; N/A   ; 68.49 MHz ( period = 14.600 ns )               ; ClockBlock:inst1|lpm_counter0:inst65|lpm_counter:lpm_counter_component|alt_counter_f10ke:wysi_counter|q[7]  ; ClockBlock:inst1|lpm_counter0:inst65|lpm_counter:lpm_counter_component|alt_counter_f10ke:wysi_counter|q[5]  ; XTAL_Y     ; XTAL_Y   ; None                        ; None                      ; 10.600 ns               ;
; N/A   ; 68.49 MHz ( period = 14.600 ns )               ; ClockBlock:inst1|lpm_counter0:inst65|lpm_counter:lpm_counter_component|alt_counter_f10ke:wysi_counter|q[7]  ; ClockBlock:inst1|lpm_counter0:inst65|lpm_counter:lpm_counter_component|alt_counter_f10ke:wysi_counter|q[4]  ; XTAL_Y     ; XTAL_Y   ; None                        ; None                      ; 10.600 ns               ;
; N/A   ; 68.49 MHz ( period = 14.600 ns )               ; ClockBlock:inst1|lpm_counter0:inst65|lpm_counter:lpm_counter_component|alt_counter_f10ke:wysi_counter|q[7]  ; ClockBlock:inst1|lpm_counter0:inst65|lpm_counter:lpm_counter_component|alt_counter_f10ke:wysi_counter|q[3]  ; XTAL_Y     ; XTAL_Y   ; None                        ; None                      ; 10.600 ns               ;
; N/A   ; 68.49 MHz ( period = 14.600 ns )               ; ClockBlock:inst1|lpm_counter0:inst65|lpm_counter:lpm_counter_component|alt_counter_f10ke:wysi_counter|q[7]  ; ClockBlock:inst1|lpm_counter0:inst65|lpm_counter:lpm_counter_component|alt_counter_f10ke:wysi_counter|q[2]  ; XTAL_Y     ; XTAL_Y   ; None                        ; None                      ; 10.600 ns               ;
; N/A   ; 68.49 MHz ( period = 14.600 ns )               ; ClockBlock:inst1|lpm_counter0:inst65|lpm_counter:lpm_counter_component|alt_counter_f10ke:wysi_counter|q[7]  ; ClockBlock:inst1|lpm_counter0:inst65|lpm_counter:lpm_counter_component|alt_counter_f10ke:wysi_counter|q[1]  ; XTAL_Y     ; XTAL_Y   ; None                        ; None                      ; 10.600 ns               ;
; N/A   ; 68.49 MHz ( period = 14.600 ns )               ; ClockBlock:inst1|lpm_counter0:inst65|lpm_counter:lpm_counter_component|alt_counter_f10ke:wysi_counter|q[7]  ; ClockBlock:inst1|lpm_counter0:inst65|lpm_counter:lpm_counter_component|alt_counter_f10ke:wysi_counter|q[0]  ; XTAL_Y     ; XTAL_Y   ; None                        ; None                      ; 10.600 ns               ;
; N/A   ; 68.97 MHz ( period = 14.500 ns )               ; ClockBlock:inst1|lpm_counter0:inst65|lpm_counter:lpm_counter_component|alt_counter_f10ke:wysi_counter|q[8]  ; ClockBlock:inst1|lpm_counter0:inst65|lpm_counter:lpm_counter_component|alt_counter_f10ke:wysi_counter|q[5]  ; XTAL_Y     ; XTAL_Y   ; None                        ; None                      ; 10.500 ns               ;
; N/A   ; 68.97 MHz ( period = 14.500 ns )               ; ClockBlock:inst1|lpm_counter0:inst65|lpm_counter:lpm_counter_component|alt_counter_f10ke:wysi_counter|q[8]  ; ClockBlock:inst1|lpm_counter0:inst65|lpm_counter:lpm_counter_component|alt_counter_f10ke:wysi_counter|q[4]  ; XTAL_Y     ; XTAL_Y   ; None                        ; None                      ; 10.500 ns               ;
; N/A   ; 68.97 MHz ( period = 14.500 ns )               ; ClockBlock:inst1|lpm_counter0:inst65|lpm_counter:lpm_counter_component|alt_counter_f10ke:wysi_counter|q[8]  ; ClockBlock:inst1|lpm_counter0:inst65|lpm_counter:lpm_counter_component|alt_counter_f10ke:wysi_counter|q[3]  ; XTAL_Y     ; XTAL_Y   ; None                        ; None                      ; 10.500 ns               ;
; N/A   ; 68.97 MHz ( period = 14.500 ns )               ; ClockBlock:inst1|lpm_counter0:inst65|lpm_counter:lpm_counter_component|alt_counter_f10ke:wysi_counter|q[8]  ; ClockBlock:inst1|lpm_counter0:inst65|lpm_counter:lpm_counter_component|alt_counter_f10ke:wysi_counter|q[2]  ; XTAL_Y     ; XTAL_Y   ; None                        ; None                      ; 10.500 ns               ;
; N/A   ; 68.97 MHz ( period = 14.500 ns )               ; ClockBlock:inst1|lpm_counter0:inst65|lpm_counter:lpm_counter_component|alt_counter_f10ke:wysi_counter|q[8]  ; ClockBlock:inst1|lpm_counter0:inst65|lpm_counter:lpm_counter_component|alt_counter_f10ke:wysi_counter|q[1]  ; XTAL_Y     ; XTAL_Y   ; None                        ; None                      ; 10.500 ns               ;
; N/A   ; 68.97 MHz ( period = 14.500 ns )               ; ClockBlock:inst1|lpm_counter0:inst65|lpm_counter:lpm_counter_component|alt_counter_f10ke:wysi_counter|q[8]  ; ClockBlock:inst1|lpm_counter0:inst65|lpm_counter:lpm_counter_component|alt_counter_f10ke:wysi_counter|q[0]  ; XTAL_Y     ; XTAL_Y   ; None                        ; None                      ; 10.500 ns               ;
; N/A   ; 69.93 MHz ( period = 14.300 ns )               ; inst15                                                                                                      ; inst60                                                                                                      ; XTAL_Y     ; XTAL_Y   ; None                        ; None                      ; 10.300 ns               ;
; N/A   ; 69.93 MHz ( period = 14.300 ns )               ; ClockBlock:inst1|lpm_counter0:inst65|lpm_counter:lpm_counter_component|alt_counter_f10ke:wysi_counter|q[6]  ; ClockBlock:inst1|lpm_counter0:inst65|lpm_counter:lpm_counter_component|alt_counter_f10ke:wysi_counter|q[5]  ; XTAL_Y     ; XTAL_Y   ; None                        ; None                      ; 10.300 ns               ;
; N/A   ; 69.93 MHz ( period = 14.300 ns )               ; ClockBlock:inst1|lpm_counter0:inst65|lpm_counter:lpm_counter_component|alt_counter_f10ke:wysi_counter|q[6]  ; ClockBlock:inst1|lpm_counter0:inst65|lpm_counter:lpm_counter_component|alt_counter_f10ke:wysi_counter|q[4]  ; XTAL_Y     ; XTAL_Y   ; None                        ; None                      ; 10.300 ns               ;
; N/A   ; 69.93 MHz ( period = 14.300 ns )               ; ClockBlock:inst1|lpm_counter0:inst65|lpm_counter:lpm_counter_component|alt_counter_f10ke:wysi_counter|q[6]  ; ClockBlock:inst1|lpm_counter0:inst65|lpm_counter:lpm_counter_component|alt_counter_f10ke:wysi_counter|q[3]  ; XTAL_Y     ; XTAL_Y   ; None                        ; None                      ; 10.300 ns               ;
; N/A   ; 69.93 MHz ( period = 14.300 ns )               ; ClockBlock:inst1|lpm_counter0:inst65|lpm_counter:lpm_counter_component|alt_counter_f10ke:wysi_counter|q[6]  ; ClockBlock:inst1|lpm_counter0:inst65|lpm_counter:lpm_counter_component|alt_counter_f10ke:wysi_counter|q[2]  ; XTAL_Y     ; XTAL_Y   ; None                        ; None                      ; 10.300 ns               ;
; N/A   ; 69.93 MHz ( period = 14.300 ns )               ; ClockBlock:inst1|lpm_counter0:inst65|lpm_counter:lpm_counter_component|alt_counter_f10ke:wysi_counter|q[6]  ; ClockBlock:inst1|lpm_counter0:inst65|lpm_counter:lpm_counter_component|alt_counter_f10ke:wysi_counter|q[1]  ; XTAL_Y     ; XTAL_Y   ; None                        ; None                      ; 10.300 ns               ;
; N/A   ; 69.93 MHz ( period = 14.300 ns )               ; ClockBlock:inst1|lpm_counter0:inst65|lpm_counter:lpm_counter_component|alt_counter_f10ke:wysi_counter|q[6]  ; ClockBlock:inst1|lpm_counter0:inst65|lpm_counter:lpm_counter_component|alt_counter_f10ke:wysi_counter|q[0]  ; XTAL_Y     ; XTAL_Y   ; None                        ; None                      ; 10.300 ns               ;
; N/A   ; 70.92 MHz ( period = 14.100 ns )               ; ClockBlock:inst1|lpm_counter0:inst65|lpm_counter:lpm_counter_component|alt_counter_f10ke:wysi_counter|q[0]  ; ClockBlock:inst1|inst67                                                                                     ; XTAL_Y     ; XTAL_Y   ; None                        ; None                      ; 10.100 ns               ;
; N/A   ; 72.46 MHz ( period = 13.800 ns )               ; ClockBlock:inst1|lpm_counter0:inst65|lpm_counter:lpm_counter_component|alt_counter_f10ke:wysi_counter|q[1]  ; ClockBlock:inst1|inst67                                                                                     ; XTAL_Y     ; XTAL_Y   ; None                        ; None                      ; 9.800 ns                ;
; N/A   ; 74.07 MHz ( period = 13.500 ns )               ; ClockBlock:inst1|lpm_counter0:inst65|lpm_counter:lpm_counter_component|alt_counter_f10ke:wysi_counter|q[2]  ; ClockBlock:inst1|inst67                                                                                     ; XTAL_Y     ; XTAL_Y   ; None                        ; None                      ; 9.500 ns                ;
; N/A   ; 75.76 MHz ( period = 13.200 ns )               ; ClockBlock:inst1|lpm_counter0:inst65|lpm_counter:lpm_counter_component|alt_counter_f10ke:wysi_counter|q[3]  ; ClockBlock:inst1|inst67                                                                                     ; XTAL_Y     ; XTAL_Y   ; None                        ; None                      ; 9.200 ns                ;
; N/A   ; 81.30 MHz ( period = 12.300 ns )               ; ClockBlock:inst1|lpm_counter0:inst65|lpm_counter:lpm_counter_component|alt_counter_f10ke:wysi_counter|q[5]  ; ClockBlock:inst1|lpm_counter0:inst65|lpm_counter:lpm_counter_component|alt_counter_f10ke:wysi_counter|q[5]  ; XTAL_Y     ; XTAL_Y   ; None                        ; None                      ; 8.300 ns                ;
; N/A   ; 81.30 MHz ( period = 12.300 ns )               ; ClockBlock:inst1|lpm_counter0:inst65|lpm_counter:lpm_counter_component|alt_counter_f10ke:wysi_counter|q[4]  ; ClockBlock:inst1|lpm_counter0:inst65|lpm_counter:lpm_counter_component|alt_counter_f10ke:wysi_counter|q[5]  ; XTAL_Y     ; XTAL_Y   ; None                        ; None                      ; 8.300 ns                ;
; N/A   ; 81.30 MHz ( period = 12.300 ns )               ; ClockBlock:inst1|lpm_counter0:inst65|lpm_counter:lpm_counter_component|alt_counter_f10ke:wysi_counter|q[5]  ; ClockBlock:inst1|lpm_counter0:inst65|lpm_counter:lpm_counter_component|alt_counter_f10ke:wysi_counter|q[4]  ; XTAL_Y     ; XTAL_Y   ; None                        ; None                      ; 8.300 ns                ;
; N/A   ; 81.30 MHz ( period = 12.300 ns )               ; ClockBlock:inst1|lpm_counter0:inst65|lpm_counter:lpm_counter_component|alt_counter_f10ke:wysi_counter|q[4]  ; ClockBlock:inst1|lpm_counter0:inst65|lpm_counter:lpm_counter_component|alt_counter_f10ke:wysi_counter|q[4]  ; XTAL_Y     ; XTAL_Y   ; None                        ; None                      ; 8.300 ns                ;
; N/A   ; 81.30 MHz ( period = 12.300 ns )               ; ClockBlock:inst1|lpm_counter0:inst65|lpm_counter:lpm_counter_component|alt_counter_f10ke:wysi_counter|q[5]  ; ClockBlock:inst1|lpm_counter0:inst65|lpm_counter:lpm_counter_component|alt_counter_f10ke:wysi_counter|q[3]  ; XTAL_Y     ; XTAL_Y   ; None                        ; None                      ; 8.300 ns                ;
; N/A   ; 81.30 MHz ( period = 12.300 ns )               ; ClockBlock:inst1|lpm_counter0:inst65|lpm_counter:lpm_counter_component|alt_counter_f10ke:wysi_counter|q[4]  ; ClockBlock:inst1|lpm_counter0:inst65|lpm_counter:lpm_counter_component|alt_counter_f10ke:wysi_counter|q[3]  ; XTAL_Y     ; XTAL_Y   ; None                        ; None                      ; 8.300 ns                ;
; N/A   ; 81.30 MHz ( period = 12.300 ns )               ; ClockBlock:inst1|lpm_counter0:inst65|lpm_counter:lpm_counter_component|alt_counter_f10ke:wysi_counter|q[5]  ; ClockBlock:inst1|lpm_counter0:inst65|lpm_counter:lpm_counter_component|alt_counter_f10ke:wysi_counter|q[2]  ; XTAL_Y     ; XTAL_Y   ; None                        ; None                      ; 8.300 ns                ;
; N/A   ; 81.30 MHz ( period = 12.300 ns )               ; ClockBlock:inst1|lpm_counter0:inst65|lpm_counter:lpm_counter_component|alt_counter_f10ke:wysi_counter|q[4]  ; ClockBlock:inst1|lpm_counter0:inst65|lpm_counter:lpm_counter_component|alt_counter_f10ke:wysi_counter|q[2]  ; XTAL_Y     ; XTAL_Y   ; None                        ; None                      ; 8.300 ns                ;
; N/A   ; 81.30 MHz ( period = 12.300 ns )               ; ClockBlock:inst1|lpm_counter0:inst65|lpm_counter:lpm_counter_component|alt_counter_f10ke:wysi_counter|q[5]  ; ClockBlock:inst1|lpm_counter0:inst65|lpm_counter:lpm_counter_component|alt_counter_f10ke:wysi_counter|q[1]  ; XTAL_Y     ; XTAL_Y   ; None                        ; None                      ; 8.300 ns                ;
; N/A   ; 81.30 MHz ( period = 12.300 ns )               ; ClockBlock:inst1|lpm_counter0:inst65|lpm_counter:lpm_counter_component|alt_counter_f10ke:wysi_counter|q[4]  ; ClockBlock:inst1|lpm_counter0:inst65|lpm_counter:lpm_counter_component|alt_counter_f10ke:wysi_counter|q[1]  ; XTAL_Y     ; XTAL_Y   ; None                        ; None                      ; 8.300 ns                ;
; N/A   ; 81.30 MHz ( period = 12.300 ns )               ; ClockBlock:inst1|lpm_counter0:inst65|lpm_counter:lpm_counter_component|alt_counter_f10ke:wysi_counter|q[5]  ; ClockBlock:inst1|lpm_counter0:inst65|lpm_counter:lpm_counter_component|alt_counter_f10ke:wysi_counter|q[0]  ; XTAL_Y     ; XTAL_Y   ; None                        ; None                      ; 8.300 ns                ;
; N/A   ; 81.30 MHz ( period = 12.300 ns )               ; ClockBlock:inst1|lpm_counter0:inst65|lpm_counter:lpm_counter_component|alt_counter_f10ke:wysi_counter|q[4]  ; ClockBlock:inst1|lpm_counter0:inst65|lpm_counter:lpm_counter_component|alt_counter_f10ke:wysi_counter|q[0]  ; XTAL_Y     ; XTAL_Y   ; None                        ; None                      ; 8.300 ns                ;
; N/A   ; 83.33 MHz ( period = 12.000 ns )               ; inst14                                                                                                      ; inst60                                                                                                      ; XTAL_Y     ; XTAL_Y   ; None                        ; None                      ; 8.000 ns                ;
; N/A   ; 83.33 MHz ( period = 12.000 ns )               ; inst12                                                                                                      ; inst60                                                                                                      ; XTAL_Y     ; XTAL_Y   ; None                        ; None                      ; 8.000 ns                ;
; N/A   ; 84.03 MHz ( period = 11.900 ns )               ; ClockBlock:inst1|lpm_counter0:inst65|lpm_counter:lpm_counter_component|alt_counter_f10ke:wysi_counter|q[4]  ; ClockBlock:inst1|inst67                                                                                     ; XTAL_Y     ; XTAL_Y   ; None                        ; None                      ; 7.900 ns                ;
; N/A   ; 84.03 MHz ( period = 11.900 ns )               ; inst15                                                                                                      ; inst63                                                                                                      ; XTAL_Y     ; XTAL_Y   ; None                        ; None                      ; 7.900 ns                ;
; N/A   ; 84.03 MHz ( period = 11.900 ns )               ; ButtonFSMBlock:inst|inst13                                                                                  ; inst60                                                                                                      ; XTAL_Y     ; XTAL_Y   ; None                        ; None                      ; 7.900 ns                ;
; N/A   ; 85.47 MHz ( period = 11.700 ns )               ; inst21                                                                                                      ; inst60                                                                                                      ; XTAL_Y     ; XTAL_Y   ; None                        ; None                      ; 7.700 ns                ;
; N/A   ; 86.21 MHz ( period = 11.600 ns )               ; ClockBlock:inst1|lpm_counter0:inst65|lpm_counter:lpm_counter_component|alt_counter_f10ke:wysi_counter|q[5]  ; ClockBlock:inst1|inst67                                                                                     ; XTAL_Y     ; XTAL_Y   ; None                        ; None                      ; 7.600 ns                ;
; N/A   ; 86.21 MHz ( period = 11.600 ns )               ; inst58                                                                                                      ; inst63                                                                                                      ; XTAL_Y     ; XTAL_Y   ; None                        ; None                      ; 7.600 ns                ;
; N/A   ; 87.72 MHz ( period = 11.400 ns )               ; ClockBlock:inst1|lpm_counter0:inst65|lpm_counter:lpm_counter_component|alt_counter_f10ke:wysi_counter|q[6]  ; ClockBlock:inst1|inst67                                                                                     ; XTAL_Y     ; XTAL_Y   ; None                        ; None                      ; 7.400 ns                ;
; N/A   ; 90.09 MHz ( period = 11.100 ns )               ; ClockBlock:inst1|lpm_counter0:inst65|lpm_counter:lpm_counter_component|alt_counter_f10ke:wysi_counter|q[7]  ; ClockBlock:inst1|inst67                                                                                     ; XTAL_Y     ; XTAL_Y   ; None                        ; None                      ; 7.100 ns                ;
; N/A   ; 94.34 MHz ( period = 10.600 ns )               ; ClockBlock:inst1|lpm_counter0:inst65|lpm_counter:lpm_counter_component|alt_counter_f10ke:wysi_counter|q[8]  ; ClockBlock:inst1|inst67                                                                                     ; XTAL_Y     ; XTAL_Y   ; None                        ; None                      ; 6.600 ns                ;
; N/A   ; 97.09 MHz ( period = 10.300 ns )               ; ClockBlock:inst1|lpm_counter0:inst65|lpm_counter:lpm_counter_component|alt_counter_f10ke:wysi_counter|q[9]  ; ClockBlock:inst1|inst67                                                                                     ; XTAL_Y     ; XTAL_Y   ; None                        ; None                      ; 6.300 ns                ;
; N/A   ; 100.00 MHz ( period = 10.000 ns )              ; ClockBlock:inst1|lpm_counter0:inst65|lpm_counter:lpm_counter_component|alt_counter_f10ke:wysi_counter|q[10] ; ClockBlock:inst1|inst67                                                                                     ; XTAL_Y     ; XTAL_Y   ; None                        ; None                      ; 6.000 ns                ;
; N/A   ; 103.09 MHz ( period = 9.700 ns )               ; ClockBlock:inst1|lpm_counter0:inst65|lpm_counter:lpm_counter_component|alt_counter_f10ke:wysi_counter|q[11] ; ClockBlock:inst1|inst67                                                                                     ; XTAL_Y     ; XTAL_Y   ; None                        ; None                      ; 5.700 ns                ;
; N/A   ; 103.09 MHz ( period = 9.700 ns )               ; inst14                                                                                                      ; inst63                                                                                                      ; XTAL_Y     ; XTAL_Y   ; None                        ; None                      ; 5.700 ns                ;
; N/A   ; 103.09 MHz ( period = 9.700 ns )               ; inst20                                                                                                      ; inst60                                                                                                      ; XTAL_Y     ; XTAL_Y   ; None                        ; None                      ; 5.700 ns                ;
; N/A   ; 103.09 MHz ( period = 9.700 ns )               ; inst18                                                                                                      ; inst60                                                                                                      ; XTAL_Y     ; XTAL_Y   ; None                        ; None                      ; 5.700 ns                ;
; N/A   ; 103.09 MHz ( period = 9.700 ns )               ; inst19                                                                                                      ; inst60                                                                                                      ; XTAL_Y     ; XTAL_Y   ; None                        ; None                      ; 5.700 ns                ;
; N/A   ; 106.38 MHz ( period = 9.400 ns )               ; inst48                                                                                                      ; inst63                                                                                                      ; XTAL_Y     ; XTAL_Y   ; None                        ; None                      ; 5.400 ns                ;
; N/A   ; 114.94 MHz ( period = 8.700 ns )               ; inst15                                                                                                      ; inst16                                                                                                      ; XTAL_Y     ; XTAL_Y   ; None                        ; None                      ; 4.700 ns                ;
; N/A   ; 116.28 MHz ( period = 8.600 ns )               ; inst20                                                                                                      ; inst21                                                                                                      ; XTAL_Y     ; XTAL_Y   ; None                        ; None                      ; 4.600 ns                ;
; N/A   ; 116.28 MHz ( period = 8.600 ns )               ; inst60                                                                                                      ; inst63                                                                                                      ; XTAL_Y     ; XTAL_Y   ; None                        ; None                      ; 4.600 ns                ;
; N/A   ; 117.65 MHz ( period = 8.500 ns )               ; ButtonFSMBlock:inst|inst13                                                                                  ; inst12                                                                                                      ; XTAL_Y     ; XTAL_Y   ; None                        ; None                      ; 4.500 ns                ;
; N/A   ; 119.05 MHz ( period = 8.400 ns )               ; inst32                                                                                                      ; inst48                                                                                                      ; XTAL_Y     ; XTAL_Y   ; None                        ; None                      ; 4.400 ns                ;
; N/A   ; 119.05 MHz ( period = 8.400 ns )               ; inst14                                                                                                      ; inst15                                                                                                      ; XTAL_Y     ; XTAL_Y   ; None                        ; None                      ; 4.400 ns                ;
; N/A   ; 119.05 MHz ( period = 8.400 ns )               ; inst56                                                                                                      ; inst57                                                                                                      ; XTAL_Y     ; XTAL_Y   ; None                        ; None                      ; 4.400 ns                ;
; N/A   ; Restricted to 125.00 MHz ( period = 8.000 ns ) ; inst22                                                                                                      ; inst63                                                                                                      ; XTAL_Y     ; XTAL_Y   ; None                        ; None                      ; 2.500 ns                ;
; N/A   ; Restricted to 125.00 MHz ( period = 8.000 ns ) ; inst16                                                                                                      ; inst60                                                                                                      ; XTAL_Y     ; XTAL_Y   ; None                        ; None                      ; 2.500 ns                ;
; N/A   ; Restricted to 125.00 MHz ( period = 8.000 ns ) ; ButtonFSMBlock:inst|inst82                                                                                  ; ButtonFSMBlock:inst|inst13                                                                                  ; XTAL_Y     ; XTAL_Y   ; None                        ; None                      ; 2.500 ns                ;
; N/A   ; Restricted to 125.00 MHz ( period = 8.000 ns ) ; ButtonFSMBlock:inst|inst                                                                                    ; ButtonFSMBlock:inst|inst13                                                                                  ; XTAL_Y     ; XTAL_Y   ; None                        ; None                      ; 2.500 ns                ;
; N/A   ; Restricted to 125.00 MHz ( period = 8.000 ns ) ; ButtonFSMBlock:inst|inst                                                                                    ; inst81                                                                                                      ; XTAL_Y     ; XTAL_Y   ; None                        ; None                      ; 2.500 ns                ;
; N/A   ; Restricted to 125.00 MHz ( period = 8.000 ns ) ; ButtonFSMBlock:inst|inst82                                                                                  ; inst79                                                                                                      ; XTAL_Y     ; XTAL_Y   ; None                        ; None                      ; 2.500 ns                ;
; N/A   ; Restricted to 125.00 MHz ( period = 8.000 ns ) ; inst12                                                                                                      ; inst14                                                                                                      ; XTAL_Y     ; XTAL_Y   ; None                        ; None                      ; 2.200 ns                ;
; N/A   ; Restricted to 125.00 MHz ( period = 8.000 ns ) ; inst81                                                                                                      ; inst32                                                                                                      ; XTAL_Y     ; XTAL_Y   ; None                        ; None                      ; 2.200 ns                ;
; N/A   ; Restricted to 125.00 MHz ( period = 8.000 ns ) ; inst57                                                                                                      ; inst58                                                                                                      ; XTAL_Y     ; XTAL_Y   ; None                        ; None                      ; 2.200 ns                ;
; N/A   ; Restricted to 125.00 MHz ( period = 8.000 ns ) ; inst21                                                                                                      ; inst22                                                                                                      ; XTAL_Y     ; XTAL_Y   ; None                        ; None                      ; 2.200 ns                ;
; N/A   ; Restricted to 125.00 MHz ( period = 8.000 ns ) ; inst17                                                                                                      ; inst60                                                                                                      ; XTAL_Y     ; XTAL_Y   ; None                        ; None                      ; 2.200 ns                ;
; N/A   ; Restricted to 125.00 MHz ( period = 8.000 ns ) ; inst16                                                                                                      ; inst17                                                                                                      ; XTAL_Y     ; XTAL_Y   ; None                        ; None                      ; 2.200 ns                ;
; N/A   ; Restricted to 125.00 MHz ( period = 8.000 ns ) ; inst79                                                                                                      ; inst56                                                                                                      ; XTAL_Y     ; XTAL_Y   ; None                        ; None                      ; 2.200 ns                ;
; N/A   ; Restricted to 125.00 MHz ( period = 8.000 ns ) ; inst19                                                                                                      ; inst20                                                                                                      ; XTAL_Y     ; XTAL_Y   ; None                        ; None                      ; 2.200 ns                ;
; N/A   ; Restricted to 125.00 MHz ( period = 8.000 ns ) ; inst17                                                                                                      ; inst18                                                                                                      ; XTAL_Y     ; XTAL_Y   ; None                        ; None                      ; 2.200 ns                ;
; N/A   ; Restricted to 125.00 MHz ( period = 8.000 ns ) ; inst18                                                                                                      ; inst19                                                                                                      ; XTAL_Y     ; XTAL_Y   ; None                        ; None                      ; 2.200 ns                ;
+-------+------------------------------------------------+-------------------------------------------------------------------------------------------------------------+-------------------------------------------------------------------------------------------------------------+------------+----------+-----------------------------+---------------------------+-------------------------+


+---------------------------------------------------------------------------------------+
; tsu                                                                                   ;
+-------+--------------+------------+-----------+----------------------------+----------+
; Slack ; Required tsu ; Actual tsu ; From      ; To                         ; To Clock ;
+-------+--------------+------------+-----------+----------------------------+----------+
; N/A   ; None         ; 7.800 ns   ; Button_10 ; ButtonFSMBlock:inst|inst13 ; XTAL_Y   ;
; N/A   ; None         ; 7.500 ns   ; Button_10 ; ButtonFSMBlock:inst|inst82 ; XTAL_Y   ;
; N/A   ; None         ; 7.500 ns   ; Button_10 ; inst79                     ; XTAL_Y   ;
; N/A   ; None         ; 7.500 ns   ; Button_01 ; ButtonFSMBlock:inst|inst13 ; XTAL_Y   ;
; N/A   ; None         ; 7.500 ns   ; Button_01 ; inst81                     ; XTAL_Y   ;
; N/A   ; None         ; 7.500 ns   ; Button_01 ; ButtonFSMBlock:inst|inst   ; XTAL_Y   ;
+-------+--------------+------------+-----------+----------------------------+----------+


+------------------------------------------------------------------------+
; tco                                                                    ;
+-------+--------------+------------+--------+--------------+------------+
; Slack ; Required tco ; Actual tco ; From   ; To           ; From Clock ;
+-------+--------------+------------+--------+--------------+------------+
; N/A   ; None         ; 26.800 ns  ; inst15 ; b1_2         ; XTAL_Y     ;
; N/A   ; None         ; 26.600 ns  ; inst14 ; b1_1         ; XTAL_Y     ;
; N/A   ; None         ; 26.500 ns  ; inst58 ; b1_2         ; XTAL_Y     ;
; N/A   ; None         ; 26.300 ns  ; inst48 ; b1_1         ; XTAL_Y     ;
; N/A   ; None         ; 26.100 ns  ; inst63 ; out          ; XTAL_Y     ;
; N/A   ; None         ; 23.800 ns  ; inst60 ; enable_state ; XTAL_Y     ;
; N/A   ; None         ; 23.400 ns  ; inst22 ; b1_9         ; XTAL_Y     ;
+-------+--------------+------------+--------+--------------+------------+


+---------------------------------------------------------------------------------------------+
; th                                                                                          ;
+---------------+-------------+-----------+-----------+----------------------------+----------+
; Minimum Slack ; Required th ; Actual th ; From      ; To                         ; To Clock ;
+---------------+-------------+-----------+-----------+----------------------------+----------+
; N/A           ; None        ; -1.800 ns ; Button_10 ; ButtonFSMBlock:inst|inst82 ; XTAL_Y   ;
; N/A           ; None        ; -1.800 ns ; Button_10 ; inst79                     ; XTAL_Y   ;
; N/A           ; None        ; -1.800 ns ; Button_01 ; ButtonFSMBlock:inst|inst13 ; XTAL_Y   ;
; N/A           ; None        ; -1.800 ns ; Button_01 ; inst81                     ; XTAL_Y   ;
; N/A           ; None        ; -1.800 ns ; Button_01 ; ButtonFSMBlock:inst|inst   ; XTAL_Y   ;
; N/A           ; None        ; -2.100 ns ; Button_10 ; ButtonFSMBlock:inst|inst13 ; XTAL_Y   ;
+---------------+-------------+-----------+-----------+----------------------------+----------+


+--------------------------+
; Timing Analyzer Messages ;
+--------------------------+
Info: *******************************************************************
Info: Running Quartus II Classic Timing Analyzer
    Info: Version 9.0 Build 235 06/17/2009 Service Pack 2 SJ Web Edition
    Info: Processing started: Tue Oct 01 17:47:00 2013
Info: Command: quartus_tan --read_settings_files=off --write_settings_files=off tjn_design3 -c tjn_design3
Info: Started post-fitting delay annotation
Info: Delay annotation completed successfully
Warning: Found pins functioning as undefined clocks and/or memory enables
    Info: Assuming node "XTAL_Y" is an undefined clock
Warning: Found 1 node(s) in clock paths which may be acting as ripple and/or gated clocks -- node(s) analyzed as buffer(s) resulting in clock skew
    Info: Detected ripple clock "ClockBlock:inst1|inst67" as buffer
Info: Clock "XTAL_Y" has Internal fmax of 51.55 MHz between source register "ClockBlock:inst1|lpm_counter0:inst65|lpm_counter:lpm_counter_component|alt_counter_f10ke:wysi_counter|q[3]" and destination register "ClockBlock:inst1|lpm_counter0:inst65|lpm_counter:lpm_counter_component|alt_counter_f10ke:wysi_counter|q[11]" (period= 19.4 ns)
    Info: + Longest register to register delay is 15.400 ns
        Info: 1: + IC(0.000 ns) + CELL(0.000 ns) = 0.000 ns; Loc. = LC6_E18; Fanout = 4; REG Node = 'ClockBlock:inst1|lpm_counter0:inst65|lpm_counter:lpm_counter_component|alt_counter_f10ke:wysi_counter|q[3]'
        Info: 2: + IC(2.700 ns) + CELL(2.700 ns) = 5.400 ns; Loc. = LC1_E17; Fanout = 1; COMB Node = 'ClockBlock:inst1|lpm_counter0:inst65|lpm_counter:lpm_counter_component|alt_counter_f10ke:wysi_counter|lpm_compare:$00019|comptree:comparator|cmpchain:cmp_end|comptree:comp|cmpchain:cmp[0]|aeb_out'
        Info: 3: + IC(2.800 ns) + CELL(2.700 ns) = 10.900 ns; Loc. = LC1_E18; Fanout = 12; COMB Node = 'ClockBlock:inst1|lpm_counter0:inst65|lpm_counter:lpm_counter_component|alt_counter_f10ke:wysi_counter|lpm_compare:$00019|comptree:comparator|cmpchain:cmp_end|comptree:comp|comptree:sub_comptree|cmpchain:cmp_end|aeb_out'
        Info: 4: + IC(2.800 ns) + CELL(1.700 ns) = 15.400 ns; Loc. = LC6_E20; Fanout = 3; REG Node = 'ClockBlock:inst1|lpm_counter0:inst65|lpm_counter:lpm_counter_component|alt_counter_f10ke:wysi_counter|q[11]'
        Info: Total cell delay = 7.100 ns ( 46.10 % )
        Info: Total interconnect delay = 8.300 ns ( 53.90 % )
    Info: - Smallest clock skew is 0.000 ns
        Info: + Shortest clock path from clock "XTAL_Y" to destination register is 7.000 ns
            Info: 1: + IC(0.000 ns) + CELL(2.900 ns) = 2.900 ns; Loc. = PIN_91; Fanout = 13; CLK Node = 'XTAL_Y'
            Info: 2: + IC(4.100 ns) + CELL(0.000 ns) = 7.000 ns; Loc. = LC6_E20; Fanout = 3; REG Node = 'ClockBlock:inst1|lpm_counter0:inst65|lpm_counter:lpm_counter_component|alt_counter_f10ke:wysi_counter|q[11]'
            Info: Total cell delay = 2.900 ns ( 41.43 % )
            Info: Total interconnect delay = 4.100 ns ( 58.57 % )
        Info: - Longest clock path from clock "XTAL_Y" to source register is 7.000 ns
            Info: 1: + IC(0.000 ns) + CELL(2.900 ns) = 2.900 ns; Loc. = PIN_91; Fanout = 13; CLK Node = 'XTAL_Y'
            Info: 2: + IC(4.100 ns) + CELL(0.000 ns) = 7.000 ns; Loc. = LC6_E18; Fanout = 4; REG Node = 'ClockBlock:inst1|lpm_counter0:inst65|lpm_counter:lpm_counter_component|alt_counter_f10ke:wysi_counter|q[3]'
            Info: Total cell delay = 2.900 ns ( 41.43 % )
            Info: Total interconnect delay = 4.100 ns ( 58.57 % )
    Info: + Micro clock to output delay of source is 1.400 ns
    Info: + Micro setup delay of destination is 2.600 ns
Info: tsu for register "ButtonFSMBlock:inst|inst13" (data pin = "Button_10", clock pin = "XTAL_Y") is 7.800 ns
    Info: + Longest pin to register delay is 19.600 ns
        Info: 1: + IC(0.000 ns) + CELL(10.300 ns) = 10.300 ns; Loc. = PIN_29; Fanout = 3; PIN Node = 'Button_10'
        Info: 2: + IC(7.300 ns) + CELL(2.000 ns) = 19.600 ns; Loc. = LC1_C36; Fanout = 2; REG Node = 'ButtonFSMBlock:inst|inst13'
        Info: Total cell delay = 12.300 ns ( 62.76 % )
        Info: Total interconnect delay = 7.300 ns ( 37.24 % )
    Info: + Micro setup delay of destination is 2.600 ns
    Info: - Shortest clock path from clock "XTAL_Y" to destination register is 14.400 ns
        Info: 1: + IC(0.000 ns) + CELL(2.900 ns) = 2.900 ns; Loc. = PIN_91; Fanout = 13; CLK Node = 'XTAL_Y'
        Info: 2: + IC(4.100 ns) + CELL(1.400 ns) = 8.400 ns; Loc. = LC1_E21; Fanout = 22; REG Node = 'ClockBlock:inst1|inst67'
        Info: 3: + IC(6.000 ns) + CELL(0.000 ns) = 14.400 ns; Loc. = LC1_C36; Fanout = 2; REG Node = 'ButtonFSMBlock:inst|inst13'
        Info: Total cell delay = 4.300 ns ( 29.86 % )
        Info: Total interconnect delay = 10.100 ns ( 70.14 % )
Info: tco from clock "XTAL_Y" to destination pin "b1_2" through register "inst15" is 26.800 ns
    Info: + Longest clock path from clock "XTAL_Y" to source register is 14.400 ns
        Info: 1: + IC(0.000 ns) + CELL(2.900 ns) = 2.900 ns; Loc. = PIN_91; Fanout = 13; CLK Node = 'XTAL_Y'
        Info: 2: + IC(4.100 ns) + CELL(1.400 ns) = 8.400 ns; Loc. = LC1_E21; Fanout = 22; REG Node = 'ClockBlock:inst1|inst67'
        Info: 3: + IC(6.000 ns) + CELL(0.000 ns) = 14.400 ns; Loc. = LC1_C35; Fanout = 3; REG Node = 'inst15'
        Info: Total cell delay = 4.300 ns ( 29.86 % )
        Info: Total interconnect delay = 10.100 ns ( 70.14 % )
    Info: + Micro clock to output delay of source is 1.400 ns
    Info: + Longest register to pin delay is 11.000 ns
        Info: 1: + IC(0.000 ns) + CELL(0.000 ns) = 0.000 ns; Loc. = LC1_C35; Fanout = 3; REG Node = 'inst15'
        Info: 2: + IC(0.500 ns) + CELL(2.700 ns) = 3.200 ns; Loc. = LC3_C35; Fanout = 2; COMB Node = 'inst35'
        Info: 3: + IC(2.800 ns) + CELL(5.000 ns) = 11.000 ns; Loc. = PIN_20; Fanout = 0; PIN Node = 'b1_2'
        Info: Total cell delay = 7.700 ns ( 70.00 % )
        Info: Total interconnect delay = 3.300 ns ( 30.00 % )
Info: th for register "ButtonFSMBlock:inst|inst82" (data pin = "Button_10", clock pin = "XTAL_Y") is -1.800 ns
    Info: + Longest clock path from clock "XTAL_Y" to destination register is 14.400 ns
        Info: 1: + IC(0.000 ns) + CELL(2.900 ns) = 2.900 ns; Loc. = PIN_91; Fanout = 13; CLK Node = 'XTAL_Y'
        Info: 2: + IC(4.100 ns) + CELL(1.400 ns) = 8.400 ns; Loc. = LC1_E21; Fanout = 22; REG Node = 'ClockBlock:inst1|inst67'
        Info: 3: + IC(6.000 ns) + CELL(0.000 ns) = 14.400 ns; Loc. = LC6_C36; Fanout = 2; REG Node = 'ButtonFSMBlock:inst|inst82'
        Info: Total cell delay = 4.300 ns ( 29.86 % )
        Info: Total interconnect delay = 10.100 ns ( 70.14 % )
    Info: + Micro hold delay of destination is 3.100 ns
    Info: - Shortest pin to register delay is 19.300 ns
        Info: 1: + IC(0.000 ns) + CELL(10.300 ns) = 10.300 ns; Loc. = PIN_29; Fanout = 3; PIN Node = 'Button_10'
        Info: 2: + IC(7.300 ns) + CELL(1.700 ns) = 19.300 ns; Loc. = LC6_C36; Fanout = 2; REG Node = 'ButtonFSMBlock:inst|inst82'
        Info: Total cell delay = 12.000 ns ( 62.18 % )
        Info: Total interconnect delay = 7.300 ns ( 37.82 % )
Info: Quartus II Classic Timing Analyzer was successful. 0 errors, 2 warnings
    Info: Peak virtual memory: 173 megabytes
    Info: Processing ended: Tue Oct 01 17:47:00 2013
    Info: Elapsed time: 00:00:00
    Info: Total CPU time (on all processors): 00:00:00


