Analysis & Synthesis report for tjn_design3
Tue Oct 01 17:46:56 2013
Quartus II Version 9.0 Build 235 06/17/2009 Service Pack 2 SJ Web Edition


---------------------
; Table of Contents ;
---------------------
  1. Legal Notice
  2. Analysis & Synthesis Summary
  3. Analysis & Synthesis Settings
  4. Analysis & Synthesis Source Files Read
  5. Analysis & Synthesis Resource Usage Summary
  6. Analysis & Synthesis Resource Utilization by Entity
  7. Registers Removed During Synthesis
  8. Removed Registers Triggering Further Register Optimizations
  9. General Register Statistics
 10. Source assignments for ClockBlock:inst1|lpm_add_sub0:inst66|lpm_add_sub:lpm_add_sub_component|addcore:adder
 11. Source assignments for ClockBlock:inst1|lpm_counter0:inst65|lpm_counter:lpm_counter_component
 12. Parameter Settings for User Entity Instance: ClockBlock:inst1|lpm_add_sub0:inst66|lpm_add_sub:lpm_add_sub_component
 13. Parameter Settings for User Entity Instance: ClockBlock:inst1|lpm_counter0:inst65|lpm_counter:lpm_counter_component
 14. Analysis & Synthesis Messages



----------------
; Legal Notice ;
----------------
Copyright (C) 1991-2009 Altera Corporation
Your use of Altera Corporation's design tools, logic functions 
and other software and tools, and its AMPP partner logic 
functions, and any output files from any of the foregoing 
(including device programming or simulation files), and any 
associated documentation or information are expressly subject 
to the terms and conditions of the Altera Program License 
Subscription Agreement, Altera MegaCore Function License 
Agreement, or other applicable license agreement, including, 
without limitation, that your use is for the sole purpose of 
programming logic devices manufactured by Altera and sold by 
Altera or its authorized distributors.  Please refer to the 
applicable agreement for further details.



+----------------------------------------------------------------------------+
; Analysis & Synthesis Summary                                               ;
+-----------------------------+----------------------------------------------+
; Analysis & Synthesis Status ; Successful - Tue Oct 01 17:46:56 2013        ;
; Quartus II Version          ; 9.0 Build 235 06/17/2009 SP 2 SJ Web Edition ;
; Revision Name               ; tjn_design3                                  ;
; Top-level Entity Name       ; tjn_design3                                  ;
; Family                      ; FLEX10K                                      ;
; Total logic elements        ; 56                                           ;
; Total pins                  ; 15                                           ;
; Total memory bits           ; 0                                            ;
+-----------------------------+----------------------------------------------+


+------------------------------------------------------------------------------------------------+
; Analysis & Synthesis Settings                                                                  ;
+--------------------------------------------------------------+-----------------+---------------+
; Option                                                       ; Setting         ; Default Value ;
+--------------------------------------------------------------+-----------------+---------------+
; Device                                                       ; EPF10K70RC240-4 ;               ;
; Top-level entity name                                        ; tjn_design3     ; tjn_design3   ;
; Family name                                                  ; FLEX10K         ; Stratix II    ;
; Use Generated Physical Constraints File                      ; Off             ;               ;
; Use smart compilation                                        ; Off             ; Off           ;
; Create Debugging Nodes for IP Cores                          ; Off             ; Off           ;
; Preserve fewer node names                                    ; On              ; On            ;
; Disable OpenCore Plus hardware evaluation                    ; Off             ; Off           ;
; Verilog Version                                              ; Verilog_2001    ; Verilog_2001  ;
; VHDL Version                                                 ; VHDL93          ; VHDL93        ;
; State Machine Processing                                     ; Auto            ; Auto          ;
; Safe State Machine                                           ; Off             ; Off           ;
; Extract Verilog State Machines                               ; On              ; On            ;
; Extract VHDL State Machines                                  ; On              ; On            ;
; Ignore Verilog initial constructs                            ; Off             ; Off           ;
; Iteration limit for constant Verilog loops                   ; 5000            ; 5000          ;
; Iteration limit for non-constant Verilog loops               ; 250             ; 250           ;
; Add Pass-Through Logic to Inferred RAMs                      ; On              ; On            ;
; Parallel Synthesis                                           ; Off             ; Off           ;
; NOT Gate Push-Back                                           ; On              ; On            ;
; Power-Up Don't Care                                          ; On              ; On            ;
; Remove Redundant Logic Cells                                 ; Off             ; Off           ;
; Remove Duplicate Registers                                   ; On              ; On            ;
; Ignore CARRY Buffers                                         ; Off             ; Off           ;
; Ignore CASCADE Buffers                                       ; Off             ; Off           ;
; Ignore GLOBAL Buffers                                        ; Off             ; Off           ;
; Ignore ROW GLOBAL Buffers                                    ; Off             ; Off           ;
; Ignore LCELL Buffers                                         ; Off             ; Off           ;
; Ignore SOFT Buffers                                          ; On              ; On            ;
; Limit AHDL Integers to 32 Bits                               ; Off             ; Off           ;
; Auto Implement in ROM                                        ; Off             ; Off           ;
; Optimization Technique                                       ; Area            ; Area          ;
; Carry Chain Length                                           ; 32              ; 32            ;
; Cascade Chain Length                                         ; 2               ; 2             ;
; Auto Carry Chains                                            ; On              ; On            ;
; Auto Open-Drain Pins                                         ; On              ; On            ;
; Auto ROM Replacement                                         ; On              ; On            ;
; Auto RAM Replacement                                         ; On              ; On            ;
; Auto Clock Enable Replacement                                ; On              ; On            ;
; Strict RAM Replacement                                       ; Off             ; Off           ;
; Auto Resource Sharing                                        ; Off             ; Off           ;
; Allow Any RAM Size For Recognition                           ; Off             ; Off           ;
; Allow Any ROM Size For Recognition                           ; Off             ; Off           ;
; Use LogicLock Constraints during Resource Balancing          ; On              ; On            ;
; Ignore translate_off and synthesis_off directives            ; Off             ; Off           ;
; Show Parameter Settings Tables in Synthesis Report           ; On              ; On            ;
; HDL message level                                            ; Level2          ; Level2        ;
; Suppress Register Optimization Related Messages              ; Off             ; Off           ;
; Number of Removed Registers Reported in Synthesis Report     ; 100             ; 100           ;
; Number of Inverted Registers Reported in Synthesis Report    ; 100             ; 100           ;
; Block Design Naming                                          ; Auto            ; Auto          ;
; Synthesis Effort                                             ; Auto            ; Auto          ;
; Shift Register Replacement - Allow Asynchronous Clear Signal ; On              ; On            ;
; Analysis & Synthesis Message Level                           ; Medium          ; Medium        ;
+--------------------------------------------------------------+-----------------+---------------+


+-------------------------------------------------------------------------------------------------------------------------------------------------------------------+
; Analysis & Synthesis Source Files Read                                                                                                                            ;
+----------------------------------+-----------------+------------------------------------+-------------------------------------------------------------------------+
; File Name with User-Entered Path ; Used in Netlist ; File Type                          ; File Name with Absolute Path                                            ;
+----------------------------------+-----------------+------------------------------------+-------------------------------------------------------------------------+
; tjn_design3.bdf                  ; yes             ; User Block Diagram/Schematic File  ; C:/altera/90sp2/ENGN_3050_Project3/tjn_design3.bdf                      ;
; lpm_counter0.vhd                 ; yes             ; User Wizard-Generated File         ; C:/altera/90sp2/ENGN_3050_Project3/lpm_counter0.vhd                     ;
; lpm_add_sub0.vhd                 ; yes             ; User Wizard-Generated File         ; C:/altera/90sp2/ENGN_3050_Project3/lpm_add_sub0.vhd                     ;
; ClockBlock.bdf                   ; yes             ; User Block Diagram/Schematic File  ; C:/altera/90sp2/ENGN_3050_Project3/ClockBlock.bdf                       ;
; ButtonFSMBlock.bdf               ; yes             ; User Block Diagram/Schematic File  ; C:/altera/90sp2/ENGN_3050_Project3/ButtonFSMBlock.bdf                   ;
; lpm_add_sub.tdf                  ; yes             ; Megafunction                       ; c:/altera/90sp2/quartus/libraries/megafunctions/lpm_add_sub.tdf         ;
; addcore.inc                      ; yes             ; Megafunction                       ; c:/altera/90sp2/quartus/libraries/megafunctions/addcore.inc             ;
; look_add.inc                     ; yes             ; Megafunction                       ; c:/altera/90sp2/quartus/libraries/megafunctions/look_add.inc            ;
; bypassff.inc                     ; yes             ; Megafunction                       ; c:/altera/90sp2/quartus/libraries/megafunctions/bypassff.inc            ;
; altshift.inc                     ; yes             ; Megafunction                       ; c:/altera/90sp2/quartus/libraries/megafunctions/altshift.inc            ;
; alt_stratix_add_sub.inc          ; yes             ; Megafunction                       ; c:/altera/90sp2/quartus/libraries/megafunctions/alt_stratix_add_sub.inc ;
; alt_mercury_add_sub.inc          ; yes             ; Megafunction                       ; c:/altera/90sp2/quartus/libraries/megafunctions/alt_mercury_add_sub.inc ;
; aglobal90.inc                    ; yes             ; Megafunction                       ; c:/altera/90sp2/quartus/libraries/megafunctions/aglobal90.inc           ;
; addcore.tdf                      ; yes             ; Megafunction                       ; c:/altera/90sp2/quartus/libraries/megafunctions/addcore.tdf             ;
; a_csnbuffer.inc                  ; yes             ; Megafunction                       ; c:/altera/90sp2/quartus/libraries/megafunctions/a_csnbuffer.inc         ;
; a_csnbuffer.tdf                  ; yes             ; Megafunction                       ; c:/altera/90sp2/quartus/libraries/megafunctions/a_csnbuffer.tdf         ;
; altshift.tdf                     ; yes             ; Megafunction                       ; c:/altera/90sp2/quartus/libraries/megafunctions/altshift.tdf            ;
; lpm_counter.tdf                  ; yes             ; Megafunction                       ; c:/altera/90sp2/quartus/libraries/megafunctions/lpm_counter.tdf         ;
; lpm_constant.inc                 ; yes             ; Megafunction                       ; c:/altera/90sp2/quartus/libraries/megafunctions/lpm_constant.inc        ;
; lpm_decode.inc                   ; yes             ; Megafunction                       ; c:/altera/90sp2/quartus/libraries/megafunctions/lpm_decode.inc          ;
; lpm_add_sub.inc                  ; yes             ; Megafunction                       ; c:/altera/90sp2/quartus/libraries/megafunctions/lpm_add_sub.inc         ;
; cmpconst.inc                     ; yes             ; Megafunction                       ; c:/altera/90sp2/quartus/libraries/megafunctions/cmpconst.inc            ;
; lpm_compare.inc                  ; yes             ; Megafunction                       ; c:/altera/90sp2/quartus/libraries/megafunctions/lpm_compare.inc         ;
; lpm_counter.inc                  ; yes             ; Megafunction                       ; c:/altera/90sp2/quartus/libraries/megafunctions/lpm_counter.inc         ;
; dffeea.inc                       ; yes             ; Megafunction                       ; c:/altera/90sp2/quartus/libraries/megafunctions/dffeea.inc              ;
; alt_synch_counter.inc            ; yes             ; Megafunction                       ; c:/altera/90sp2/quartus/libraries/megafunctions/alt_synch_counter.inc   ;
; alt_synch_counter_f.inc          ; yes             ; Megafunction                       ; c:/altera/90sp2/quartus/libraries/megafunctions/alt_synch_counter_f.inc ;
; alt_counter_f10ke.inc            ; yes             ; Megafunction                       ; c:/altera/90sp2/quartus/libraries/megafunctions/alt_counter_f10ke.inc   ;
; alt_counter_stratix.inc          ; yes             ; Megafunction                       ; c:/altera/90sp2/quartus/libraries/megafunctions/alt_counter_stratix.inc ;
; alt_counter_f10ke.tdf            ; yes             ; Megafunction                       ; c:/altera/90sp2/quartus/libraries/megafunctions/alt_counter_f10ke.tdf   ;
; flex10ke_lcell.inc               ; yes             ; Megafunction                       ; c:/altera/90sp2/quartus/libraries/megafunctions/flex10ke_lcell.inc      ;
; lpm_constant.tdf                 ; yes             ; Megafunction                       ; c:/altera/90sp2/quartus/libraries/megafunctions/lpm_constant.tdf        ;
; lpm_compare.tdf                  ; yes             ; Megafunction                       ; c:/altera/90sp2/quartus/libraries/megafunctions/lpm_compare.tdf         ;
; comptree.inc                     ; yes             ; Megafunction                       ; c:/altera/90sp2/quartus/libraries/megafunctions/comptree.inc            ;
; comptree.tdf                     ; yes             ; Megafunction                       ; c:/altera/90sp2/quartus/libraries/megafunctions/comptree.tdf            ;
; cmpchain.inc                     ; yes             ; Megafunction                       ; c:/altera/90sp2/quartus/libraries/megafunctions/cmpchain.inc            ;
; cmpchain.tdf                     ; yes             ; Megafunction                       ; c:/altera/90sp2/quartus/libraries/megafunctions/cmpchain.tdf            ;
+----------------------------------+-----------------+------------------------------------+-------------------------------------------------------------------------+


+-------------------------------------------------------------+
; Analysis & Synthesis Resource Usage Summary                 ;
+-----------------------------------+-------------------------+
; Resource                          ; Usage                   ;
+-----------------------------------+-------------------------+
; Total logic elements              ; 56                      ;
; Total combinational functions     ; 41                      ;
;     -- Total 4-input functions    ; 8                       ;
;     -- Total 3-input functions    ; 1                       ;
;     -- Total 2-input functions    ; 4                       ;
;     -- Total 1-input functions    ; 14                      ;
;     -- Total 0-input functions    ; 14                      ;
; Total registers                   ; 35                      ;
; Total logic cells in carry chains ; 25                      ;
; I/O pins                          ; 15                      ;
; Maximum fan-out node              ; ClockBlock:inst1|inst67 ;
; Maximum fan-out                   ; 22                      ;
; Total fan-out                     ; 159                     ;
; Average fan-out                   ; 2.24                    ;
+-----------------------------------+-------------------------+


+--------------------------------------------------------------------------------------------------------------------------------------------------------------------------------------------------------------------------------------------------------------------------------------------------------------------------------------------------------------------------------------------------------------------------------------------+
; Analysis & Synthesis Resource Utilization by Entity                                                                                                                                                                                                                                                                                                                                                                                        ;
+----------------------------------------------------+-------------+--------------+-------------+------+--------------+-------------------+------------------+-----------------+------------+---------------------------------------------------------------------------------------------------------------------------------------------------------------------------------------------------------------------------------+--------------+
; Compilation Hierarchy Node                         ; Logic Cells ; LC Registers ; Memory Bits ; Pins ; LUT-Only LCs ; Register-Only LCs ; LUT/Register LCs ; Carry Chain LCs ; Packed LCs ; Full Hierarchy Name                                                                                                                                                                                                             ; Library Name ;
+----------------------------------------------------+-------------+--------------+-------------+------+--------------+-------------------+------------------+-----------------+------------+---------------------------------------------------------------------------------------------------------------------------------------------------------------------------------------------------------------------------------+--------------+
; |tjn_design3                                       ; 56 (24)     ; 35           ; 0           ; 15   ; 21 (5)       ; 15 (15)           ; 20 (4)           ; 25 (0)          ; 0 (0)      ; |tjn_design3                                                                                                                                                                                                                    ; work         ;
;    |ButtonFSMBlock:inst|                           ; 3 (3)       ; 3            ; 0           ; 0    ; 0 (0)        ; 0 (0)             ; 3 (3)            ; 0 (0)           ; 0 (0)      ; |tjn_design3|ButtonFSMBlock:inst                                                                                                                                                                                                ; work         ;
;    |ClockBlock:inst1|                              ; 29 (1)      ; 13           ; 0           ; 0    ; 16 (0)       ; 0 (0)             ; 13 (1)           ; 25 (1)          ; 0 (0)      ; |tjn_design3|ClockBlock:inst1                                                                                                                                                                                                   ; work         ;
;       |lpm_add_sub0:inst66|                        ; 12 (0)      ; 0            ; 0           ; 0    ; 12 (0)       ; 0 (0)             ; 0 (0)            ; 12 (0)          ; 0 (0)      ; |tjn_design3|ClockBlock:inst1|lpm_add_sub0:inst66                                                                                                                                                                               ; work         ;
;          |lpm_add_sub:lpm_add_sub_component|       ; 12 (0)      ; 0            ; 0           ; 0    ; 12 (0)       ; 0 (0)             ; 0 (0)            ; 12 (0)          ; 0 (0)      ; |tjn_design3|ClockBlock:inst1|lpm_add_sub0:inst66|lpm_add_sub:lpm_add_sub_component                                                                                                                                             ; work         ;
;             |addcore:adder|                        ; 12 (0)      ; 0            ; 0           ; 0    ; 12 (0)       ; 0 (0)             ; 0 (0)            ; 12 (0)          ; 0 (0)      ; |tjn_design3|ClockBlock:inst1|lpm_add_sub0:inst66|lpm_add_sub:lpm_add_sub_component|addcore:adder                                                                                                                               ; work         ;
;                |a_csnbuffer:result_node|           ; 12 (12)     ; 0            ; 0           ; 0    ; 12 (12)      ; 0 (0)             ; 0 (0)            ; 12 (12)         ; 0 (0)      ; |tjn_design3|ClockBlock:inst1|lpm_add_sub0:inst66|lpm_add_sub:lpm_add_sub_component|addcore:adder|a_csnbuffer:result_node                                                                                                       ; work         ;
;       |lpm_counter0:inst65|                        ; 16 (0)      ; 12           ; 0           ; 0    ; 4 (0)        ; 0 (0)             ; 12 (0)           ; 12 (0)          ; 0 (0)      ; |tjn_design3|ClockBlock:inst1|lpm_counter0:inst65                                                                                                                                                                               ; work         ;
;          |lpm_counter:lpm_counter_component|       ; 16 (0)      ; 12           ; 0           ; 0    ; 4 (0)        ; 0 (0)             ; 12 (0)           ; 12 (0)          ; 0 (0)      ; |tjn_design3|ClockBlock:inst1|lpm_counter0:inst65|lpm_counter:lpm_counter_component                                                                                                                                             ; work         ;
;             |alt_counter_f10ke:wysi_counter|       ; 16 (12)     ; 12           ; 0           ; 0    ; 4 (0)        ; 0 (0)             ; 12 (12)          ; 12 (12)         ; 0 (0)      ; |tjn_design3|ClockBlock:inst1|lpm_counter0:inst65|lpm_counter:lpm_counter_component|alt_counter_f10ke:wysi_counter                                                                                                              ; work         ;
;                |lpm_compare:$00019|                ; 4 (0)       ; 0            ; 0           ; 0    ; 4 (0)        ; 0 (0)             ; 0 (0)            ; 0 (0)           ; 0 (0)      ; |tjn_design3|ClockBlock:inst1|lpm_counter0:inst65|lpm_counter:lpm_counter_component|alt_counter_f10ke:wysi_counter|lpm_compare:$00019                                                                                           ; work         ;
;                   |comptree:comparator|            ; 4 (0)       ; 0            ; 0           ; 0    ; 4 (0)        ; 0 (0)             ; 0 (0)            ; 0 (0)           ; 0 (0)      ; |tjn_design3|ClockBlock:inst1|lpm_counter0:inst65|lpm_counter:lpm_counter_component|alt_counter_f10ke:wysi_counter|lpm_compare:$00019|comptree:comparator                                                                       ; work         ;
;                      |cmpchain:cmp_end|            ; 4 (0)       ; 0            ; 0           ; 0    ; 4 (0)        ; 0 (0)             ; 0 (0)            ; 0 (0)           ; 0 (0)      ; |tjn_design3|ClockBlock:inst1|lpm_counter0:inst65|lpm_counter:lpm_counter_component|alt_counter_f10ke:wysi_counter|lpm_compare:$00019|comptree:comparator|cmpchain:cmp_end                                                      ; work         ;
;                         |comptree:comp|            ; 4 (0)       ; 0            ; 0           ; 0    ; 4 (0)        ; 0 (0)             ; 0 (0)            ; 0 (0)           ; 0 (0)      ; |tjn_design3|ClockBlock:inst1|lpm_counter0:inst65|lpm_counter:lpm_counter_component|alt_counter_f10ke:wysi_counter|lpm_compare:$00019|comptree:comparator|cmpchain:cmp_end|comptree:comp                                        ; work         ;
;                            |cmpchain:cmp[0]|       ; 1 (1)       ; 0            ; 0           ; 0    ; 1 (1)        ; 0 (0)             ; 0 (0)            ; 0 (0)           ; 0 (0)      ; |tjn_design3|ClockBlock:inst1|lpm_counter0:inst65|lpm_counter:lpm_counter_component|alt_counter_f10ke:wysi_counter|lpm_compare:$00019|comptree:comparator|cmpchain:cmp_end|comptree:comp|cmpchain:cmp[0]                        ; work         ;
;                            |cmpchain:cmp[1]|       ; 1 (1)       ; 0            ; 0           ; 0    ; 1 (1)        ; 0 (0)             ; 0 (0)            ; 0 (0)           ; 0 (0)      ; |tjn_design3|ClockBlock:inst1|lpm_counter0:inst65|lpm_counter:lpm_counter_component|alt_counter_f10ke:wysi_counter|lpm_compare:$00019|comptree:comparator|cmpchain:cmp_end|comptree:comp|cmpchain:cmp[1]                        ; work         ;
;                            |cmpchain:cmp[2]|       ; 1 (1)       ; 0            ; 0           ; 0    ; 1 (1)        ; 0 (0)             ; 0 (0)            ; 0 (0)           ; 0 (0)      ; |tjn_design3|ClockBlock:inst1|lpm_counter0:inst65|lpm_counter:lpm_counter_component|alt_counter_f10ke:wysi_counter|lpm_compare:$00019|comptree:comparator|cmpchain:cmp_end|comptree:comp|cmpchain:cmp[2]                        ; work         ;
;                            |comptree:sub_comptree| ; 1 (0)       ; 0            ; 0           ; 0    ; 1 (0)        ; 0 (0)             ; 0 (0)            ; 0 (0)           ; 0 (0)      ; |tjn_design3|ClockBlock:inst1|lpm_counter0:inst65|lpm_counter:lpm_counter_component|alt_counter_f10ke:wysi_counter|lpm_compare:$00019|comptree:comparator|cmpchain:cmp_end|comptree:comp|comptree:sub_comptree                  ; work         ;
;                               |cmpchain:cmp_end|   ; 1 (1)       ; 0            ; 0           ; 0    ; 1 (1)        ; 0 (0)             ; 0 (0)            ; 0 (0)           ; 0 (0)      ; |tjn_design3|ClockBlock:inst1|lpm_counter0:inst65|lpm_counter:lpm_counter_component|alt_counter_f10ke:wysi_counter|lpm_compare:$00019|comptree:comparator|cmpchain:cmp_end|comptree:comp|comptree:sub_comptree|cmpchain:cmp_end ; work         ;
+----------------------------------------------------+-------------+--------------+-------------+------+--------------+-------------------+------------------+-----------------+------------+---------------------------------------------------------------------------------------------------------------------------------------------------------------------------------------------------------------------------------+--------------+
Note: For table entries with two numbers listed, the numbers in parentheses indicate the number of resources of the given type used by the specific entity alone. The numbers listed outside of parentheses indicate the total resources of the given type used by the specific entity and all of its sub-entities in the hierarchy.


+--------------------------------------------------------------------------------+
; Registers Removed During Synthesis                                             ;
+----------------------------------------+---------------------------------------+
; Register name                          ; Reason for Removal                    ;
+----------------------------------------+---------------------------------------+
; inst23                                 ; Stuck at GND due to stuck port clear  ;
; inst26                                 ; Stuck at GND due to stuck port clear  ;
; inst25                                 ; Lost fanout                           ;
; inst24                                 ; Lost fanout                           ;
; inst27                                 ; Stuck at GND due to stuck port clear  ;
; inst28                                 ; Stuck at GND due to stuck port clear  ;
; inst29                                 ; Stuck at GND due to stuck port clear  ;
; inst30                                 ; Stuck at GND due to stuck port clear  ;
; inst31                                 ; Stuck at GND due to stuck port clear  ;
; inst43                                 ; Stuck at VCC due to stuck port preset ;
; Total Number of Removed Registers = 10 ;                                       ;
+----------------------------------------+---------------------------------------+


+----------------------------------------------------------------------------------+
; Removed Registers Triggering Further Register Optimizations                      ;
+---------------+-------------------------+----------------------------------------+
; Register name ; Reason for Removal      ; Registers Removed due to This Register ;
+---------------+-------------------------+----------------------------------------+
; inst26        ; Stuck at GND            ; inst25, inst24                         ;
;               ; due to stuck port clear ;                                        ;
; inst27        ; Stuck at GND            ; inst28                                 ;
;               ; due to stuck port clear ;                                        ;
+---------------+-------------------------+----------------------------------------+


+------------------------------------------------------+
; General Register Statistics                          ;
+----------------------------------------------+-------+
; Statistic                                    ; Value ;
+----------------------------------------------+-------+
; Total registers                              ; 35    ;
; Number of registers using Synchronous Clear  ; 0     ;
; Number of registers using Synchronous Load   ; 12    ;
; Number of registers using Asynchronous Clear ; 0     ;
; Number of registers using Asynchronous Load  ; 0     ;
; Number of registers using Clock Enable       ; 0     ;
; Number of registers using Preset             ; 0     ;
+----------------------------------------------+-------+


+-------------------------------------------------------------------------------------------------------------+
; Source assignments for ClockBlock:inst1|lpm_add_sub0:inst66|lpm_add_sub:lpm_add_sub_component|addcore:adder ;
+---------------------------+-------+------+------------------------------------------------------------------+
; Assignment                ; Value ; From ; To                                                               ;
+---------------------------+-------+------+------------------------------------------------------------------+
; SUPPRESS_DA_RULE_INTERNAL ; A103  ; -    ; -                                                                ;
+---------------------------+-------+------+------------------------------------------------------------------+


+-----------------------------------------------------------------------------------------------+
; Source assignments for ClockBlock:inst1|lpm_counter0:inst65|lpm_counter:lpm_counter_component ;
+---------------------------+-------+------+----------------------------------------------------+
; Assignment                ; Value ; From ; To                                                 ;
+---------------------------+-------+------+----------------------------------------------------+
; SUPPRESS_DA_RULE_INTERNAL ; a101  ; -    ; -                                                  ;
; SUPPRESS_DA_RULE_INTERNAL ; s102  ; -    ; -                                                  ;
; SUPPRESS_DA_RULE_INTERNAL ; s103  ; -    ; -                                                  ;
+---------------------------+-------+------+----------------------------------------------------+


+---------------------------------------------------------------------------------------------------------------------+
; Parameter Settings for User Entity Instance: ClockBlock:inst1|lpm_add_sub0:inst66|lpm_add_sub:lpm_add_sub_component ;
+------------------------+-------------+------------------------------------------------------------------------------+
; Parameter Name         ; Value       ; Type                                                                         ;
+------------------------+-------------+------------------------------------------------------------------------------+
; LPM_WIDTH              ; 12          ; Signed Integer                                                               ;
; LPM_REPRESENTATION     ; UNSIGNED    ; Untyped                                                                      ;
; LPM_DIRECTION          ; SUB         ; Untyped                                                                      ;
; ONE_INPUT_IS_CONSTANT  ; YES         ; Untyped                                                                      ;
; LPM_PIPELINE           ; 0           ; Untyped                                                                      ;
; MAXIMIZE_SPEED         ; 5           ; Untyped                                                                      ;
; REGISTERED_AT_END      ; 0           ; Untyped                                                                      ;
; OPTIMIZE_FOR_SPEED     ; 1           ; Untyped                                                                      ;
; USE_CS_BUFFERS         ; 1           ; Untyped                                                                      ;
; CARRY_CHAIN            ; MANUAL      ; Untyped                                                                      ;
; CARRY_CHAIN_LENGTH     ; 48          ; CARRY_CHAIN_LENGTH                                                           ;
; DEVICE_FAMILY          ; FLEX10K     ; Untyped                                                                      ;
; USE_WYS                ; OFF         ; Untyped                                                                      ;
; STYLE                  ; FAST        ; Untyped                                                                      ;
; CBXI_PARAMETER         ; add_sub_sth ; Untyped                                                                      ;
; AUTO_CARRY_CHAINS      ; ON          ; AUTO_CARRY                                                                   ;
; IGNORE_CARRY_BUFFERS   ; OFF         ; IGNORE_CARRY                                                                 ;
; AUTO_CASCADE_CHAINS    ; ON          ; AUTO_CASCADE                                                                 ;
; IGNORE_CASCADE_BUFFERS ; OFF         ; IGNORE_CASCADE                                                               ;
+------------------------+-------------+------------------------------------------------------------------------------+
Note: In order to hide this table in the UI and the text report file, please set the "Show Parameter Settings Tables in Synthesis Report" option in "Analysis and Synthesis Settings -> More Settings" to "Off".


+---------------------------------------------------------------------------------------------------------------------+
; Parameter Settings for User Entity Instance: ClockBlock:inst1|lpm_counter0:inst65|lpm_counter:lpm_counter_component ;
+------------------------+-------------+------------------------------------------------------------------------------+
; Parameter Name         ; Value       ; Type                                                                         ;
+------------------------+-------------+------------------------------------------------------------------------------+
; AUTO_CARRY_CHAINS      ; ON          ; AUTO_CARRY                                                                   ;
; IGNORE_CARRY_BUFFERS   ; OFF         ; IGNORE_CARRY                                                                 ;
; AUTO_CASCADE_CHAINS    ; ON          ; AUTO_CASCADE                                                                 ;
; IGNORE_CASCADE_BUFFERS ; OFF         ; IGNORE_CASCADE                                                               ;
; LPM_WIDTH              ; 12          ; Signed Integer                                                               ;
; LPM_DIRECTION          ; UP          ; Untyped                                                                      ;
; LPM_MODULUS            ; 2622        ; Signed Integer                                                               ;
; LPM_AVALUE             ; UNUSED      ; Untyped                                                                      ;
; LPM_SVALUE             ; UNUSED      ; Untyped                                                                      ;
; LPM_PORT_UPDOWN        ; PORT_UNUSED ; Untyped                                                                      ;
; DEVICE_FAMILY          ; FLEX10K     ; Untyped                                                                      ;
; CARRY_CHAIN            ; MANUAL      ; Untyped                                                                      ;
; CARRY_CHAIN_LENGTH     ; 48          ; CARRY_CHAIN_LENGTH                                                           ;
; NOT_GATE_PUSH_BACK     ; ON          ; NOT_GATE_PUSH_BACK                                                           ;
; CARRY_CNT_EN           ; SMART       ; Untyped                                                                      ;
; LABWIDE_SCLR           ; ON          ; Untyped                                                                      ;
; USE_NEW_VERSION        ; TRUE        ; Untyped                                                                      ;
; CBXI_PARAMETER         ; NOTHING     ; Untyped                                                                      ;
+------------------------+-------------+------------------------------------------------------------------------------+
Note: In order to hide this table in the UI and the text report file, please set the "Show Parameter Settings Tables in Synthesis Report" option in "Analysis and Synthesis Settings -> More Settings" to "Off".


+-------------------------------+
; Analysis & Synthesis Messages ;
+-------------------------------+
Info: *******************************************************************
Info: Running Quartus II Analysis & Synthesis
    Info: Version 9.0 Build 235 06/17/2009 Service Pack 2 SJ Web Edition
    Info: Processing started: Tue Oct 01 17:46:54 2013
Info: Command: quartus_map --read_settings_files=on --write_settings_files=off tjn_design3 -c tjn_design3
Info: Found 1 design units, including 1 entities, in source file tjn_design3.bdf
    Info: Found entity 1: tjn_design3
Info: Found 2 design units, including 1 entities, in source file lpm_counter0.vhd
    Info: Found design unit 1: lpm_counter0-SYN
    Info: Found entity 1: lpm_counter0
Info: Found 2 design units, including 1 entities, in source file lpm_add_sub0.vhd
    Info: Found design unit 1: lpm_add_sub0-SYN
    Info: Found entity 1: lpm_add_sub0
Info: Found 1 design units, including 1 entities, in source file ClockBlock.bdf
    Info: Found entity 1: ClockBlock
Info: Found 1 design units, including 1 entities, in source file ButtonFSMBlock.bdf
    Info: Found entity 1: ButtonFSMBlock
Info: Elaborating entity "tjn_design3" for the top level hierarchy
Warning: Primitive "DFF" of instance "inst49" not used
Info: Elaborating entity "ClockBlock" for hierarchy "ClockBlock:inst1"
Info: Elaborating entity "lpm_add_sub0" for hierarchy "ClockBlock:inst1|lpm_add_sub0:inst66"
Info: Elaborating entity "lpm_add_sub" for hierarchy "ClockBlock:inst1|lpm_add_sub0:inst66|lpm_add_sub:lpm_add_sub_component"
Info: Elaborated megafunction instantiation "ClockBlock:inst1|lpm_add_sub0:inst66|lpm_add_sub:lpm_add_sub_component"
Info: Instantiated megafunction "ClockBlock:inst1|lpm_add_sub0:inst66|lpm_add_sub:lpm_add_sub_component" with the following parameter:
    Info: Parameter "lpm_direction" = "SUB"
    Info: Parameter "lpm_hint" = "ONE_INPUT_IS_CONSTANT=YES,CIN_USED=NO"
    Info: Parameter "lpm_representation" = "UNSIGNED"
    Info: Parameter "lpm_type" = "LPM_ADD_SUB"
    Info: Parameter "lpm_width" = "12"
Info: Elaborating entity "addcore" for hierarchy "ClockBlock:inst1|lpm_add_sub0:inst66|lpm_add_sub:lpm_add_sub_component|addcore:adder"
Info: Elaborated megafunction instantiation "ClockBlock:inst1|lpm_add_sub0:inst66|lpm_add_sub:lpm_add_sub_component|addcore:adder", which is child of megafunction instantiation "ClockBlock:inst1|lpm_add_sub0:inst66|lpm_add_sub:lpm_add_sub_component"
Info: Elaborating entity "a_csnbuffer" for hierarchy "ClockBlock:inst1|lpm_add_sub0:inst66|lpm_add_sub:lpm_add_sub_component|addcore:adder|a_csnbuffer:oflow_node"
Info: Elaborated megafunction instantiation "ClockBlock:inst1|lpm_add_sub0:inst66|lpm_add_sub:lpm_add_sub_component|addcore:adder|a_csnbuffer:oflow_node", which is child of megafunction instantiation "ClockBlock:inst1|lpm_add_sub0:inst66|lpm_add_sub:lpm_add_sub_component"
Info: Elaborating entity "a_csnbuffer" for hierarchy "ClockBlock:inst1|lpm_add_sub0:inst66|lpm_add_sub:lpm_add_sub_component|addcore:adder|a_csnbuffer:result_node"
Info: Elaborated megafunction instantiation "ClockBlock:inst1|lpm_add_sub0:inst66|lpm_add_sub:lpm_add_sub_component|addcore:adder|a_csnbuffer:result_node", which is child of megafunction instantiation "ClockBlock:inst1|lpm_add_sub0:inst66|lpm_add_sub:lpm_add_sub_component"
Info: Elaborating entity "altshift" for hierarchy "ClockBlock:inst1|lpm_add_sub0:inst66|lpm_add_sub:lpm_add_sub_component|altshift:result_ext_latency_ffs"
Info: Elaborated megafunction instantiation "ClockBlock:inst1|lpm_add_sub0:inst66|lpm_add_sub:lpm_add_sub_component|altshift:result_ext_latency_ffs", which is child of megafunction instantiation "ClockBlock:inst1|lpm_add_sub0:inst66|lpm_add_sub:lpm_add_sub_component"
Info: Elaborating entity "altshift" for hierarchy "ClockBlock:inst1|lpm_add_sub0:inst66|lpm_add_sub:lpm_add_sub_component|altshift:carry_ext_latency_ffs"
Info: Elaborated megafunction instantiation "ClockBlock:inst1|lpm_add_sub0:inst66|lpm_add_sub:lpm_add_sub_component|altshift:carry_ext_latency_ffs", which is child of megafunction instantiation "ClockBlock:inst1|lpm_add_sub0:inst66|lpm_add_sub:lpm_add_sub_component"
Info: Elaborating entity "lpm_counter0" for hierarchy "ClockBlock:inst1|lpm_counter0:inst65"
Info: Elaborating entity "lpm_counter" for hierarchy "ClockBlock:inst1|lpm_counter0:inst65|lpm_counter:lpm_counter_component"
Info: Elaborated megafunction instantiation "ClockBlock:inst1|lpm_counter0:inst65|lpm_counter:lpm_counter_component"
Info: Instantiated megafunction "ClockBlock:inst1|lpm_counter0:inst65|lpm_counter:lpm_counter_component" with the following parameter:
    Info: Parameter "lpm_direction" = "UP"
    Info: Parameter "lpm_modulus" = "2622"
    Info: Parameter "lpm_port_updown" = "PORT_UNUSED"
    Info: Parameter "lpm_type" = "LPM_COUNTER"
    Info: Parameter "lpm_width" = "12"
Info: Elaborating entity "alt_counter_f10ke" for hierarchy "ClockBlock:inst1|lpm_counter0:inst65|lpm_counter:lpm_counter_component|alt_counter_f10ke:wysi_counter"
Info: Elaborated megafunction instantiation "ClockBlock:inst1|lpm_counter0:inst65|lpm_counter:lpm_counter_component|alt_counter_f10ke:wysi_counter", which is child of megafunction instantiation "ClockBlock:inst1|lpm_counter0:inst65|lpm_counter:lpm_counter_component"
Info: Elaborating entity "lpm_constant" for hierarchy "ClockBlock:inst1|lpm_counter0:inst65|lpm_counter:lpm_counter_component|alt_counter_f10ke:wysi_counter|lpm_constant:$00017"
Info: Elaborated megafunction instantiation "ClockBlock:inst1|lpm_counter0:inst65|lpm_counter:lpm_counter_component|alt_counter_f10ke:wysi_counter|lpm_constant:$00017", which is child of megafunction instantiation "ClockBlock:inst1|lpm_counter0:inst65|lpm_counter:lpm_counter_component"
Info: Elaborating entity "lpm_compare" for hierarchy "ClockBlock:inst1|lpm_counter0:inst65|lpm_counter:lpm_counter_component|alt_counter_f10ke:wysi_counter|lpm_compare:$00019"
Info: Elaborated megafunction instantiation "ClockBlock:inst1|lpm_counter0:inst65|lpm_counter:lpm_counter_component|alt_counter_f10ke:wysi_counter|lpm_compare:$00019", which is child of megafunction instantiation "ClockBlock:inst1|lpm_counter0:inst65|lpm_counter:lpm_counter_component"
Info: Elaborating entity "comptree" for hierarchy "ClockBlock:inst1|lpm_counter0:inst65|lpm_counter:lpm_counter_component|alt_counter_f10ke:wysi_counter|lpm_compare:$00019|comptree:comparator"
Info: Elaborated megafunction instantiation "ClockBlock:inst1|lpm_counter0:inst65|lpm_counter:lpm_counter_component|alt_counter_f10ke:wysi_counter|lpm_compare:$00019|comptree:comparator", which is child of megafunction instantiation "ClockBlock:inst1|lpm_counter0:inst65|lpm_counter:lpm_counter_component"
Info: Elaborating entity "cmpchain" for hierarchy "ClockBlock:inst1|lpm_counter0:inst65|lpm_counter:lpm_counter_component|alt_counter_f10ke:wysi_counter|lpm_compare:$00019|comptree:comparator|cmpchain:cmp_end"
Info: Elaborated megafunction instantiation "ClockBlock:inst1|lpm_counter0:inst65|lpm_counter:lpm_counter_component|alt_counter_f10ke:wysi_counter|lpm_compare:$00019|comptree:comparator|cmpchain:cmp_end", which is child of megafunction instantiation "ClockBlock:inst1|lpm_counter0:inst65|lpm_counter:lpm_counter_component"
Info: Elaborating entity "comptree" for hierarchy "ClockBlock:inst1|lpm_counter0:inst65|lpm_counter:lpm_counter_component|alt_counter_f10ke:wysi_counter|lpm_compare:$00019|comptree:comparator|cmpchain:cmp_end|comptree:comp"
Info: Elaborated megafunction instantiation "ClockBlock:inst1|lpm_counter0:inst65|lpm_counter:lpm_counter_component|alt_counter_f10ke:wysi_counter|lpm_compare:$00019|comptree:comparator|cmpchain:cmp_end|comptree:comp", which is child of megafunction instantiation "ClockBlock:inst1|lpm_counter0:inst65|lpm_counter:lpm_counter_component"
Info: Elaborating entity "cmpchain" for hierarchy "ClockBlock:inst1|lpm_counter0:inst65|lpm_counter:lpm_counter_component|alt_counter_f10ke:wysi_counter|lpm_compare:$00019|comptree:comparator|cmpchain:cmp_end|comptree:comp|cmpchain:cmp[2]"
Info: Elaborated megafunction instantiation "ClockBlock:inst1|lpm_counter0:inst65|lpm_counter:lpm_counter_component|alt_counter_f10ke:wysi_counter|lpm_compare:$00019|comptree:comparator|cmpchain:cmp_end|comptree:comp|cmpchain:cmp[2]", which is child of megafunction instantiation "ClockBlock:inst1|lpm_counter0:inst65|lpm_counter:lpm_counter_component"
Info: Elaborating entity "comptree" for hierarchy "ClockBlock:inst1|lpm_counter0:inst65|lpm_counter:lpm_counter_component|alt_counter_f10ke:wysi_counter|lpm_compare:$00019|comptree:comparator|cmpchain:cmp_end|comptree:comp|comptree:sub_comptree"
Info: Elaborated megafunction instantiation "ClockBlock:inst1|lpm_counter0:inst65|lpm_counter:lpm_counter_component|alt_counter_f10ke:wysi_counter|lpm_compare:$00019|comptree:comparator|cmpchain:cmp_end|comptree:comp|comptree:sub_comptree", which is child of megafunction instantiation "ClockBlock:inst1|lpm_counter0:inst65|lpm_counter:lpm_counter_component"
Info: Elaborating entity "cmpchain" for hierarchy "ClockBlock:inst1|lpm_counter0:inst65|lpm_counter:lpm_counter_component|alt_counter_f10ke:wysi_counter|lpm_compare:$00019|comptree:comparator|cmpchain:cmp_end|comptree:comp|comptree:sub_comptree|cmpchain:cmp_end"
Info: Elaborated megafunction instantiation "ClockBlock:inst1|lpm_counter0:inst65|lpm_counter:lpm_counter_component|alt_counter_f10ke:wysi_counter|lpm_compare:$00019|comptree:comparator|cmpchain:cmp_end|comptree:comp|comptree:sub_comptree|cmpchain:cmp_end", which is child of megafunction instantiation "ClockBlock:inst1|lpm_counter0:inst65|lpm_counter:lpm_counter_component"
Info: Elaborating entity "ButtonFSMBlock" for hierarchy "ButtonFSMBlock:inst"
Info: Ignored 1 buffer(s)
    Info: Ignored 1 SOFT buffer(s)
Warning: Output pins are stuck at VCC or GND
    Warning (13410): Pin "b1_0" is stuck at GND
    Warning (13410): Pin "b1_3" is stuck at GND
    Warning (13410): Pin "b1_4" is stuck at GND
    Warning (13410): Pin "b1_5" is stuck at GND
    Warning (13410): Pin "b1_6" is stuck at GND
    Warning (13410): Pin "b1_7" is stuck at GND
    Warning (13410): Pin "b1_8" is stuck at GND
Info: 2 registers lost all their fanouts during netlist optimizations. The first 2 are displayed below.
    Info: Register "inst25" lost all its fanouts during netlist optimizations.
    Info: Register "inst24" lost all its fanouts during netlist optimizations.
Info: Implemented 71 device resources after synthesis - the final resource count might be different
    Info: Implemented 3 input pins
    Info: Implemented 12 output pins
    Info: Implemented 56 logic cells
Info: Quartus II Analysis & Synthesis was successful. 0 errors, 9 warnings
    Info: Peak virtual memory: 244 megabytes
    Info: Processing ended: Tue Oct 01 17:46:56 2013
    Info: Elapsed time: 00:00:02
    Info: Total CPU time (on all processors): 00:00:01


