Analysis & Synthesis report for Project4MAX
Thu Jan 09 19:10:26 2014
Quartus II Version 9.0 Build 235 06/17/2009 Service Pack 2 SJ Web Edition


---------------------
; Table of Contents ;
---------------------
  1. Legal Notice
  2. Analysis & Synthesis Summary
  3. Analysis & Synthesis Settings
  4. Analysis & Synthesis Source Files Read
  5. Analysis & Synthesis Resource Usage Summary
  6. Analysis & Synthesis Resource Utilization by Entity
  7. Analysis & Synthesis Messages



----------------
; Legal Notice ;
----------------
Copyright (C) 1991-2009 Altera Corporation
Your use of Altera Corporation's design tools, logic functions 
and other software and tools, and its AMPP partner logic 
functions, and any output files from any of the foregoing 
(including device programming or simulation files), and any 
associated documentation or information are expressly subject 
to the terms and conditions of the Altera Program License 
Subscription Agreement, Altera MegaCore Function License 
Agreement, or other applicable license agreement, including, 
without limitation, that your use is for the sole purpose of 
programming logic devices manufactured by Altera and sold by 
Altera or its authorized distributors.  Please refer to the 
applicable agreement for further details.



+----------------------------------------------------------------------------+
; Analysis & Synthesis Summary                                               ;
+-----------------------------+----------------------------------------------+
; Analysis & Synthesis Status ; Successful - Thu Jan 09 19:10:26 2014        ;
; Quartus II Version          ; 9.0 Build 235 06/17/2009 SP 2 SJ Web Edition ;
; Revision Name               ; Project4MAX                                  ;
; Top-level Entity Name       ; Project4MAX                                  ;
; Family                      ; MAX7000S                                     ;
; Total macrocells            ; 16                                           ;
; Total pins                  ; 24                                           ;
+-----------------------------+----------------------------------------------+


+-----------------------------------------------------------------------------------------------+
; Analysis & Synthesis Settings                                                                 ;
+--------------------------------------------------------------+----------------+---------------+
; Option                                                       ; Setting        ; Default Value ;
+--------------------------------------------------------------+----------------+---------------+
; Device                                                       ; EPM7128SLC84-7 ;               ;
; Top-level entity name                                        ; Project4MAX    ; Project4MAX   ;
; Family name                                                  ; MAX7000S       ; Stratix II    ;
; Optimization Technique                                       ; Area           ; Speed         ;
; Use Generated Physical Constraints File                      ; Off            ;               ;
; Use smart compilation                                        ; Off            ; Off           ;
; Create Debugging Nodes for IP Cores                          ; Off            ; Off           ;
; Preserve fewer node names                                    ; On             ; On            ;
; Disable OpenCore Plus hardware evaluation                    ; Off            ; Off           ;
; Verilog Version                                              ; Verilog_2001   ; Verilog_2001  ;
; VHDL Version                                                 ; VHDL93         ; VHDL93        ;
; State Machine Processing                                     ; Auto           ; Auto          ;
; Safe State Machine                                           ; Off            ; Off           ;
; Extract Verilog State Machines                               ; On             ; On            ;
; Extract VHDL State Machines                                  ; On             ; On            ;
; Ignore Verilog initial constructs                            ; Off            ; Off           ;
; Iteration limit for constant Verilog loops                   ; 5000           ; 5000          ;
; Iteration limit for non-constant Verilog loops               ; 250            ; 250           ;
; Add Pass-Through Logic to Inferred RAMs                      ; On             ; On            ;
; Parallel Synthesis                                           ; Off            ; Off           ;
; NOT Gate Push-Back                                           ; On             ; On            ;
; Power-Up Don't Care                                          ; On             ; On            ;
; Remove Duplicate Registers                                   ; On             ; On            ;
; Ignore CARRY Buffers                                         ; Off            ; Off           ;
; Ignore CASCADE Buffers                                       ; Off            ; Off           ;
; Ignore GLOBAL Buffers                                        ; Off            ; Off           ;
; Ignore ROW GLOBAL Buffers                                    ; Off            ; Off           ;
; Ignore LCELL Buffers                                         ; Auto           ; Auto          ;
; Ignore SOFT Buffers                                          ; Off            ; Off           ;
; Limit AHDL Integers to 32 Bits                               ; Off            ; Off           ;
; Allow XOR Gate Usage                                         ; On             ; On            ;
; Auto Logic Cell Insertion                                    ; On             ; On            ;
; Parallel Expander Chain Length                               ; 4              ; 4             ;
; Auto Parallel Expanders                                      ; On             ; On            ;
; Auto Open-Drain Pins                                         ; On             ; On            ;
; Auto Resource Sharing                                        ; Off            ; Off           ;
; Maximum Fan-in Per Macrocell                                 ; 100            ; 100           ;
; Use LogicLock Constraints during Resource Balancing          ; On             ; On            ;
; Ignore translate_off and synthesis_off directives            ; Off            ; Off           ;
; Show Parameter Settings Tables in Synthesis Report           ; On             ; On            ;
; HDL message level                                            ; Level2         ; Level2        ;
; Suppress Register Optimization Related Messages              ; Off            ; Off           ;
; Number of Removed Registers Reported in Synthesis Report     ; 100            ; 100           ;
; Number of Inverted Registers Reported in Synthesis Report    ; 100            ; 100           ;
; Block Design Naming                                          ; Auto           ; Auto          ;
; Synthesis Effort                                             ; Auto           ; Auto          ;
; Shift Register Replacement - Allow Asynchronous Clear Signal ; On             ; On            ;
; Analysis & Synthesis Message Level                           ; Medium         ; Medium        ;
+--------------------------------------------------------------+----------------+---------------+


+---------------------------------------------------------------------------------------------------------------------------------------------------------------+
; Analysis & Synthesis Source Files Read                                                                                                                        ;
+----------------------------------+-----------------+------------------------------------+---------------------------------------------------------------------+
; File Name with User-Entered Path ; Used in Netlist ; File Type                          ; File Name with Absolute Path                                        ;
+----------------------------------+-----------------+------------------------------------+---------------------------------------------------------------------+
; SEVENSEGTONINE.vhd               ; yes             ; User VHDL File                     ; C:/Github/Quartus_Projects/ENGN_4070_Project4MAX/SEVENSEGTONINE.vhd ;
; Project4MAX.bdf                  ; yes             ; User Block Diagram/Schematic File  ; C:/Github/Quartus_Projects/ENGN_4070_Project4MAX/Project4MAX.bdf    ;
+----------------------------------+-----------------+------------------------------------+---------------------------------------------------------------------+


+---------------------------------------------+
; Analysis & Synthesis Resource Usage Summary ;
+----------------------+----------------------+
; Resource             ; Usage                ;
+----------------------+----------------------+
; Logic cells          ; 16                   ;
; Total registers      ; 0                    ;
; I/O pins             ; 24                   ;
; Maximum fan-out node ; IN1[4]               ;
; Maximum fan-out      ; 7                    ;
; Total fan-out        ; 72                   ;
; Average fan-out      ; 1.80                 ;
+----------------------+----------------------+


+---------------------------------------------------------------------------------------------------+
; Analysis & Synthesis Resource Utilization by Entity                                               ;
+----------------------------+------------+------+-----------------------------------+--------------+
; Compilation Hierarchy Node ; Macrocells ; Pins ; Full Hierarchy Name               ; Library Name ;
+----------------------------+------------+------+-----------------------------------+--------------+
; |Project4MAX               ; 16         ; 24   ; |Project4MAX                      ; work         ;
;    |SEVENSEGTONINE:inst1|  ; 7          ; 0    ; |Project4MAX|SEVENSEGTONINE:inst1 ; work         ;
;    |SEVENSEGTONINE:inst|   ; 7          ; 0    ; |Project4MAX|SEVENSEGTONINE:inst  ; work         ;
+----------------------------+------------+------+-----------------------------------+--------------+


+-------------------------------+
; Analysis & Synthesis Messages ;
+-------------------------------+
Info: *******************************************************************
Info: Running Quartus II Analysis & Synthesis
    Info: Version 9.0 Build 235 06/17/2009 Service Pack 2 SJ Web Edition
    Info: Processing started: Thu Jan 09 19:10:25 2014
Info: Command: quartus_map --read_settings_files=on --write_settings_files=off Project4MAX -c Project4MAX
Info: Found 2 design units, including 1 entities, in source file SEVENSEGTONINE.vhd
    Info: Found design unit 1: SEVENSEGTONINE-BEHAVIORAL
    Info: Found entity 1: SEVENSEGTONINE
Info: Found 1 design units, including 1 entities, in source file Project4MAX.bdf
    Info: Found entity 1: Project4MAX
Info: Elaborating entity "Project4MAX" for the top level hierarchy
Info: Elaborating entity "SEVENSEGTONINE" for hierarchy "SEVENSEGTONINE:inst"
Warning: Output pins are stuck at VCC or GND
    Warning (13410): Pin "OUT1[1]" is stuck at VCC
    Warning (13410): Pin "OUT2[1]" is stuck at VCC
Info: Implemented 40 device resources after synthesis - the final resource count might be different
    Info: Implemented 8 input pins
    Info: Implemented 16 output pins
    Info: Implemented 16 macrocells
Info: Quartus II Analysis & Synthesis was successful. 0 errors, 3 warnings
    Info: Peak virtual memory: 230 megabytes
    Info: Processing ended: Thu Jan 09 19:10:26 2014
    Info: Elapsed time: 00:00:01
    Info: Total CPU time (on all processors): 00:00:01


