Classic Timing Analyzer report for design4TJN
Sat Oct 05 19:19:34 2013
Quartus II Version 9.0 Build 235 06/17/2009 Service Pack 2 SJ Web Edition


---------------------
; Table of Contents ;
---------------------
  1. Legal Notice
  2. Timing Analyzer Summary
  3. Timing Analyzer Settings
  4. Clock Settings Summary
  5. Parallel Compilation
  6. Clock Setup: 'Clock'
  7. Clock Hold: 'Clock'
  8. tsu
  9. tco
 10. tpd
 11. th
 12. Timing Analyzer Messages



----------------
; Legal Notice ;
----------------
Copyright (C) 1991-2009 Altera Corporation
Your use of Altera Corporation's design tools, logic functions 
and other software and tools, and its AMPP partner logic 
functions, and any output files from any of the foregoing 
(including device programming or simulation files), and any 
associated documentation or information are expressly subject 
to the terms and conditions of the Altera Program License 
Subscription Agreement, Altera MegaCore Function License 
Agreement, or other applicable license agreement, including, 
without limitation, that your use is for the sole purpose of 
programming logic devices manufactured by Altera and sold by 
Altera or its authorized distributors.  Please refer to the 
applicable agreement for further details.



+---------------------------------------------------------------------------------------------------------------------------------------------------------------------------------------------------------------------------------------------------------------------------------------------+
; Timing Analyzer Summary                                                                                                                                                                                                                                                                     ;
+------------------------------+------------------------------------------+---------------+----------------------------------+------------------------------------------------------------+------------------------------------------------------------+------------+----------+--------------+
; Type                         ; Slack                                    ; Required Time ; Actual Time                      ; From                                                       ; To                                                         ; From Clock ; To Clock ; Failed Paths ;
+------------------------------+------------------------------------------+---------------+----------------------------------+------------------------------------------------------------+------------------------------------------------------------+------------+----------+--------------+
; Worst-case tsu               ; N/A                                      ; None          ; 10.700 ns                        ; UART_RX                                                    ; inst49                                                     ; --         ; Clock    ; 0            ;
; Worst-case tco               ; N/A                                      ; None          ; 33.000 ns                        ; lpm_latch0:inst54|lpm_latch:lpm_latch_component|latches[3] ; Output_UN3                                                 ; Clock      ; --       ; 0            ;
; Worst-case tpd               ; N/A                                      ; None          ; 23.200 ns                        ; UART_RX                                                    ; Stop_Bit                                                   ; --         ; --       ; 0            ;
; Worst-case th                ; N/A                                      ; None          ; -0.400 ns                        ; UART_RX                                                    ; inst29                                                     ; --         ; Clock    ; 0            ;
; Clock Setup: 'Clock'         ; N/A                                      ; None          ; 89.29 MHz ( period = 11.200 ns ) ; Delay_Function:inst15|inst45                               ; inst42                                                     ; Clock      ; Clock    ; 0            ;
; Clock Hold: 'Clock'          ; Not operational: Clock Skew > Data Delay ; None          ; N/A                              ; inst29                                                     ; lpm_latch0:inst54|lpm_latch:lpm_latch_component|latches[3] ; Clock      ; Clock    ; 8            ;
; Total number of failed paths ;                                          ;               ;                                  ;                                                            ;                                                            ;            ;          ; 8            ;
+------------------------------+------------------------------------------+---------------+----------------------------------+------------------------------------------------------------+------------------------------------------------------------+------------+----------+--------------+


+--------------------------------------------------------------------------------------------------------------------+
; Timing Analyzer Settings                                                                                           ;
+---------------------------------------------------------------------+--------------------+------+----+-------------+
; Option                                                              ; Setting            ; From ; To ; Entity Name ;
+---------------------------------------------------------------------+--------------------+------+----+-------------+
; Device Name                                                         ; EPF10K70RC240-4    ;      ;    ;             ;
; Timing Models                                                       ; Final              ;      ;    ;             ;
; Default hold multicycle                                             ; Same as Multicycle ;      ;    ;             ;
; Cut paths between unrelated clock domains                           ; On                 ;      ;    ;             ;
; Cut off read during write signal paths                              ; On                 ;      ;    ;             ;
; Cut off feedback from I/O pins                                      ; On                 ;      ;    ;             ;
; Report Combined Fast/Slow Timing                                    ; Off                ;      ;    ;             ;
; Ignore Clock Settings                                               ; Off                ;      ;    ;             ;
; Analyze latches as synchronous elements                             ; On                 ;      ;    ;             ;
; Enable Recovery/Removal analysis                                    ; Off                ;      ;    ;             ;
; Enable Clock Latency                                                ; Off                ;      ;    ;             ;
; Use TimeQuest Timing Analyzer                                       ; Off                ;      ;    ;             ;
; Minimum Core Junction Temperature                                   ; 0                  ;      ;    ;             ;
; Maximum Core Junction Temperature                                   ; 85                 ;      ;    ;             ;
; Number of source nodes to report per destination node               ; 10                 ;      ;    ;             ;
; Number of destination nodes to report                               ; 10                 ;      ;    ;             ;
; Number of paths to report                                           ; 200                ;      ;    ;             ;
; Report Minimum Timing Checks                                        ; Off                ;      ;    ;             ;
; Use Fast Timing Models                                              ; Off                ;      ;    ;             ;
; Report IO Paths Separately                                          ; Off                ;      ;    ;             ;
; Perform Multicorner Analysis                                        ; Off                ;      ;    ;             ;
; Reports the worst-case path for each clock domain and analysis      ; Off                ;      ;    ;             ;
; Removes common clock path pessimism (CCPP) during slack computation ; Off                ;      ;    ;             ;
; Output I/O Timing Endpoint                                          ; Near End           ;      ;    ;             ;
+---------------------------------------------------------------------+--------------------+------+----+-------------+


+------------------------------------------------------------------------------------------------------------------------------------------------------------------------------------+
; Clock Settings Summary                                                                                                                                                             ;
+-----------------+--------------------+----------+------------------+---------------+--------------+----------+-----------------------+---------------------+--------+--------------+
; Clock Node Name ; Clock Setting Name ; Type     ; Fmax Requirement ; Early Latency ; Late Latency ; Based on ; Multiply Base Fmax by ; Divide Base Fmax by ; Offset ; Phase offset ;
+-----------------+--------------------+----------+------------------+---------------+--------------+----------+-----------------------+---------------------+--------+--------------+
; Clock           ;                    ; User Pin ; None             ; 0.000 ns      ; 0.000 ns     ; --       ; N/A                   ; N/A                 ; N/A    ;              ;
; UART_RX         ;                    ; User Pin ; None             ; 0.000 ns      ; 0.000 ns     ; --       ; N/A                   ; N/A                 ; N/A    ;              ;
+-----------------+--------------------+----------+------------------+---------------+--------------+----------+-----------------------+---------------------+--------+--------------+


Parallel compilation was disabled, but you have multiple processors available. Enable parallel compilation to reduce compilation time.
+-------------------------------------+
; Parallel Compilation                ;
+----------------------------+--------+
; Processors                 ; Number ;
+----------------------------+--------+
; Number detected on machine ; 2      ;
; Maximum allowed            ; 1      ;
+----------------------------+--------+


+-------------------------------------------------------------------------------------------------------------------------------------------------------------------------------------------------------------------------------------------------------------------------+
; Clock Setup: 'Clock'                                                                                                                                                                                                                                                    ;
+-----------------------------------------+-----------------------------------------------------+------------------------------+------------------------------+------------+----------+-----------------------------+---------------------------+-------------------------+
; Slack                                   ; Actual fmax (period)                                ; From                         ; To                           ; From Clock ; To Clock ; Required Setup Relationship ; Required Longest P2P Time ; Actual Longest P2P Time ;
+-----------------------------------------+-----------------------------------------------------+------------------------------+------------------------------+------------+----------+-----------------------------+---------------------------+-------------------------+
; N/A                                     ; 89.29 MHz ( period = 11.200 ns )                    ; Delay_Function:inst15|inst45 ; inst42                       ; Clock      ; Clock    ; None                        ; None                      ; 7.200 ns                ;
; N/A                                     ; 90.09 MHz ( period = 11.100 ns )                    ; Delay_Function:inst15|inst45 ; Delay_Function:inst|inst     ; Clock      ; Clock    ; None                        ; None                      ; 7.100 ns                ;
; N/A                                     ; 90.91 MHz ( period = 11.000 ns )                    ; Delay_Function:inst|inst39   ; Delay_Function:inst|inst43   ; Clock      ; Clock    ; None                        ; None                      ; 7.000 ns                ;
; N/A                                     ; 90.91 MHz ( period = 11.000 ns )                    ; Delay_Function:inst25|inst45 ; Delay_Function:inst25|inst18 ; Clock      ; Clock    ; None                        ; None                      ; 7.000 ns                ;
; N/A                                     ; 96.15 MHz ( period = 10.400 ns )                    ; Delay_Function:inst28|inst42 ; Delay_Function:inst28|inst46 ; Clock      ; Clock    ; None                        ; None                      ; 6.400 ns                ;
; N/A                                     ; 97.09 MHz ( period = 10.300 ns )                    ; Delay_Function:inst10|inst18 ; Delay_Function:inst10|inst22 ; Clock      ; Clock    ; None                        ; None                      ; 6.300 ns                ;
; N/A                                     ; 98.04 MHz ( period = 10.200 ns )                    ; Delay_Function:inst25|inst25 ; Delay_Function:inst25|inst29 ; Clock      ; Clock    ; None                        ; None                      ; 6.200 ns                ;
; N/A                                     ; 103.09 MHz ( period = 9.700 ns )                    ; inst49                       ; inst49                       ; Clock      ; Clock    ; None                        ; None                      ; 5.700 ns                ;
; N/A                                     ; 103.09 MHz ( period = 9.700 ns )                    ; inst42                       ; inst49                       ; Clock      ; Clock    ; None                        ; None                      ; 5.700 ns                ;
; N/A                                     ; 103.09 MHz ( period = 9.700 ns )                    ; inst18                       ; inst49                       ; Clock      ; Clock    ; None                        ; None                      ; 5.700 ns                ;
; N/A                                     ; 107.53 MHz ( period = 9.300 ns )                    ; Delay_Function:inst6|inst29  ; Delay_Function:inst6|inst33  ; Clock      ; Clock    ; None                        ; None                      ; 5.300 ns                ;
; N/A                                     ; 108.70 MHz ( period = 9.200 ns )                    ; Delay_Function:inst27|inst18 ; Delay_Function:inst27|inst22 ; Clock      ; Clock    ; None                        ; None                      ; 5.200 ns                ;
; N/A                                     ; 112.36 MHz ( period = 8.900 ns )                    ; Delay_Function:inst28|inst47 ; inst42                       ; Clock      ; Clock    ; None                        ; None                      ; 4.900 ns                ;
; N/A                                     ; 112.36 MHz ( period = 8.900 ns )                    ; Delay_Function:inst10|inst24 ; Delay_Function:inst10|inst28 ; Clock      ; Clock    ; None                        ; None                      ; 4.900 ns                ;
; N/A                                     ; 112.36 MHz ( period = 8.900 ns )                    ; Delay_Function:inst16|inst24 ; Delay_Function:inst16|inst28 ; Clock      ; Clock    ; None                        ; None                      ; 4.900 ns                ;
; N/A                                     ; 112.36 MHz ( period = 8.900 ns )                    ; Delay_Function:inst6|inst47  ; Delay_Function:inst8|inst    ; Clock      ; Clock    ; None                        ; None                      ; 4.900 ns                ;
; N/A                                     ; 113.64 MHz ( period = 8.800 ns )                    ; Delay_Function:inst15|inst45 ; inst49                       ; Clock      ; Clock    ; None                        ; None                      ; 4.800 ns                ;
; N/A                                     ; 113.64 MHz ( period = 8.800 ns )                    ; Delay_Function:inst6|inst31  ; Delay_Function:inst6|inst35  ; Clock      ; Clock    ; None                        ; None                      ; 4.800 ns                ;
; N/A                                     ; 113.64 MHz ( period = 8.800 ns )                    ; Delay_Function:inst16|inst38 ; Delay_Function:inst16|inst42 ; Clock      ; Clock    ; None                        ; None                      ; 4.800 ns                ;
; N/A                                     ; 113.64 MHz ( period = 8.800 ns )                    ; Delay_Function:inst15|inst   ; Delay_Function:inst15|inst20 ; Clock      ; Clock    ; None                        ; None                      ; 4.800 ns                ;
; N/A                                     ; 114.94 MHz ( period = 8.700 ns )                    ; Delay_Function:inst23|inst43 ; Delay_Function:inst23|inst47 ; Clock      ; Clock    ; None                        ; None                      ; 4.700 ns                ;
; N/A                                     ; 114.94 MHz ( period = 8.700 ns )                    ; Delay_Function:inst10|inst46 ; Delay_Function:inst10|inst19 ; Clock      ; Clock    ; None                        ; None                      ; 4.700 ns                ;
; N/A                                     ; 114.94 MHz ( period = 8.700 ns )                    ; Delay_Function:inst|inst41   ; Delay_Function:inst|inst45   ; Clock      ; Clock    ; None                        ; None                      ; 4.700 ns                ;
; N/A                                     ; 114.94 MHz ( period = 8.700 ns )                    ; Delay_Function:inst23|inst41 ; Delay_Function:inst23|inst45 ; Clock      ; Clock    ; None                        ; None                      ; 4.700 ns                ;
; N/A                                     ; 114.94 MHz ( period = 8.700 ns )                    ; Delay_Function:inst27|inst25 ; Delay_Function:inst27|inst29 ; Clock      ; Clock    ; None                        ; None                      ; 4.700 ns                ;
; N/A                                     ; 114.94 MHz ( period = 8.700 ns )                    ; Delay_Function:inst28|inst   ; Delay_Function:inst28|inst20 ; Clock      ; Clock    ; None                        ; None                      ; 4.700 ns                ;
; N/A                                     ; 116.28 MHz ( period = 8.600 ns )                    ; Delay_Function:inst15|inst17 ; Delay_Function:inst15|inst21 ; Clock      ; Clock    ; None                        ; None                      ; 4.600 ns                ;
; N/A                                     ; 116.28 MHz ( period = 8.600 ns )                    ; Delay_Function:inst|inst42   ; Delay_Function:inst|inst46   ; Clock      ; Clock    ; None                        ; None                      ; 4.600 ns                ;
; N/A                                     ; 116.28 MHz ( period = 8.600 ns )                    ; Delay_Function:inst23|inst42 ; Delay_Function:inst23|inst46 ; Clock      ; Clock    ; None                        ; None                      ; 4.600 ns                ;
; N/A                                     ; 116.28 MHz ( period = 8.600 ns )                    ; Delay_Function:inst27|inst42 ; Delay_Function:inst27|inst46 ; Clock      ; Clock    ; None                        ; None                      ; 4.600 ns                ;
; N/A                                     ; 116.28 MHz ( period = 8.600 ns )                    ; Delay_Function:inst8|inst44  ; Delay_Function:inst8|inst17  ; Clock      ; Clock    ; None                        ; None                      ; 4.600 ns                ;
; N/A                                     ; 116.28 MHz ( period = 8.600 ns )                    ; Delay_Function:inst25|inst28 ; Delay_Function:inst25|inst32 ; Clock      ; Clock    ; None                        ; None                      ; 4.600 ns                ;
; N/A                                     ; 117.65 MHz ( period = 8.500 ns )                    ; Delay_Function:inst10|inst39 ; Delay_Function:inst10|inst43 ; Clock      ; Clock    ; None                        ; None                      ; 4.500 ns                ;
; N/A                                     ; 117.65 MHz ( period = 8.500 ns )                    ; Delay_Function:inst16|inst39 ; Delay_Function:inst16|inst43 ; Clock      ; Clock    ; None                        ; None                      ; 4.500 ns                ;
; N/A                                     ; 117.65 MHz ( period = 8.500 ns )                    ; Delay_Function:inst8|inst35  ; Delay_Function:inst8|inst39  ; Clock      ; Clock    ; None                        ; None                      ; 4.500 ns                ;
; N/A                                     ; 117.65 MHz ( period = 8.500 ns )                    ; Delay_Function:inst6|inst30  ; Delay_Function:inst6|inst34  ; Clock      ; Clock    ; None                        ; None                      ; 4.500 ns                ;
; N/A                                     ; 117.65 MHz ( period = 8.500 ns )                    ; Delay_Function:inst28|inst45 ; Delay_Function:inst28|inst18 ; Clock      ; Clock    ; None                        ; None                      ; 4.500 ns                ;
; N/A                                     ; 117.65 MHz ( period = 8.500 ns )                    ; Delay_Function:inst8|inst37  ; Delay_Function:inst8|inst41  ; Clock      ; Clock    ; None                        ; None                      ; 4.500 ns                ;
; N/A                                     ; 117.65 MHz ( period = 8.500 ns )                    ; Delay_Function:inst16|inst37 ; Delay_Function:inst16|inst41 ; Clock      ; Clock    ; None                        ; None                      ; 4.500 ns                ;
; N/A                                     ; 117.65 MHz ( period = 8.500 ns )                    ; Delay_Function:inst16|inst44 ; Delay_Function:inst16|inst17 ; Clock      ; Clock    ; None                        ; None                      ; 4.500 ns                ;
; N/A                                     ; 117.65 MHz ( period = 8.500 ns )                    ; Delay_Function:inst|inst40   ; Delay_Function:inst|inst44   ; Clock      ; Clock    ; None                        ; None                      ; 4.500 ns                ;
; N/A                                     ; 117.65 MHz ( period = 8.500 ns )                    ; Delay_Function:inst23|inst40 ; Delay_Function:inst23|inst44 ; Clock      ; Clock    ; None                        ; None                      ; 4.500 ns                ;
; N/A                                     ; 119.05 MHz ( period = 8.400 ns )                    ; Delay_Function:inst28|inst43 ; Delay_Function:inst28|inst47 ; Clock      ; Clock    ; None                        ; None                      ; 4.400 ns                ;
; N/A                                     ; 119.05 MHz ( period = 8.400 ns )                    ; Delay_Function:inst25|inst39 ; Delay_Function:inst25|inst43 ; Clock      ; Clock    ; None                        ; None                      ; 4.400 ns                ;
; N/A                                     ; 119.05 MHz ( period = 8.400 ns )                    ; Delay_Function:inst27|inst39 ; Delay_Function:inst27|inst43 ; Clock      ; Clock    ; None                        ; None                      ; 4.400 ns                ;
; N/A                                     ; 119.05 MHz ( period = 8.400 ns )                    ; Delay_Function:inst25|inst46 ; Delay_Function:inst25|inst19 ; Clock      ; Clock    ; None                        ; None                      ; 4.400 ns                ;
; N/A                                     ; 119.05 MHz ( period = 8.400 ns )                    ; Delay_Function:inst8|inst34  ; Delay_Function:inst8|inst38  ; Clock      ; Clock    ; None                        ; None                      ; 4.400 ns                ;
; N/A                                     ; 119.05 MHz ( period = 8.400 ns )                    ; Delay_Function:inst28|inst17 ; Delay_Function:inst28|inst21 ; Clock      ; Clock    ; None                        ; None                      ; 4.400 ns                ;
; N/A                                     ; 119.05 MHz ( period = 8.400 ns )                    ; Delay_Function:inst10|inst21 ; Delay_Function:inst10|inst25 ; Clock      ; Clock    ; None                        ; None                      ; 4.400 ns                ;
; N/A                                     ; 119.05 MHz ( period = 8.400 ns )                    ; Delay_Function:inst6|inst28  ; Delay_Function:inst6|inst32  ; Clock      ; Clock    ; None                        ; None                      ; 4.400 ns                ;
; N/A                                     ; 119.05 MHz ( period = 8.400 ns )                    ; Delay_Function:inst27|inst28 ; Delay_Function:inst27|inst32 ; Clock      ; Clock    ; None                        ; None                      ; 4.400 ns                ;
; N/A                                     ; 119.05 MHz ( period = 8.400 ns )                    ; Delay_Function:inst23|inst24 ; Delay_Function:inst23|inst28 ; Clock      ; Clock    ; None                        ; None                      ; 4.400 ns                ;
; N/A                                     ; Restricted to 125.00 MHz ( period = 8.000 ns )      ; inst49                       ; inst18                       ; Clock      ; Clock    ; None                        ; None                      ; 2.500 ns                ;
; N/A                                     ; Restricted to 125.00 MHz ( period = 8.000 ns )      ; inst49                       ; Delay_Function:inst15|inst   ; Clock      ; Clock    ; None                        ; None                      ; 2.500 ns                ;
; N/A                                     ; Restricted to 125.00 MHz ( period = 8.000 ns )      ; inst42                       ; Delay_Function:inst15|inst   ; Clock      ; Clock    ; None                        ; None                      ; 2.500 ns                ;
; N/A                                     ; Restricted to 125.00 MHz ( period = 8.000 ns )      ; inst18                       ; Delay_Function:inst15|inst   ; Clock      ; Clock    ; None                        ; None                      ; 2.500 ns                ;
; N/A                                     ; Restricted to 125.00 MHz ( period = 8.000 ns )      ; Delay_Function:inst25|inst26 ; Delay_Function:inst25|inst30 ; Clock      ; Clock    ; None                        ; None                      ; 2.200 ns                ;
; N/A                                     ; Restricted to 125.00 MHz ( period = 8.000 ns )      ; Delay_Function:inst27|inst26 ; Delay_Function:inst27|inst30 ; Clock      ; Clock    ; None                        ; None                      ; 2.200 ns                ;
; N/A                                     ; Restricted to 125.00 MHz ( period = 8.000 ns )      ; Delay_Function:inst|inst22   ; Delay_Function:inst|inst26   ; Clock      ; Clock    ; None                        ; None                      ; 2.200 ns                ;
; N/A                                     ; Restricted to 125.00 MHz ( period = 8.000 ns )      ; Delay_Function:inst8|inst22  ; Delay_Function:inst8|inst26  ; Clock      ; Clock    ; None                        ; None                      ; 2.200 ns                ;
; N/A                                     ; Restricted to 125.00 MHz ( period = 8.000 ns )      ; Delay_Function:inst10|inst22 ; Delay_Function:inst10|inst26 ; Clock      ; Clock    ; None                        ; None                      ; 2.200 ns                ;
; N/A                                     ; Restricted to 125.00 MHz ( period = 8.000 ns )      ; Delay_Function:inst6|inst22  ; Delay_Function:inst6|inst26  ; Clock      ; Clock    ; None                        ; None                      ; 2.200 ns                ;
; N/A                                     ; Restricted to 125.00 MHz ( period = 8.000 ns )      ; Delay_Function:inst16|inst22 ; Delay_Function:inst16|inst26 ; Clock      ; Clock    ; None                        ; None                      ; 2.200 ns                ;
; N/A                                     ; Restricted to 125.00 MHz ( period = 8.000 ns )      ; Delay_Function:inst23|inst22 ; Delay_Function:inst23|inst26 ; Clock      ; Clock    ; None                        ; None                      ; 2.200 ns                ;
; N/A                                     ; Restricted to 125.00 MHz ( period = 8.000 ns )      ; Delay_Function:inst25|inst22 ; Delay_Function:inst25|inst26 ; Clock      ; Clock    ; None                        ; None                      ; 2.200 ns                ;
; N/A                                     ; Restricted to 125.00 MHz ( period = 8.000 ns )      ; Delay_Function:inst27|inst22 ; Delay_Function:inst27|inst26 ; Clock      ; Clock    ; None                        ; None                      ; 2.200 ns                ;
; N/A                                     ; Restricted to 125.00 MHz ( period = 8.000 ns )      ; Delay_Function:inst|inst18   ; Delay_Function:inst|inst22   ; Clock      ; Clock    ; None                        ; None                      ; 2.200 ns                ;
; N/A                                     ; Restricted to 125.00 MHz ( period = 8.000 ns )      ; Delay_Function:inst28|inst41 ; Delay_Function:inst28|inst45 ; Clock      ; Clock    ; None                        ; None                      ; 2.200 ns                ;
; N/A                                     ; Restricted to 125.00 MHz ( period = 8.000 ns )      ; Delay_Function:inst8|inst18  ; Delay_Function:inst8|inst22  ; Clock      ; Clock    ; None                        ; None                      ; 2.200 ns                ;
; N/A                                     ; Restricted to 125.00 MHz ( period = 8.000 ns )      ; Delay_Function:inst6|inst18  ; Delay_Function:inst6|inst22  ; Clock      ; Clock    ; None                        ; None                      ; 2.200 ns                ;
; N/A                                     ; Restricted to 125.00 MHz ( period = 8.000 ns )      ; Delay_Function:inst16|inst18 ; Delay_Function:inst16|inst22 ; Clock      ; Clock    ; None                        ; None                      ; 2.200 ns                ;
; N/A                                     ; Restricted to 125.00 MHz ( period = 8.000 ns )      ; Delay_Function:inst23|inst18 ; Delay_Function:inst23|inst22 ; Clock      ; Clock    ; None                        ; None                      ; 2.200 ns                ;
; N/A                                     ; Restricted to 125.00 MHz ( period = 8.000 ns )      ; Delay_Function:inst25|inst18 ; Delay_Function:inst25|inst22 ; Clock      ; Clock    ; None                        ; None                      ; 2.200 ns                ;
; N/A                                     ; Restricted to 125.00 MHz ( period = 8.000 ns )      ; Delay_Function:inst|inst45   ; Delay_Function:inst|inst18   ; Clock      ; Clock    ; None                        ; None                      ; 2.200 ns                ;
; N/A                                     ; Restricted to 125.00 MHz ( period = 8.000 ns )      ; Delay_Function:inst28|inst37 ; Delay_Function:inst28|inst41 ; Clock      ; Clock    ; None                        ; None                      ; 2.200 ns                ;
; N/A                                     ; Restricted to 125.00 MHz ( period = 8.000 ns )      ; Delay_Function:inst8|inst45  ; Delay_Function:inst8|inst18  ; Clock      ; Clock    ; None                        ; None                      ; 2.200 ns                ;
; N/A                                     ; Restricted to 125.00 MHz ( period = 8.000 ns )      ; Delay_Function:inst10|inst45 ; Delay_Function:inst10|inst18 ; Clock      ; Clock    ; None                        ; None                      ; 2.200 ns                ;
; N/A                                     ; Restricted to 125.00 MHz ( period = 8.000 ns )      ; Delay_Function:inst6|inst45  ; Delay_Function:inst6|inst18  ; Clock      ; Clock    ; None                        ; None                      ; 2.200 ns                ;
; N/A                                     ; Restricted to 125.00 MHz ( period = 8.000 ns )      ; Delay_Function:inst16|inst45 ; Delay_Function:inst16|inst18 ; Clock      ; Clock    ; None                        ; None                      ; 2.200 ns                ;
; N/A                                     ; Restricted to 125.00 MHz ( period = 8.000 ns )      ; Delay_Function:inst23|inst45 ; Delay_Function:inst23|inst18 ; Clock      ; Clock    ; None                        ; None                      ; 2.200 ns                ;
; N/A                                     ; Restricted to 125.00 MHz ( period = 8.000 ns )      ; Delay_Function:inst27|inst45 ; Delay_Function:inst27|inst18 ; Clock      ; Clock    ; None                        ; None                      ; 2.200 ns                ;
; N/A                                     ; Restricted to 125.00 MHz ( period = 8.000 ns )      ; Delay_Function:inst28|inst33 ; Delay_Function:inst28|inst37 ; Clock      ; Clock    ; None                        ; None                      ; 2.200 ns                ;
; N/A                                     ; Restricted to 125.00 MHz ( period = 8.000 ns )      ; Delay_Function:inst8|inst41  ; Delay_Function:inst8|inst45  ; Clock      ; Clock    ; None                        ; None                      ; 2.200 ns                ;
; N/A                                     ; Restricted to 125.00 MHz ( period = 8.000 ns )      ; Delay_Function:inst10|inst41 ; Delay_Function:inst10|inst45 ; Clock      ; Clock    ; None                        ; None                      ; 2.200 ns                ;
; N/A                                     ; Restricted to 125.00 MHz ( period = 8.000 ns )      ; Delay_Function:inst6|inst41  ; Delay_Function:inst6|inst45  ; Clock      ; Clock    ; None                        ; None                      ; 2.200 ns                ;
; N/A                                     ; Restricted to 125.00 MHz ( period = 8.000 ns )      ; Delay_Function:inst16|inst41 ; Delay_Function:inst16|inst45 ; Clock      ; Clock    ; None                        ; None                      ; 2.200 ns                ;
; N/A                                     ; Restricted to 125.00 MHz ( period = 8.000 ns )      ; Delay_Function:inst25|inst41 ; Delay_Function:inst25|inst45 ; Clock      ; Clock    ; None                        ; None                      ; 2.200 ns                ;
; N/A                                     ; Restricted to 125.00 MHz ( period = 8.000 ns )      ; Delay_Function:inst27|inst41 ; Delay_Function:inst27|inst45 ; Clock      ; Clock    ; None                        ; None                      ; 2.200 ns                ;
; N/A                                     ; Restricted to 125.00 MHz ( period = 8.000 ns )      ; Delay_Function:inst|inst37   ; Delay_Function:inst|inst41   ; Clock      ; Clock    ; None                        ; None                      ; 2.200 ns                ;
; N/A                                     ; Restricted to 125.00 MHz ( period = 8.000 ns )      ; Delay_Function:inst28|inst29 ; Delay_Function:inst28|inst33 ; Clock      ; Clock    ; None                        ; None                      ; 2.200 ns                ;
; N/A                                     ; Restricted to 125.00 MHz ( period = 8.000 ns )      ; Delay_Function:inst10|inst37 ; Delay_Function:inst10|inst41 ; Clock      ; Clock    ; None                        ; None                      ; 2.200 ns                ;
; N/A                                     ; Restricted to 125.00 MHz ( period = 8.000 ns )      ; Delay_Function:inst6|inst37  ; Delay_Function:inst6|inst41  ; Clock      ; Clock    ; None                        ; None                      ; 2.200 ns                ;
; N/A                                     ; Restricted to 125.00 MHz ( period = 8.000 ns )      ; Delay_Function:inst23|inst37 ; Delay_Function:inst23|inst41 ; Clock      ; Clock    ; None                        ; None                      ; 2.200 ns                ;
; N/A                                     ; Restricted to 125.00 MHz ( period = 8.000 ns )      ; Delay_Function:inst25|inst37 ; Delay_Function:inst25|inst41 ; Clock      ; Clock    ; None                        ; None                      ; 2.200 ns                ;
; N/A                                     ; Restricted to 125.00 MHz ( period = 8.000 ns )      ; Delay_Function:inst27|inst37 ; Delay_Function:inst27|inst41 ; Clock      ; Clock    ; None                        ; None                      ; 2.200 ns                ;
; N/A                                     ; Restricted to 125.00 MHz ( period = 8.000 ns )      ; Delay_Function:inst|inst33   ; Delay_Function:inst|inst37   ; Clock      ; Clock    ; None                        ; None                      ; 2.200 ns                ;
; N/A                                     ; Restricted to 125.00 MHz ( period = 8.000 ns )      ; Delay_Function:inst28|inst25 ; Delay_Function:inst28|inst29 ; Clock      ; Clock    ; None                        ; None                      ; 2.200 ns                ;
; N/A                                     ; Restricted to 125.00 MHz ( period = 8.000 ns )      ; Delay_Function:inst8|inst33  ; Delay_Function:inst8|inst37  ; Clock      ; Clock    ; None                        ; None                      ; 2.200 ns                ;
; N/A                                     ; Restricted to 125.00 MHz ( period = 8.000 ns )      ; Delay_Function:inst10|inst33 ; Delay_Function:inst10|inst37 ; Clock      ; Clock    ; None                        ; None                      ; 2.200 ns                ;
; N/A                                     ; Restricted to 125.00 MHz ( period = 8.000 ns )      ; Delay_Function:inst6|inst33  ; Delay_Function:inst6|inst37  ; Clock      ; Clock    ; None                        ; None                      ; 2.200 ns                ;
; N/A                                     ; Restricted to 125.00 MHz ( period = 8.000 ns )      ; Delay_Function:inst16|inst33 ; Delay_Function:inst16|inst37 ; Clock      ; Clock    ; None                        ; None                      ; 2.200 ns                ;
; N/A                                     ; Restricted to 125.00 MHz ( period = 8.000 ns )      ; Delay_Function:inst23|inst33 ; Delay_Function:inst23|inst37 ; Clock      ; Clock    ; None                        ; None                      ; 2.200 ns                ;
; N/A                                     ; Restricted to 125.00 MHz ( period = 8.000 ns )      ; Delay_Function:inst25|inst33 ; Delay_Function:inst25|inst37 ; Clock      ; Clock    ; None                        ; None                      ; 2.200 ns                ;
; N/A                                     ; Restricted to 125.00 MHz ( period = 8.000 ns )      ; Delay_Function:inst27|inst33 ; Delay_Function:inst27|inst37 ; Clock      ; Clock    ; None                        ; None                      ; 2.200 ns                ;
; N/A                                     ; Restricted to 125.00 MHz ( period = 8.000 ns )      ; Delay_Function:inst|inst29   ; Delay_Function:inst|inst33   ; Clock      ; Clock    ; None                        ; None                      ; 2.200 ns                ;
; N/A                                     ; Restricted to 125.00 MHz ( period = 8.000 ns )      ; Delay_Function:inst28|inst21 ; Delay_Function:inst28|inst25 ; Clock      ; Clock    ; None                        ; None                      ; 2.200 ns                ;
; N/A                                     ; Restricted to 125.00 MHz ( period = 8.000 ns )      ; Delay_Function:inst8|inst29  ; Delay_Function:inst8|inst33  ; Clock      ; Clock    ; None                        ; None                      ; 2.200 ns                ;
; N/A                                     ; Restricted to 125.00 MHz ( period = 8.000 ns )      ; Delay_Function:inst10|inst29 ; Delay_Function:inst10|inst33 ; Clock      ; Clock    ; None                        ; None                      ; 2.200 ns                ;
; N/A                                     ; Restricted to 125.00 MHz ( period = 8.000 ns )      ; Delay_Function:inst16|inst29 ; Delay_Function:inst16|inst33 ; Clock      ; Clock    ; None                        ; None                      ; 2.200 ns                ;
; N/A                                     ; Restricted to 125.00 MHz ( period = 8.000 ns )      ; Delay_Function:inst23|inst29 ; Delay_Function:inst23|inst33 ; Clock      ; Clock    ; None                        ; None                      ; 2.200 ns                ;
; N/A                                     ; Restricted to 125.00 MHz ( period = 8.000 ns )      ; Delay_Function:inst25|inst29 ; Delay_Function:inst25|inst33 ; Clock      ; Clock    ; None                        ; None                      ; 2.200 ns                ;
; N/A                                     ; Restricted to 125.00 MHz ( period = 8.000 ns )      ; Delay_Function:inst27|inst29 ; Delay_Function:inst27|inst33 ; Clock      ; Clock    ; None                        ; None                      ; 2.200 ns                ;
; N/A                                     ; Restricted to 125.00 MHz ( period = 8.000 ns )      ; Delay_Function:inst|inst25   ; Delay_Function:inst|inst29   ; Clock      ; Clock    ; None                        ; None                      ; 2.200 ns                ;
; N/A                                     ; Restricted to 125.00 MHz ( period = 8.000 ns )      ; Delay_Function:inst8|inst25  ; Delay_Function:inst8|inst29  ; Clock      ; Clock    ; None                        ; None                      ; 2.200 ns                ;
; N/A                                     ; Restricted to 125.00 MHz ( period = 8.000 ns )      ; Delay_Function:inst10|inst25 ; Delay_Function:inst10|inst29 ; Clock      ; Clock    ; None                        ; None                      ; 2.200 ns                ;
; N/A                                     ; Restricted to 125.00 MHz ( period = 8.000 ns )      ; Delay_Function:inst6|inst25  ; Delay_Function:inst6|inst29  ; Clock      ; Clock    ; None                        ; None                      ; 2.200 ns                ;
; N/A                                     ; Restricted to 125.00 MHz ( period = 8.000 ns )      ; Delay_Function:inst16|inst25 ; Delay_Function:inst16|inst29 ; Clock      ; Clock    ; None                        ; None                      ; 2.200 ns                ;
; N/A                                     ; Restricted to 125.00 MHz ( period = 8.000 ns )      ; Delay_Function:inst23|inst25 ; Delay_Function:inst23|inst29 ; Clock      ; Clock    ; None                        ; None                      ; 2.200 ns                ;
; N/A                                     ; Restricted to 125.00 MHz ( period = 8.000 ns )      ; Delay_Function:inst|inst21   ; Delay_Function:inst|inst25   ; Clock      ; Clock    ; None                        ; None                      ; 2.200 ns                ;
; N/A                                     ; Restricted to 125.00 MHz ( period = 8.000 ns )      ; Delay_Function:inst28|inst44 ; Delay_Function:inst28|inst17 ; Clock      ; Clock    ; None                        ; None                      ; 2.200 ns                ;
; N/A                                     ; Restricted to 125.00 MHz ( period = 8.000 ns )      ; Delay_Function:inst8|inst21  ; Delay_Function:inst8|inst25  ; Clock      ; Clock    ; None                        ; None                      ; 2.200 ns                ;
; N/A                                     ; Restricted to 125.00 MHz ( period = 8.000 ns )      ; Delay_Function:inst6|inst21  ; Delay_Function:inst6|inst25  ; Clock      ; Clock    ; None                        ; None                      ; 2.200 ns                ;
; N/A                                     ; Restricted to 125.00 MHz ( period = 8.000 ns )      ; Delay_Function:inst16|inst21 ; Delay_Function:inst16|inst25 ; Clock      ; Clock    ; None                        ; None                      ; 2.200 ns                ;
; N/A                                     ; Restricted to 125.00 MHz ( period = 8.000 ns )      ; Delay_Function:inst23|inst21 ; Delay_Function:inst23|inst25 ; Clock      ; Clock    ; None                        ; None                      ; 2.200 ns                ;
; N/A                                     ; Restricted to 125.00 MHz ( period = 8.000 ns )      ; Delay_Function:inst25|inst21 ; Delay_Function:inst25|inst25 ; Clock      ; Clock    ; None                        ; None                      ; 2.200 ns                ;
; N/A                                     ; Restricted to 125.00 MHz ( period = 8.000 ns )      ; Delay_Function:inst27|inst21 ; Delay_Function:inst27|inst25 ; Clock      ; Clock    ; None                        ; None                      ; 2.200 ns                ;
; N/A                                     ; Restricted to 125.00 MHz ( period = 8.000 ns )      ; Delay_Function:inst|inst17   ; Delay_Function:inst|inst21   ; Clock      ; Clock    ; None                        ; None                      ; 2.200 ns                ;
; N/A                                     ; Restricted to 125.00 MHz ( period = 8.000 ns )      ; Delay_Function:inst28|inst40 ; Delay_Function:inst28|inst44 ; Clock      ; Clock    ; None                        ; None                      ; 2.200 ns                ;
; N/A                                     ; Restricted to 125.00 MHz ( period = 8.000 ns )      ; Delay_Function:inst8|inst17  ; Delay_Function:inst8|inst21  ; Clock      ; Clock    ; None                        ; None                      ; 2.200 ns                ;
; N/A                                     ; Restricted to 125.00 MHz ( period = 8.000 ns )      ; Delay_Function:inst10|inst17 ; Delay_Function:inst10|inst21 ; Clock      ; Clock    ; None                        ; None                      ; 2.200 ns                ;
; N/A                                     ; Restricted to 125.00 MHz ( period = 8.000 ns )      ; Delay_Function:inst6|inst17  ; Delay_Function:inst6|inst21  ; Clock      ; Clock    ; None                        ; None                      ; 2.200 ns                ;
; N/A                                     ; Restricted to 125.00 MHz ( period = 8.000 ns )      ; Delay_Function:inst16|inst17 ; Delay_Function:inst16|inst21 ; Clock      ; Clock    ; None                        ; None                      ; 2.200 ns                ;
; N/A                                     ; Restricted to 125.00 MHz ( period = 8.000 ns )      ; Delay_Function:inst23|inst17 ; Delay_Function:inst23|inst21 ; Clock      ; Clock    ; None                        ; None                      ; 2.200 ns                ;
; N/A                                     ; Restricted to 125.00 MHz ( period = 8.000 ns )      ; Delay_Function:inst25|inst17 ; Delay_Function:inst25|inst21 ; Clock      ; Clock    ; None                        ; None                      ; 2.200 ns                ;
; N/A                                     ; Restricted to 125.00 MHz ( period = 8.000 ns )      ; Delay_Function:inst27|inst17 ; Delay_Function:inst27|inst21 ; Clock      ; Clock    ; None                        ; None                      ; 2.200 ns                ;
; N/A                                     ; Restricted to 125.00 MHz ( period = 8.000 ns )      ; Delay_Function:inst|inst44   ; Delay_Function:inst|inst17   ; Clock      ; Clock    ; None                        ; None                      ; 2.200 ns                ;
; N/A                                     ; Restricted to 125.00 MHz ( period = 8.000 ns )      ; Delay_Function:inst28|inst36 ; Delay_Function:inst28|inst40 ; Clock      ; Clock    ; None                        ; None                      ; 2.200 ns                ;
; N/A                                     ; Restricted to 125.00 MHz ( period = 8.000 ns )      ; Delay_Function:inst10|inst44 ; Delay_Function:inst10|inst17 ; Clock      ; Clock    ; None                        ; None                      ; 2.200 ns                ;
; N/A                                     ; Restricted to 125.00 MHz ( period = 8.000 ns )      ; Delay_Function:inst6|inst44  ; Delay_Function:inst6|inst17  ; Clock      ; Clock    ; None                        ; None                      ; 2.200 ns                ;
; N/A                                     ; Restricted to 125.00 MHz ( period = 8.000 ns )      ; Delay_Function:inst23|inst44 ; Delay_Function:inst23|inst17 ; Clock      ; Clock    ; None                        ; None                      ; 2.200 ns                ;
; N/A                                     ; Restricted to 125.00 MHz ( period = 8.000 ns )      ; Delay_Function:inst25|inst44 ; Delay_Function:inst25|inst17 ; Clock      ; Clock    ; None                        ; None                      ; 2.200 ns                ;
; N/A                                     ; Restricted to 125.00 MHz ( period = 8.000 ns )      ; Delay_Function:inst27|inst44 ; Delay_Function:inst27|inst17 ; Clock      ; Clock    ; None                        ; None                      ; 2.200 ns                ;
; N/A                                     ; Restricted to 125.00 MHz ( period = 8.000 ns )      ; Delay_Function:inst28|inst32 ; Delay_Function:inst28|inst36 ; Clock      ; Clock    ; None                        ; None                      ; 2.200 ns                ;
; N/A                                     ; Restricted to 125.00 MHz ( period = 8.000 ns )      ; Delay_Function:inst8|inst40  ; Delay_Function:inst8|inst44  ; Clock      ; Clock    ; None                        ; None                      ; 2.200 ns                ;
; N/A                                     ; Restricted to 125.00 MHz ( period = 8.000 ns )      ; Delay_Function:inst10|inst40 ; Delay_Function:inst10|inst44 ; Clock      ; Clock    ; None                        ; None                      ; 2.200 ns                ;
; N/A                                     ; Restricted to 125.00 MHz ( period = 8.000 ns )      ; Delay_Function:inst6|inst40  ; Delay_Function:inst6|inst44  ; Clock      ; Clock    ; None                        ; None                      ; 2.200 ns                ;
; N/A                                     ; Restricted to 125.00 MHz ( period = 8.000 ns )      ; Delay_Function:inst16|inst40 ; Delay_Function:inst16|inst44 ; Clock      ; Clock    ; None                        ; None                      ; 2.200 ns                ;
; N/A                                     ; Restricted to 125.00 MHz ( period = 8.000 ns )      ; Delay_Function:inst25|inst40 ; Delay_Function:inst25|inst44 ; Clock      ; Clock    ; None                        ; None                      ; 2.200 ns                ;
; N/A                                     ; Restricted to 125.00 MHz ( period = 8.000 ns )      ; Delay_Function:inst27|inst40 ; Delay_Function:inst27|inst44 ; Clock      ; Clock    ; None                        ; None                      ; 2.200 ns                ;
; N/A                                     ; Restricted to 125.00 MHz ( period = 8.000 ns )      ; Delay_Function:inst|inst36   ; Delay_Function:inst|inst40   ; Clock      ; Clock    ; None                        ; None                      ; 2.200 ns                ;
; N/A                                     ; Restricted to 125.00 MHz ( period = 8.000 ns )      ; Delay_Function:inst28|inst28 ; Delay_Function:inst28|inst32 ; Clock      ; Clock    ; None                        ; None                      ; 2.200 ns                ;
; N/A                                     ; Restricted to 125.00 MHz ( period = 8.000 ns )      ; Delay_Function:inst8|inst36  ; Delay_Function:inst8|inst40  ; Clock      ; Clock    ; None                        ; None                      ; 2.200 ns                ;
; N/A                                     ; Restricted to 125.00 MHz ( period = 8.000 ns )      ; Delay_Function:inst10|inst36 ; Delay_Function:inst10|inst40 ; Clock      ; Clock    ; None                        ; None                      ; 2.200 ns                ;
; N/A                                     ; Restricted to 125.00 MHz ( period = 8.000 ns )      ; Delay_Function:inst6|inst36  ; Delay_Function:inst6|inst40  ; Clock      ; Clock    ; None                        ; None                      ; 2.200 ns                ;
; N/A                                     ; Restricted to 125.00 MHz ( period = 8.000 ns )      ; Delay_Function:inst16|inst36 ; Delay_Function:inst16|inst40 ; Clock      ; Clock    ; None                        ; None                      ; 2.200 ns                ;
; N/A                                     ; Restricted to 125.00 MHz ( period = 8.000 ns )      ; Delay_Function:inst23|inst36 ; Delay_Function:inst23|inst40 ; Clock      ; Clock    ; None                        ; None                      ; 2.200 ns                ;
; N/A                                     ; Restricted to 125.00 MHz ( period = 8.000 ns )      ; Delay_Function:inst25|inst36 ; Delay_Function:inst25|inst40 ; Clock      ; Clock    ; None                        ; None                      ; 2.200 ns                ;
; N/A                                     ; Restricted to 125.00 MHz ( period = 8.000 ns )      ; Delay_Function:inst27|inst36 ; Delay_Function:inst27|inst40 ; Clock      ; Clock    ; None                        ; None                      ; 2.200 ns                ;
; N/A                                     ; Restricted to 125.00 MHz ( period = 8.000 ns )      ; Delay_Function:inst|inst32   ; Delay_Function:inst|inst36   ; Clock      ; Clock    ; None                        ; None                      ; 2.200 ns                ;
; N/A                                     ; Restricted to 125.00 MHz ( period = 8.000 ns )      ; Delay_Function:inst28|inst24 ; Delay_Function:inst28|inst28 ; Clock      ; Clock    ; None                        ; None                      ; 2.200 ns                ;
; N/A                                     ; Restricted to 125.00 MHz ( period = 8.000 ns )      ; Delay_Function:inst8|inst32  ; Delay_Function:inst8|inst36  ; Clock      ; Clock    ; None                        ; None                      ; 2.200 ns                ;
; N/A                                     ; Restricted to 125.00 MHz ( period = 8.000 ns )      ; Delay_Function:inst10|inst32 ; Delay_Function:inst10|inst36 ; Clock      ; Clock    ; None                        ; None                      ; 2.200 ns                ;
; N/A                                     ; Restricted to 125.00 MHz ( period = 8.000 ns )      ; Delay_Function:inst6|inst32  ; Delay_Function:inst6|inst36  ; Clock      ; Clock    ; None                        ; None                      ; 2.200 ns                ;
; N/A                                     ; Restricted to 125.00 MHz ( period = 8.000 ns )      ; Delay_Function:inst16|inst32 ; Delay_Function:inst16|inst36 ; Clock      ; Clock    ; None                        ; None                      ; 2.200 ns                ;
; N/A                                     ; Restricted to 125.00 MHz ( period = 8.000 ns )      ; Delay_Function:inst23|inst32 ; Delay_Function:inst23|inst36 ; Clock      ; Clock    ; None                        ; None                      ; 2.200 ns                ;
; N/A                                     ; Restricted to 125.00 MHz ( period = 8.000 ns )      ; Delay_Function:inst25|inst32 ; Delay_Function:inst25|inst36 ; Clock      ; Clock    ; None                        ; None                      ; 2.200 ns                ;
; N/A                                     ; Restricted to 125.00 MHz ( period = 8.000 ns )      ; Delay_Function:inst27|inst32 ; Delay_Function:inst27|inst36 ; Clock      ; Clock    ; None                        ; None                      ; 2.200 ns                ;
; N/A                                     ; Restricted to 125.00 MHz ( period = 8.000 ns )      ; Delay_Function:inst|inst28   ; Delay_Function:inst|inst32   ; Clock      ; Clock    ; None                        ; None                      ; 2.200 ns                ;
; N/A                                     ; Restricted to 125.00 MHz ( period = 8.000 ns )      ; Delay_Function:inst28|inst20 ; Delay_Function:inst28|inst24 ; Clock      ; Clock    ; None                        ; None                      ; 2.200 ns                ;
; N/A                                     ; Restricted to 125.00 MHz ( period = 8.000 ns )      ; Delay_Function:inst8|inst28  ; Delay_Function:inst8|inst32  ; Clock      ; Clock    ; None                        ; None                      ; 2.200 ns                ;
; N/A                                     ; Restricted to 125.00 MHz ( period = 8.000 ns )      ; Delay_Function:inst10|inst28 ; Delay_Function:inst10|inst32 ; Clock      ; Clock    ; None                        ; None                      ; 2.200 ns                ;
; N/A                                     ; Restricted to 125.00 MHz ( period = 8.000 ns )      ; Delay_Function:inst16|inst28 ; Delay_Function:inst16|inst32 ; Clock      ; Clock    ; None                        ; None                      ; 2.200 ns                ;
; N/A                                     ; Restricted to 125.00 MHz ( period = 8.000 ns )      ; Delay_Function:inst23|inst28 ; Delay_Function:inst23|inst32 ; Clock      ; Clock    ; None                        ; None                      ; 2.200 ns                ;
; N/A                                     ; Restricted to 125.00 MHz ( period = 8.000 ns )      ; Delay_Function:inst|inst24   ; Delay_Function:inst|inst28   ; Clock      ; Clock    ; None                        ; None                      ; 2.200 ns                ;
; N/A                                     ; Restricted to 125.00 MHz ( period = 8.000 ns )      ; Delay_Function:inst8|inst24  ; Delay_Function:inst8|inst28  ; Clock      ; Clock    ; None                        ; None                      ; 2.200 ns                ;
; N/A                                     ; Restricted to 125.00 MHz ( period = 8.000 ns )      ; Delay_Function:inst6|inst24  ; Delay_Function:inst6|inst28  ; Clock      ; Clock    ; None                        ; None                      ; 2.200 ns                ;
; N/A                                     ; Restricted to 125.00 MHz ( period = 8.000 ns )      ; Delay_Function:inst25|inst24 ; Delay_Function:inst25|inst28 ; Clock      ; Clock    ; None                        ; None                      ; 2.200 ns                ;
; N/A                                     ; Restricted to 125.00 MHz ( period = 8.000 ns )      ; Delay_Function:inst27|inst24 ; Delay_Function:inst27|inst28 ; Clock      ; Clock    ; None                        ; None                      ; 2.200 ns                ;
; N/A                                     ; Restricted to 125.00 MHz ( period = 8.000 ns )      ; Delay_Function:inst|inst20   ; Delay_Function:inst|inst24   ; Clock      ; Clock    ; None                        ; None                      ; 2.200 ns                ;
; N/A                                     ; Restricted to 125.00 MHz ( period = 8.000 ns )      ; Delay_Function:inst27|inst47 ; Delay_Function:inst28|inst   ; Clock      ; Clock    ; None                        ; None                      ; 2.200 ns                ;
; N/A                                     ; Restricted to 125.00 MHz ( period = 8.000 ns )      ; Delay_Function:inst8|inst20  ; Delay_Function:inst8|inst24  ; Clock      ; Clock    ; None                        ; None                      ; 2.200 ns                ;
; N/A                                     ; Restricted to 125.00 MHz ( period = 8.000 ns )      ; Delay_Function:inst10|inst20 ; Delay_Function:inst10|inst24 ; Clock      ; Clock    ; None                        ; None                      ; 2.200 ns                ;
; N/A                                     ; Restricted to 125.00 MHz ( period = 8.000 ns )      ; Delay_Function:inst6|inst20  ; Delay_Function:inst6|inst24  ; Clock      ; Clock    ; None                        ; None                      ; 2.200 ns                ;
; N/A                                     ; Restricted to 125.00 MHz ( period = 8.000 ns )      ; Delay_Function:inst16|inst20 ; Delay_Function:inst16|inst24 ; Clock      ; Clock    ; None                        ; None                      ; 2.200 ns                ;
; N/A                                     ; Restricted to 125.00 MHz ( period = 8.000 ns )      ; Delay_Function:inst23|inst20 ; Delay_Function:inst23|inst24 ; Clock      ; Clock    ; None                        ; None                      ; 2.200 ns                ;
; N/A                                     ; Restricted to 125.00 MHz ( period = 8.000 ns )      ; Delay_Function:inst25|inst20 ; Delay_Function:inst25|inst24 ; Clock      ; Clock    ; None                        ; None                      ; 2.200 ns                ;
; N/A                                     ; Restricted to 125.00 MHz ( period = 8.000 ns )      ; Delay_Function:inst27|inst20 ; Delay_Function:inst27|inst24 ; Clock      ; Clock    ; None                        ; None                      ; 2.200 ns                ;
; N/A                                     ; Restricted to 125.00 MHz ( period = 8.000 ns )      ; Delay_Function:inst|inst     ; Delay_Function:inst|inst20   ; Clock      ; Clock    ; None                        ; None                      ; 2.200 ns                ;
; N/A                                     ; Restricted to 125.00 MHz ( period = 8.000 ns )      ; Delay_Function:inst8|inst    ; Delay_Function:inst8|inst20  ; Clock      ; Clock    ; None                        ; None                      ; 2.200 ns                ;
; N/A                                     ; Restricted to 125.00 MHz ( period = 8.000 ns )      ; Delay_Function:inst10|inst   ; Delay_Function:inst10|inst20 ; Clock      ; Clock    ; None                        ; None                      ; 2.200 ns                ;
; N/A                                     ; Restricted to 125.00 MHz ( period = 8.000 ns )      ; Delay_Function:inst6|inst    ; Delay_Function:inst6|inst20  ; Clock      ; Clock    ; None                        ; None                      ; 2.200 ns                ;
; N/A                                     ; Restricted to 125.00 MHz ( period = 8.000 ns )      ; Delay_Function:inst16|inst   ; Delay_Function:inst16|inst20 ; Clock      ; Clock    ; None                        ; None                      ; 2.200 ns                ;
; N/A                                     ; Restricted to 125.00 MHz ( period = 8.000 ns )      ; Delay_Function:inst23|inst   ; Delay_Function:inst23|inst20 ; Clock      ; Clock    ; None                        ; None                      ; 2.200 ns                ;
; N/A                                     ; Restricted to 125.00 MHz ( period = 8.000 ns )      ; Delay_Function:inst25|inst   ; Delay_Function:inst25|inst20 ; Clock      ; Clock    ; None                        ; None                      ; 2.200 ns                ;
; N/A                                     ; Restricted to 125.00 MHz ( period = 8.000 ns )      ; Delay_Function:inst27|inst   ; Delay_Function:inst27|inst20 ; Clock      ; Clock    ; None                        ; None                      ; 2.200 ns                ;
; N/A                                     ; Restricted to 125.00 MHz ( period = 8.000 ns )      ; Delay_Function:inst8|inst47  ; Delay_Function:inst10|inst   ; Clock      ; Clock    ; None                        ; None                      ; 2.200 ns                ;
; N/A                                     ; Restricted to 125.00 MHz ( period = 8.000 ns )      ; Delay_Function:inst|inst47   ; Delay_Function:inst6|inst    ; Clock      ; Clock    ; None                        ; None                      ; 2.200 ns                ;
; N/A                                     ; Restricted to 125.00 MHz ( period = 8.000 ns )      ; Delay_Function:inst10|inst47 ; Delay_Function:inst16|inst   ; Clock      ; Clock    ; None                        ; None                      ; 2.200 ns                ;
; N/A                                     ; Restricted to 125.00 MHz ( period = 8.000 ns )      ; Delay_Function:inst16|inst47 ; Delay_Function:inst23|inst   ; Clock      ; Clock    ; None                        ; None                      ; 2.200 ns                ;
; N/A                                     ; Restricted to 125.00 MHz ( period = 8.000 ns )      ; Delay_Function:inst23|inst47 ; Delay_Function:inst25|inst   ; Clock      ; Clock    ; None                        ; None                      ; 2.200 ns                ;
; Timing analysis restricted to 200 rows. ; To change the limit use Settings (Assignments menu) ;                              ;                              ;            ;          ;                             ;                           ;                         ;
+-----------------------------------------+-----------------------------------------------------+------------------------------+------------------------------+------------+----------+-----------------------------+---------------------------+-------------------------+


+-----------------------------------------------------------------------------------------------------------------------------------------------------------------------------------------------------------------------------+
; Clock Hold: 'Clock'                                                                                                                                                                                                         ;
+------------------------------------------+--------+------------------------------------------------------------+------------+----------+----------------------------+----------------------------+--------------------------+
; Minimum Slack                            ; From   ; To                                                         ; From Clock ; To Clock ; Required Hold Relationship ; Required Shortest P2P Time ; Actual Shortest P2P Time ;
+------------------------------------------+--------+------------------------------------------------------------+------------+----------+----------------------------+----------------------------+--------------------------+
; Not operational: Clock Skew > Data Delay ; inst29 ; lpm_latch0:inst54|lpm_latch:lpm_latch_component|latches[3] ; Clock      ; Clock    ; None                       ; None                       ; 3.200 ns                 ;
; Not operational: Clock Skew > Data Delay ; inst31 ; lpm_latch0:inst54|lpm_latch:lpm_latch_component|latches[1] ; Clock      ; Clock    ; None                       ; None                       ; 3.200 ns                 ;
; Not operational: Clock Skew > Data Delay ; inst33 ; lpm_latch1:inst55|lpm_latch:lpm_latch_component|latches[0] ; Clock      ; Clock    ; None                       ; None                       ; 3.200 ns                 ;
; Not operational: Clock Skew > Data Delay ; inst36 ; lpm_latch1:inst55|lpm_latch:lpm_latch_component|latches[1] ; Clock      ; Clock    ; None                       ; None                       ; 3.200 ns                 ;
; Not operational: Clock Skew > Data Delay ; inst32 ; lpm_latch0:inst54|lpm_latch:lpm_latch_component|latches[0] ; Clock      ; Clock    ; None                       ; None                       ; 3.200 ns                 ;
; Not operational: Clock Skew > Data Delay ; inst30 ; lpm_latch0:inst54|lpm_latch:lpm_latch_component|latches[2] ; Clock      ; Clock    ; None                       ; None                       ; 3.200 ns                 ;
; Not operational: Clock Skew > Data Delay ; inst34 ; lpm_latch1:inst55|lpm_latch:lpm_latch_component|latches[2] ; Clock      ; Clock    ; None                       ; None                       ; 3.200 ns                 ;
; Not operational: Clock Skew > Data Delay ; inst37 ; lpm_latch1:inst55|lpm_latch:lpm_latch_component|latches[3] ; Clock      ; Clock    ; None                       ; None                       ; 3.200 ns                 ;
+------------------------------------------+--------+------------------------------------------------------------+------------+----------+----------------------------+----------------------------+--------------------------+


+-------------------------------------------------------------------------------------+
; tsu                                                                                 ;
+-------+--------------+------------+---------+----------------------------+----------+
; Slack ; Required tsu ; Actual tsu ; From    ; To                         ; To Clock ;
+-------+--------------+------------+---------+----------------------------+----------+
; N/A   ; None         ; 10.700 ns  ; UART_RX ; inst49                     ; Clock    ;
; N/A   ; None         ; 9.900 ns   ; UART_RX ; inst42                     ; Clock    ;
; N/A   ; None         ; 7.800 ns   ; UART_RX ; inst18                     ; Clock    ;
; N/A   ; None         ; 7.500 ns   ; UART_RX ; Delay_Function:inst15|inst ; Clock    ;
; N/A   ; None         ; 7.400 ns   ; UART_RX ; inst34                     ; Clock    ;
; N/A   ; None         ; 7.300 ns   ; UART_RX ; inst31                     ; Clock    ;
; N/A   ; None         ; 7.300 ns   ; UART_RX ; inst33                     ; Clock    ;
; N/A   ; None         ; 7.200 ns   ; UART_RX ; Delay_Function:inst|inst   ; Clock    ;
; N/A   ; None         ; 7.200 ns   ; UART_RX ; inst32                     ; Clock    ;
; N/A   ; None         ; 7.100 ns   ; UART_RX ; inst30                     ; Clock    ;
; N/A   ; None         ; 7.000 ns   ; UART_RX ; inst37                     ; Clock    ;
; N/A   ; None         ; 6.100 ns   ; UART_RX ; inst36                     ; Clock    ;
; N/A   ; None         ; 6.000 ns   ; UART_RX ; inst29                     ; Clock    ;
+-------+--------------+------------+---------+----------------------------+----------+


+----------------------------------------------------------------------------------------------------------------------------+
; tco                                                                                                                        ;
+-------+--------------+------------+------------------------------------------------------------+--------------+------------+
; Slack ; Required tco ; Actual tco ; From                                                       ; To           ; From Clock ;
+-------+--------------+------------+------------------------------------------------------------+--------------+------------+
; N/A   ; None         ; 33.000 ns  ; lpm_latch0:inst54|lpm_latch:lpm_latch_component|latches[3] ; Output_UN3   ; Clock      ;
; N/A   ; None         ; 32.200 ns  ; lpm_latch0:inst54|lpm_latch:lpm_latch_component|latches[1] ; Output_UN1   ; Clock      ;
; N/A   ; None         ; 32.000 ns  ; lpm_latch0:inst54|lpm_latch:lpm_latch_component|latches[0] ; Output_UN0   ; Clock      ;
; N/A   ; None         ; 31.800 ns  ; lpm_latch1:inst55|lpm_latch:lpm_latch_component|latches[0] ; Output_LN0   ; Clock      ;
; N/A   ; None         ; 31.300 ns  ; lpm_latch1:inst55|lpm_latch:lpm_latch_component|latches[2] ; Output_LN2   ; Clock      ;
; N/A   ; None         ; 31.300 ns  ; lpm_latch0:inst54|lpm_latch:lpm_latch_component|latches[2] ; Output_UN2   ; Clock      ;
; N/A   ; None         ; 30.700 ns  ; lpm_latch1:inst55|lpm_latch:lpm_latch_component|latches[1] ; Output_LN1   ; Clock      ;
; N/A   ; None         ; 30.000 ns  ; lpm_latch0:inst54|lpm_latch:lpm_latch_component|latches[3] ; Output_UN3   ; UART_RX    ;
; N/A   ; None         ; 29.200 ns  ; lpm_latch0:inst54|lpm_latch:lpm_latch_component|latches[1] ; Output_UN1   ; UART_RX    ;
; N/A   ; None         ; 29.000 ns  ; lpm_latch0:inst54|lpm_latch:lpm_latch_component|latches[0] ; Output_UN0   ; UART_RX    ;
; N/A   ; None         ; 28.800 ns  ; lpm_latch1:inst55|lpm_latch:lpm_latch_component|latches[0] ; Output_LN0   ; UART_RX    ;
; N/A   ; None         ; 28.300 ns  ; lpm_latch1:inst55|lpm_latch:lpm_latch_component|latches[2] ; Output_LN2   ; UART_RX    ;
; N/A   ; None         ; 28.300 ns  ; lpm_latch0:inst54|lpm_latch:lpm_latch_component|latches[2] ; Output_UN2   ; UART_RX    ;
; N/A   ; None         ; 27.700 ns  ; lpm_latch1:inst55|lpm_latch:lpm_latch_component|latches[1] ; Output_LN1   ; UART_RX    ;
; N/A   ; None         ; 26.600 ns  ; lpm_latch1:inst55|lpm_latch:lpm_latch_component|latches[3] ; Output_LN3   ; Clock      ;
; N/A   ; None         ; 26.200 ns  ; Delay_Function:inst28|inst47                               ; Stop_Bit     ; Clock      ;
; N/A   ; None         ; 25.700 ns  ; Delay_Function:inst15|inst45                               ; Start_Bit    ; Clock      ;
; N/A   ; None         ; 23.600 ns  ; lpm_latch1:inst55|lpm_latch:lpm_latch_component|latches[3] ; Output_LN3   ; UART_RX    ;
; N/A   ; None         ; 19.300 ns  ; inst49                                                     ; Status_Light ; Clock      ;
; N/A   ; None         ; 19.000 ns  ; inst42                                                     ; Status_Light ; Clock      ;
+-------+--------------+------------+------------------------------------------------------------+--------------+------------+


+-------------------------------------------------------------------+
; tpd                                                               ;
+-------+-------------------+-----------------+---------+-----------+
; Slack ; Required P2P Time ; Actual P2P Time ; From    ; To        ;
+-------+-------------------+-----------------+---------+-----------+
; N/A   ; None              ; 23.200 ns       ; UART_RX ; Stop_Bit  ;
; N/A   ; None              ; 18.800 ns       ; UART_RX ; Start_Bit ;
+-------+-------------------+-----------------+---------+-----------+


+-------------------------------------------------------------------------------------------+
; th                                                                                        ;
+---------------+-------------+-----------+---------+----------------------------+----------+
; Minimum Slack ; Required th ; Actual th ; From    ; To                         ; To Clock ;
+---------------+-------------+-----------+---------+----------------------------+----------+
; N/A           ; None        ; -0.400 ns ; UART_RX ; inst29                     ; Clock    ;
; N/A           ; None        ; -0.500 ns ; UART_RX ; inst36                     ; Clock    ;
; N/A           ; None        ; -1.400 ns ; UART_RX ; inst37                     ; Clock    ;
; N/A           ; None        ; -1.500 ns ; UART_RX ; Delay_Function:inst|inst   ; Clock    ;
; N/A           ; None        ; -1.500 ns ; UART_RX ; inst30                     ; Clock    ;
; N/A           ; None        ; -1.600 ns ; UART_RX ; inst32                     ; Clock    ;
; N/A           ; None        ; -1.700 ns ; UART_RX ; inst31                     ; Clock    ;
; N/A           ; None        ; -1.700 ns ; UART_RX ; inst33                     ; Clock    ;
; N/A           ; None        ; -1.800 ns ; UART_RX ; Delay_Function:inst15|inst ; Clock    ;
; N/A           ; None        ; -1.800 ns ; UART_RX ; inst34                     ; Clock    ;
; N/A           ; None        ; -2.100 ns ; UART_RX ; inst18                     ; Clock    ;
; N/A           ; None        ; -4.200 ns ; UART_RX ; inst42                     ; Clock    ;
; N/A           ; None        ; -5.000 ns ; UART_RX ; inst49                     ; Clock    ;
+---------------+-------------+-----------+---------+----------------------------+----------+


+--------------------------+
; Timing Analyzer Messages ;
+--------------------------+
Info: *******************************************************************
Info: Running Quartus II Classic Timing Analyzer
    Info: Version 9.0 Build 235 06/17/2009 Service Pack 2 SJ Web Edition
    Info: Processing started: Sat Oct 05 19:19:33 2013
Info: Command: quartus_tan --read_settings_files=off --write_settings_files=off design4TJN -c design4TJN
Info: Started post-fitting delay annotation
Info: Delay annotation completed successfully
Warning: Timing Analysis is analyzing one or more combinational loops as latches
    Warning: Node "lpm_latch0:inst54|lpm_latch:lpm_latch_component|latches[0]" is a latch
    Warning: Node "inst32" is a latch
    Warning: Node "lpm_latch0:inst54|lpm_latch:lpm_latch_component|latches[2]" is a latch
    Warning: Node "inst30" is a latch
    Warning: Node "lpm_latch0:inst54|lpm_latch:lpm_latch_component|latches[3]" is a latch
    Warning: Node "inst29" is a latch
    Warning: Node "lpm_latch0:inst54|lpm_latch:lpm_latch_component|latches[1]" is a latch
    Warning: Node "inst31" is a latch
    Warning: Node "lpm_latch1:inst55|lpm_latch:lpm_latch_component|latches[0]" is a latch
    Warning: Node "inst33" is a latch
    Warning: Node "lpm_latch1:inst55|lpm_latch:lpm_latch_component|latches[1]" is a latch
    Warning: Node "inst36" is a latch
    Warning: Node "lpm_latch1:inst55|lpm_latch:lpm_latch_component|latches[2]" is a latch
    Warning: Node "inst34" is a latch
    Warning: Node "lpm_latch1:inst55|lpm_latch:lpm_latch_component|latches[3]" is a latch
    Warning: Node "inst37" is a latch
Warning: Found pins functioning as undefined clocks and/or memory enables
    Info: Assuming node "Clock" is an undefined clock
    Info: Assuming node "UART_RX" is a latch enable and/or memory write/read enable. Will not compute fmax for this pin.
Warning: Found 10 node(s) in clock paths which may be acting as ripple and/or gated clocks -- node(s) analyzed as buffer(s) resulting in clock skew
    Info: Detected ripple clock "Delay_Function:inst27|inst47" as buffer
    Info: Detected ripple clock "Delay_Function:inst25|inst47" as buffer
    Info: Detected ripple clock "Delay_Function:inst23|inst47" as buffer
    Info: Detected ripple clock "Delay_Function:inst16|inst47" as buffer
    Info: Detected ripple clock "Delay_Function:inst6|inst47" as buffer
    Info: Detected ripple clock "Delay_Function:inst10|inst47" as buffer
    Info: Detected ripple clock "Delay_Function:inst8|inst47" as buffer
    Info: Detected ripple clock "Delay_Function:inst|inst47" as buffer
    Info: Detected gated clock "inst53" as buffer
    Info: Detected ripple clock "Delay_Function:inst28|inst47" as buffer
Info: Clock "Clock" has Internal fmax of 89.29 MHz between source register "Delay_Function:inst15|inst45" and destination register "inst42" (period= 11.2 ns)
    Info: + Longest register to register delay is 7.200 ns
        Info: 1: + IC(0.000 ns) + CELL(0.000 ns) = 0.000 ns; Loc. = LC1_I32; Fanout = 4; REG Node = 'Delay_Function:inst15|inst45'
        Info: 2: + IC(2.800 ns) + CELL(2.700 ns) = 5.500 ns; Loc. = LC8_I27; Fanout = 1; COMB Node = 'inst43'
        Info: 3: + IC(0.500 ns) + CELL(1.200 ns) = 7.200 ns; Loc. = LC4_I27; Fanout = 5; REG Node = 'inst42'
        Info: Total cell delay = 3.900 ns ( 54.17 % )
        Info: Total interconnect delay = 3.300 ns ( 45.83 % )
    Info: - Smallest clock skew is 0.000 ns
        Info: + Shortest clock path from clock "Clock" to destination register is 7.000 ns
            Info: 1: + IC(0.000 ns) + CELL(2.900 ns) = 2.900 ns; Loc. = PIN_91; Fanout = 307; CLK Node = 'Clock'
            Info: 2: + IC(4.100 ns) + CELL(0.000 ns) = 7.000 ns; Loc. = LC4_I27; Fanout = 5; REG Node = 'inst42'
            Info: Total cell delay = 2.900 ns ( 41.43 % )
            Info: Total interconnect delay = 4.100 ns ( 58.57 % )
        Info: - Longest clock path from clock "Clock" to source register is 7.000 ns
            Info: 1: + IC(0.000 ns) + CELL(2.900 ns) = 2.900 ns; Loc. = PIN_91; Fanout = 307; CLK Node = 'Clock'
            Info: 2: + IC(4.100 ns) + CELL(0.000 ns) = 7.000 ns; Loc. = LC1_I32; Fanout = 4; REG Node = 'Delay_Function:inst15|inst45'
            Info: Total cell delay = 2.900 ns ( 41.43 % )
            Info: Total interconnect delay = 4.100 ns ( 58.57 % )
    Info: + Micro clock to output delay of source is 1.400 ns
    Info: + Micro setup delay of destination is 2.600 ns
Warning: Circuit may not operate. Detected 8 non-operational path(s) clocked by clock "Clock" with clock skew larger than data delay. See Compilation Report for details.
Info: Found hold time violation between source  pin or register "inst29" and destination pin or register "lpm_latch0:inst54|lpm_latch:lpm_latch_component|latches[3]" for clock "Clock" (Hold time is 11.1 ns)
    Info: + Largest clock skew is 14.300 ns
        Info: + Longest clock path from clock "Clock" to destination register is 25.600 ns
            Info: 1: + IC(0.000 ns) + CELL(2.900 ns) = 2.900 ns; Loc. = PIN_91; Fanout = 307; CLK Node = 'Clock'
            Info: 2: + IC(4.100 ns) + CELL(1.400 ns) = 8.400 ns; Loc. = LC2_I27; Fanout = 2; REG Node = 'Delay_Function:inst28|inst47'
            Info: 3: + IC(4.300 ns) + CELL(2.700 ns) = 15.400 ns; Loc. = LC5_H35; Fanout = 9; COMB Node = 'inst53'
            Info: 4: + IC(7.800 ns) + CELL(2.400 ns) = 25.600 ns; Loc. = LC8_C1; Fanout = 1; REG Node = 'lpm_latch0:inst54|lpm_latch:lpm_latch_component|latches[3]'
            Info: Total cell delay = 9.400 ns ( 36.72 % )
            Info: Total interconnect delay = 16.200 ns ( 63.28 % )
        Info: - Shortest clock path from clock "Clock" to source register is 11.300 ns
            Info: 1: + IC(0.000 ns) + CELL(2.900 ns) = 2.900 ns; Loc. = PIN_91; Fanout = 307; CLK Node = 'Clock'
            Info: 2: + IC(4.100 ns) + CELL(1.400 ns) = 8.400 ns; Loc. = LC2_C1; Fanout = 2; REG Node = 'Delay_Function:inst10|inst47'
            Info: 3: + IC(0.500 ns) + CELL(2.400 ns) = 11.300 ns; Loc. = LC3_C1; Fanout = 1; REG Node = 'inst29'
            Info: Total cell delay = 6.700 ns ( 59.29 % )
            Info: Total interconnect delay = 4.600 ns ( 40.71 % )
    Info: - Micro clock to output delay of source is 0.000 ns
    Info: - Shortest register to register delay is 3.200 ns
        Info: 1: + IC(0.000 ns) + CELL(0.000 ns) = 0.000 ns; Loc. = LC3_C1; Fanout = 1; REG Node = 'inst29'
        Info: 2: + IC(0.500 ns) + CELL(2.700 ns) = 3.200 ns; Loc. = LC8_C1; Fanout = 1; REG Node = 'lpm_latch0:inst54|lpm_latch:lpm_latch_component|latches[3]'
        Info: Total cell delay = 2.700 ns ( 84.38 % )
        Info: Total interconnect delay = 0.500 ns ( 15.63 % )
    Info: + Micro hold delay of destination is 0.000 ns
Info: tsu for register "inst49" (data pin = "UART_RX", clock pin = "Clock") is 10.700 ns
    Info: + Longest pin to register delay is 15.100 ns
        Info: 1: + IC(0.000 ns) + CELL(2.900 ns) = 2.900 ns; Loc. = PIN_212; Fanout = 15; CLK Node = 'UART_RX'
        Info: 2: + IC(7.300 ns) + CELL(2.400 ns) = 12.600 ns; Loc. = LC7_I27; Fanout = 1; COMB Node = 'inst19'
        Info: 3: + IC(0.500 ns) + CELL(2.000 ns) = 15.100 ns; Loc. = LC3_I27; Fanout = 5; REG Node = 'inst49'
        Info: Total cell delay = 7.300 ns ( 48.34 % )
        Info: Total interconnect delay = 7.800 ns ( 51.66 % )
    Info: + Micro setup delay of destination is 2.600 ns
    Info: - Shortest clock path from clock "Clock" to destination register is 7.000 ns
        Info: 1: + IC(0.000 ns) + CELL(2.900 ns) = 2.900 ns; Loc. = PIN_91; Fanout = 307; CLK Node = 'Clock'
        Info: 2: + IC(4.100 ns) + CELL(0.000 ns) = 7.000 ns; Loc. = LC3_I27; Fanout = 5; REG Node = 'inst49'
        Info: Total cell delay = 2.900 ns ( 41.43 % )
        Info: Total interconnect delay = 4.100 ns ( 58.57 % )
Info: tco from clock "Clock" to destination pin "Output_UN3" through register "lpm_latch0:inst54|lpm_latch:lpm_latch_component|latches[3]" is 33.000 ns
    Info: + Longest clock path from clock "Clock" to source register is 25.600 ns
        Info: 1: + IC(0.000 ns) + CELL(2.900 ns) = 2.900 ns; Loc. = PIN_91; Fanout = 307; CLK Node = 'Clock'
        Info: 2: + IC(4.100 ns) + CELL(1.400 ns) = 8.400 ns; Loc. = LC2_I27; Fanout = 2; REG Node = 'Delay_Function:inst28|inst47'
        Info: 3: + IC(4.300 ns) + CELL(2.700 ns) = 15.400 ns; Loc. = LC5_H35; Fanout = 9; COMB Node = 'inst53'
        Info: 4: + IC(7.800 ns) + CELL(2.400 ns) = 25.600 ns; Loc. = LC8_C1; Fanout = 1; REG Node = 'lpm_latch0:inst54|lpm_latch:lpm_latch_component|latches[3]'
        Info: Total cell delay = 9.400 ns ( 36.72 % )
        Info: Total interconnect delay = 16.200 ns ( 63.28 % )
    Info: + Micro clock to output delay of source is 0.000 ns
    Info: + Longest register to pin delay is 7.400 ns
        Info: 1: + IC(0.000 ns) + CELL(0.000 ns) = 0.000 ns; Loc. = LC8_C1; Fanout = 1; REG Node = 'lpm_latch0:inst54|lpm_latch:lpm_latch_component|latches[3]'
        Info: 2: + IC(2.400 ns) + CELL(5.000 ns) = 7.400 ns; Loc. = PIN_161; Fanout = 0; PIN Node = 'Output_UN3'
        Info: Total cell delay = 5.000 ns ( 67.57 % )
        Info: Total interconnect delay = 2.400 ns ( 32.43 % )
Info: Longest tpd from source pin "UART_RX" to destination pin "Stop_Bit" is 23.200 ns
    Info: 1: + IC(0.000 ns) + CELL(2.900 ns) = 2.900 ns; Loc. = PIN_212; Fanout = 15; CLK Node = 'UART_RX'
    Info: 2: + IC(7.100 ns) + CELL(2.400 ns) = 12.400 ns; Loc. = LC5_H35; Fanout = 9; COMB Node = 'inst53'
    Info: 3: + IC(5.800 ns) + CELL(5.000 ns) = 23.200 ns; Loc. = PIN_8; Fanout = 0; PIN Node = 'Stop_Bit'
    Info: Total cell delay = 10.300 ns ( 44.40 % )
    Info: Total interconnect delay = 12.900 ns ( 55.60 % )
Info: th for register "inst29" (data pin = "UART_RX", clock pin = "Clock") is -0.400 ns
    Info: + Longest clock path from clock "Clock" to destination register is 11.300 ns
        Info: 1: + IC(0.000 ns) + CELL(2.900 ns) = 2.900 ns; Loc. = PIN_91; Fanout = 307; CLK Node = 'Clock'
        Info: 2: + IC(4.100 ns) + CELL(1.400 ns) = 8.400 ns; Loc. = LC2_C1; Fanout = 2; REG Node = 'Delay_Function:inst10|inst47'
        Info: 3: + IC(0.500 ns) + CELL(2.400 ns) = 11.300 ns; Loc. = LC3_C1; Fanout = 1; REG Node = 'inst29'
        Info: Total cell delay = 6.700 ns ( 59.29 % )
        Info: Total interconnect delay = 4.600 ns ( 40.71 % )
    Info: + Micro hold delay of destination is 0.000 ns
    Info: - Shortest pin to register delay is 11.700 ns
        Info: 1: + IC(0.000 ns) + CELL(2.900 ns) = 2.900 ns; Loc. = PIN_212; Fanout = 15; CLK Node = 'UART_RX'
        Info: 2: + IC(6.100 ns) + CELL(2.700 ns) = 11.700 ns; Loc. = LC3_C1; Fanout = 1; REG Node = 'inst29'
        Info: Total cell delay = 5.600 ns ( 47.86 % )
        Info: Total interconnect delay = 6.100 ns ( 52.14 % )
Info: Quartus II Classic Timing Analyzer was successful. 0 errors, 20 warnings
    Info: Peak virtual memory: 173 megabytes
    Info: Processing ended: Sat Oct 05 19:19:34 2013
    Info: Elapsed time: 00:00:01
    Info: Total CPU time (on all processors): 00:00:00


