Analysis & Synthesis report for design4TJN
Thu Oct 03 13:27:08 2013
Quartus II Version 9.0 Build 235 06/17/2009 Service Pack 2 SJ Web Edition


---------------------
; Table of Contents ;
---------------------
  1. Legal Notice
  2. Analysis & Synthesis Summary
  3. Analysis & Synthesis Settings
  4. Analysis & Synthesis Source Files Read
  5. Analysis & Synthesis Resource Usage Summary
  6. Analysis & Synthesis Resource Utilization by Entity
  7. General Register Statistics
  8. Analysis & Synthesis Messages



----------------
; Legal Notice ;
----------------
Copyright (C) 1991-2009 Altera Corporation
Your use of Altera Corporation's design tools, logic functions 
and other software and tools, and its AMPP partner logic 
functions, and any output files from any of the foregoing 
(including device programming or simulation files), and any 
associated documentation or information are expressly subject 
to the terms and conditions of the Altera Program License 
Subscription Agreement, Altera MegaCore Function License 
Agreement, or other applicable license agreement, including, 
without limitation, that your use is for the sole purpose of 
programming logic devices manufactured by Altera and sold by 
Altera or its authorized distributors.  Please refer to the 
applicable agreement for further details.



+----------------------------------------------------------------------------+
; Analysis & Synthesis Summary                                               ;
+-----------------------------+----------------------------------------------+
; Analysis & Synthesis Status ; Successful - Thu Oct 03 13:27:08 2013        ;
; Quartus II Version          ; 9.0 Build 235 06/17/2009 SP 2 SJ Web Edition ;
; Revision Name               ; design4TJN                                   ;
; Top-level Entity Name       ; design4TJN                                   ;
; Family                      ; FLEX10K                                      ;
; Total logic elements        ; 0                                            ;
; Total pins                  ; 13                                           ;
; Total memory bits           ; 0                                            ;
+-----------------------------+----------------------------------------------+


+------------------------------------------------------------------------------------------------+
; Analysis & Synthesis Settings                                                                  ;
+--------------------------------------------------------------+-----------------+---------------+
; Option                                                       ; Setting         ; Default Value ;
+--------------------------------------------------------------+-----------------+---------------+
; Device                                                       ; EPF10K70RC240-4 ;               ;
; Top-level entity name                                        ; design4TJN      ; design4TJN    ;
; Family name                                                  ; FLEX10K         ; Stratix II    ;
; Use Generated Physical Constraints File                      ; Off             ;               ;
; Use smart compilation                                        ; Off             ; Off           ;
; Create Debugging Nodes for IP Cores                          ; Off             ; Off           ;
; Preserve fewer node names                                    ; On              ; On            ;
; Disable OpenCore Plus hardware evaluation                    ; Off             ; Off           ;
; Verilog Version                                              ; Verilog_2001    ; Verilog_2001  ;
; VHDL Version                                                 ; VHDL93          ; VHDL93        ;
; State Machine Processing                                     ; Auto            ; Auto          ;
; Safe State Machine                                           ; Off             ; Off           ;
; Extract Verilog State Machines                               ; On              ; On            ;
; Extract VHDL State Machines                                  ; On              ; On            ;
; Ignore Verilog initial constructs                            ; Off             ; Off           ;
; Iteration limit for constant Verilog loops                   ; 5000            ; 5000          ;
; Iteration limit for non-constant Verilog loops               ; 250             ; 250           ;
; Add Pass-Through Logic to Inferred RAMs                      ; On              ; On            ;
; Parallel Synthesis                                           ; Off             ; Off           ;
; NOT Gate Push-Back                                           ; On              ; On            ;
; Power-Up Don't Care                                          ; On              ; On            ;
; Remove Redundant Logic Cells                                 ; Off             ; Off           ;
; Remove Duplicate Registers                                   ; On              ; On            ;
; Ignore CARRY Buffers                                         ; Off             ; Off           ;
; Ignore CASCADE Buffers                                       ; Off             ; Off           ;
; Ignore GLOBAL Buffers                                        ; Off             ; Off           ;
; Ignore ROW GLOBAL Buffers                                    ; Off             ; Off           ;
; Ignore LCELL Buffers                                         ; Off             ; Off           ;
; Ignore SOFT Buffers                                          ; On              ; On            ;
; Limit AHDL Integers to 32 Bits                               ; Off             ; Off           ;
; Auto Implement in ROM                                        ; Off             ; Off           ;
; Optimization Technique                                       ; Area            ; Area          ;
; Carry Chain Length                                           ; 32              ; 32            ;
; Cascade Chain Length                                         ; 2               ; 2             ;
; Auto Carry Chains                                            ; On              ; On            ;
; Auto Open-Drain Pins                                         ; On              ; On            ;
; Auto ROM Replacement                                         ; On              ; On            ;
; Auto RAM Replacement                                         ; On              ; On            ;
; Auto Clock Enable Replacement                                ; On              ; On            ;
; Strict RAM Replacement                                       ; Off             ; Off           ;
; Auto Resource Sharing                                        ; Off             ; Off           ;
; Allow Any RAM Size For Recognition                           ; Off             ; Off           ;
; Allow Any ROM Size For Recognition                           ; Off             ; Off           ;
; Use LogicLock Constraints during Resource Balancing          ; On              ; On            ;
; Ignore translate_off and synthesis_off directives            ; Off             ; Off           ;
; Show Parameter Settings Tables in Synthesis Report           ; On              ; On            ;
; HDL message level                                            ; Level2          ; Level2        ;
; Suppress Register Optimization Related Messages              ; Off             ; Off           ;
; Number of Removed Registers Reported in Synthesis Report     ; 100             ; 100           ;
; Number of Inverted Registers Reported in Synthesis Report    ; 100             ; 100           ;
; Block Design Naming                                          ; Auto            ; Auto          ;
; Synthesis Effort                                             ; Auto            ; Auto          ;
; Shift Register Replacement - Allow Asynchronous Clear Signal ; On              ; On            ;
; Analysis & Synthesis Message Level                           ; Medium          ; Medium        ;
+--------------------------------------------------------------+-----------------+---------------+


+---------------------------------------------------------------------------------------------------------------------------------------------------------+
; Analysis & Synthesis Source Files Read                                                                                                                  ;
+----------------------------------+-----------------+------------------------------------------+---------------------------------------------------------+
; File Name with User-Entered Path ; Used in Netlist ; File Type                                ; File Name with Absolute Path                            ;
+----------------------------------+-----------------+------------------------------------------+---------------------------------------------------------+
; design4TJN.bdf                   ; yes             ; User Block Diagram/Schematic File        ; C:/altera/90sp2/ENGN_3050_Project4.1/design4TJN.bdf     ;
; Delay_Function.bdf               ; yes             ; Auto-Found Block Diagram/Schematic File  ; C:/altera/90sp2/ENGN_3050_Project4.1/Delay_Function.bdf ;
+----------------------------------+-----------------+------------------------------------------+---------------------------------------------------------+


+---------------------------------------------+
; Analysis & Synthesis Resource Usage Summary ;
+--------------------------------+------------+
; Resource                       ; Usage      ;
+--------------------------------+------------+
; Total logic elements           ; 0          ;
; Total combinational functions  ; 0          ;
;     -- Total 4-input functions ; 0          ;
;     -- Total 3-input functions ; 0          ;
;     -- Total 2-input functions ; 0          ;
;     -- Total 1-input functions ; 0          ;
;     -- Total 0-input functions ; 0          ;
; Total registers                ; 0          ;
; I/O pins                       ; 13         ;
+--------------------------------+------------+


+--------------------------------------------------------------------------------------------------------------------------------------------------------------------------------------------------------+
; Analysis & Synthesis Resource Utilization by Entity                                                                                                                                                    ;
+----------------------------+-------------+--------------+-------------+------+--------------+-------------------+------------------+-----------------+------------+---------------------+--------------+
; Compilation Hierarchy Node ; Logic Cells ; LC Registers ; Memory Bits ; Pins ; LUT-Only LCs ; Register-Only LCs ; LUT/Register LCs ; Carry Chain LCs ; Packed LCs ; Full Hierarchy Name ; Library Name ;
+----------------------------+-------------+--------------+-------------+------+--------------+-------------------+------------------+-----------------+------------+---------------------+--------------+
; |design4TJN                ; 0 (0)       ; 0            ; 0           ; 13   ; 0 (0)        ; 0 (0)             ; 0 (0)            ; 0 (0)           ; 0 (0)      ; |design4TJN         ; work         ;
+----------------------------+-------------+--------------+-------------+------+--------------+-------------------+------------------+-----------------+------------+---------------------+--------------+
Note: For table entries with two numbers listed, the numbers in parentheses indicate the number of resources of the given type used by the specific entity alone. The numbers listed outside of parentheses indicate the total resources of the given type used by the specific entity and all of its sub-entities in the hierarchy.


+------------------------------------------------------+
; General Register Statistics                          ;
+----------------------------------------------+-------+
; Statistic                                    ; Value ;
+----------------------------------------------+-------+
; Total registers                              ; 0     ;
; Number of registers using Synchronous Clear  ; 0     ;
; Number of registers using Synchronous Load   ; 0     ;
; Number of registers using Asynchronous Clear ; 0     ;
; Number of registers using Asynchronous Load  ; 0     ;
; Number of registers using Clock Enable       ; 0     ;
; Number of registers using Preset             ; 0     ;
+----------------------------------------------+-------+


+-------------------------------+
; Analysis & Synthesis Messages ;
+-------------------------------+
Info: *******************************************************************
Info: Running Quartus II Analysis & Synthesis
    Info: Version 9.0 Build 235 06/17/2009 Service Pack 2 SJ Web Edition
    Info: Processing started: Thu Oct 03 13:27:08 2013
Info: Command: quartus_map --read_settings_files=on --write_settings_files=off design4TJN -c design4TJN
Info: Found 1 design units, including 1 entities, in source file design4TJN.bdf
    Info: Found entity 1: design4TJN
Info: Elaborating entity "design4TJN" for the top level hierarchy
Warning: Pin "Start_Bit" is missing source
Warning: Pin "Stop_Bit" is missing source
Warning: Port "CLK" of type DFF and instance "inst18" is missing source signal
Warning: Primitive "AND2" of instance "inst17" not used
Warning: Using design file Delay_Function.bdf, which is not specified as a design file for the current project, but contains definitions for 1 design units and 1 entities in project
    Info: Found entity 1: Delay_Function
Info: Elaborating entity "Delay_Function" for hierarchy "Delay_Function:inst15"
Warning: Pin "Input_Pulse" not connected
Warning: Primitive "DFF" of instance "inst" not used
Warning: Primitive "DFF" of instance "inst17" not used
Warning: Primitive "DFF" of instance "inst20" not used
Warning: Primitive "DFF" of instance "inst21" not used
Warning: Primitive "DFF" of instance "inst24" not used
Warning: Primitive "DFF" of instance "inst28" not used
Warning: Primitive "DFF" of instance "inst32" not used
Warning: Primitive "DFF" of instance "inst36" not used
Warning: Primitive "DFF" of instance "inst40" not used
Warning: Primitive "DFF" of instance "inst44" not used
Warning: Output pins are stuck at VCC or GND
    Warning (13410): Pin "Output_UN0" is stuck at GND
    Warning (13410): Pin "Output_UN2" is stuck at GND
    Warning (13410): Pin "Output_UN3" is stuck at GND
    Warning (13410): Pin "Output_UN1" is stuck at GND
    Warning (13410): Pin "Output_LN0" is stuck at GND
    Warning (13410): Pin "Output_LN1" is stuck at GND
    Warning (13410): Pin "Output_LN2" is stuck at GND
    Warning (13410): Pin "Output_LN3" is stuck at GND
    Warning (13410): Pin "Status_Light" is stuck at GND
    Warning (13410): Pin "Start_Bit" is stuck at GND
    Warning (13410): Pin "Stop_Bit" is stuck at GND
Warning: Design contains 2 input pin(s) that do not drive logic
    Warning (15610): No output dependent on input pin "Clock"
    Warning (15610): No output dependent on input pin "UART_RX"
Info: Implemented 13 device resources after synthesis - the final resource count might be different
    Info: Implemented 2 input pins
    Info: Implemented 11 output pins
Info: Quartus II Analysis & Synthesis was successful. 0 errors, 31 warnings
    Info: Peak virtual memory: 218 megabytes
    Info: Processing ended: Thu Oct 03 13:27:08 2013
    Info: Elapsed time: 00:00:00
    Info: Total CPU time (on all processors): 00:00:01


