Classic Timing Analyzer report for Project6
Fri Jan 24 19:31:46 2014
Quartus II Version 9.0 Build 235 06/17/2009 Service Pack 2 SJ Web Edition


---------------------
; Table of Contents ;
---------------------
  1. Legal Notice
  2. Timing Analyzer Summary
  3. Timing Analyzer Settings
  4. Clock Settings Summary
  5. Parallel Compilation
  6. Clock Setup: 'CLK'
  7. tsu
  8. tco
  9. th
 10. Timing Analyzer Messages



----------------
; Legal Notice ;
----------------
Copyright (C) 1991-2009 Altera Corporation
Your use of Altera Corporation's design tools, logic functions 
and other software and tools, and its AMPP partner logic 
functions, and any output files from any of the foregoing 
(including device programming or simulation files), and any 
associated documentation or information are expressly subject 
to the terms and conditions of the Altera Program License 
Subscription Agreement, Altera MegaCore Function License 
Agreement, or other applicable license agreement, including, 
without limitation, that your use is for the sole purpose of 
programming logic devices manufactured by Altera and sold by 
Altera or its authorized distributors.  Please refer to the 
applicable agreement for further details.



+--------------------------------------------------------------------------------------------------------------------------------------------------------------------------------------------------------------------------------+
; Timing Analyzer Summary                                                                                                                                                                                                        ;
+------------------------------+-------+---------------+----------------------------------+-------------------------------------------+---------------------------------------------------+------------+----------+--------------+
; Type                         ; Slack ; Required Time ; Actual Time                      ; From                                      ; To                                                ; From Clock ; To Clock ; Failed Paths ;
+------------------------------+-------+---------------+----------------------------------+-------------------------------------------+---------------------------------------------------+------------+----------+--------------+
; Worst-case tsu               ; N/A   ; None          ; 7.800 ns                         ; RST                                       ; TRAFFICLIGHT_FSM2:inst11|CURRENT_STATE.YELLOW_R2G ; --         ; CLK      ; 0            ;
; Worst-case tco               ; N/A   ; None          ; 36.500 ns                        ; TRAFFICLIGHT_FSM:inst|CURRENT_STATE.GREEN ; DEBUG_RST                                         ; CLK        ; --       ; 0            ;
; Worst-case th                ; N/A   ; None          ; -1.500 ns                        ; RST                                       ; TRAFFICLIGHT_FSM:inst|CURRENT_STATE.BLINKING_RED  ; --         ; CLK      ; 0            ;
; Clock Setup: 'CLK'           ; N/A   ; None          ; 44.84 MHz ( period = 22.300 ns ) ; CLK_GEN:inst10|CLK_1HZ_CNT_BFR[1]         ; CLK_GEN:inst10|CLK_1HZ_CNT_BFR[23]                ; CLK        ; CLK      ; 0            ;
; Total number of failed paths ;       ;               ;                                  ;                                           ;                                                   ;            ;          ; 0            ;
+------------------------------+-------+---------------+----------------------------------+-------------------------------------------+---------------------------------------------------+------------+----------+--------------+


+--------------------------------------------------------------------------------------------------------------------+
; Timing Analyzer Settings                                                                                           ;
+---------------------------------------------------------------------+--------------------+------+----+-------------+
; Option                                                              ; Setting            ; From ; To ; Entity Name ;
+---------------------------------------------------------------------+--------------------+------+----+-------------+
; Device Name                                                         ; EPF10K70RC240-4    ;      ;    ;             ;
; Timing Models                                                       ; Final              ;      ;    ;             ;
; Default hold multicycle                                             ; Same as Multicycle ;      ;    ;             ;
; Cut paths between unrelated clock domains                           ; On                 ;      ;    ;             ;
; Cut off read during write signal paths                              ; On                 ;      ;    ;             ;
; Cut off feedback from I/O pins                                      ; On                 ;      ;    ;             ;
; Report Combined Fast/Slow Timing                                    ; Off                ;      ;    ;             ;
; Ignore Clock Settings                                               ; Off                ;      ;    ;             ;
; Analyze latches as synchronous elements                             ; On                 ;      ;    ;             ;
; Enable Recovery/Removal analysis                                    ; Off                ;      ;    ;             ;
; Enable Clock Latency                                                ; Off                ;      ;    ;             ;
; Use TimeQuest Timing Analyzer                                       ; Off                ;      ;    ;             ;
; Minimum Core Junction Temperature                                   ; 0                  ;      ;    ;             ;
; Maximum Core Junction Temperature                                   ; 85                 ;      ;    ;             ;
; Number of source nodes to report per destination node               ; 10                 ;      ;    ;             ;
; Number of destination nodes to report                               ; 10                 ;      ;    ;             ;
; Number of paths to report                                           ; 200                ;      ;    ;             ;
; Report Minimum Timing Checks                                        ; Off                ;      ;    ;             ;
; Use Fast Timing Models                                              ; Off                ;      ;    ;             ;
; Report IO Paths Separately                                          ; Off                ;      ;    ;             ;
; Perform Multicorner Analysis                                        ; Off                ;      ;    ;             ;
; Reports the worst-case path for each clock domain and analysis      ; Off                ;      ;    ;             ;
; Removes common clock path pessimism (CCPP) during slack computation ; Off                ;      ;    ;             ;
; Output I/O Timing Endpoint                                          ; Near End           ;      ;    ;             ;
+---------------------------------------------------------------------+--------------------+------+----+-------------+


+------------------------------------------------------------------------------------------------------------------------------------------------------------------------------------+
; Clock Settings Summary                                                                                                                                                             ;
+-----------------+--------------------+----------+------------------+---------------+--------------+----------+-----------------------+---------------------+--------+--------------+
; Clock Node Name ; Clock Setting Name ; Type     ; Fmax Requirement ; Early Latency ; Late Latency ; Based on ; Multiply Base Fmax by ; Divide Base Fmax by ; Offset ; Phase offset ;
+-----------------+--------------------+----------+------------------+---------------+--------------+----------+-----------------------+---------------------+--------+--------------+
; CLK             ;                    ; User Pin ; None             ; 0.000 ns      ; 0.000 ns     ; --       ; N/A                   ; N/A                 ; N/A    ;              ;
+-----------------+--------------------+----------+------------------+---------------+--------------+----------+-----------------------+---------------------+--------+--------------+


Parallel compilation was disabled, but you have multiple processors available. Enable parallel compilation to reduce compilation time.
+-------------------------------------+
; Parallel Compilation                ;
+----------------------------+--------+
; Processors                 ; Number ;
+----------------------------+--------+
; Number detected on machine ; 2      ;
; Maximum allowed            ; 1      ;
+----------------------------+--------+


+-------------------------------------------------------------------------------------------------------------------------------------------------------------------------------------------------------------------------------------------------------------------------------------+
; Clock Setup: 'CLK'                                                                                                                                                                                                                                                                  ;
+-----------------------------------------+-----------------------------------------------------+------------------------------------+------------------------------------+------------+----------+-----------------------------+---------------------------+-------------------------+
; Slack                                   ; Actual fmax (period)                                ; From                               ; To                                 ; From Clock ; To Clock ; Required Setup Relationship ; Required Longest P2P Time ; Actual Longest P2P Time ;
+-----------------------------------------+-----------------------------------------------------+------------------------------------+------------------------------------+------------+----------+-----------------------------+---------------------------+-------------------------+
; N/A                                     ; 44.84 MHz ( period = 22.300 ns )                    ; CLK_GEN:inst10|CLK_1HZ_CNT_BFR[1]  ; CLK_GEN:inst10|CLK_1HZ_CNT_BFR[23] ; CLK        ; CLK      ; None                        ; None                      ; 18.300 ns               ;
; N/A                                     ; 45.45 MHz ( period = 22.000 ns )                    ; CLK_GEN:inst10|CLK_1HZ_CNT_BFR[1]  ; CLK_GEN:inst10|CLK_1HZ_CNT_BFR[22] ; CLK        ; CLK      ; None                        ; None                      ; 18.000 ns               ;
; N/A                                     ; 45.66 MHz ( period = 21.900 ns )                    ; CLK_GEN:inst10|CLK_1HZ_CNT_BFR[2]  ; CLK_GEN:inst10|CLK_1HZ_CNT_BFR[23] ; CLK        ; CLK      ; None                        ; None                      ; 17.900 ns               ;
; N/A                                     ; 45.87 MHz ( period = 21.800 ns )                    ; CLK_GEN:inst10|CLK_1HZ_CNT_BFR[1]  ; CLK_GEN:inst10|CLK_1HZ_CNT_BFR[21] ; CLK        ; CLK      ; None                        ; None                      ; 17.800 ns               ;
; N/A                                     ; 46.30 MHz ( period = 21.600 ns )                    ; CLK_GEN:inst10|CLK_1HZ_CNT_BFR[2]  ; CLK_GEN:inst10|CLK_1HZ_CNT_BFR[22] ; CLK        ; CLK      ; None                        ; None                      ; 17.600 ns               ;
; N/A                                     ; 46.30 MHz ( period = 21.600 ns )                    ; CLK_GEN:inst10|CLK_1HZ_CNT_BFR[3]  ; CLK_GEN:inst10|CLK_1HZ_CNT_BFR[23] ; CLK        ; CLK      ; None                        ; None                      ; 17.600 ns               ;
; N/A                                     ; 46.51 MHz ( period = 21.500 ns )                    ; CLK_GEN:inst10|CLK_1HZ_CNT_BFR[1]  ; CLK_GEN:inst10|CLK_1HZ_CNT_BFR[20] ; CLK        ; CLK      ; None                        ; None                      ; 17.500 ns               ;
; N/A                                     ; 46.73 MHz ( period = 21.400 ns )                    ; CLK_GEN:inst10|CLK_1HZ_CNT_BFR[2]  ; CLK_GEN:inst10|CLK_1HZ_CNT_BFR[21] ; CLK        ; CLK      ; None                        ; None                      ; 17.400 ns               ;
; N/A                                     ; 46.95 MHz ( period = 21.300 ns )                    ; CLK_GEN:inst10|CLK_1HZ_CNT_BFR[3]  ; CLK_GEN:inst10|CLK_1HZ_CNT_BFR[22] ; CLK        ; CLK      ; None                        ; None                      ; 17.300 ns               ;
; N/A                                     ; 46.95 MHz ( period = 21.300 ns )                    ; CLK_GEN:inst10|CLK_1HZ_CNT_BFR[4]  ; CLK_GEN:inst10|CLK_1HZ_CNT_BFR[23] ; CLK        ; CLK      ; None                        ; None                      ; 17.300 ns               ;
; N/A                                     ; 47.17 MHz ( period = 21.200 ns )                    ; CLK_GEN:inst10|CLK_1HZ_CNT_BFR[1]  ; CLK_GEN:inst10|CLK_1HZ_CNT_BFR[19] ; CLK        ; CLK      ; None                        ; None                      ; 17.200 ns               ;
; N/A                                     ; 47.39 MHz ( period = 21.100 ns )                    ; CLK_GEN:inst10|CLK_1HZ_CNT_BFR[2]  ; CLK_GEN:inst10|CLK_1HZ_CNT_BFR[20] ; CLK        ; CLK      ; None                        ; None                      ; 17.100 ns               ;
; N/A                                     ; 47.39 MHz ( period = 21.100 ns )                    ; CLK_GEN:inst10|CLK_1HZ_CNT_BFR[3]  ; CLK_GEN:inst10|CLK_1HZ_CNT_BFR[21] ; CLK        ; CLK      ; None                        ; None                      ; 17.100 ns               ;
; N/A                                     ; 47.62 MHz ( period = 21.000 ns )                    ; CLK_GEN:inst10|CLK_1HZ_CNT_BFR[4]  ; CLK_GEN:inst10|CLK_1HZ_CNT_BFR[22] ; CLK        ; CLK      ; None                        ; None                      ; 17.000 ns               ;
; N/A                                     ; 47.62 MHz ( period = 21.000 ns )                    ; CLK_GEN:inst10|CLK_1HZ_CNT_BFR[5]  ; CLK_GEN:inst10|CLK_1HZ_CNT_BFR[23] ; CLK        ; CLK      ; None                        ; None                      ; 17.000 ns               ;
; N/A                                     ; 47.62 MHz ( period = 21.000 ns )                    ; CLK_GEN:inst10|CLK_1HZ_CNT_BFR[1]  ; CLK_GEN:inst10|CLK_1HZ_CNT_BFR[18] ; CLK        ; CLK      ; None                        ; None                      ; 17.000 ns               ;
; N/A                                     ; 47.85 MHz ( period = 20.900 ns )                    ; CLK_GEN:inst10|CLK_1HZ_CNT_BFR[6]  ; CLK_GEN:inst10|CLK_1HZ_CNT_BFR[23] ; CLK        ; CLK      ; None                        ; None                      ; 16.900 ns               ;
; N/A                                     ; 48.08 MHz ( period = 20.800 ns )                    ; CLK_GEN:inst10|CLK_1HZ_CNT_BFR[3]  ; CLK_GEN:inst10|CLK_1HZ_CNT_BFR[20] ; CLK        ; CLK      ; None                        ; None                      ; 16.800 ns               ;
; N/A                                     ; 48.08 MHz ( period = 20.800 ns )                    ; CLK_GEN:inst10|CLK_1HZ_CNT_BFR[4]  ; CLK_GEN:inst10|CLK_1HZ_CNT_BFR[21] ; CLK        ; CLK      ; None                        ; None                      ; 16.800 ns               ;
; N/A                                     ; 48.08 MHz ( period = 20.800 ns )                    ; CLK_GEN:inst10|CLK_1HZ_CNT_BFR[2]  ; CLK_GEN:inst10|CLK_1HZ_CNT_BFR[19] ; CLK        ; CLK      ; None                        ; None                      ; 16.800 ns               ;
; N/A                                     ; 48.31 MHz ( period = 20.700 ns )                    ; CLK_GEN:inst10|CLK_1HZ_CNT_BFR[5]  ; CLK_GEN:inst10|CLK_1HZ_CNT_BFR[22] ; CLK        ; CLK      ; None                        ; None                      ; 16.700 ns               ;
; N/A                                     ; 48.31 MHz ( period = 20.700 ns )                    ; CLK_GEN:inst10|CLK_1HZ_CNT_BFR[1]  ; CLK_GEN:inst10|CLK_1HZ_CNT_BFR[17] ; CLK        ; CLK      ; None                        ; None                      ; 16.700 ns               ;
; N/A                                     ; 48.54 MHz ( period = 20.600 ns )                    ; CLK_GEN:inst10|CLK_1HZ_CNT_BFR[6]  ; CLK_GEN:inst10|CLK_1HZ_CNT_BFR[22] ; CLK        ; CLK      ; None                        ; None                      ; 16.600 ns               ;
; N/A                                     ; 48.54 MHz ( period = 20.600 ns )                    ; CLK_GEN:inst10|CLK_1HZ_CNT_BFR[7]  ; CLK_GEN:inst10|CLK_1HZ_CNT_BFR[23] ; CLK        ; CLK      ; None                        ; None                      ; 16.600 ns               ;
; N/A                                     ; 48.54 MHz ( period = 20.600 ns )                    ; CLK_GEN:inst10|CLK_1HZ_CNT_BFR[2]  ; CLK_GEN:inst10|CLK_1HZ_CNT_BFR[18] ; CLK        ; CLK      ; None                        ; None                      ; 16.600 ns               ;
; N/A                                     ; 48.78 MHz ( period = 20.500 ns )                    ; CLK_GEN:inst10|CLK_1HZ_CNT_BFR[4]  ; CLK_GEN:inst10|CLK_1HZ_CNT_BFR[20] ; CLK        ; CLK      ; None                        ; None                      ; 16.500 ns               ;
; N/A                                     ; 48.78 MHz ( period = 20.500 ns )                    ; CLK_GEN:inst10|CLK_1HZ_CNT_BFR[5]  ; CLK_GEN:inst10|CLK_1HZ_CNT_BFR[21] ; CLK        ; CLK      ; None                        ; None                      ; 16.500 ns               ;
; N/A                                     ; 48.78 MHz ( period = 20.500 ns )                    ; CLK_GEN:inst10|CLK_1HZ_CNT_BFR[3]  ; CLK_GEN:inst10|CLK_1HZ_CNT_BFR[19] ; CLK        ; CLK      ; None                        ; None                      ; 16.500 ns               ;
; N/A                                     ; 49.02 MHz ( period = 20.400 ns )                    ; CLK_GEN:inst10|CLK_1HZ_CNT_BFR[6]  ; CLK_GEN:inst10|CLK_1HZ_CNT_BFR[21] ; CLK        ; CLK      ; None                        ; None                      ; 16.400 ns               ;
; N/A                                     ; 49.02 MHz ( period = 20.400 ns )                    ; CLK_GEN:inst10|CLK_1HZ_CNT_BFR[1]  ; CLK_GEN:inst10|CLK_1HZ_CNT_BFR[16] ; CLK        ; CLK      ; None                        ; None                      ; 16.400 ns               ;
; N/A                                     ; 49.26 MHz ( period = 20.300 ns )                    ; CLK_GEN:inst10|CLK_1HZ_CNT_BFR[7]  ; CLK_GEN:inst10|CLK_1HZ_CNT_BFR[22] ; CLK        ; CLK      ; None                        ; None                      ; 16.300 ns               ;
; N/A                                     ; 49.26 MHz ( period = 20.300 ns )                    ; CLK_GEN:inst10|CLK_1HZ_CNT_BFR[0]  ; CLK_GEN:inst10|CLK_1HZ_CNT_BFR[23] ; CLK        ; CLK      ; None                        ; None                      ; 16.300 ns               ;
; N/A                                     ; 49.26 MHz ( period = 20.300 ns )                    ; CLK_GEN:inst10|CLK_1HZ_CNT_BFR[2]  ; CLK_GEN:inst10|CLK_1HZ_CNT_BFR[17] ; CLK        ; CLK      ; None                        ; None                      ; 16.300 ns               ;
; N/A                                     ; 49.26 MHz ( period = 20.300 ns )                    ; CLK_GEN:inst10|CLK_1HZ_CNT_BFR[3]  ; CLK_GEN:inst10|CLK_1HZ_CNT_BFR[18] ; CLK        ; CLK      ; None                        ; None                      ; 16.300 ns               ;
; N/A                                     ; 49.50 MHz ( period = 20.200 ns )                    ; CLK_GEN:inst10|CLK_1HZ_CNT_BFR[5]  ; CLK_GEN:inst10|CLK_1HZ_CNT_BFR[20] ; CLK        ; CLK      ; None                        ; None                      ; 16.200 ns               ;
; N/A                                     ; 49.50 MHz ( period = 20.200 ns )                    ; CLK_GEN:inst10|CLK_1HZ_CNT_BFR[4]  ; CLK_GEN:inst10|CLK_1HZ_CNT_BFR[19] ; CLK        ; CLK      ; None                        ; None                      ; 16.200 ns               ;
; N/A                                     ; 49.75 MHz ( period = 20.100 ns )                    ; CLK_GEN:inst10|CLK_1HZ_CNT_BFR[6]  ; CLK_GEN:inst10|CLK_1HZ_CNT_BFR[20] ; CLK        ; CLK      ; None                        ; None                      ; 16.100 ns               ;
; N/A                                     ; 49.75 MHz ( period = 20.100 ns )                    ; CLK_GEN:inst10|CLK_1HZ_CNT_BFR[7]  ; CLK_GEN:inst10|CLK_1HZ_CNT_BFR[21] ; CLK        ; CLK      ; None                        ; None                      ; 16.100 ns               ;
; N/A                                     ; 50.00 MHz ( period = 20.000 ns )                    ; CLK_GEN:inst10|CLK_1HZ_CNT_BFR[0]  ; CLK_GEN:inst10|CLK_1HZ_CNT_BFR[22] ; CLK        ; CLK      ; None                        ; None                      ; 16.000 ns               ;
; N/A                                     ; 50.00 MHz ( period = 20.000 ns )                    ; CLK_GEN:inst10|CLK_1HZ_CNT_BFR[2]  ; CLK_GEN:inst10|CLK_1HZ_CNT_BFR[16] ; CLK        ; CLK      ; None                        ; None                      ; 16.000 ns               ;
; N/A                                     ; 50.00 MHz ( period = 20.000 ns )                    ; CLK_GEN:inst10|CLK_1HZ_CNT_BFR[3]  ; CLK_GEN:inst10|CLK_1HZ_CNT_BFR[17] ; CLK        ; CLK      ; None                        ; None                      ; 16.000 ns               ;
; N/A                                     ; 50.00 MHz ( period = 20.000 ns )                    ; CLK_GEN:inst10|CLK_1HZ_CNT_BFR[4]  ; CLK_GEN:inst10|CLK_1HZ_CNT_BFR[18] ; CLK        ; CLK      ; None                        ; None                      ; 16.000 ns               ;
; N/A                                     ; 50.25 MHz ( period = 19.900 ns )                    ; CLK_GEN:inst10|CLK_1HZ_CNT_BFR[5]  ; CLK_GEN:inst10|CLK_1HZ_CNT_BFR[19] ; CLK        ; CLK      ; None                        ; None                      ; 15.900 ns               ;
; N/A                                     ; 50.51 MHz ( period = 19.800 ns )                    ; CLK_GEN:inst10|CLK_1HZ_CNT_BFR[7]  ; CLK_GEN:inst10|CLK_1HZ_CNT_BFR[20] ; CLK        ; CLK      ; None                        ; None                      ; 15.800 ns               ;
; N/A                                     ; 50.51 MHz ( period = 19.800 ns )                    ; CLK_GEN:inst10|CLK_1HZ_CNT_BFR[0]  ; CLK_GEN:inst10|CLK_1HZ_CNT_BFR[21] ; CLK        ; CLK      ; None                        ; None                      ; 15.800 ns               ;
; N/A                                     ; 50.51 MHz ( period = 19.800 ns )                    ; CLK_GEN:inst10|CLK_1HZ_CNT_BFR[6]  ; CLK_GEN:inst10|CLK_1HZ_CNT_BFR[19] ; CLK        ; CLK      ; None                        ; None                      ; 15.800 ns               ;
; N/A                                     ; 50.76 MHz ( period = 19.700 ns )                    ; CLK_GEN:inst10|CLK_1HZ_CNT_BFR[3]  ; CLK_GEN:inst10|CLK_1HZ_CNT_BFR[16] ; CLK        ; CLK      ; None                        ; None                      ; 15.700 ns               ;
; N/A                                     ; 50.76 MHz ( period = 19.700 ns )                    ; CLK_GEN:inst10|CLK_1HZ_CNT_BFR[4]  ; CLK_GEN:inst10|CLK_1HZ_CNT_BFR[17] ; CLK        ; CLK      ; None                        ; None                      ; 15.700 ns               ;
; N/A                                     ; 50.76 MHz ( period = 19.700 ns )                    ; CLK_GEN:inst10|CLK_1HZ_CNT_BFR[5]  ; CLK_GEN:inst10|CLK_1HZ_CNT_BFR[18] ; CLK        ; CLK      ; None                        ; None                      ; 15.700 ns               ;
; N/A                                     ; 51.02 MHz ( period = 19.600 ns )                    ; CLK_GEN:inst10|CLK_1HZ_CNT_BFR[6]  ; CLK_GEN:inst10|CLK_1HZ_CNT_BFR[18] ; CLK        ; CLK      ; None                        ; None                      ; 15.600 ns               ;
; N/A                                     ; 51.28 MHz ( period = 19.500 ns )                    ; CLK_GEN:inst10|CLK_1HZ_CNT_BFR[14] ; CLK_GEN:inst10|CLK_1HZ_CNT_BFR[8]  ; CLK        ; CLK      ; None                        ; None                      ; 15.500 ns               ;
; N/A                                     ; 51.28 MHz ( period = 19.500 ns )                    ; CLK_GEN:inst10|CLK_1HZ_CNT_BFR[14] ; CLK_GEN:inst10|CLK_1HZ_CNT_BFR[7]  ; CLK        ; CLK      ; None                        ; None                      ; 15.500 ns               ;
; N/A                                     ; 51.28 MHz ( period = 19.500 ns )                    ; CLK_GEN:inst10|CLK_1HZ_CNT_BFR[14] ; CLK_GEN:inst10|CLK_1HZ_CNT_BFR[6]  ; CLK        ; CLK      ; None                        ; None                      ; 15.500 ns               ;
; N/A                                     ; 51.28 MHz ( period = 19.500 ns )                    ; CLK_GEN:inst10|CLK_1HZ_CNT_BFR[0]  ; CLK_GEN:inst10|CLK_1HZ_CNT_BFR[20] ; CLK        ; CLK      ; None                        ; None                      ; 15.500 ns               ;
; N/A                                     ; 51.28 MHz ( period = 19.500 ns )                    ; CLK_GEN:inst10|CLK_1HZ_CNT_BFR[7]  ; CLK_GEN:inst10|CLK_1HZ_CNT_BFR[19] ; CLK        ; CLK      ; None                        ; None                      ; 15.500 ns               ;
; N/A                                     ; 51.55 MHz ( period = 19.400 ns )                    ; CLK_GEN:inst10|CLK_1HZ_CNT_BFR[13] ; CLK_GEN:inst10|CLK_1HZ_CNT_BFR[8]  ; CLK        ; CLK      ; None                        ; None                      ; 15.400 ns               ;
; N/A                                     ; 51.55 MHz ( period = 19.400 ns )                    ; CLK_GEN:inst10|CLK_1HZ_CNT_BFR[13] ; CLK_GEN:inst10|CLK_1HZ_CNT_BFR[7]  ; CLK        ; CLK      ; None                        ; None                      ; 15.400 ns               ;
; N/A                                     ; 51.55 MHz ( period = 19.400 ns )                    ; CLK_GEN:inst10|CLK_1HZ_CNT_BFR[13] ; CLK_GEN:inst10|CLK_1HZ_CNT_BFR[6]  ; CLK        ; CLK      ; None                        ; None                      ; 15.400 ns               ;
; N/A                                     ; 51.55 MHz ( period = 19.400 ns )                    ; CLK_GEN:inst10|CLK_1HZ_CNT_BFR[4]  ; CLK_GEN:inst10|CLK_1HZ_CNT_BFR[16] ; CLK        ; CLK      ; None                        ; None                      ; 15.400 ns               ;
; N/A                                     ; 51.55 MHz ( period = 19.400 ns )                    ; CLK_GEN:inst10|CLK_1HZ_CNT_BFR[5]  ; CLK_GEN:inst10|CLK_1HZ_CNT_BFR[17] ; CLK        ; CLK      ; None                        ; None                      ; 15.400 ns               ;
; N/A                                     ; 51.81 MHz ( period = 19.300 ns )                    ; CLK_GEN:inst10|CLK_1HZ_CNT_BFR[14] ; CLK_GEN:inst10|CLK_1HZ_CNT_BFR[5]  ; CLK        ; CLK      ; None                        ; None                      ; 15.300 ns               ;
; N/A                                     ; 51.81 MHz ( period = 19.300 ns )                    ; CLK_GEN:inst10|CLK_1HZ_CNT_BFR[14] ; CLK_GEN:inst10|CLK_1HZ_CNT_BFR[3]  ; CLK        ; CLK      ; None                        ; None                      ; 15.300 ns               ;
; N/A                                     ; 51.81 MHz ( period = 19.300 ns )                    ; CLK_GEN:inst10|CLK_1HZ_CNT_BFR[14] ; CLK_GEN:inst10|CLK_1HZ_CNT_BFR[2]  ; CLK        ; CLK      ; None                        ; None                      ; 15.300 ns               ;
; N/A                                     ; 51.81 MHz ( period = 19.300 ns )                    ; CLK_GEN:inst10|CLK_1HZ_CNT_BFR[10] ; CLK_GEN:inst10|CLK_1HZ_CNT_BFR[23] ; CLK        ; CLK      ; None                        ; None                      ; 15.300 ns               ;
; N/A                                     ; 51.81 MHz ( period = 19.300 ns )                    ; CLK_GEN:inst10|CLK_1HZ_CNT_BFR[6]  ; CLK_GEN:inst10|CLK_1HZ_CNT_BFR[17] ; CLK        ; CLK      ; None                        ; None                      ; 15.300 ns               ;
; N/A                                     ; 51.81 MHz ( period = 19.300 ns )                    ; CLK_GEN:inst10|CLK_1HZ_CNT_BFR[7]  ; CLK_GEN:inst10|CLK_1HZ_CNT_BFR[18] ; CLK        ; CLK      ; None                        ; None                      ; 15.300 ns               ;
; N/A                                     ; 52.08 MHz ( period = 19.200 ns )                    ; CLK_GEN:inst10|CLK_1HZ_CNT_BFR[15] ; CLK_GEN:inst10|CLK_1HZ_CNT_BFR[8]  ; CLK        ; CLK      ; None                        ; None                      ; 15.200 ns               ;
; N/A                                     ; 52.08 MHz ( period = 19.200 ns )                    ; CLK_GEN:inst10|CLK_1HZ_CNT_BFR[15] ; CLK_GEN:inst10|CLK_1HZ_CNT_BFR[7]  ; CLK        ; CLK      ; None                        ; None                      ; 15.200 ns               ;
; N/A                                     ; 52.08 MHz ( period = 19.200 ns )                    ; CLK_GEN:inst10|CLK_1HZ_CNT_BFR[15] ; CLK_GEN:inst10|CLK_1HZ_CNT_BFR[6]  ; CLK        ; CLK      ; None                        ; None                      ; 15.200 ns               ;
; N/A                                     ; 52.08 MHz ( period = 19.200 ns )                    ; CLK_GEN:inst10|CLK_1HZ_CNT_BFR[13] ; CLK_GEN:inst10|CLK_1HZ_CNT_BFR[5]  ; CLK        ; CLK      ; None                        ; None                      ; 15.200 ns               ;
; N/A                                     ; 52.08 MHz ( period = 19.200 ns )                    ; CLK_GEN:inst10|CLK_1HZ_CNT_BFR[13] ; CLK_GEN:inst10|CLK_1HZ_CNT_BFR[3]  ; CLK        ; CLK      ; None                        ; None                      ; 15.200 ns               ;
; N/A                                     ; 52.08 MHz ( period = 19.200 ns )                    ; CLK_GEN:inst10|CLK_1HZ_CNT_BFR[13] ; CLK_GEN:inst10|CLK_1HZ_CNT_BFR[2]  ; CLK        ; CLK      ; None                        ; None                      ; 15.200 ns               ;
; N/A                                     ; 52.08 MHz ( period = 19.200 ns )                    ; CLK_GEN:inst10|CLK_1HZ_CNT_BFR[0]  ; CLK_GEN:inst10|CLK_1HZ_CNT_BFR[19] ; CLK        ; CLK      ; None                        ; None                      ; 15.200 ns               ;
; N/A                                     ; 52.36 MHz ( period = 19.100 ns )                    ; CLK_GEN:inst10|CLK_1HZ_CNT_BFR[20] ; CLK_GEN:inst10|CLK_1HZ_CNT_BFR[8]  ; CLK        ; CLK      ; None                        ; None                      ; 15.100 ns               ;
; N/A                                     ; 52.36 MHz ( period = 19.100 ns )                    ; CLK_GEN:inst10|CLK_1HZ_CNT_BFR[20] ; CLK_GEN:inst10|CLK_1HZ_CNT_BFR[7]  ; CLK        ; CLK      ; None                        ; None                      ; 15.100 ns               ;
; N/A                                     ; 52.36 MHz ( period = 19.100 ns )                    ; CLK_GEN:inst10|CLK_1HZ_CNT_BFR[20] ; CLK_GEN:inst10|CLK_1HZ_CNT_BFR[6]  ; CLK        ; CLK      ; None                        ; None                      ; 15.100 ns               ;
; N/A                                     ; 52.36 MHz ( period = 19.100 ns )                    ; CLK_GEN:inst10|CLK_1HZ_CNT_BFR[1]  ; CLK_GEN:inst10|CLK_1HZ_CNT_BFR[15] ; CLK        ; CLK      ; None                        ; None                      ; 15.100 ns               ;
; N/A                                     ; 52.36 MHz ( period = 19.100 ns )                    ; CLK_GEN:inst10|CLK_1HZ_CNT_BFR[8]  ; CLK_GEN:inst10|CLK_1HZ_CNT_BFR[23] ; CLK        ; CLK      ; None                        ; None                      ; 15.100 ns               ;
; N/A                                     ; 52.36 MHz ( period = 19.100 ns )                    ; CLK_GEN:inst10|CLK_1HZ_CNT_BFR[5]  ; CLK_GEN:inst10|CLK_1HZ_CNT_BFR[16] ; CLK        ; CLK      ; None                        ; None                      ; 15.100 ns               ;
; N/A                                     ; 52.63 MHz ( period = 19.000 ns )                    ; CLK_GEN:inst10|CLK_1HZ_CNT_BFR[21] ; CLK_GEN:inst10|CLK_1HZ_CNT_BFR[8]  ; CLK        ; CLK      ; None                        ; None                      ; 15.000 ns               ;
; N/A                                     ; 52.63 MHz ( period = 19.000 ns )                    ; CLK_GEN:inst10|CLK_1HZ_CNT_BFR[21] ; CLK_GEN:inst10|CLK_1HZ_CNT_BFR[7]  ; CLK        ; CLK      ; None                        ; None                      ; 15.000 ns               ;
; N/A                                     ; 52.63 MHz ( period = 19.000 ns )                    ; CLK_GEN:inst10|CLK_1HZ_CNT_BFR[21] ; CLK_GEN:inst10|CLK_1HZ_CNT_BFR[6]  ; CLK        ; CLK      ; None                        ; None                      ; 15.000 ns               ;
; N/A                                     ; 52.63 MHz ( period = 19.000 ns )                    ; CLK_GEN:inst10|CLK_1HZ_CNT_BFR[15] ; CLK_GEN:inst10|CLK_1HZ_CNT_BFR[5]  ; CLK        ; CLK      ; None                        ; None                      ; 15.000 ns               ;
; N/A                                     ; 52.63 MHz ( period = 19.000 ns )                    ; CLK_GEN:inst10|CLK_1HZ_CNT_BFR[15] ; CLK_GEN:inst10|CLK_1HZ_CNT_BFR[3]  ; CLK        ; CLK      ; None                        ; None                      ; 15.000 ns               ;
; N/A                                     ; 52.63 MHz ( period = 19.000 ns )                    ; CLK_GEN:inst10|CLK_1HZ_CNT_BFR[15] ; CLK_GEN:inst10|CLK_1HZ_CNT_BFR[2]  ; CLK        ; CLK      ; None                        ; None                      ; 15.000 ns               ;
; N/A                                     ; 52.63 MHz ( period = 19.000 ns )                    ; CLK_GEN:inst10|CLK_1HZ_CNT_BFR[10] ; CLK_GEN:inst10|CLK_1HZ_CNT_BFR[22] ; CLK        ; CLK      ; None                        ; None                      ; 15.000 ns               ;
; N/A                                     ; 52.63 MHz ( period = 19.000 ns )                    ; CLK_GEN:inst10|CLK_1HZ_CNT_BFR[6]  ; CLK_GEN:inst10|CLK_1HZ_CNT_BFR[16] ; CLK        ; CLK      ; None                        ; None                      ; 15.000 ns               ;
; N/A                                     ; 52.63 MHz ( period = 19.000 ns )                    ; CLK_GEN:inst10|CLK_1HZ_CNT_BFR[7]  ; CLK_GEN:inst10|CLK_1HZ_CNT_BFR[17] ; CLK        ; CLK      ; None                        ; None                      ; 15.000 ns               ;
; N/A                                     ; 52.63 MHz ( period = 19.000 ns )                    ; CLK_GEN:inst10|CLK_1HZ_CNT_BFR[0]  ; CLK_GEN:inst10|CLK_1HZ_CNT_BFR[18] ; CLK        ; CLK      ; None                        ; None                      ; 15.000 ns               ;
; N/A                                     ; 52.91 MHz ( period = 18.900 ns )                    ; CLK_GEN:inst10|CLK_1HZ_CNT_BFR[20] ; CLK_GEN:inst10|CLK_1HZ_CNT_BFR[5]  ; CLK        ; CLK      ; None                        ; None                      ; 14.900 ns               ;
; N/A                                     ; 52.91 MHz ( period = 18.900 ns )                    ; CLK_GEN:inst10|CLK_1HZ_CNT_BFR[20] ; CLK_GEN:inst10|CLK_1HZ_CNT_BFR[3]  ; CLK        ; CLK      ; None                        ; None                      ; 14.900 ns               ;
; N/A                                     ; 52.91 MHz ( period = 18.900 ns )                    ; CLK_GEN:inst10|CLK_1HZ_CNT_BFR[20] ; CLK_GEN:inst10|CLK_1HZ_CNT_BFR[2]  ; CLK        ; CLK      ; None                        ; None                      ; 14.900 ns               ;
; N/A                                     ; 52.91 MHz ( period = 18.900 ns )                    ; CLK_GEN:inst10|CLK_1HZ_CNT_BFR[1]  ; CLK_GEN:inst10|CLK_1HZ_CNT_BFR[14] ; CLK        ; CLK      ; None                        ; None                      ; 14.900 ns               ;
; N/A                                     ; 53.19 MHz ( period = 18.800 ns )                    ; CLK_GEN:inst10|CLK_1HZ_CNT_BFR[21] ; CLK_GEN:inst10|CLK_1HZ_CNT_BFR[5]  ; CLK        ; CLK      ; None                        ; None                      ; 14.800 ns               ;
; N/A                                     ; 53.19 MHz ( period = 18.800 ns )                    ; CLK_GEN:inst10|CLK_1HZ_CNT_BFR[21] ; CLK_GEN:inst10|CLK_1HZ_CNT_BFR[3]  ; CLK        ; CLK      ; None                        ; None                      ; 14.800 ns               ;
; N/A                                     ; 53.19 MHz ( period = 18.800 ns )                    ; CLK_GEN:inst10|CLK_1HZ_CNT_BFR[21] ; CLK_GEN:inst10|CLK_1HZ_CNT_BFR[2]  ; CLK        ; CLK      ; None                        ; None                      ; 14.800 ns               ;
; N/A                                     ; 53.19 MHz ( period = 18.800 ns )                    ; CLK_GEN:inst10|CLK_1HZ_CNT_BFR[8]  ; CLK_GEN:inst10|CLK_1HZ_CNT_BFR[22] ; CLK        ; CLK      ; None                        ; None                      ; 14.800 ns               ;
; N/A                                     ; 53.19 MHz ( period = 18.800 ns )                    ; CLK_GEN:inst10|CLK_1HZ_CNT_BFR[9]  ; CLK_GEN:inst10|CLK_1HZ_CNT_BFR[23] ; CLK        ; CLK      ; None                        ; None                      ; 14.800 ns               ;
; N/A                                     ; 53.19 MHz ( period = 18.800 ns )                    ; CLK_GEN:inst10|CLK_1HZ_CNT_BFR[11] ; CLK_GEN:inst10|CLK_1HZ_CNT_BFR[23] ; CLK        ; CLK      ; None                        ; None                      ; 14.800 ns               ;
; N/A                                     ; 53.19 MHz ( period = 18.800 ns )                    ; CLK_GEN:inst10|CLK_1HZ_CNT_BFR[10] ; CLK_GEN:inst10|CLK_1HZ_CNT_BFR[21] ; CLK        ; CLK      ; None                        ; None                      ; 14.800 ns               ;
; N/A                                     ; 53.48 MHz ( period = 18.700 ns )                    ; CLK_GEN:inst10|CLK_1HZ_CNT_BFR[14] ; CLK_GEN:inst10|CLK_1HZ_BFR         ; CLK        ; CLK      ; None                        ; None                      ; 14.700 ns               ;
; N/A                                     ; 53.48 MHz ( period = 18.700 ns )                    ; CLK_GEN:inst10|CLK_1HZ_CNT_BFR[2]  ; CLK_GEN:inst10|CLK_1HZ_CNT_BFR[15] ; CLK        ; CLK      ; None                        ; None                      ; 14.700 ns               ;
; N/A                                     ; 53.48 MHz ( period = 18.700 ns )                    ; CLK_GEN:inst10|CLK_1HZ_CNT_BFR[7]  ; CLK_GEN:inst10|CLK_1HZ_CNT_BFR[16] ; CLK        ; CLK      ; None                        ; None                      ; 14.700 ns               ;
; N/A                                     ; 53.48 MHz ( period = 18.700 ns )                    ; CLK_GEN:inst10|CLK_1HZ_CNT_BFR[0]  ; CLK_GEN:inst10|CLK_1HZ_CNT_BFR[17] ; CLK        ; CLK      ; None                        ; None                      ; 14.700 ns               ;
; N/A                                     ; 53.76 MHz ( period = 18.600 ns )                    ; CLK_GEN:inst10|CLK_1HZ_CNT_BFR[13] ; CLK_GEN:inst10|CLK_1HZ_BFR         ; CLK        ; CLK      ; None                        ; None                      ; 14.600 ns               ;
; N/A                                     ; 53.76 MHz ( period = 18.600 ns )                    ; CLK_GEN:inst10|CLK_1HZ_CNT_BFR[1]  ; CLK_GEN:inst10|CLK_1HZ_CNT_BFR[13] ; CLK        ; CLK      ; None                        ; None                      ; 14.600 ns               ;
; N/A                                     ; 53.76 MHz ( period = 18.600 ns )                    ; CLK_GEN:inst10|CLK_1HZ_CNT_BFR[8]  ; CLK_GEN:inst10|CLK_1HZ_CNT_BFR[21] ; CLK        ; CLK      ; None                        ; None                      ; 14.600 ns               ;
; N/A                                     ; 54.05 MHz ( period = 18.500 ns )                    ; CLK_GEN:inst10|CLK_1HZ_CNT_BFR[2]  ; CLK_GEN:inst10|CLK_1HZ_CNT_BFR[14] ; CLK        ; CLK      ; None                        ; None                      ; 14.500 ns               ;
; N/A                                     ; 54.05 MHz ( period = 18.500 ns )                    ; CLK_GEN:inst10|CLK_1HZ_CNT_BFR[9]  ; CLK_GEN:inst10|CLK_1HZ_CNT_BFR[22] ; CLK        ; CLK      ; None                        ; None                      ; 14.500 ns               ;
; N/A                                     ; 54.05 MHz ( period = 18.500 ns )                    ; CLK_GEN:inst10|CLK_1HZ_CNT_BFR[11] ; CLK_GEN:inst10|CLK_1HZ_CNT_BFR[22] ; CLK        ; CLK      ; None                        ; None                      ; 14.500 ns               ;
; N/A                                     ; 54.05 MHz ( period = 18.500 ns )                    ; CLK_GEN:inst10|CLK_1HZ_CNT_BFR[10] ; CLK_GEN:inst10|CLK_1HZ_CNT_BFR[20] ; CLK        ; CLK      ; None                        ; None                      ; 14.500 ns               ;
; N/A                                     ; 54.35 MHz ( period = 18.400 ns )                    ; CLK_GEN:inst10|CLK_1HZ_CNT_BFR[15] ; CLK_GEN:inst10|CLK_1HZ_BFR         ; CLK        ; CLK      ; None                        ; None                      ; 14.400 ns               ;
; N/A                                     ; 54.35 MHz ( period = 18.400 ns )                    ; CLK_GEN:inst10|CLK_1HZ_CNT_BFR[10] ; CLK_GEN:inst10|CLK_1HZ_CNT_BFR[8]  ; CLK        ; CLK      ; None                        ; None                      ; 14.400 ns               ;
; N/A                                     ; 54.35 MHz ( period = 18.400 ns )                    ; CLK_GEN:inst10|CLK_1HZ_CNT_BFR[10] ; CLK_GEN:inst10|CLK_1HZ_CNT_BFR[7]  ; CLK        ; CLK      ; None                        ; None                      ; 14.400 ns               ;
; N/A                                     ; 54.35 MHz ( period = 18.400 ns )                    ; CLK_GEN:inst10|CLK_1HZ_CNT_BFR[10] ; CLK_GEN:inst10|CLK_1HZ_CNT_BFR[6]  ; CLK        ; CLK      ; None                        ; None                      ; 14.400 ns               ;
; N/A                                     ; 54.35 MHz ( period = 18.400 ns )                    ; CLK_GEN:inst10|CLK_1HZ_CNT_BFR[3]  ; CLK_GEN:inst10|CLK_1HZ_CNT_BFR[15] ; CLK        ; CLK      ; None                        ; None                      ; 14.400 ns               ;
; N/A                                     ; 54.35 MHz ( period = 18.400 ns )                    ; CLK_GEN:inst10|CLK_1HZ_CNT_BFR[0]  ; CLK_GEN:inst10|CLK_1HZ_CNT_BFR[16] ; CLK        ; CLK      ; None                        ; None                      ; 14.400 ns               ;
; N/A                                     ; 54.64 MHz ( period = 18.300 ns )                    ; CLK_GEN:inst10|CLK_1HZ_CNT_BFR[20] ; CLK_GEN:inst10|CLK_1HZ_BFR         ; CLK        ; CLK      ; None                        ; None                      ; 14.300 ns               ;
; N/A                                     ; 54.64 MHz ( period = 18.300 ns )                    ; CLK_GEN:inst10|CLK_1HZ_CNT_BFR[8]  ; CLK_GEN:inst10|CLK_1HZ_CNT_BFR[20] ; CLK        ; CLK      ; None                        ; None                      ; 14.300 ns               ;
; N/A                                     ; 54.64 MHz ( period = 18.300 ns )                    ; CLK_GEN:inst10|CLK_1HZ_CNT_BFR[9]  ; CLK_GEN:inst10|CLK_1HZ_CNT_BFR[21] ; CLK        ; CLK      ; None                        ; None                      ; 14.300 ns               ;
; N/A                                     ; 54.64 MHz ( period = 18.300 ns )                    ; CLK_GEN:inst10|CLK_1HZ_CNT_BFR[11] ; CLK_GEN:inst10|CLK_1HZ_CNT_BFR[21] ; CLK        ; CLK      ; None                        ; None                      ; 14.300 ns               ;
; N/A                                     ; 54.95 MHz ( period = 18.200 ns )                    ; CLK_GEN:inst10|CLK_1HZ_CNT_BFR[21] ; CLK_GEN:inst10|CLK_1HZ_BFR         ; CLK        ; CLK      ; None                        ; None                      ; 14.200 ns               ;
; N/A                                     ; 54.95 MHz ( period = 18.200 ns )                    ; CLK_GEN:inst10|CLK_1HZ_CNT_BFR[11] ; CLK_GEN:inst10|CLK_1HZ_CNT_BFR[8]  ; CLK        ; CLK      ; None                        ; None                      ; 14.200 ns               ;
; N/A                                     ; 54.95 MHz ( period = 18.200 ns )                    ; CLK_GEN:inst10|CLK_1HZ_CNT_BFR[11] ; CLK_GEN:inst10|CLK_1HZ_CNT_BFR[7]  ; CLK        ; CLK      ; None                        ; None                      ; 14.200 ns               ;
; N/A                                     ; 54.95 MHz ( period = 18.200 ns )                    ; CLK_GEN:inst10|CLK_1HZ_CNT_BFR[11] ; CLK_GEN:inst10|CLK_1HZ_CNT_BFR[6]  ; CLK        ; CLK      ; None                        ; None                      ; 14.200 ns               ;
; N/A                                     ; 54.95 MHz ( period = 18.200 ns )                    ; CLK_GEN:inst10|CLK_1HZ_CNT_BFR[10] ; CLK_GEN:inst10|CLK_1HZ_CNT_BFR[5]  ; CLK        ; CLK      ; None                        ; None                      ; 14.200 ns               ;
; N/A                                     ; 54.95 MHz ( period = 18.200 ns )                    ; CLK_GEN:inst10|CLK_1HZ_CNT_BFR[10] ; CLK_GEN:inst10|CLK_1HZ_CNT_BFR[3]  ; CLK        ; CLK      ; None                        ; None                      ; 14.200 ns               ;
; N/A                                     ; 54.95 MHz ( period = 18.200 ns )                    ; CLK_GEN:inst10|CLK_1HZ_CNT_BFR[10] ; CLK_GEN:inst10|CLK_1HZ_CNT_BFR[2]  ; CLK        ; CLK      ; None                        ; None                      ; 14.200 ns               ;
; N/A                                     ; 54.95 MHz ( period = 18.200 ns )                    ; CLK_GEN:inst10|CLK_1HZ_CNT_BFR[2]  ; CLK_GEN:inst10|CLK_1HZ_CNT_BFR[13] ; CLK        ; CLK      ; None                        ; None                      ; 14.200 ns               ;
; N/A                                     ; 54.95 MHz ( period = 18.200 ns )                    ; CLK_GEN:inst10|CLK_1HZ_CNT_BFR[3]  ; CLK_GEN:inst10|CLK_1HZ_CNT_BFR[14] ; CLK        ; CLK      ; None                        ; None                      ; 14.200 ns               ;
; N/A                                     ; 54.95 MHz ( period = 18.200 ns )                    ; CLK_GEN:inst10|CLK_1HZ_CNT_BFR[10] ; CLK_GEN:inst10|CLK_1HZ_CNT_BFR[19] ; CLK        ; CLK      ; None                        ; None                      ; 14.200 ns               ;
; N/A                                     ; 55.25 MHz ( period = 18.100 ns )                    ; CLK_GEN:inst10|CLK_1HZ_CNT_BFR[4]  ; CLK_GEN:inst10|CLK_1HZ_CNT_BFR[15] ; CLK        ; CLK      ; None                        ; None                      ; 14.100 ns               ;
; N/A                                     ; 55.25 MHz ( period = 18.100 ns )                    ; CLK_GEN:inst10|CLK_1HZ_CNT_BFR[13] ; CLK_GEN:inst10|CLK_1HZ_CNT_BFR[23] ; CLK        ; CLK      ; None                        ; None                      ; 14.100 ns               ;
; N/A                                     ; 55.56 MHz ( period = 18.000 ns )                    ; CLK_GEN:inst10|CLK_1HZ_CNT_BFR[17] ; CLK_GEN:inst10|CLK_1HZ_CNT_BFR[8]  ; CLK        ; CLK      ; None                        ; None                      ; 14.000 ns               ;
; N/A                                     ; 55.56 MHz ( period = 18.000 ns )                    ; CLK_GEN:inst10|CLK_1HZ_CNT_BFR[17] ; CLK_GEN:inst10|CLK_1HZ_CNT_BFR[7]  ; CLK        ; CLK      ; None                        ; None                      ; 14.000 ns               ;
; N/A                                     ; 55.56 MHz ( period = 18.000 ns )                    ; CLK_GEN:inst10|CLK_1HZ_CNT_BFR[17] ; CLK_GEN:inst10|CLK_1HZ_CNT_BFR[6]  ; CLK        ; CLK      ; None                        ; None                      ; 14.000 ns               ;
; N/A                                     ; 55.56 MHz ( period = 18.000 ns )                    ; CLK_GEN:inst10|CLK_1HZ_CNT_BFR[11] ; CLK_GEN:inst10|CLK_1HZ_CNT_BFR[5]  ; CLK        ; CLK      ; None                        ; None                      ; 14.000 ns               ;
; N/A                                     ; 55.56 MHz ( period = 18.000 ns )                    ; CLK_GEN:inst10|CLK_1HZ_CNT_BFR[11] ; CLK_GEN:inst10|CLK_1HZ_CNT_BFR[3]  ; CLK        ; CLK      ; None                        ; None                      ; 14.000 ns               ;
; N/A                                     ; 55.56 MHz ( period = 18.000 ns )                    ; CLK_GEN:inst10|CLK_1HZ_CNT_BFR[11] ; CLK_GEN:inst10|CLK_1HZ_CNT_BFR[2]  ; CLK        ; CLK      ; None                        ; None                      ; 14.000 ns               ;
; N/A                                     ; 55.56 MHz ( period = 18.000 ns )                    ; CLK_GEN:inst10|CLK_1HZ_CNT_BFR[1]  ; CLK_GEN:inst10|CLK_1HZ_CNT_BFR[12] ; CLK        ; CLK      ; None                        ; None                      ; 14.000 ns               ;
; N/A                                     ; 55.56 MHz ( period = 18.000 ns )                    ; CLK_GEN:inst10|CLK_1HZ_CNT_BFR[1]  ; CLK_GEN:inst10|CLK_1HZ_CNT_BFR[11] ; CLK        ; CLK      ; None                        ; None                      ; 14.000 ns               ;
; N/A                                     ; 55.56 MHz ( period = 18.000 ns )                    ; CLK_GEN:inst10|CLK_1HZ_CNT_BFR[9]  ; CLK_GEN:inst10|CLK_1HZ_CNT_BFR[20] ; CLK        ; CLK      ; None                        ; None                      ; 14.000 ns               ;
; N/A                                     ; 55.56 MHz ( period = 18.000 ns )                    ; CLK_GEN:inst10|CLK_1HZ_CNT_BFR[11] ; CLK_GEN:inst10|CLK_1HZ_CNT_BFR[20] ; CLK        ; CLK      ; None                        ; None                      ; 14.000 ns               ;
; N/A                                     ; 55.56 MHz ( period = 18.000 ns )                    ; CLK_GEN:inst10|CLK_1HZ_CNT_BFR[10] ; CLK_GEN:inst10|CLK_1HZ_CNT_BFR[18] ; CLK        ; CLK      ; None                        ; None                      ; 14.000 ns               ;
; N/A                                     ; 55.56 MHz ( period = 18.000 ns )                    ; CLK_GEN:inst10|CLK_1HZ_CNT_BFR[8]  ; CLK_GEN:inst10|CLK_1HZ_CNT_BFR[19] ; CLK        ; CLK      ; None                        ; None                      ; 14.000 ns               ;
; N/A                                     ; 55.87 MHz ( period = 17.900 ns )                    ; CLK_GEN:inst10|CLK_1HZ_CNT_BFR[3]  ; CLK_GEN:inst10|CLK_1HZ_CNT_BFR[13] ; CLK        ; CLK      ; None                        ; None                      ; 13.900 ns               ;
; N/A                                     ; 55.87 MHz ( period = 17.900 ns )                    ; CLK_GEN:inst10|CLK_1HZ_CNT_BFR[4]  ; CLK_GEN:inst10|CLK_1HZ_CNT_BFR[14] ; CLK        ; CLK      ; None                        ; None                      ; 13.900 ns               ;
; N/A                                     ; 56.18 MHz ( period = 17.800 ns )                    ; CLK_GEN:inst10|CLK_1HZ_CNT_BFR[18] ; CLK_GEN:inst10|CLK_1HZ_CNT_BFR[8]  ; CLK        ; CLK      ; None                        ; None                      ; 13.800 ns               ;
; N/A                                     ; 56.18 MHz ( period = 17.800 ns )                    ; CLK_GEN:inst10|CLK_1HZ_CNT_BFR[19] ; CLK_GEN:inst10|CLK_1HZ_CNT_BFR[8]  ; CLK        ; CLK      ; None                        ; None                      ; 13.800 ns               ;
; N/A                                     ; 56.18 MHz ( period = 17.800 ns )                    ; CLK_GEN:inst10|CLK_1HZ_CNT_BFR[18] ; CLK_GEN:inst10|CLK_1HZ_CNT_BFR[7]  ; CLK        ; CLK      ; None                        ; None                      ; 13.800 ns               ;
; N/A                                     ; 56.18 MHz ( period = 17.800 ns )                    ; CLK_GEN:inst10|CLK_1HZ_CNT_BFR[19] ; CLK_GEN:inst10|CLK_1HZ_CNT_BFR[7]  ; CLK        ; CLK      ; None                        ; None                      ; 13.800 ns               ;
; N/A                                     ; 56.18 MHz ( period = 17.800 ns )                    ; CLK_GEN:inst10|CLK_1HZ_CNT_BFR[18] ; CLK_GEN:inst10|CLK_1HZ_CNT_BFR[6]  ; CLK        ; CLK      ; None                        ; None                      ; 13.800 ns               ;
; N/A                                     ; 56.18 MHz ( period = 17.800 ns )                    ; CLK_GEN:inst10|CLK_1HZ_CNT_BFR[19] ; CLK_GEN:inst10|CLK_1HZ_CNT_BFR[6]  ; CLK        ; CLK      ; None                        ; None                      ; 13.800 ns               ;
; N/A                                     ; 56.18 MHz ( period = 17.800 ns )                    ; CLK_GEN:inst10|CLK_1HZ_CNT_BFR[17] ; CLK_GEN:inst10|CLK_1HZ_CNT_BFR[5]  ; CLK        ; CLK      ; None                        ; None                      ; 13.800 ns               ;
; N/A                                     ; 56.18 MHz ( period = 17.800 ns )                    ; CLK_GEN:inst10|CLK_1HZ_CNT_BFR[17] ; CLK_GEN:inst10|CLK_1HZ_CNT_BFR[3]  ; CLK        ; CLK      ; None                        ; None                      ; 13.800 ns               ;
; N/A                                     ; 56.18 MHz ( period = 17.800 ns )                    ; CLK_GEN:inst10|CLK_1HZ_CNT_BFR[17] ; CLK_GEN:inst10|CLK_1HZ_CNT_BFR[2]  ; CLK        ; CLK      ; None                        ; None                      ; 13.800 ns               ;
; N/A                                     ; 56.18 MHz ( period = 17.800 ns )                    ; CLK_GEN:inst10|CLK_1HZ_CNT_BFR[5]  ; CLK_GEN:inst10|CLK_1HZ_CNT_BFR[15] ; CLK        ; CLK      ; None                        ; None                      ; 13.800 ns               ;
; N/A                                     ; 56.18 MHz ( period = 17.800 ns )                    ; CLK_GEN:inst10|CLK_1HZ_CNT_BFR[1]  ; CLK_GEN:inst10|CLK_1HZ_CNT_BFR[10] ; CLK        ; CLK      ; None                        ; None                      ; 13.800 ns               ;
; N/A                                     ; 56.18 MHz ( period = 17.800 ns )                    ; CLK_GEN:inst10|CLK_1HZ_CNT_BFR[13] ; CLK_GEN:inst10|CLK_1HZ_CNT_BFR[22] ; CLK        ; CLK      ; None                        ; None                      ; 13.800 ns               ;
; N/A                                     ; 56.18 MHz ( period = 17.800 ns )                    ; CLK_GEN:inst10|CLK_1HZ_CNT_BFR[12] ; CLK_GEN:inst10|CLK_1HZ_CNT_BFR[23] ; CLK        ; CLK      ; None                        ; None                      ; 13.800 ns               ;
; N/A                                     ; 56.18 MHz ( period = 17.800 ns )                    ; CLK_GEN:inst10|CLK_1HZ_CNT_BFR[14] ; CLK_GEN:inst10|CLK_1HZ_CNT_BFR[23] ; CLK        ; CLK      ; None                        ; None                      ; 13.800 ns               ;
; N/A                                     ; 56.18 MHz ( period = 17.800 ns )                    ; CLK_GEN:inst10|CLK_1HZ_CNT_BFR[8]  ; CLK_GEN:inst10|CLK_1HZ_CNT_BFR[18] ; CLK        ; CLK      ; None                        ; None                      ; 13.800 ns               ;
; N/A                                     ; 56.50 MHz ( period = 17.700 ns )                    ; CLK_GEN:inst10|CLK_1HZ_CNT_BFR[3]  ; CLK_GEN:inst10|CLK_1HZ_CNT_BFR[8]  ; CLK        ; CLK      ; None                        ; None                      ; 13.700 ns               ;
; N/A                                     ; 56.50 MHz ( period = 17.700 ns )                    ; CLK_GEN:inst10|CLK_1HZ_CNT_BFR[4]  ; CLK_GEN:inst10|CLK_1HZ_CNT_BFR[8]  ; CLK        ; CLK      ; None                        ; None                      ; 13.700 ns               ;
; N/A                                     ; 56.50 MHz ( period = 17.700 ns )                    ; CLK_GEN:inst10|CLK_1HZ_CNT_BFR[2]  ; CLK_GEN:inst10|CLK_1HZ_CNT_BFR[8]  ; CLK        ; CLK      ; None                        ; None                      ; 13.700 ns               ;
; N/A                                     ; 56.50 MHz ( period = 17.700 ns )                    ; CLK_GEN:inst10|CLK_1HZ_CNT_BFR[0]  ; CLK_GEN:inst10|CLK_1HZ_CNT_BFR[8]  ; CLK        ; CLK      ; None                        ; None                      ; 13.700 ns               ;
; N/A                                     ; 56.50 MHz ( period = 17.700 ns )                    ; CLK_GEN:inst10|CLK_1HZ_CNT_BFR[3]  ; CLK_GEN:inst10|CLK_1HZ_CNT_BFR[7]  ; CLK        ; CLK      ; None                        ; None                      ; 13.700 ns               ;
; N/A                                     ; 56.50 MHz ( period = 17.700 ns )                    ; CLK_GEN:inst10|CLK_1HZ_CNT_BFR[4]  ; CLK_GEN:inst10|CLK_1HZ_CNT_BFR[7]  ; CLK        ; CLK      ; None                        ; None                      ; 13.700 ns               ;
; N/A                                     ; 56.50 MHz ( period = 17.700 ns )                    ; CLK_GEN:inst10|CLK_1HZ_CNT_BFR[2]  ; CLK_GEN:inst10|CLK_1HZ_CNT_BFR[7]  ; CLK        ; CLK      ; None                        ; None                      ; 13.700 ns               ;
; N/A                                     ; 56.50 MHz ( period = 17.700 ns )                    ; CLK_GEN:inst10|CLK_1HZ_CNT_BFR[0]  ; CLK_GEN:inst10|CLK_1HZ_CNT_BFR[7]  ; CLK        ; CLK      ; None                        ; None                      ; 13.700 ns               ;
; N/A                                     ; 56.50 MHz ( period = 17.700 ns )                    ; CLK_GEN:inst10|CLK_1HZ_CNT_BFR[3]  ; CLK_GEN:inst10|CLK_1HZ_CNT_BFR[6]  ; CLK        ; CLK      ; None                        ; None                      ; 13.700 ns               ;
; N/A                                     ; 56.50 MHz ( period = 17.700 ns )                    ; CLK_GEN:inst10|CLK_1HZ_CNT_BFR[4]  ; CLK_GEN:inst10|CLK_1HZ_CNT_BFR[6]  ; CLK        ; CLK      ; None                        ; None                      ; 13.700 ns               ;
; N/A                                     ; 56.50 MHz ( period = 17.700 ns )                    ; CLK_GEN:inst10|CLK_1HZ_CNT_BFR[2]  ; CLK_GEN:inst10|CLK_1HZ_CNT_BFR[6]  ; CLK        ; CLK      ; None                        ; None                      ; 13.700 ns               ;
; N/A                                     ; 56.50 MHz ( period = 17.700 ns )                    ; CLK_GEN:inst10|CLK_1HZ_CNT_BFR[0]  ; CLK_GEN:inst10|CLK_1HZ_CNT_BFR[6]  ; CLK        ; CLK      ; None                        ; None                      ; 13.700 ns               ;
; N/A                                     ; 56.50 MHz ( period = 17.700 ns )                    ; CLK_GEN:inst10|CLK_1HZ_CNT_BFR[6]  ; CLK_GEN:inst10|CLK_1HZ_CNT_BFR[15] ; CLK        ; CLK      ; None                        ; None                      ; 13.700 ns               ;
; N/A                                     ; 56.50 MHz ( period = 17.700 ns )                    ; CLK_GEN:inst10|CLK_1HZ_CNT_BFR[10] ; CLK_GEN:inst10|CLK_1HZ_CNT_BFR[17] ; CLK        ; CLK      ; None                        ; None                      ; 13.700 ns               ;
; N/A                                     ; 56.50 MHz ( period = 17.700 ns )                    ; CLK_GEN:inst10|CLK_1HZ_CNT_BFR[9]  ; CLK_GEN:inst10|CLK_1HZ_CNT_BFR[19] ; CLK        ; CLK      ; None                        ; None                      ; 13.700 ns               ;
; N/A                                     ; 56.50 MHz ( period = 17.700 ns )                    ; CLK_GEN:inst10|CLK_1HZ_CNT_BFR[11] ; CLK_GEN:inst10|CLK_1HZ_CNT_BFR[19] ; CLK        ; CLK      ; None                        ; None                      ; 13.700 ns               ;
; N/A                                     ; 56.82 MHz ( period = 17.600 ns )                    ; CLK_GEN:inst10|CLK_1HZ_CNT_BFR[10] ; CLK_GEN:inst10|CLK_1HZ_BFR         ; CLK        ; CLK      ; None                        ; None                      ; 13.600 ns               ;
; N/A                                     ; 56.82 MHz ( period = 17.600 ns )                    ; CLK_GEN:inst10|CLK_1HZ_CNT_BFR[16] ; CLK_GEN:inst10|CLK_1HZ_CNT_BFR[8]  ; CLK        ; CLK      ; None                        ; None                      ; 13.600 ns               ;
; N/A                                     ; 56.82 MHz ( period = 17.600 ns )                    ; CLK_GEN:inst10|CLK_1HZ_CNT_BFR[16] ; CLK_GEN:inst10|CLK_1HZ_CNT_BFR[7]  ; CLK        ; CLK      ; None                        ; None                      ; 13.600 ns               ;
; N/A                                     ; 56.82 MHz ( period = 17.600 ns )                    ; CLK_GEN:inst10|CLK_1HZ_CNT_BFR[16] ; CLK_GEN:inst10|CLK_1HZ_CNT_BFR[6]  ; CLK        ; CLK      ; None                        ; None                      ; 13.600 ns               ;
; N/A                                     ; 56.82 MHz ( period = 17.600 ns )                    ; CLK_GEN:inst10|CLK_1HZ_CNT_BFR[18] ; CLK_GEN:inst10|CLK_1HZ_CNT_BFR[5]  ; CLK        ; CLK      ; None                        ; None                      ; 13.600 ns               ;
; N/A                                     ; 56.82 MHz ( period = 17.600 ns )                    ; CLK_GEN:inst10|CLK_1HZ_CNT_BFR[19] ; CLK_GEN:inst10|CLK_1HZ_CNT_BFR[5]  ; CLK        ; CLK      ; None                        ; None                      ; 13.600 ns               ;
; N/A                                     ; 56.82 MHz ( period = 17.600 ns )                    ; CLK_GEN:inst10|CLK_1HZ_CNT_BFR[18] ; CLK_GEN:inst10|CLK_1HZ_CNT_BFR[3]  ; CLK        ; CLK      ; None                        ; None                      ; 13.600 ns               ;
; N/A                                     ; 56.82 MHz ( period = 17.600 ns )                    ; CLK_GEN:inst10|CLK_1HZ_CNT_BFR[19] ; CLK_GEN:inst10|CLK_1HZ_CNT_BFR[3]  ; CLK        ; CLK      ; None                        ; None                      ; 13.600 ns               ;
; N/A                                     ; 56.82 MHz ( period = 17.600 ns )                    ; CLK_GEN:inst10|CLK_1HZ_CNT_BFR[18] ; CLK_GEN:inst10|CLK_1HZ_CNT_BFR[2]  ; CLK        ; CLK      ; None                        ; None                      ; 13.600 ns               ;
; N/A                                     ; 56.82 MHz ( period = 17.600 ns )                    ; CLK_GEN:inst10|CLK_1HZ_CNT_BFR[19] ; CLK_GEN:inst10|CLK_1HZ_CNT_BFR[2]  ; CLK        ; CLK      ; None                        ; None                      ; 13.600 ns               ;
; N/A                                     ; 56.82 MHz ( period = 17.600 ns )                    ; CLK_GEN:inst10|CLK_1HZ_CNT_BFR[2]  ; CLK_GEN:inst10|CLK_1HZ_CNT_BFR[12] ; CLK        ; CLK      ; None                        ; None                      ; 13.600 ns               ;
; N/A                                     ; 56.82 MHz ( period = 17.600 ns )                    ; CLK_GEN:inst10|CLK_1HZ_CNT_BFR[4]  ; CLK_GEN:inst10|CLK_1HZ_CNT_BFR[13] ; CLK        ; CLK      ; None                        ; None                      ; 13.600 ns               ;
; N/A                                     ; 56.82 MHz ( period = 17.600 ns )                    ; CLK_GEN:inst10|CLK_1HZ_CNT_BFR[5]  ; CLK_GEN:inst10|CLK_1HZ_CNT_BFR[14] ; CLK        ; CLK      ; None                        ; None                      ; 13.600 ns               ;
; N/A                                     ; 56.82 MHz ( period = 17.600 ns )                    ; CLK_GEN:inst10|CLK_1HZ_CNT_BFR[2]  ; CLK_GEN:inst10|CLK_1HZ_CNT_BFR[11] ; CLK        ; CLK      ; None                        ; None                      ; 13.600 ns               ;
; N/A                                     ; 56.82 MHz ( period = 17.600 ns )                    ; CLK_GEN:inst10|CLK_1HZ_CNT_BFR[13] ; CLK_GEN:inst10|CLK_1HZ_CNT_BFR[21] ; CLK        ; CLK      ; None                        ; None                      ; 13.600 ns               ;
; N/A                                     ; 57.14 MHz ( period = 17.500 ns )                    ; CLK_GEN:inst10|CLK_1HZ_CNT_BFR[2]  ; CLK_GEN:inst10|CLK_1HZ_CNT_BFR[2]  ; CLK        ; CLK      ; None                        ; None                      ; 13.500 ns               ;
; N/A                                     ; 57.14 MHz ( period = 17.500 ns )                    ; CLK_GEN:inst10|CLK_1HZ_CNT_BFR[0]  ; CLK_GEN:inst10|CLK_1HZ_CNT_BFR[2]  ; CLK        ; CLK      ; None                        ; None                      ; 13.500 ns               ;
; N/A                                     ; 57.14 MHz ( period = 17.500 ns )                    ; CLK_GEN:inst10|CLK_1HZ_CNT_BFR[6]  ; CLK_GEN:inst10|CLK_1HZ_CNT_BFR[14] ; CLK        ; CLK      ; None                        ; None                      ; 13.500 ns               ;
; N/A                                     ; 57.14 MHz ( period = 17.500 ns )                    ; CLK_GEN:inst10|CLK_1HZ_CNT_BFR[12] ; CLK_GEN:inst10|CLK_1HZ_CNT_BFR[22] ; CLK        ; CLK      ; None                        ; None                      ; 13.500 ns               ;
; N/A                                     ; 57.14 MHz ( period = 17.500 ns )                    ; CLK_GEN:inst10|CLK_1HZ_CNT_BFR[14] ; CLK_GEN:inst10|CLK_1HZ_CNT_BFR[22] ; CLK        ; CLK      ; None                        ; None                      ; 13.500 ns               ;
; N/A                                     ; 57.14 MHz ( period = 17.500 ns )                    ; CLK_GEN:inst10|CLK_1HZ_CNT_BFR[8]  ; CLK_GEN:inst10|CLK_1HZ_CNT_BFR[17] ; CLK        ; CLK      ; None                        ; None                      ; 13.500 ns               ;
; N/A                                     ; 57.14 MHz ( period = 17.500 ns )                    ; CLK_GEN:inst10|CLK_1HZ_CNT_BFR[9]  ; CLK_GEN:inst10|CLK_1HZ_CNT_BFR[18] ; CLK        ; CLK      ; None                        ; None                      ; 13.500 ns               ;
; Timing analysis restricted to 200 rows. ; To change the limit use Settings (Assignments menu) ;                                    ;                                    ;            ;          ;                             ;                           ;                         ;
+-----------------------------------------+-----------------------------------------------------+------------------------------------+------------------------------------+------------+----------+-----------------------------+---------------------------+-------------------------+


+------------------------------------------------------------------------------------------------------------+
; tsu                                                                                                        ;
+-------+--------------+------------+------+------------------------------------------------------+----------+
; Slack ; Required tsu ; Actual tsu ; From ; To                                                   ; To Clock ;
+-------+--------------+------------+------+------------------------------------------------------+----------+
; N/A   ; None         ; 7.800 ns   ; RST  ; TRAFFICLIGHT_FSM:inst|CURRENT_STATE.YELLOW_G2R       ; CLK      ;
; N/A   ; None         ; 7.800 ns   ; RST  ; TRAFFICLIGHT_FSM:inst|CURRENT_STATE.YELLOW_R2G       ; CLK      ;
; N/A   ; None         ; 7.800 ns   ; RST  ; TRAFFICLIGHT_FSM2:inst11|CURRENT_STATE.YELLOW_G2R    ; CLK      ;
; N/A   ; None         ; 7.800 ns   ; RST  ; TRAFFICLIGHT_FSM2:inst11|CURRENT_STATE.YELLOW_R2G    ; CLK      ;
; N/A   ; None         ; 7.500 ns   ; RST  ; TRAFFICLIGHT_FSM:inst|CURRENT_STATE.GREEN            ; CLK      ;
; N/A   ; None         ; 7.500 ns   ; RST  ; TRAFFICLIGHT_FSM:inst|CURRENT_STATE.RED              ; CLK      ;
; N/A   ; None         ; 7.500 ns   ; RST  ; TRAFFICLIGHT_FSM:inst|RED_STATE                      ; CLK      ;
; N/A   ; None         ; 7.500 ns   ; RST  ; TRAFFICLIGHT_FSM2:inst11|CURRENT_STATE.GREEN         ; CLK      ;
; N/A   ; None         ; 7.500 ns   ; RST  ; TRAFFICLIGHT_FSM2:inst11|CURRENT_STATE.RED           ; CLK      ;
; N/A   ; None         ; 7.200 ns   ; RST  ; TRAFFICLIGHT_FSM:inst|CURRENT_STATE.BLINK_TRANSITION ; CLK      ;
; N/A   ; None         ; 7.200 ns   ; RST  ; TRAFFICLIGHT_FSM:inst|CURRENT_STATE.BLINKING_RED     ; CLK      ;
+-------+--------------+------------+------+------------------------------------------------------+----------+


+------------------------------------------------------------------------------------------------------------------------+
; tco                                                                                                                    ;
+-------+--------------+------------+------------------------------------------------------+----------------+------------+
; Slack ; Required tco ; Actual tco ; From                                                 ; To             ; From Clock ;
+-------+--------------+------------+------------------------------------------------------+----------------+------------+
; N/A   ; None         ; 36.500 ns  ; TRAFFICLIGHT_FSM:inst|CURRENT_STATE.GREEN            ; DEBUG_RST      ; CLK        ;
; N/A   ; None         ; 34.000 ns  ; TRAFFICLIGHT_FSM:inst|CURRENT_STATE.RED              ; DEBUG_RST      ; CLK        ;
; N/A   ; None         ; 31.100 ns  ; TRAFFICLIGHT_FSM:inst|CURRENT_STATE.BLINK_TRANSITION ; DEBUG_RST      ; CLK        ;
; N/A   ; None         ; 30.300 ns  ; TRAFFICLIGHT_FSM:inst|CURRENT_STATE.YELLOW_R2G       ; Y1             ; CLK        ;
; N/A   ; None         ; 29.900 ns  ; TRAFFICLIGHT_FSM:inst|CURRENT_STATE.YELLOW_G2R       ; Y1             ; CLK        ;
; N/A   ; None         ; 29.900 ns  ; TRAFFICLIGHT_FSM:inst|CURRENT_STATE.GREEN            ; DEBUG_ENABLE   ; CLK        ;
; N/A   ; None         ; 29.500 ns  ; TRAFFICLIGHT_FSM:inst|CURRENT_STATE.RED              ; R1             ; CLK        ;
; N/A   ; None         ; 28.700 ns  ; TRAFFICLIGHT_FSM2:inst11|CURRENT_STATE.YELLOW_R2G    ; Y2             ; CLK        ;
; N/A   ; None         ; 28.400 ns  ; TRAFFICLIGHT_FSM2:inst11|CURRENT_STATE.YELLOW_G2R    ; Y2             ; CLK        ;
; N/A   ; None         ; 28.300 ns  ; TRAFFICLIGHT_FSM2:inst11|CURRENT_STATE.GREEN         ; R2             ; CLK        ;
; N/A   ; None         ; 27.400 ns  ; TRAFFICLIGHT_FSM:inst|CURRENT_STATE.BLINK_TRANSITION ; R1             ; CLK        ;
; N/A   ; None         ; 27.400 ns  ; TRAFFICLIGHT_FSM:inst|CURRENT_STATE.BLINKING_RED     ; R1             ; CLK        ;
; N/A   ; None         ; 27.400 ns  ; TRAFFICLIGHT_FSM:inst|RED_STATE                      ; R1             ; CLK        ;
; N/A   ; None         ; 27.400 ns  ; TRAFFICLIGHT_FSM:inst|CURRENT_STATE.RED              ; DEBUG_ENABLE   ; CLK        ;
; N/A   ; None         ; 26.200 ns  ; TRAFFICLIGHT_FSM:inst|CURRENT_STATE.BLINK_TRANSITION ; R2             ; CLK        ;
; N/A   ; None         ; 26.200 ns  ; TRAFFICLIGHT_FSM:inst|CURRENT_STATE.BLINKING_RED     ; R2             ; CLK        ;
; N/A   ; None         ; 26.200 ns  ; TRAFFICLIGHT_FSM:inst|RED_STATE                      ; R2             ; CLK        ;
; N/A   ; None         ; 25.900 ns  ; TRAFFICLIGHT_FSM:inst|CURRENT_STATE.GREEN            ; G1             ; CLK        ;
; N/A   ; None         ; 25.500 ns  ; TRAFFICLIGHT_FSM2:inst11|CURRENT_STATE.RED           ; G2             ; CLK        ;
; N/A   ; None         ; 25.400 ns  ; BEHAVIORAL_EX19B:inst1|\P1:CURRENT_CNT[0]            ; DEBUG_COUNT[1] ; CLK        ;
; N/A   ; None         ; 24.300 ns  ; BEHAVIORAL_EX19B:inst1|\P1:CURRENT_CNT[1]            ; DEBUG_COUNT[2] ; CLK        ;
+-------+--------------+------------+------------------------------------------------------+----------------+------------+


+------------------------------------------------------------------------------------------------------------------+
; th                                                                                                               ;
+---------------+-------------+-----------+------+------------------------------------------------------+----------+
; Minimum Slack ; Required th ; Actual th ; From ; To                                                   ; To Clock ;
+---------------+-------------+-----------+------+------------------------------------------------------+----------+
; N/A           ; None        ; -1.500 ns ; RST  ; TRAFFICLIGHT_FSM:inst|CURRENT_STATE.BLINK_TRANSITION ; CLK      ;
; N/A           ; None        ; -1.500 ns ; RST  ; TRAFFICLIGHT_FSM:inst|CURRENT_STATE.BLINKING_RED     ; CLK      ;
; N/A           ; None        ; -1.800 ns ; RST  ; TRAFFICLIGHT_FSM:inst|CURRENT_STATE.GREEN            ; CLK      ;
; N/A           ; None        ; -1.800 ns ; RST  ; TRAFFICLIGHT_FSM:inst|CURRENT_STATE.RED              ; CLK      ;
; N/A           ; None        ; -1.800 ns ; RST  ; TRAFFICLIGHT_FSM:inst|RED_STATE                      ; CLK      ;
; N/A           ; None        ; -1.800 ns ; RST  ; TRAFFICLIGHT_FSM2:inst11|CURRENT_STATE.GREEN         ; CLK      ;
; N/A           ; None        ; -1.800 ns ; RST  ; TRAFFICLIGHT_FSM2:inst11|CURRENT_STATE.RED           ; CLK      ;
; N/A           ; None        ; -2.100 ns ; RST  ; TRAFFICLIGHT_FSM:inst|CURRENT_STATE.YELLOW_G2R       ; CLK      ;
; N/A           ; None        ; -2.100 ns ; RST  ; TRAFFICLIGHT_FSM:inst|CURRENT_STATE.YELLOW_R2G       ; CLK      ;
; N/A           ; None        ; -2.100 ns ; RST  ; TRAFFICLIGHT_FSM2:inst11|CURRENT_STATE.YELLOW_G2R    ; CLK      ;
; N/A           ; None        ; -2.100 ns ; RST  ; TRAFFICLIGHT_FSM2:inst11|CURRENT_STATE.YELLOW_R2G    ; CLK      ;
+---------------+-------------+-----------+------+------------------------------------------------------+----------+


+--------------------------+
; Timing Analyzer Messages ;
+--------------------------+
Info: *******************************************************************
Info: Running Quartus II Classic Timing Analyzer
    Info: Version 9.0 Build 235 06/17/2009 Service Pack 2 SJ Web Edition
    Info: Processing started: Fri Jan 24 19:31:46 2014
Info: Command: quartus_tan --read_settings_files=off --write_settings_files=off Project6 -c Project6
Info: Started post-fitting delay annotation
Info: Delay annotation completed successfully
Warning: Found pins functioning as undefined clocks and/or memory enables
    Info: Assuming node "CLK" is an undefined clock
Warning: Found 1 node(s) in clock paths which may be acting as ripple and/or gated clocks -- node(s) analyzed as buffer(s) resulting in clock skew
    Info: Detected ripple clock "CLK_GEN:inst10|CLK_1HZ_BFR" as buffer
Info: Clock "CLK" has Internal fmax of 44.84 MHz between source register "CLK_GEN:inst10|CLK_1HZ_CNT_BFR[1]" and destination register "CLK_GEN:inst10|CLK_1HZ_CNT_BFR[23]" (period= 22.3 ns)
    Info: + Longest register to register delay is 18.300 ns
        Info: 1: + IC(0.000 ns) + CELL(0.000 ns) = 0.000 ns; Loc. = LC1_F30; Fanout = 3; REG Node = 'CLK_GEN:inst10|CLK_1HZ_CNT_BFR[1]'
        Info: 2: + IC(2.800 ns) + CELL(1.400 ns) = 4.200 ns; Loc. = LC2_F27; Fanout = 2; COMB Node = 'CLK_GEN:inst10|lpm_add_sub:Add0|addcore:adder|a_csnbuffer:result_node|cs_buffer[1]~COUT'
        Info: 3: + IC(0.000 ns) + CELL(0.300 ns) = 4.500 ns; Loc. = LC3_F27; Fanout = 2; COMB Node = 'CLK_GEN:inst10|lpm_add_sub:Add0|addcore:adder|a_csnbuffer:result_node|cs_buffer[2]~COUT'
        Info: 4: + IC(0.000 ns) + CELL(0.300 ns) = 4.800 ns; Loc. = LC4_F27; Fanout = 2; COMB Node = 'CLK_GEN:inst10|lpm_add_sub:Add0|addcore:adder|a_csnbuffer:result_node|cs_buffer[3]~COUT'
        Info: 5: + IC(0.000 ns) + CELL(0.300 ns) = 5.100 ns; Loc. = LC5_F27; Fanout = 2; COMB Node = 'CLK_GEN:inst10|lpm_add_sub:Add0|addcore:adder|a_csnbuffer:result_node|cs_buffer[4]~COUT'
        Info: 6: + IC(0.000 ns) + CELL(0.300 ns) = 5.400 ns; Loc. = LC6_F27; Fanout = 2; COMB Node = 'CLK_GEN:inst10|lpm_add_sub:Add0|addcore:adder|a_csnbuffer:result_node|cs_buffer[5]~COUT'
        Info: 7: + IC(0.000 ns) + CELL(0.300 ns) = 5.700 ns; Loc. = LC7_F27; Fanout = 2; COMB Node = 'CLK_GEN:inst10|lpm_add_sub:Add0|addcore:adder|a_csnbuffer:result_node|cs_buffer[6]~COUT'
        Info: 8: + IC(0.000 ns) + CELL(0.300 ns) = 6.000 ns; Loc. = LC8_F27; Fanout = 2; COMB Node = 'CLK_GEN:inst10|lpm_add_sub:Add0|addcore:adder|a_csnbuffer:result_node|cs_buffer[7]~COUT'
        Info: 9: + IC(1.100 ns) + CELL(0.300 ns) = 7.400 ns; Loc. = LC1_F29; Fanout = 2; COMB Node = 'CLK_GEN:inst10|lpm_add_sub:Add0|addcore:adder|a_csnbuffer:result_node|cs_buffer[8]~COUT'
        Info: 10: + IC(0.000 ns) + CELL(0.300 ns) = 7.700 ns; Loc. = LC2_F29; Fanout = 2; COMB Node = 'CLK_GEN:inst10|lpm_add_sub:Add0|addcore:adder|a_csnbuffer:result_node|cs_buffer[9]~COUT'
        Info: 11: + IC(0.000 ns) + CELL(0.300 ns) = 8.000 ns; Loc. = LC3_F29; Fanout = 2; COMB Node = 'CLK_GEN:inst10|lpm_add_sub:Add0|addcore:adder|a_csnbuffer:result_node|cs_buffer[10]~COUT'
        Info: 12: + IC(0.000 ns) + CELL(0.300 ns) = 8.300 ns; Loc. = LC4_F29; Fanout = 2; COMB Node = 'CLK_GEN:inst10|lpm_add_sub:Add0|addcore:adder|a_csnbuffer:result_node|cs_buffer[11]~COUT'
        Info: 13: + IC(0.000 ns) + CELL(0.300 ns) = 8.600 ns; Loc. = LC5_F29; Fanout = 2; COMB Node = 'CLK_GEN:inst10|lpm_add_sub:Add0|addcore:adder|a_csnbuffer:result_node|cs_buffer[12]~COUT'
        Info: 14: + IC(0.000 ns) + CELL(0.300 ns) = 8.900 ns; Loc. = LC6_F29; Fanout = 2; COMB Node = 'CLK_GEN:inst10|lpm_add_sub:Add0|addcore:adder|a_csnbuffer:result_node|cs_buffer[13]~COUT'
        Info: 15: + IC(0.000 ns) + CELL(0.300 ns) = 9.200 ns; Loc. = LC7_F29; Fanout = 2; COMB Node = 'CLK_GEN:inst10|lpm_add_sub:Add0|addcore:adder|a_csnbuffer:result_node|cs_buffer[14]~COUT'
        Info: 16: + IC(0.000 ns) + CELL(0.300 ns) = 9.500 ns; Loc. = LC8_F29; Fanout = 2; COMB Node = 'CLK_GEN:inst10|lpm_add_sub:Add0|addcore:adder|a_csnbuffer:result_node|cs_buffer[15]~COUT'
        Info: 17: + IC(1.100 ns) + CELL(0.300 ns) = 10.900 ns; Loc. = LC1_F31; Fanout = 2; COMB Node = 'CLK_GEN:inst10|lpm_add_sub:Add0|addcore:adder|a_csnbuffer:result_node|cs_buffer[16]~COUT'
        Info: 18: + IC(0.000 ns) + CELL(0.300 ns) = 11.200 ns; Loc. = LC2_F31; Fanout = 2; COMB Node = 'CLK_GEN:inst10|lpm_add_sub:Add0|addcore:adder|a_csnbuffer:result_node|cs_buffer[17]~COUT'
        Info: 19: + IC(0.000 ns) + CELL(0.300 ns) = 11.500 ns; Loc. = LC3_F31; Fanout = 2; COMB Node = 'CLK_GEN:inst10|lpm_add_sub:Add0|addcore:adder|a_csnbuffer:result_node|cs_buffer[18]~COUT'
        Info: 20: + IC(0.000 ns) + CELL(0.300 ns) = 11.800 ns; Loc. = LC4_F31; Fanout = 2; COMB Node = 'CLK_GEN:inst10|lpm_add_sub:Add0|addcore:adder|a_csnbuffer:result_node|cs_buffer[19]~COUT'
        Info: 21: + IC(0.000 ns) + CELL(0.300 ns) = 12.100 ns; Loc. = LC5_F31; Fanout = 2; COMB Node = 'CLK_GEN:inst10|lpm_add_sub:Add0|addcore:adder|a_csnbuffer:result_node|cs_buffer[20]~COUT'
        Info: 22: + IC(0.000 ns) + CELL(0.300 ns) = 12.400 ns; Loc. = LC6_F31; Fanout = 2; COMB Node = 'CLK_GEN:inst10|lpm_add_sub:Add0|addcore:adder|a_csnbuffer:result_node|cs_buffer[21]~COUT'
        Info: 23: + IC(0.000 ns) + CELL(0.300 ns) = 12.700 ns; Loc. = LC7_F31; Fanout = 1; COMB Node = 'CLK_GEN:inst10|lpm_add_sub:Add0|addcore:adder|a_csnbuffer:result_node|cs_buffer[22]~COUT'
        Info: 24: + IC(0.000 ns) + CELL(1.200 ns) = 13.900 ns; Loc. = LC8_F31; Fanout = 1; COMB Node = 'CLK_GEN:inst10|lpm_add_sub:Add0|addcore:adder|unreg_res_node[23]'
        Info: 25: + IC(2.700 ns) + CELL(1.700 ns) = 18.300 ns; Loc. = LC5_F32; Fanout = 2; REG Node = 'CLK_GEN:inst10|CLK_1HZ_CNT_BFR[23]'
        Info: Total cell delay = 10.600 ns ( 57.92 % )
        Info: Total interconnect delay = 7.700 ns ( 42.08 % )
    Info: - Smallest clock skew is 0.000 ns
        Info: + Shortest clock path from clock "CLK" to destination register is 7.000 ns
            Info: 1: + IC(0.000 ns) + CELL(2.900 ns) = 2.900 ns; Loc. = PIN_91; Fanout = 25; CLK Node = 'CLK'
            Info: 2: + IC(4.100 ns) + CELL(0.000 ns) = 7.000 ns; Loc. = LC5_F32; Fanout = 2; REG Node = 'CLK_GEN:inst10|CLK_1HZ_CNT_BFR[23]'
            Info: Total cell delay = 2.900 ns ( 41.43 % )
            Info: Total interconnect delay = 4.100 ns ( 58.57 % )
        Info: - Longest clock path from clock "CLK" to source register is 7.000 ns
            Info: 1: + IC(0.000 ns) + CELL(2.900 ns) = 2.900 ns; Loc. = PIN_91; Fanout = 25; CLK Node = 'CLK'
            Info: 2: + IC(4.100 ns) + CELL(0.000 ns) = 7.000 ns; Loc. = LC1_F30; Fanout = 3; REG Node = 'CLK_GEN:inst10|CLK_1HZ_CNT_BFR[1]'
            Info: Total cell delay = 2.900 ns ( 41.43 % )
            Info: Total interconnect delay = 4.100 ns ( 58.57 % )
    Info: + Micro clock to output delay of source is 1.400 ns
    Info: + Micro setup delay of destination is 2.600 ns
Info: tsu for register "TRAFFICLIGHT_FSM:inst|CURRENT_STATE.YELLOW_G2R" (data pin = "RST", clock pin = "CLK") is 7.800 ns
    Info: + Longest pin to register delay is 20.600 ns
        Info: 1: + IC(0.000 ns) + CELL(10.300 ns) = 10.300 ns; Loc. = PIN_28; Fanout = 11; PIN Node = 'RST'
        Info: 2: + IC(8.300 ns) + CELL(2.000 ns) = 20.600 ns; Loc. = LC5_H43; Fanout = 2; REG Node = 'TRAFFICLIGHT_FSM:inst|CURRENT_STATE.YELLOW_G2R'
        Info: Total cell delay = 12.300 ns ( 59.71 % )
        Info: Total interconnect delay = 8.300 ns ( 40.29 % )
    Info: + Micro setup delay of destination is 2.600 ns
    Info: - Shortest clock path from clock "CLK" to destination register is 15.400 ns
        Info: 1: + IC(0.000 ns) + CELL(2.900 ns) = 2.900 ns; Loc. = PIN_91; Fanout = 25; CLK Node = 'CLK'
        Info: 2: + IC(4.100 ns) + CELL(1.400 ns) = 8.400 ns; Loc. = LC1_F37; Fanout = 15; REG Node = 'CLK_GEN:inst10|CLK_1HZ_BFR'
        Info: 3: + IC(7.000 ns) + CELL(0.000 ns) = 15.400 ns; Loc. = LC5_H43; Fanout = 2; REG Node = 'TRAFFICLIGHT_FSM:inst|CURRENT_STATE.YELLOW_G2R'
        Info: Total cell delay = 4.300 ns ( 27.92 % )
        Info: Total interconnect delay = 11.100 ns ( 72.08 % )
Info: tco from clock "CLK" to destination pin "DEBUG_RST" through register "TRAFFICLIGHT_FSM:inst|CURRENT_STATE.GREEN" is 36.500 ns
    Info: + Longest clock path from clock "CLK" to source register is 15.400 ns
        Info: 1: + IC(0.000 ns) + CELL(2.900 ns) = 2.900 ns; Loc. = PIN_91; Fanout = 25; CLK Node = 'CLK'
        Info: 2: + IC(4.100 ns) + CELL(1.400 ns) = 8.400 ns; Loc. = LC1_F37; Fanout = 15; REG Node = 'CLK_GEN:inst10|CLK_1HZ_BFR'
        Info: 3: + IC(7.000 ns) + CELL(0.000 ns) = 15.400 ns; Loc. = LC7_H44; Fanout = 4; REG Node = 'TRAFFICLIGHT_FSM:inst|CURRENT_STATE.GREEN'
        Info: Total cell delay = 4.300 ns ( 27.92 % )
        Info: Total interconnect delay = 11.100 ns ( 72.08 % )
    Info: + Micro clock to output delay of source is 1.400 ns
    Info: + Longest register to pin delay is 19.700 ns
        Info: 1: + IC(0.000 ns) + CELL(0.000 ns) = 0.000 ns; Loc. = LC7_H44; Fanout = 4; REG Node = 'TRAFFICLIGHT_FSM:inst|CURRENT_STATE.GREEN'
        Info: 2: + IC(2.700 ns) + CELL(2.700 ns) = 5.400 ns; Loc. = LC3_H43; Fanout = 5; COMB Node = 'TRAFFICLIGHT_FSM:inst|WideOr3~3'
        Info: 3: + IC(2.800 ns) + CELL(2.700 ns) = 10.900 ns; Loc. = LC1_H46; Fanout = 1; COMB Node = 'TRAFFICLIGHT_FSM:inst|WideOr3'
        Info: 4: + IC(3.800 ns) + CELL(5.000 ns) = 19.700 ns; Loc. = PIN_137; Fanout = 0; PIN Node = 'DEBUG_RST'
        Info: Total cell delay = 10.400 ns ( 52.79 % )
        Info: Total interconnect delay = 9.300 ns ( 47.21 % )
Info: th for register "TRAFFICLIGHT_FSM:inst|CURRENT_STATE.BLINK_TRANSITION" (data pin = "RST", clock pin = "CLK") is -1.500 ns
    Info: + Longest clock path from clock "CLK" to destination register is 15.400 ns
        Info: 1: + IC(0.000 ns) + CELL(2.900 ns) = 2.900 ns; Loc. = PIN_91; Fanout = 25; CLK Node = 'CLK'
        Info: 2: + IC(4.100 ns) + CELL(1.400 ns) = 8.400 ns; Loc. = LC1_F37; Fanout = 15; REG Node = 'CLK_GEN:inst10|CLK_1HZ_BFR'
        Info: 3: + IC(7.000 ns) + CELL(0.000 ns) = 15.400 ns; Loc. = LC1_H51; Fanout = 7; REG Node = 'TRAFFICLIGHT_FSM:inst|CURRENT_STATE.BLINK_TRANSITION'
        Info: Total cell delay = 4.300 ns ( 27.92 % )
        Info: Total interconnect delay = 11.100 ns ( 72.08 % )
    Info: + Micro hold delay of destination is 3.100 ns
    Info: - Shortest pin to register delay is 20.000 ns
        Info: 1: + IC(0.000 ns) + CELL(10.300 ns) = 10.300 ns; Loc. = PIN_28; Fanout = 11; PIN Node = 'RST'
        Info: 2: + IC(8.000 ns) + CELL(1.700 ns) = 20.000 ns; Loc. = LC1_H51; Fanout = 7; REG Node = 'TRAFFICLIGHT_FSM:inst|CURRENT_STATE.BLINK_TRANSITION'
        Info: Total cell delay = 12.000 ns ( 60.00 % )
        Info: Total interconnect delay = 8.000 ns ( 40.00 % )
Info: Quartus II Classic Timing Analyzer was successful. 0 errors, 2 warnings
    Info: Peak virtual memory: 173 megabytes
    Info: Processing ended: Fri Jan 24 19:31:46 2014
    Info: Elapsed time: 00:00:00
    Info: Total CPU time (on all processors): 00:00:00


