Analysis & Synthesis report for Project6
Fri Jan 24 19:31:42 2014
Quartus II Version 9.0 Build 235 06/17/2009 Service Pack 2 SJ Web Edition


---------------------
; Table of Contents ;
---------------------
  1. Legal Notice
  2. Analysis & Synthesis Summary
  3. Analysis & Synthesis Settings
  4. Analysis & Synthesis Source Files Read
  5. Analysis & Synthesis Resource Usage Summary
  6. Analysis & Synthesis Resource Utilization by Entity
  7. State Machine - |Project6|TRAFFICLIGHT_FSM2:inst11|CURRENT_STATE
  8. State Machine - |Project6|TRAFFICLIGHT_FSM:inst|CURRENT_STATE
  9. Registers Removed During Synthesis
 10. General Register Statistics
 11. Inverted Register Statistics
 12. Source assignments for CLK_GEN:inst10|lpm_add_sub:Add0|addcore:adder
 13. Parameter Settings for Inferred Entity Instance: CLK_GEN:inst10|lpm_add_sub:Add0
 14. Analysis & Synthesis Messages



----------------
; Legal Notice ;
----------------
Copyright (C) 1991-2009 Altera Corporation
Your use of Altera Corporation's design tools, logic functions 
and other software and tools, and its AMPP partner logic 
functions, and any output files from any of the foregoing 
(including device programming or simulation files), and any 
associated documentation or information are expressly subject 
to the terms and conditions of the Altera Program License 
Subscription Agreement, Altera MegaCore Function License 
Agreement, or other applicable license agreement, including, 
without limitation, that your use is for the sole purpose of 
programming logic devices manufactured by Altera and sold by 
Altera or its authorized distributors.  Please refer to the 
applicable agreement for further details.



+----------------------------------------------------------------------------+
; Analysis & Synthesis Summary                                               ;
+-----------------------------+----------------------------------------------+
; Analysis & Synthesis Status ; Successful - Fri Jan 24 19:31:42 2014        ;
; Quartus II Version          ; 9.0 Build 235 06/17/2009 SP 2 SJ Web Edition ;
; Revision Name               ; Project6                                     ;
; Top-level Entity Name       ; Project6                                     ;
; Family                      ; FLEX10K                                      ;
; Total logic elements        ; 78                                           ;
; Total pins                  ; 12                                           ;
; Total memory bits           ; 0                                            ;
+-----------------------------+----------------------------------------------+


+------------------------------------------------------------------------------------------------+
; Analysis & Synthesis Settings                                                                  ;
+--------------------------------------------------------------+-----------------+---------------+
; Option                                                       ; Setting         ; Default Value ;
+--------------------------------------------------------------+-----------------+---------------+
; Device                                                       ; EPF10K70RC240-4 ;               ;
; Top-level entity name                                        ; Project6        ; Project6      ;
; Family name                                                  ; FLEX10K         ; Stratix II    ;
; Use Generated Physical Constraints File                      ; Off             ;               ;
; Use smart compilation                                        ; Off             ; Off           ;
; Create Debugging Nodes for IP Cores                          ; Off             ; Off           ;
; Preserve fewer node names                                    ; On              ; On            ;
; Disable OpenCore Plus hardware evaluation                    ; Off             ; Off           ;
; Verilog Version                                              ; Verilog_2001    ; Verilog_2001  ;
; VHDL Version                                                 ; VHDL93          ; VHDL93        ;
; State Machine Processing                                     ; Auto            ; Auto          ;
; Safe State Machine                                           ; Off             ; Off           ;
; Extract Verilog State Machines                               ; On              ; On            ;
; Extract VHDL State Machines                                  ; On              ; On            ;
; Ignore Verilog initial constructs                            ; Off             ; Off           ;
; Iteration limit for constant Verilog loops                   ; 5000            ; 5000          ;
; Iteration limit for non-constant Verilog loops               ; 250             ; 250           ;
; Add Pass-Through Logic to Inferred RAMs                      ; On              ; On            ;
; Parallel Synthesis                                           ; Off             ; Off           ;
; NOT Gate Push-Back                                           ; On              ; On            ;
; Power-Up Don't Care                                          ; On              ; On            ;
; Remove Redundant Logic Cells                                 ; Off             ; Off           ;
; Remove Duplicate Registers                                   ; On              ; On            ;
; Ignore CARRY Buffers                                         ; Off             ; Off           ;
; Ignore CASCADE Buffers                                       ; Off             ; Off           ;
; Ignore GLOBAL Buffers                                        ; Off             ; Off           ;
; Ignore ROW GLOBAL Buffers                                    ; Off             ; Off           ;
; Ignore LCELL Buffers                                         ; Off             ; Off           ;
; Ignore SOFT Buffers                                          ; On              ; On            ;
; Limit AHDL Integers to 32 Bits                               ; Off             ; Off           ;
; Auto Implement in ROM                                        ; Off             ; Off           ;
; Optimization Technique                                       ; Area            ; Area          ;
; Carry Chain Length                                           ; 32              ; 32            ;
; Cascade Chain Length                                         ; 2               ; 2             ;
; Auto Carry Chains                                            ; On              ; On            ;
; Auto Open-Drain Pins                                         ; On              ; On            ;
; Auto ROM Replacement                                         ; On              ; On            ;
; Auto RAM Replacement                                         ; On              ; On            ;
; Auto Clock Enable Replacement                                ; On              ; On            ;
; Strict RAM Replacement                                       ; Off             ; Off           ;
; Auto Resource Sharing                                        ; Off             ; Off           ;
; Allow Any RAM Size For Recognition                           ; Off             ; Off           ;
; Allow Any ROM Size For Recognition                           ; Off             ; Off           ;
; Use LogicLock Constraints during Resource Balancing          ; On              ; On            ;
; Ignore translate_off and synthesis_off directives            ; Off             ; Off           ;
; Show Parameter Settings Tables in Synthesis Report           ; On              ; On            ;
; HDL message level                                            ; Level2          ; Level2        ;
; Suppress Register Optimization Related Messages              ; Off             ; Off           ;
; Number of Removed Registers Reported in Synthesis Report     ; 100             ; 100           ;
; Number of Inverted Registers Reported in Synthesis Report    ; 100             ; 100           ;
; Block Design Naming                                          ; Auto            ; Auto          ;
; Synthesis Effort                                             ; Auto            ; Auto          ;
; Shift Register Replacement - Allow Asynchronous Clear Signal ; On              ; On            ;
; Analysis & Synthesis Message Level                           ; Medium          ; Medium        ;
+--------------------------------------------------------------+-----------------+---------------+


+---------------------------------------------------------------------------------------------------------------------------------------------------------------+
; Analysis & Synthesis Source Files Read                                                                                                                        ;
+----------------------------------+-----------------+------------------------------------+---------------------------------------------------------------------+
; File Name with User-Entered Path ; Used in Netlist ; File Type                          ; File Name with Absolute Path                                        ;
+----------------------------------+-----------------+------------------------------------+---------------------------------------------------------------------+
; TRAFFICLIGHT_FSM.vhd             ; yes             ; User VHDL File                     ; C:/Github/Quartus_Projects/ENGN_4070_Project6/TRAFFICLIGHT_FSM.vhd  ;
; COUNTER.vhd                      ; yes             ; User VHDL File                     ; C:/Github/Quartus_Projects/ENGN_4070_Project6/COUNTER.vhd           ;
; Project6.bdf                     ; yes             ; User Block Diagram/Schematic File  ; C:/Github/Quartus_Projects/ENGN_4070_Project6/Project6.bdf          ;
; ONEHzCLK.vhd                     ; yes             ; User VHDL File                     ; C:/Github/Quartus_Projects/ENGN_4070_Project6/ONEHzCLK.vhd          ;
; TRAFFICLIGHT_FSM2.vhd            ; yes             ; User VHDL File                     ; C:/Github/Quartus_Projects/ENGN_4070_Project6/TRAFFICLIGHT_FSM2.vhd ;
; lpm_add_sub.tdf                  ; yes             ; Megafunction                       ; a:/90sp2/quartus/libraries/megafunctions/lpm_add_sub.tdf            ;
; addcore.inc                      ; yes             ; Megafunction                       ; a:/90sp2/quartus/libraries/megafunctions/addcore.inc                ;
; look_add.inc                     ; yes             ; Megafunction                       ; a:/90sp2/quartus/libraries/megafunctions/look_add.inc               ;
; bypassff.inc                     ; yes             ; Megafunction                       ; a:/90sp2/quartus/libraries/megafunctions/bypassff.inc               ;
; altshift.inc                     ; yes             ; Megafunction                       ; a:/90sp2/quartus/libraries/megafunctions/altshift.inc               ;
; alt_stratix_add_sub.inc          ; yes             ; Megafunction                       ; a:/90sp2/quartus/libraries/megafunctions/alt_stratix_add_sub.inc    ;
; alt_mercury_add_sub.inc          ; yes             ; Megafunction                       ; a:/90sp2/quartus/libraries/megafunctions/alt_mercury_add_sub.inc    ;
; aglobal90.inc                    ; yes             ; Megafunction                       ; a:/90sp2/quartus/libraries/megafunctions/aglobal90.inc              ;
; addcore.tdf                      ; yes             ; Megafunction                       ; a:/90sp2/quartus/libraries/megafunctions/addcore.tdf                ;
; a_csnbuffer.inc                  ; yes             ; Megafunction                       ; a:/90sp2/quartus/libraries/megafunctions/a_csnbuffer.inc            ;
; a_csnbuffer.tdf                  ; yes             ; Megafunction                       ; a:/90sp2/quartus/libraries/megafunctions/a_csnbuffer.tdf            ;
; altshift.tdf                     ; yes             ; Megafunction                       ; a:/90sp2/quartus/libraries/megafunctions/altshift.tdf               ;
+----------------------------------+-----------------+------------------------------------+---------------------------------------------------------------------+


+---------------------------------------------+
; Analysis & Synthesis Resource Usage Summary ;
+-----------------------------------+---------+
; Resource                          ; Usage   ;
+-----------------------------------+---------+
; Total logic elements              ; 78      ;
; Total combinational functions     ; 63      ;
;     -- Total 4-input functions    ; 15      ;
;     -- Total 3-input functions    ; 4       ;
;     -- Total 2-input functions    ; 18      ;
;     -- Total 1-input functions    ; 26      ;
;     -- Total 0-input functions    ; 0       ;
; Total registers                   ; 39      ;
; Total logic cells in carry chains ; 24      ;
; I/O pins                          ; 12      ;
; Maximum fan-out node              ; CLK     ;
; Maximum fan-out                   ; 25      ;
; Total fan-out                     ; 225     ;
; Average fan-out                   ; 2.50    ;
+-----------------------------------+---------+


+-------------------------------------------------------------------------------------------------------------------------------------------------------------------------------------------------------------------------------------------------------------------------------+
; Analysis & Synthesis Resource Utilization by Entity                                                                                                                                                                                                                           ;
+---------------------------------------+-------------+--------------+-------------+------+--------------+-------------------+------------------+-----------------+------------+---------------------------------------------------------------------------------+--------------+
; Compilation Hierarchy Node            ; Logic Cells ; LC Registers ; Memory Bits ; Pins ; LUT-Only LCs ; Register-Only LCs ; LUT/Register LCs ; Carry Chain LCs ; Packed LCs ; Full Hierarchy Name                                                             ; Library Name ;
+---------------------------------------+-------------+--------------+-------------+------+--------------+-------------------+------------------+-----------------+------------+---------------------------------------------------------------------------------+--------------+
; |Project6                             ; 78 (0)      ; 39           ; 0           ; 12   ; 39 (0)       ; 15 (0)            ; 24 (0)           ; 24 (0)          ; 0 (0)      ; |Project6                                                                       ; work         ;
;    |BEHAVIORAL_EX19B:inst1|           ; 4 (4)       ; 3            ; 0           ; 0    ; 1 (1)        ; 0 (0)             ; 3 (3)            ; 0 (0)           ; 0 (0)      ; |Project6|BEHAVIORAL_EX19B:inst1                                                ; work         ;
;    |CLK_GEN:inst10|                   ; 55 (32)     ; 25           ; 0           ; 0    ; 30 (7)       ; 14 (14)           ; 11 (11)          ; 24 (1)          ; 0 (0)      ; |Project6|CLK_GEN:inst10                                                        ; work         ;
;       |lpm_add_sub:Add0|              ; 23 (0)      ; 0            ; 0           ; 0    ; 23 (0)       ; 0 (0)             ; 0 (0)            ; 23 (0)          ; 0 (0)      ; |Project6|CLK_GEN:inst10|lpm_add_sub:Add0                                       ; work         ;
;          |addcore:adder|              ; 23 (1)      ; 0            ; 0           ; 0    ; 23 (1)       ; 0 (0)             ; 0 (0)            ; 23 (1)          ; 0 (0)      ; |Project6|CLK_GEN:inst10|lpm_add_sub:Add0|addcore:adder                         ; work         ;
;             |a_csnbuffer:result_node| ; 22 (22)     ; 0            ; 0           ; 0    ; 22 (22)      ; 0 (0)             ; 0 (0)            ; 22 (22)         ; 0 (0)      ; |Project6|CLK_GEN:inst10|lpm_add_sub:Add0|addcore:adder|a_csnbuffer:result_node ; work         ;
;    |TRAFFICLIGHT_FSM2:inst11|         ; 7 (7)       ; 4            ; 0           ; 0    ; 3 (3)        ; 0 (0)             ; 4 (4)            ; 0 (0)           ; 0 (0)      ; |Project6|TRAFFICLIGHT_FSM2:inst11                                              ; work         ;
;    |TRAFFICLIGHT_FSM:inst|            ; 12 (12)     ; 7            ; 0           ; 0    ; 5 (5)        ; 1 (1)             ; 6 (6)            ; 0 (0)           ; 0 (0)      ; |Project6|TRAFFICLIGHT_FSM:inst                                                 ; work         ;
+---------------------------------------+-------------+--------------+-------------+------+--------------+-------------------+------------------+-----------------+------------+---------------------------------------------------------------------------------+--------------+
Note: For table entries with two numbers listed, the numbers in parentheses indicate the number of resources of the given type used by the specific entity alone. The numbers listed outside of parentheses indicate the total resources of the given type used by the specific entity and all of its sub-entities in the hierarchy.


Encoding Type:  One-Hot
+----------------------------------------------------------------------------------------------------------------------------------------------------------------------------------------------+
; State Machine - |Project6|TRAFFICLIGHT_FSM2:inst11|CURRENT_STATE                                                                                                                             ;
+--------------------------------+--------------------------------+---------------------+--------------------------+--------------------------+-------------------+----------------------------+
; Name                           ; CURRENT_STATE.BLINK_TRANSITION ; CURRENT_STATE.GREEN ; CURRENT_STATE.YELLOW_R2G ; CURRENT_STATE.YELLOW_G2R ; CURRENT_STATE.RED ; CURRENT_STATE.BLINKING_RED ;
+--------------------------------+--------------------------------+---------------------+--------------------------+--------------------------+-------------------+----------------------------+
; CURRENT_STATE.BLINKING_RED     ; 0                              ; 0                   ; 0                        ; 0                        ; 0                 ; 0                          ;
; CURRENT_STATE.RED              ; 0                              ; 0                   ; 0                        ; 0                        ; 1                 ; 1                          ;
; CURRENT_STATE.YELLOW_G2R       ; 0                              ; 0                   ; 0                        ; 1                        ; 0                 ; 1                          ;
; CURRENT_STATE.YELLOW_R2G       ; 0                              ; 0                   ; 1                        ; 0                        ; 0                 ; 1                          ;
; CURRENT_STATE.GREEN            ; 0                              ; 1                   ; 0                        ; 0                        ; 0                 ; 1                          ;
; CURRENT_STATE.BLINK_TRANSITION ; 1                              ; 0                   ; 0                        ; 0                        ; 0                 ; 1                          ;
+--------------------------------+--------------------------------+---------------------+--------------------------+--------------------------+-------------------+----------------------------+


Encoding Type:  One-Hot
+----------------------------------------------------------------------------------------------------------------------------------------------------------------------------------------------+
; State Machine - |Project6|TRAFFICLIGHT_FSM:inst|CURRENT_STATE                                                                                                                                ;
+--------------------------------+--------------------------------+---------------------+--------------------------+--------------------------+-------------------+----------------------------+
; Name                           ; CURRENT_STATE.BLINK_TRANSITION ; CURRENT_STATE.GREEN ; CURRENT_STATE.YELLOW_R2G ; CURRENT_STATE.YELLOW_G2R ; CURRENT_STATE.RED ; CURRENT_STATE.BLINKING_RED ;
+--------------------------------+--------------------------------+---------------------+--------------------------+--------------------------+-------------------+----------------------------+
; CURRENT_STATE.BLINKING_RED     ; 0                              ; 0                   ; 0                        ; 0                        ; 0                 ; 0                          ;
; CURRENT_STATE.RED              ; 0                              ; 0                   ; 0                        ; 0                        ; 1                 ; 1                          ;
; CURRENT_STATE.YELLOW_G2R       ; 0                              ; 0                   ; 0                        ; 1                        ; 0                 ; 1                          ;
; CURRENT_STATE.YELLOW_R2G       ; 0                              ; 0                   ; 1                        ; 0                        ; 0                 ; 1                          ;
; CURRENT_STATE.GREEN            ; 0                              ; 1                   ; 0                        ; 0                        ; 0                 ; 1                          ;
; CURRENT_STATE.BLINK_TRANSITION ; 1                              ; 0                   ; 0                        ; 0                        ; 0                 ; 1                          ;
+--------------------------------+--------------------------------+---------------------+--------------------------+--------------------------+-------------------+----------------------------+


+----------------------------------------------------------------------------------------------------------------------------+
; Registers Removed During Synthesis                                                                                         ;
+---------------------------------------------------------+------------------------------------------------------------------+
; Register name                                           ; Reason for Removal                                               ;
+---------------------------------------------------------+------------------------------------------------------------------+
; TRAFFICLIGHT_FSM2:inst11|RED_STATE                      ; Merged with TRAFFICLIGHT_FSM:inst|RED_STATE                      ;
; TRAFFICLIGHT_FSM2:inst11|CURRENT_STATE.BLINKING_RED     ; Merged with TRAFFICLIGHT_FSM:inst|CURRENT_STATE.BLINKING_RED     ;
; TRAFFICLIGHT_FSM2:inst11|CURRENT_STATE.BLINK_TRANSITION ; Merged with TRAFFICLIGHT_FSM:inst|CURRENT_STATE.BLINK_TRANSITION ;
; Total Number of Removed Registers = 3                   ;                                                                  ;
+---------------------------------------------------------+------------------------------------------------------------------+


+------------------------------------------------------+
; General Register Statistics                          ;
+----------------------------------------------+-------+
; Statistic                                    ; Value ;
+----------------------------------------------+-------+
; Total registers                              ; 39    ;
; Number of registers using Synchronous Clear  ; 0     ;
; Number of registers using Synchronous Load   ; 0     ;
; Number of registers using Asynchronous Clear ; 0     ;
; Number of registers using Asynchronous Load  ; 0     ;
; Number of registers using Clock Enable       ; 2     ;
; Number of registers using Preset             ; 0     ;
+----------------------------------------------+-------+


+--------------------------------------------------+
; Inverted Register Statistics                     ;
+----------------------------------------+---------+
; Inverted Register                      ; Fan out ;
+----------------------------------------+---------+
; TRAFFICLIGHT_FSM:inst|RED_STATE        ; 3       ;
; Total number of inverted registers = 1 ;         ;
+----------------------------------------+---------+


+----------------------------------------------------------------------+
; Source assignments for CLK_GEN:inst10|lpm_add_sub:Add0|addcore:adder ;
+---------------------------+-------+------+---------------------------+
; Assignment                ; Value ; From ; To                        ;
+---------------------------+-------+------+---------------------------+
; SUPPRESS_DA_RULE_INTERNAL ; A103  ; -    ; -                         ;
+---------------------------+-------+------+---------------------------+


+----------------------------------------------------------------------------------+
; Parameter Settings for Inferred Entity Instance: CLK_GEN:inst10|lpm_add_sub:Add0 ;
+------------------------+-------------+-------------------------------------------+
; Parameter Name         ; Value       ; Type                                      ;
+------------------------+-------------+-------------------------------------------+
; LPM_WIDTH              ; 24          ; Untyped                                   ;
; LPM_REPRESENTATION     ; UNSIGNED    ; Untyped                                   ;
; LPM_DIRECTION          ; ADD         ; Untyped                                   ;
; ONE_INPUT_IS_CONSTANT  ; YES         ; Untyped                                   ;
; LPM_PIPELINE           ; 0           ; Untyped                                   ;
; MAXIMIZE_SPEED         ; 5           ; Untyped                                   ;
; REGISTERED_AT_END      ; 0           ; Untyped                                   ;
; OPTIMIZE_FOR_SPEED     ; 1           ; Untyped                                   ;
; USE_CS_BUFFERS         ; 1           ; Untyped                                   ;
; CARRY_CHAIN            ; MANUAL      ; Untyped                                   ;
; CARRY_CHAIN_LENGTH     ; 48          ; CARRY_CHAIN_LENGTH                        ;
; DEVICE_FAMILY          ; FLEX10K     ; Untyped                                   ;
; USE_WYS                ; OFF         ; Untyped                                   ;
; STYLE                  ; FAST        ; Untyped                                   ;
; CBXI_PARAMETER         ; add_sub_toh ; Untyped                                   ;
; AUTO_CARRY_CHAINS      ; ON          ; AUTO_CARRY                                ;
; IGNORE_CARRY_BUFFERS   ; OFF         ; IGNORE_CARRY                              ;
; AUTO_CASCADE_CHAINS    ; ON          ; AUTO_CASCADE                              ;
; IGNORE_CASCADE_BUFFERS ; OFF         ; IGNORE_CASCADE                            ;
+------------------------+-------------+-------------------------------------------+
Note: In order to hide this table in the UI and the text report file, please set the "Show Parameter Settings Tables in Synthesis Report" option in "Analysis and Synthesis Settings -> More Settings" to "Off".


+-------------------------------+
; Analysis & Synthesis Messages ;
+-------------------------------+
Info: *******************************************************************
Info: Running Quartus II Analysis & Synthesis
    Info: Version 9.0 Build 235 06/17/2009 Service Pack 2 SJ Web Edition
    Info: Processing started: Fri Jan 24 19:31:41 2014
Info: Command: quartus_map --read_settings_files=on --write_settings_files=off Project6 -c Project6
Info: Found 2 design units, including 1 entities, in source file TRAFFICLIGHT_FSM.vhd
    Info: Found design unit 1: TRAFFICLIGHT_FSM-BEHAVIORAL
    Info: Found entity 1: TRAFFICLIGHT_FSM
Info: Found 2 design units, including 1 entities, in source file COUNTER.vhd
    Info: Found design unit 1: BEHAVIORAL_EX19B-BEHAVIORAL
    Info: Found entity 1: BEHAVIORAL_EX19B
Info: Found 1 design units, including 1 entities, in source file Project6.bdf
    Info: Found entity 1: Project6
Info: Found 2 design units, including 1 entities, in source file ONEHzCLK.vhd
    Info: Found design unit 1: CLK_GEN-BEHAVIORAL
    Info: Found entity 1: CLK_GEN
Info: Found 2 design units, including 1 entities, in source file TRAFFICLIGHT_FSM2.vhd
    Info: Found design unit 1: TRAFFICLIGHT_FSM2-BEHAVIORAL
    Info: Found entity 1: TRAFFICLIGHT_FSM2
Info: Elaborating entity "Project6" for the top level hierarchy
Info: Elaborating entity "TRAFFICLIGHT_FSM" for hierarchy "TRAFFICLIGHT_FSM:inst"
Warning (10492): VHDL Process Statement warning at TRAFFICLIGHT_FSM.vhd(106): signal "RED_STATE" is read inside the Process Statement but isn't in the Process Statement's sensitivity list
Warning (10492): VHDL Process Statement warning at TRAFFICLIGHT_FSM.vhd(111): signal "RED_STATE" is read inside the Process Statement but isn't in the Process Statement's sensitivity list
Info: Elaborating entity "CLK_GEN" for hierarchy "CLK_GEN:inst10"
Info: Elaborating entity "BEHAVIORAL_EX19B" for hierarchy "BEHAVIORAL_EX19B:inst1"
Info: Elaborating entity "TRAFFICLIGHT_FSM2" for hierarchy "TRAFFICLIGHT_FSM2:inst11"
Warning (10492): VHDL Process Statement warning at TRAFFICLIGHT_FSM2.vhd(104): signal "RED_STATE" is read inside the Process Statement but isn't in the Process Statement's sensitivity list
Warning (10492): VHDL Process Statement warning at TRAFFICLIGHT_FSM2.vhd(109): signal "RED_STATE" is read inside the Process Statement but isn't in the Process Statement's sensitivity list
Info: Inferred 1 megafunctions from design logic
    Info: Inferred adder/subtractor megafunction ("lpm_add_sub") from the following logic: "CLK_GEN:inst10|Add0"
Info: Elaborated megafunction instantiation "CLK_GEN:inst10|lpm_add_sub:Add0"
Info: Instantiated megafunction "CLK_GEN:inst10|lpm_add_sub:Add0" with the following parameter:
    Info: Parameter "LPM_WIDTH" = "24"
    Info: Parameter "LPM_DIRECTION" = "ADD"
    Info: Parameter "LPM_REPRESENTATION" = "UNSIGNED"
    Info: Parameter "ONE_INPUT_IS_CONSTANT" = "YES"
Info: Elaborated megafunction instantiation "CLK_GEN:inst10|lpm_add_sub:Add0|addcore:adder", which is child of megafunction instantiation "CLK_GEN:inst10|lpm_add_sub:Add0"
Info: Elaborated megafunction instantiation "CLK_GEN:inst10|lpm_add_sub:Add0|addcore:adder|a_csnbuffer:oflow_node", which is child of megafunction instantiation "CLK_GEN:inst10|lpm_add_sub:Add0"
Info: Elaborated megafunction instantiation "CLK_GEN:inst10|lpm_add_sub:Add0|addcore:adder|a_csnbuffer:result_node", which is child of megafunction instantiation "CLK_GEN:inst10|lpm_add_sub:Add0"
Info: Elaborated megafunction instantiation "CLK_GEN:inst10|lpm_add_sub:Add0|altshift:result_ext_latency_ffs", which is child of megafunction instantiation "CLK_GEN:inst10|lpm_add_sub:Add0"
Info: Elaborated megafunction instantiation "CLK_GEN:inst10|lpm_add_sub:Add0|altshift:carry_ext_latency_ffs", which is child of megafunction instantiation "CLK_GEN:inst10|lpm_add_sub:Add0"
Info: Implemented 90 device resources after synthesis - the final resource count might be different
    Info: Implemented 2 input pins
    Info: Implemented 10 output pins
    Info: Implemented 78 logic cells
Info: Quartus II Analysis & Synthesis was successful. 0 errors, 4 warnings
    Info: Peak virtual memory: 237 megabytes
    Info: Processing ended: Fri Jan 24 19:31:42 2014
    Info: Elapsed time: 00:00:01
    Info: Total CPU time (on all processors): 00:00:01


