Analysis & Synthesis report for Project4
Thu Jan 16 18:28:13 2014
Quartus II Version 9.0 Build 235 06/17/2009 Service Pack 2 SJ Web Edition


---------------------
; Table of Contents ;
---------------------
  1. Legal Notice
  2. Analysis & Synthesis Summary
  3. Analysis & Synthesis Settings
  4. Analysis & Synthesis Source Files Read
  5. Analysis & Synthesis Resource Usage Summary
  6. Analysis & Synthesis Resource Utilization by Entity
  7. General Register Statistics
  8. Inverted Register Statistics
  9. Source assignments for ALARM:inst1|lpm_add_sub:Add0|addcore:adder
 10. Source assignments for CLK_GEN:inst21|lpm_add_sub:Add0|addcore:adder
 11. Parameter Settings for Inferred Entity Instance: ALARM:inst1|lpm_add_sub:Add0
 12. Parameter Settings for Inferred Entity Instance: CLK_GEN:inst21|lpm_add_sub:Add0
 13. Analysis & Synthesis Messages



----------------
; Legal Notice ;
----------------
Copyright (C) 1991-2009 Altera Corporation
Your use of Altera Corporation's design tools, logic functions 
and other software and tools, and its AMPP partner logic 
functions, and any output files from any of the foregoing 
(including device programming or simulation files), and any 
associated documentation or information are expressly subject 
to the terms and conditions of the Altera Program License 
Subscription Agreement, Altera MegaCore Function License 
Agreement, or other applicable license agreement, including, 
without limitation, that your use is for the sole purpose of 
programming logic devices manufactured by Altera and sold by 
Altera or its authorized distributors.  Please refer to the 
applicable agreement for further details.



+----------------------------------------------------------------------------+
; Analysis & Synthesis Summary                                               ;
+-----------------------------+----------------------------------------------+
; Analysis & Synthesis Status ; Successful - Thu Jan 16 18:28:13 2014        ;
; Quartus II Version          ; 9.0 Build 235 06/17/2009 SP 2 SJ Web Edition ;
; Revision Name               ; Project4                                     ;
; Top-level Entity Name       ; Project4_FLEX                                ;
; Family                      ; FLEX10K                                      ;
; Total logic elements        ; 135                                          ;
; Total pins                  ; 35                                           ;
; Total memory bits           ; 0                                            ;
+-----------------------------+----------------------------------------------+


+------------------------------------------------------------------------------------------------+
; Analysis & Synthesis Settings                                                                  ;
+--------------------------------------------------------------+-----------------+---------------+
; Option                                                       ; Setting         ; Default Value ;
+--------------------------------------------------------------+-----------------+---------------+
; Device                                                       ; EPF10K70RC240-4 ;               ;
; Top-level entity name                                        ; Project4_FLEX   ; Project4      ;
; Family name                                                  ; FLEX10K         ; Stratix II    ;
; Use Generated Physical Constraints File                      ; Off             ;               ;
; Use smart compilation                                        ; Off             ; Off           ;
; Create Debugging Nodes for IP Cores                          ; Off             ; Off           ;
; Preserve fewer node names                                    ; On              ; On            ;
; Disable OpenCore Plus hardware evaluation                    ; Off             ; Off           ;
; Verilog Version                                              ; Verilog_2001    ; Verilog_2001  ;
; VHDL Version                                                 ; VHDL93          ; VHDL93        ;
; State Machine Processing                                     ; Auto            ; Auto          ;
; Safe State Machine                                           ; Off             ; Off           ;
; Extract Verilog State Machines                               ; On              ; On            ;
; Extract VHDL State Machines                                  ; On              ; On            ;
; Ignore Verilog initial constructs                            ; Off             ; Off           ;
; Iteration limit for constant Verilog loops                   ; 5000            ; 5000          ;
; Iteration limit for non-constant Verilog loops               ; 250             ; 250           ;
; Add Pass-Through Logic to Inferred RAMs                      ; On              ; On            ;
; Parallel Synthesis                                           ; Off             ; Off           ;
; NOT Gate Push-Back                                           ; On              ; On            ;
; Power-Up Don't Care                                          ; On              ; On            ;
; Remove Redundant Logic Cells                                 ; Off             ; Off           ;
; Remove Duplicate Registers                                   ; On              ; On            ;
; Ignore CARRY Buffers                                         ; Off             ; Off           ;
; Ignore CASCADE Buffers                                       ; Off             ; Off           ;
; Ignore GLOBAL Buffers                                        ; Off             ; Off           ;
; Ignore ROW GLOBAL Buffers                                    ; Off             ; Off           ;
; Ignore LCELL Buffers                                         ; Off             ; Off           ;
; Ignore SOFT Buffers                                          ; On              ; On            ;
; Limit AHDL Integers to 32 Bits                               ; Off             ; Off           ;
; Auto Implement in ROM                                        ; Off             ; Off           ;
; Optimization Technique                                       ; Area            ; Area          ;
; Carry Chain Length                                           ; 32              ; 32            ;
; Cascade Chain Length                                         ; 2               ; 2             ;
; Auto Carry Chains                                            ; On              ; On            ;
; Auto Open-Drain Pins                                         ; On              ; On            ;
; Auto ROM Replacement                                         ; On              ; On            ;
; Auto RAM Replacement                                         ; On              ; On            ;
; Auto Clock Enable Replacement                                ; On              ; On            ;
; Strict RAM Replacement                                       ; Off             ; Off           ;
; Auto Resource Sharing                                        ; Off             ; Off           ;
; Allow Any RAM Size For Recognition                           ; Off             ; Off           ;
; Allow Any ROM Size For Recognition                           ; Off             ; Off           ;
; Use LogicLock Constraints during Resource Balancing          ; On              ; On            ;
; Ignore translate_off and synthesis_off directives            ; Off             ; Off           ;
; Show Parameter Settings Tables in Synthesis Report           ; On              ; On            ;
; HDL message level                                            ; Level2          ; Level2        ;
; Suppress Register Optimization Related Messages              ; Off             ; Off           ;
; Number of Removed Registers Reported in Synthesis Report     ; 100             ; 100           ;
; Number of Inverted Registers Reported in Synthesis Report    ; 100             ; 100           ;
; Block Design Naming                                          ; Auto            ; Auto          ;
; Synthesis Effort                                             ; Auto            ; Auto          ;
; Shift Register Replacement - Allow Asynchronous Clear Signal ; On              ; On            ;
; Analysis & Synthesis Message Level                           ; Medium          ; Medium        ;
+--------------------------------------------------------------+-----------------+---------------+


+------------------------------------------------------------------------------------------------------------------------------------------------------------+
; Analysis & Synthesis Source Files Read                                                                                                                     ;
+----------------------------------+-----------------+------------------------------------+------------------------------------------------------------------+
; File Name with User-Entered Path ; Used in Netlist ; File Type                          ; File Name with Absolute Path                                     ;
+----------------------------------+-----------------+------------------------------------+------------------------------------------------------------------+
; SevenSegToNine.vhd               ; yes             ; User VHDL File                     ; C:/Github/Quartus_Projects/ENGN_4070_Project5/SevenSegToNine.vhd ;
; UP_CNT_TO_NINE.vhd               ; yes             ; User VHDL File                     ; C:/Github/Quartus_Projects/ENGN_4070_Project5/UP_CNT_TO_NINE.vhd ;
; Project4_FLEX.bdf                ; yes             ; User Block Diagram/Schematic File  ; C:/Github/Quartus_Projects/ENGN_4070_Project5/Project4_FLEX.bdf  ;
; UP_CNT_TO_FIVE.vhd               ; yes             ; User VHDL File                     ; C:/Github/Quartus_Projects/ENGN_4070_Project5/UP_CNT_TO_FIVE.vhd ;
; CLK_GEN.vhd                      ; yes             ; User VHDL File                     ; C:/Github/Quartus_Projects/ENGN_4070_Project5/CLK_GEN.vhd        ;
; Alarm.vhdl                       ; yes             ; User VHDL File                     ; C:/Github/Quartus_Projects/ENGN_4070_Project5/Alarm.vhdl         ;
; lpm_add_sub.tdf                  ; yes             ; Megafunction                       ; a:/90sp2/quartus/libraries/megafunctions/lpm_add_sub.tdf         ;
; addcore.inc                      ; yes             ; Megafunction                       ; a:/90sp2/quartus/libraries/megafunctions/addcore.inc             ;
; look_add.inc                     ; yes             ; Megafunction                       ; a:/90sp2/quartus/libraries/megafunctions/look_add.inc            ;
; bypassff.inc                     ; yes             ; Megafunction                       ; a:/90sp2/quartus/libraries/megafunctions/bypassff.inc            ;
; altshift.inc                     ; yes             ; Megafunction                       ; a:/90sp2/quartus/libraries/megafunctions/altshift.inc            ;
; alt_stratix_add_sub.inc          ; yes             ; Megafunction                       ; a:/90sp2/quartus/libraries/megafunctions/alt_stratix_add_sub.inc ;
; alt_mercury_add_sub.inc          ; yes             ; Megafunction                       ; a:/90sp2/quartus/libraries/megafunctions/alt_mercury_add_sub.inc ;
; aglobal90.inc                    ; yes             ; Megafunction                       ; a:/90sp2/quartus/libraries/megafunctions/aglobal90.inc           ;
; addcore.tdf                      ; yes             ; Megafunction                       ; a:/90sp2/quartus/libraries/megafunctions/addcore.tdf             ;
; a_csnbuffer.inc                  ; yes             ; Megafunction                       ; a:/90sp2/quartus/libraries/megafunctions/a_csnbuffer.inc         ;
; a_csnbuffer.tdf                  ; yes             ; Megafunction                       ; a:/90sp2/quartus/libraries/megafunctions/a_csnbuffer.tdf         ;
; altshift.tdf                     ; yes             ; Megafunction                       ; a:/90sp2/quartus/libraries/megafunctions/altshift.tdf            ;
+----------------------------------+-----------------+------------------------------------+------------------------------------------------------------------+


+----------------------------------------------------------------+
; Analysis & Synthesis Resource Usage Summary                    ;
+-----------------------------------+----------------------------+
; Resource                          ; Usage                      ;
+-----------------------------------+----------------------------+
; Total logic elements              ; 135                        ;
; Total combinational functions     ; 108                        ;
;     -- Total 4-input functions    ; 46                         ;
;     -- Total 3-input functions    ; 9                          ;
;     -- Total 2-input functions    ; 17                         ;
;     -- Total 1-input functions    ; 36                         ;
;     -- Total 0-input functions    ; 0                          ;
; Total registers                   ; 54                         ;
; Total logic cells in carry chains ; 31                         ;
; I/O pins                          ; 35                         ;
; Maximum fan-out node              ; CLK_GEN:inst21|CLK_1HZ_BFR ;
; Maximum fan-out                   ; 30                         ;
; Total fan-out                     ; 479                        ;
; Average fan-out                   ; 2.82                       ;
+-----------------------------------+----------------------------+


+------------------------------------------------------------------------------------------------------------------------------------------------------------------------------------------------------------------------------------------------------------------------------------+
; Analysis & Synthesis Resource Utilization by Entity                                                                                                                                                                                                                                ;
+---------------------------------------+-------------+--------------+-------------+------+--------------+-------------------+------------------+-----------------+------------+--------------------------------------------------------------------------------------+--------------+
; Compilation Hierarchy Node            ; Logic Cells ; LC Registers ; Memory Bits ; Pins ; LUT-Only LCs ; Register-Only LCs ; LUT/Register LCs ; Carry Chain LCs ; Packed LCs ; Full Hierarchy Name                                                                  ; Library Name ;
+---------------------------------------+-------------+--------------+-------------+------+--------------+-------------------+------------------+-----------------+------------+--------------------------------------------------------------------------------------+--------------+
; |Project4_FLEX                        ; 135 (2)     ; 54           ; 0           ; 35   ; 81 (2)       ; 27 (0)            ; 27 (0)           ; 31 (0)          ; 0 (0)      ; |Project4_FLEX                                                                       ; work         ;
;    |ALARM:inst1|                      ; 34 (27)     ; 10           ; 0           ; 0    ; 24 (17)      ; 7 (7)             ; 3 (3)            ; 7 (0)           ; 0 (0)      ; |Project4_FLEX|ALARM:inst1                                                           ; work         ;
;       |lpm_add_sub:Add0|              ; 7 (0)       ; 0            ; 0           ; 0    ; 7 (0)        ; 0 (0)             ; 0 (0)            ; 7 (0)           ; 0 (0)      ; |Project4_FLEX|ALARM:inst1|lpm_add_sub:Add0                                          ; work         ;
;          |addcore:adder|              ; 7 (1)       ; 0            ; 0           ; 0    ; 7 (1)        ; 0 (0)             ; 0 (0)            ; 7 (1)           ; 0 (0)      ; |Project4_FLEX|ALARM:inst1|lpm_add_sub:Add0|addcore:adder                            ; work         ;
;             |a_csnbuffer:result_node| ; 6 (6)       ; 0            ; 0           ; 0    ; 6 (6)        ; 0 (0)             ; 0 (0)            ; 6 (6)           ; 0 (0)      ; |Project4_FLEX|ALARM:inst1|lpm_add_sub:Add0|addcore:adder|a_csnbuffer:result_node    ; work         ;
;    |CLK_GEN:inst21|                   ; 55 (32)     ; 25           ; 0           ; 0    ; 30 (7)       ; 14 (14)           ; 11 (11)          ; 24 (1)          ; 0 (0)      ; |Project4_FLEX|CLK_GEN:inst21                                                        ; work         ;
;       |lpm_add_sub:Add0|              ; 23 (0)      ; 0            ; 0           ; 0    ; 23 (0)       ; 0 (0)             ; 0 (0)            ; 23 (0)          ; 0 (0)      ; |Project4_FLEX|CLK_GEN:inst21|lpm_add_sub:Add0                                       ; work         ;
;          |addcore:adder|              ; 23 (1)      ; 0            ; 0           ; 0    ; 23 (1)       ; 0 (0)             ; 0 (0)            ; 23 (1)          ; 0 (0)      ; |Project4_FLEX|CLK_GEN:inst21|lpm_add_sub:Add0|addcore:adder                         ; work         ;
;             |a_csnbuffer:result_node| ; 22 (22)     ; 0            ; 0           ; 0    ; 22 (22)      ; 0 (0)             ; 0 (0)            ; 22 (22)         ; 0 (0)      ; |Project4_FLEX|CLK_GEN:inst21|lpm_add_sub:Add0|addcore:adder|a_csnbuffer:result_node ; work         ;
;    |SEVENSEGTONINE:inst18|            ; 7 (7)       ; 0            ; 0           ; 0    ; 7 (7)        ; 0 (0)             ; 0 (0)            ; 0 (0)           ; 0 (0)      ; |Project4_FLEX|SEVENSEGTONINE:inst18                                                 ; work         ;
;    |SEVENSEGTONINE:inst19|            ; 7 (7)       ; 0            ; 0           ; 0    ; 7 (7)        ; 0 (0)             ; 0 (0)            ; 0 (0)           ; 0 (0)      ; |Project4_FLEX|SEVENSEGTONINE:inst19                                                 ; work         ;
;    |UP_CNT_TO_FIVE:inst11|            ; 9 (9)       ; 5            ; 0           ; 0    ; 4 (4)        ; 3 (3)             ; 2 (2)            ; 0 (0)           ; 0 (0)      ; |Project4_FLEX|UP_CNT_TO_FIVE:inst11                                                 ; work         ;
;    |UP_CNT_TO_FIVE:inst13|            ; 7 (7)       ; 4            ; 0           ; 0    ; 3 (3)        ; 0 (0)             ; 4 (4)            ; 0 (0)           ; 0 (0)      ; |Project4_FLEX|UP_CNT_TO_FIVE:inst13                                                 ; work         ;
;    |UP_CNT_TO_NINE:inst12|            ; 9 (9)       ; 5            ; 0           ; 0    ; 4 (4)        ; 3 (3)             ; 2 (2)            ; 0 (0)           ; 0 (0)      ; |Project4_FLEX|UP_CNT_TO_NINE:inst12                                                 ; work         ;
;    |UP_CNT_TO_NINE:inst|              ; 5 (5)       ; 5            ; 0           ; 0    ; 0 (0)        ; 0 (0)             ; 5 (5)            ; 0 (0)           ; 0 (0)      ; |Project4_FLEX|UP_CNT_TO_NINE:inst                                                   ; work         ;
+---------------------------------------+-------------+--------------+-------------+------+--------------+-------------------+------------------+-----------------+------------+--------------------------------------------------------------------------------------+--------------+
Note: For table entries with two numbers listed, the numbers in parentheses indicate the number of resources of the given type used by the specific entity alone. The numbers listed outside of parentheses indicate the total resources of the given type used by the specific entity and all of its sub-entities in the hierarchy.


+------------------------------------------------------+
; General Register Statistics                          ;
+----------------------------------------------+-------+
; Statistic                                    ; Value ;
+----------------------------------------------+-------+
; Total registers                              ; 54    ;
; Number of registers using Synchronous Clear  ; 0     ;
; Number of registers using Synchronous Load   ; 0     ;
; Number of registers using Asynchronous Clear ; 29    ;
; Number of registers using Asynchronous Load  ; 0     ;
; Number of registers using Clock Enable       ; 23    ;
; Number of registers using Preset             ; 0     ;
+----------------------------------------------+-------+


+--------------------------------------------------+
; Inverted Register Statistics                     ;
+----------------------------------------+---------+
; Inverted Register                      ; Fan out ;
+----------------------------------------+---------+
; ALARM:inst1|CURRENT_STATE              ; 2       ;
; Total number of inverted registers = 1 ;         ;
+----------------------------------------+---------+


+-------------------------------------------------------------------+
; Source assignments for ALARM:inst1|lpm_add_sub:Add0|addcore:adder ;
+---------------------------+-------+------+------------------------+
; Assignment                ; Value ; From ; To                     ;
+---------------------------+-------+------+------------------------+
; SUPPRESS_DA_RULE_INTERNAL ; A103  ; -    ; -                      ;
+---------------------------+-------+------+------------------------+


+----------------------------------------------------------------------+
; Source assignments for CLK_GEN:inst21|lpm_add_sub:Add0|addcore:adder ;
+---------------------------+-------+------+---------------------------+
; Assignment                ; Value ; From ; To                        ;
+---------------------------+-------+------+---------------------------+
; SUPPRESS_DA_RULE_INTERNAL ; A103  ; -    ; -                         ;
+---------------------------+-------+------+---------------------------+


+-------------------------------------------------------------------------------+
; Parameter Settings for Inferred Entity Instance: ALARM:inst1|lpm_add_sub:Add0 ;
+------------------------+-------------+----------------------------------------+
; Parameter Name         ; Value       ; Type                                   ;
+------------------------+-------------+----------------------------------------+
; LPM_WIDTH              ; 8           ; Untyped                                ;
; LPM_REPRESENTATION     ; UNSIGNED    ; Untyped                                ;
; LPM_DIRECTION          ; ADD         ; Untyped                                ;
; ONE_INPUT_IS_CONSTANT  ; YES         ; Untyped                                ;
; LPM_PIPELINE           ; 0           ; Untyped                                ;
; MAXIMIZE_SPEED         ; 5           ; Untyped                                ;
; REGISTERED_AT_END      ; 0           ; Untyped                                ;
; OPTIMIZE_FOR_SPEED     ; 1           ; Untyped                                ;
; USE_CS_BUFFERS         ; 1           ; Untyped                                ;
; CARRY_CHAIN            ; MANUAL      ; Untyped                                ;
; CARRY_CHAIN_LENGTH     ; 48          ; CARRY_CHAIN_LENGTH                     ;
; DEVICE_FAMILY          ; FLEX10K     ; Untyped                                ;
; USE_WYS                ; OFF         ; Untyped                                ;
; STYLE                  ; FAST        ; Untyped                                ;
; CBXI_PARAMETER         ; add_sub_fnh ; Untyped                                ;
; AUTO_CARRY_CHAINS      ; ON          ; AUTO_CARRY                             ;
; IGNORE_CARRY_BUFFERS   ; OFF         ; IGNORE_CARRY                           ;
; AUTO_CASCADE_CHAINS    ; ON          ; AUTO_CASCADE                           ;
; IGNORE_CASCADE_BUFFERS ; OFF         ; IGNORE_CASCADE                         ;
+------------------------+-------------+----------------------------------------+
Note: In order to hide this table in the UI and the text report file, please set the "Show Parameter Settings Tables in Synthesis Report" option in "Analysis and Synthesis Settings -> More Settings" to "Off".


+----------------------------------------------------------------------------------+
; Parameter Settings for Inferred Entity Instance: CLK_GEN:inst21|lpm_add_sub:Add0 ;
+------------------------+-------------+-------------------------------------------+
; Parameter Name         ; Value       ; Type                                      ;
+------------------------+-------------+-------------------------------------------+
; LPM_WIDTH              ; 24          ; Untyped                                   ;
; LPM_REPRESENTATION     ; UNSIGNED    ; Untyped                                   ;
; LPM_DIRECTION          ; ADD         ; Untyped                                   ;
; ONE_INPUT_IS_CONSTANT  ; YES         ; Untyped                                   ;
; LPM_PIPELINE           ; 0           ; Untyped                                   ;
; MAXIMIZE_SPEED         ; 5           ; Untyped                                   ;
; REGISTERED_AT_END      ; 0           ; Untyped                                   ;
; OPTIMIZE_FOR_SPEED     ; 1           ; Untyped                                   ;
; USE_CS_BUFFERS         ; 1           ; Untyped                                   ;
; CARRY_CHAIN            ; MANUAL      ; Untyped                                   ;
; CARRY_CHAIN_LENGTH     ; 48          ; CARRY_CHAIN_LENGTH                        ;
; DEVICE_FAMILY          ; FLEX10K     ; Untyped                                   ;
; USE_WYS                ; OFF         ; Untyped                                   ;
; STYLE                  ; FAST        ; Untyped                                   ;
; CBXI_PARAMETER         ; add_sub_toh ; Untyped                                   ;
; AUTO_CARRY_CHAINS      ; ON          ; AUTO_CARRY                                ;
; IGNORE_CARRY_BUFFERS   ; OFF         ; IGNORE_CARRY                              ;
; AUTO_CASCADE_CHAINS    ; ON          ; AUTO_CASCADE                              ;
; IGNORE_CASCADE_BUFFERS ; OFF         ; IGNORE_CASCADE                            ;
+------------------------+-------------+-------------------------------------------+
Note: In order to hide this table in the UI and the text report file, please set the "Show Parameter Settings Tables in Synthesis Report" option in "Analysis and Synthesis Settings -> More Settings" to "Off".


+-------------------------------+
; Analysis & Synthesis Messages ;
+-------------------------------+
Info: *******************************************************************
Info: Running Quartus II Analysis & Synthesis
    Info: Version 9.0 Build 235 06/17/2009 Service Pack 2 SJ Web Edition
    Info: Processing started: Thu Jan 16 18:28:12 2014
Info: Command: quartus_map --read_settings_files=on --write_settings_files=off Project4 -c Project4
Info: Found 2 design units, including 1 entities, in source file SevenSegToNine.vhd
    Info: Found design unit 1: SEVENSEGTONINE-BEHAVIORAL
    Info: Found entity 1: SEVENSEGTONINE
Info: Found 2 design units, including 1 entities, in source file UP_CNT_TO_NINE.vhd
    Info: Found design unit 1: UP_CNT_TO_NINE-BEHAVIORAL
    Info: Found entity 1: UP_CNT_TO_NINE
Info: Found 1 design units, including 1 entities, in source file Project4_FLEX.bdf
    Info: Found entity 1: Project4_FLEX
Info: Found 2 design units, including 1 entities, in source file UP_CNT_TO_FIVE.vhd
    Info: Found design unit 1: UP_CNT_TO_FIVE-BEHAVIORAL
    Info: Found entity 1: UP_CNT_TO_FIVE
Info: Found 2 design units, including 1 entities, in source file CLK_GEN.vhd
    Info: Found design unit 1: CLK_GEN-BEHAVIORAL
    Info: Found entity 1: CLK_GEN
Warning: Can't analyze file -- file C:/Github/Quartus_Projects/ENGN_4070_Project5/Alarm.v is missing
Info: Found 2 design units, including 1 entities, in source file Alarm.vhdl
    Info: Found design unit 1: ALARM-BEHAVIORAL
    Info: Found entity 1: ALARM
Info: Elaborating entity "Project4_FLEX" for the top level hierarchy
Info: Elaborating entity "ALARM" for hierarchy "ALARM:inst1"
Warning (10542): VHDL Variable Declaration warning at Alarm.vhdl(30): used initial value expression for variable "MAX_COUNT" because variable was never assigned a value
Warning (10492): VHDL Process Statement warning at Alarm.vhdl(53): signal "CURRENT_STATE" is read inside the Process Statement but isn't in the Process Statement's sensitivity list
Info: Elaborating entity "CLK_GEN" for hierarchy "CLK_GEN:inst21"
Info: Elaborating entity "UP_CNT_TO_NINE" for hierarchy "UP_CNT_TO_NINE:inst"
Warning (10492): VHDL Process Statement warning at UP_CNT_TO_NINE.vhd(38): signal "ENABLE_Y" is read inside the Process Statement but isn't in the Process Statement's sensitivity list
Info: Elaborating entity "UP_CNT_TO_FIVE" for hierarchy "UP_CNT_TO_FIVE:inst11"
Warning (10492): VHDL Process Statement warning at UP_CNT_TO_FIVE.vhd(37): signal "ENABLE_Y" is read inside the Process Statement but isn't in the Process Statement's sensitivity list
Info: Elaborating entity "SEVENSEGTONINE" for hierarchy "SEVENSEGTONINE:inst18"
Info: Inferred 2 megafunctions from design logic
    Info: Inferred adder/subtractor megafunction ("lpm_add_sub") from the following logic: "ALARM:inst1|Add0"
    Info: Inferred adder/subtractor megafunction ("lpm_add_sub") from the following logic: "CLK_GEN:inst21|Add0"
Info: Elaborated megafunction instantiation "ALARM:inst1|lpm_add_sub:Add0"
Info: Instantiated megafunction "ALARM:inst1|lpm_add_sub:Add0" with the following parameter:
    Info: Parameter "LPM_WIDTH" = "8"
    Info: Parameter "LPM_DIRECTION" = "ADD"
    Info: Parameter "LPM_REPRESENTATION" = "UNSIGNED"
    Info: Parameter "ONE_INPUT_IS_CONSTANT" = "YES"
Info: Elaborated megafunction instantiation "ALARM:inst1|lpm_add_sub:Add0|addcore:adder", which is child of megafunction instantiation "ALARM:inst1|lpm_add_sub:Add0"
Info: Elaborated megafunction instantiation "ALARM:inst1|lpm_add_sub:Add0|addcore:adder|a_csnbuffer:oflow_node", which is child of megafunction instantiation "ALARM:inst1|lpm_add_sub:Add0"
Info: Elaborated megafunction instantiation "ALARM:inst1|lpm_add_sub:Add0|addcore:adder|a_csnbuffer:result_node", which is child of megafunction instantiation "ALARM:inst1|lpm_add_sub:Add0"
Info: Elaborated megafunction instantiation "ALARM:inst1|lpm_add_sub:Add0|altshift:result_ext_latency_ffs", which is child of megafunction instantiation "ALARM:inst1|lpm_add_sub:Add0"
Info: Elaborated megafunction instantiation "ALARM:inst1|lpm_add_sub:Add0|altshift:carry_ext_latency_ffs", which is child of megafunction instantiation "ALARM:inst1|lpm_add_sub:Add0"
Info: Elaborated megafunction instantiation "CLK_GEN:inst21|lpm_add_sub:Add0"
Info: Instantiated megafunction "CLK_GEN:inst21|lpm_add_sub:Add0" with the following parameter:
    Info: Parameter "LPM_WIDTH" = "24"
    Info: Parameter "LPM_DIRECTION" = "ADD"
    Info: Parameter "LPM_REPRESENTATION" = "UNSIGNED"
    Info: Parameter "ONE_INPUT_IS_CONSTANT" = "YES"
Info: Elaborated megafunction instantiation "CLK_GEN:inst21|lpm_add_sub:Add0|addcore:adder", which is child of megafunction instantiation "CLK_GEN:inst21|lpm_add_sub:Add0"
Info: Elaborated megafunction instantiation "CLK_GEN:inst21|lpm_add_sub:Add0|addcore:adder|a_csnbuffer:oflow_node", which is child of megafunction instantiation "CLK_GEN:inst21|lpm_add_sub:Add0"
Info: Elaborated megafunction instantiation "CLK_GEN:inst21|lpm_add_sub:Add0|addcore:adder|a_csnbuffer:result_node", which is child of megafunction instantiation "CLK_GEN:inst21|lpm_add_sub:Add0"
Info: Elaborated megafunction instantiation "CLK_GEN:inst21|lpm_add_sub:Add0|altshift:result_ext_latency_ffs", which is child of megafunction instantiation "CLK_GEN:inst21|lpm_add_sub:Add0"
Warning: Output pins are stuck at VCC or GND
    Warning (13410): Pin "SS1[1]" is stuck at VCC
    Warning (13410): Pin "SS2[1]" is stuck at VCC
Info: Registers with preset signals will power-up high
Info: Implemented 170 device resources after synthesis - the final resource count might be different
    Info: Implemented 2 input pins
    Info: Implemented 33 output pins
    Info: Implemented 135 logic cells
Info: Quartus II Analysis & Synthesis was successful. 0 errors, 8 warnings
    Info: Peak virtual memory: 237 megabytes
    Info: Processing ended: Thu Jan 16 18:28:13 2014
    Info: Elapsed time: 00:00:01
    Info: Total CPU time (on all processors): 00:00:01


