Flow report for Project4
Thu Jan 16 18:28:18 2014
Quartus II Version 9.0 Build 235 06/17/2009 Service Pack 2 SJ Web Edition


---------------------
; Table of Contents ;
---------------------
  1. Legal Notice
  2. Flow Summary
  3. Flow Settings
  4. Flow Non-Default Global Settings
  5. Flow Elapsed Time
  6. Flow OS Summary
  7. Flow Log



----------------
; Legal Notice ;
----------------
Copyright (C) 1991-2009 Altera Corporation
Your use of Altera Corporation's design tools, logic functions 
and other software and tools, and its AMPP partner logic 
functions, and any output files from any of the foregoing 
(including device programming or simulation files), and any 
associated documentation or information are expressly subject 
to the terms and conditions of the Altera Program License 
Subscription Agreement, Altera MegaCore Function License 
Agreement, or other applicable license agreement, including, 
without limitation, that your use is for the sole purpose of 
programming logic devices manufactured by Altera and sold by 
Altera or its authorized distributors.  Please refer to the 
applicable agreement for further details.



+------------------------------------------------------------------------+
; Flow Summary                                                           ;
+-------------------------+----------------------------------------------+
; Flow Status             ; Successful - Thu Jan 16 18:28:18 2014        ;
; Quartus II Version      ; 9.0 Build 235 06/17/2009 SP 2 SJ Web Edition ;
; Revision Name           ; Project4                                     ;
; Top-level Entity Name   ; Project4_FLEX                                ;
; Family                  ; FLEX10K                                      ;
; Device                  ; EPF10K70RC240-4                              ;
; Timing Models           ; Final                                        ;
; Met timing requirements ; Yes                                          ;
; Total logic elements    ; 135 / 3,744 ( 4 % )                          ;
; Total pins              ; 35 / 189 ( 19 % )                            ;
; Total memory bits       ; 0 / 18,432 ( 0 % )                           ;
+-------------------------+----------------------------------------------+


+-----------------------------------------+
; Flow Settings                           ;
+-------------------+---------------------+
; Option            ; Setting             ;
+-------------------+---------------------+
; Start date & time ; 01/16/2014 18:28:12 ;
; Main task         ; Compilation         ;
; Revision Name     ; Project4            ;
+-------------------+---------------------+


+------------------------------------------------------------------------------------------------------------------------------------------------+
; Flow Non-Default Global Settings                                                                                                               ;
+------------------------------------+------------------------------------------------------------+---------------+-------------+----------------+
; Assignment Name                    ; Value                                                      ; Default Value ; Entity Name ; Section Id     ;
+------------------------------------+------------------------------------------------------------+---------------+-------------+----------------+
; COMPILER_SIGNATURE_ID              ; 105788762728902.138991489205840                            ; --            ; --          ; --             ;
; MAX_CORE_JUNCTION_TEMP             ; 85                                                         ; --            ; --          ; --             ;
; MIN_CORE_JUNCTION_TEMP             ; 0                                                          ; --            ; --          ; --             ;
; MISC_FILE                          ; C:/Github/Quartus_Projects/ENGN_4070_Project4/Project4.dpf ; --            ; --          ; --             ;
; MISC_FILE                          ; C:/Github/Quartus_Projects/ENGN_4070_Project5/Project4.dpf ; --            ; --          ; --             ;
; TOP_LEVEL_ENTITY                   ; Project4_FLEX                                              ; Project4      ; --          ; --             ;
; USE_GENERATED_PHYSICAL_CONSTRAINTS ; Off                                                        ; --            ; --          ; eda_blast_fpga ;
+------------------------------------+------------------------------------------------------------+---------------+-------------+----------------+


+-----------------------------------------------------------------------------------------------------------------------------+
; Flow Elapsed Time                                                                                                           ;
+-------------------------+--------------+-------------------------+---------------------+------------------------------------+
; Module Name             ; Elapsed Time ; Average Processors Used ; Peak Virtual Memory ; Total CPU Time (on all processors) ;
+-------------------------+--------------+-------------------------+---------------------+------------------------------------+
; Analysis & Synthesis    ; 00:00:01     ; 1.0                     ; 237 MB              ; 00:00:01                           ;
; Fitter                  ; 00:00:02     ; 1.0                     ; 188 MB              ; 00:00:03                           ;
; Assembler               ; 00:00:00     ; 1.0                     ; 194 MB              ; 00:00:00                           ;
; Classic Timing Analyzer ; 00:00:00     ; 1.0                     ; 158 MB              ; 00:00:00                           ;
; Total                   ; 00:00:03     ; --                      ; --                  ; 00:00:04                           ;
+-------------------------+--------------+-------------------------+---------------------+------------------------------------+


+------------------------------------------------------------------------------------------+
; Flow OS Summary                                                                          ;
+-------------------------+------------------+---------------+------------+----------------+
; Module Name             ; Machine Hostname ; OS Name       ; OS Version ; Processor type ;
+-------------------------+------------------+---------------+------------+----------------+
; Analysis & Synthesis    ; Cortana          ; Windows Vista ; 6.2        ; x86_64         ;
; Fitter                  ; Cortana          ; Windows Vista ; 6.2        ; x86_64         ;
; Assembler               ; Cortana          ; Windows Vista ; 6.2        ; x86_64         ;
; Classic Timing Analyzer ; Cortana          ; Windows Vista ; 6.2        ; x86_64         ;
+-------------------------+------------------+---------------+------------+----------------+


------------
; Flow Log ;
------------
quartus_map --read_settings_files=on --write_settings_files=off Project4 -c Project4
quartus_fit --read_settings_files=off --write_settings_files=off Project4 -c Project4
quartus_asm --read_settings_files=off --write_settings_files=off Project4 -c Project4
quartus_tan --read_settings_files=off --write_settings_files=off Project4 -c Project4



